5.6033 	EXP 	Created window1 = Window(allowGUI=False, allowStencil=False, args=UNKNOWN, autoLog=True, bitsMode=UNKNOWN, blendMode='avg', color=array([1., 1., 1.]), colorSpace='rgb', fullscr=<method-wrapper '__getattribute__' of attributeSetter object at 0x0893D6B0>, gamma=None, kwargs=UNKNOWN, lms=UNKNOWN, monitor=<psychopy.monitors.calibTools.Monitor object at 0x08FD0550>, multiSample=False, name='window1', numSamples=2, pos=[0.0, 0.0], screen=0, size=array([1920, 1080]), stereo=False, units='norm', useFBO=True, useRetina=False, viewOri=0.0, viewPos=None, viewScale=None, waitBlanking=True, winType='pyglet')
5.6034 	EXP 	window1: recordFrameIntervals = False
5.7690 	EXP 	window1: recordFrameIntervals = True
5.9523 	EXP 	window1: recordFrameIntervals = False
5.9578 	EXP 	Created lub = ImageStim(__class__=<class 'psychopy.visual.image.ImageStim'>, autoLog=True, color=array([1., 1., 1.]), colorSpace='rgb', contrast=1.0, depth=-1.0, flipHoriz=False, flipVert=False, image='sin', interpolate=True, mask=None, maskParams=None, name='lub', opacity=1.0, ori=0.0, pos=array([0., 0.]), size=array([2., 2.]), texRes=128, units='norm', win=Window(...))
5.9707 	EXP 	Created fixation = ShapeStim(__class__=<class 'psychopy.visual.shape.ShapeStim'>, autoDraw=False, autoLog=True, closeShape=True, contrast=1.0, depth=-1.0, fillColor=array([-1., -1., -1.]), fillColorSpace='rgb', interpolate=True, lineColor=array([1., 1., 1.]), lineColorSpace='rgb', lineWidth=1, name='fixation', opacity=1.0, ori=array(0.), pos=array([0., 0.]), size=array([0.5, 0.5]), units='deg', vertices=ndarray(...), win=Window(...), windingRule=None)
5.9732 	EXP 	Created Sing_img = ImageStim(__class__=<class 'psychopy.visual.image.ImageStim'>, autoLog=True, color=array([1., 1., 1.]), colorSpace='rgb', contrast=1.0, depth=0.0, flipHoriz=False, flipVert=False, image='sin', interpolate=True, mask=None, maskParams=None, name='Sing_img', opacity=1.0, ori=0.0, pos=array([0. , 0.2]), size=array([0.5, 0.5]), texRes=128, units='norm', win=Window(...))
5.9753 	EXP 	Created Pl_img = ImageStim(__class__=<class 'psychopy.visual.image.ImageStim'>, autoLog=True, color=array([1., 1., 1.]), colorSpace='rgb', contrast=1.0, depth=-1.0, flipHoriz=False, flipVert=False, image='sin', interpolate=True, mask=None, maskParams=None, name='Pl_img', opacity=1.0, ori=0.0, pos=array([0. , 0.2]), size=array([0.5, 0.5]), texRes=128, units='norm', win=Window(...))
6.1861 	EXP 	Created Sing_txt = TextStim(__class__=<class 'psychopy.visual.text.TextStim'>, alignHoriz='center', alignVert='center', antialias=True, autoLog=True, bold=False, color=array([ 1., -1., -1.]), colorSpace='rgb', contrast=1.0, depth=-2.0, flipHoriz=False, flipVert=False, font='Arial', fontFiles=[], height=0.3, italic=False, languageStyle='LTR', name='Sing_txt', opacity=1.0, ori=0, pos=array([ 0. , -0.6]), rgb=array([ 1., -1., -1.]), text='default text', units='norm', win=Window(...), wrapWidth=1)
6.1964 	EXP 	Created Pl_txt = TextStim(__class__=<class 'psychopy.visual.text.TextStim'>, alignHoriz='center', alignVert='center', antialias=True, autoLog=True, bold=False, color=array([ 1., -1., -1.]), colorSpace='rgb', contrast=1.0, depth=-3.0, flipHoriz=False, flipVert=False, font='Arial', fontFiles=[], height=0.3, italic=False, languageStyle='LTR', name='Pl_txt', opacity=1.0, ori=0, pos=array([ 0. , -0.6]), rgb=array([ 1., -1., -1.]), text='default text', units='norm', win=Window(...), wrapWidth=1)
6.1993 	EXP 	Created image_3 = ImageStim(__class__=<class 'psychopy.visual.image.ImageStim'>, autoLog=True, color=array([1., 1., 1.]), colorSpace='rgb', contrast=1.0, depth=0.0, flipHoriz=False, flipVert=False, image='sin', interpolate=True, mask=None, maskParams=None, name='image_3', opacity=1.0, ori=0.0, pos=array([0., 0.]), size=array([2., 2.]), texRes=128, units='norm', win=Window(...))
6.2020 	EXP 	Created fixation = ShapeStim(__class__=<class 'psychopy.visual.shape.ShapeStim'>, autoDraw=False, autoLog=True, closeShape=True, contrast=1.0, depth=-1.0, fillColor=array([-1., -1., -1.]), fillColorSpace='rgb', interpolate=True, lineColor=array([1., 1., 1.]), lineColorSpace='rgb', lineWidth=1, name='fixation', opacity=1.0, ori=array(0.), pos=array([0., 0.]), size=array([0.5, 0.5]), units='deg', vertices=ndarray(...), win=Window(...), windingRule=None)
6.2199 	EXP 	Created Target_ins1 = TextStim(__class__=<class 'psychopy.visual.text.TextStim'>, alignHoriz='center', alignVert='center', antialias=True, autoLog=True, bold=False, color=array([-1., -1., -1.]), colorSpace='rgb', contrast=1.0, depth=0.0, flipHoriz=False, flipVert=False, font='Arial', fontFiles=[], height=0.1, italic=False, languageStyle='LTR', name='Target_ins1', opacity=1.0, ori=0, pos=array([0.  , 0.85]), rgb=array([-1., -1., -1.]), text='default text', units='norm', win=Window(...), wrapWidth=1)
6.2230 	EXP 	Created Trigger_img1 = ImageStim(__class__=<class 'psychopy.visual.image.ImageStim'>, autoLog=True, color=array([1., 1., 1.]), colorSpace='rgb', contrast=1.0, depth=-1.0, flipHoriz=False, flipVert=False, image='sin', interpolate=True, mask=None, maskParams=None, name='Trigger_img1', opacity=1.0, ori=0.0, pos=array([0. , 0.2]), size=array([0.5, 0.5]), texRes=128, units='norm', win=Window(...))
6.2261 	EXP 	Created Target_img1 = ImageStim(__class__=<class 'psychopy.visual.image.ImageStim'>, autoLog=True, color=array([1., 1., 1.]), colorSpace='rgb', contrast=1.0, depth=-2.0, flipHoriz=False, flipVert=False, image='sin', interpolate=True, mask=None, maskParams=None, name='Target_img1', opacity=1.0, ori=0.0, pos=array([0. , 0.2]), size=array([0.5, 0.5]), texRes=128, units='norm', win=Window(...))
6.2362 	EXP 	Created Trigger_txt1 = TextStim(__class__=<class 'psychopy.visual.text.TextStim'>, alignHoriz='center', alignVert='center', antialias=True, autoLog=True, bold=False, color=array([ 1., -1., -1.]), colorSpace='rgb', contrast=1.0, depth=-3.0, flipHoriz=False, flipVert=False, font='Arial', fontFiles=[], height=0.3, italic=False, languageStyle='LTR', name='Trigger_txt1', opacity=1.0, ori=0, pos=array([ 0. , -0.6]), rgb=array([ 1., -1., -1.]), text='default text', units='norm', win=Window(...), wrapWidth=1)
6.2446 	EXP 	Created txtinp = TextStim(__class__=<class 'psychopy.visual.text.TextStim'>, alignHoriz='center', alignVert='center', antialias=True, autoLog=True, bold=False, color=array([ 1., -1., -1.]), colorSpace='rgb', contrast=1.0, depth=-5.0, flipHoriz=False, flipVert=False, font='Arial', fontFiles=[], height=0.3, italic=False, languageStyle='LTR', name='txtinp', opacity=1.0, ori=0, pos=array([ 0. , -0.6]), rgb=array([ 1., -1., -1.]), text='default text', units='norm', win=Window(...), wrapWidth=1)
6.2470 	EXP 	Created image_6 = ImageStim(__class__=<class 'psychopy.visual.image.ImageStim'>, autoLog=True, color=array([1., 1., 1.]), colorSpace='rgb', contrast=1.0, depth=0.0, flipHoriz=False, flipVert=False, image='sin', interpolate=True, mask=None, maskParams=None, name='image_6', opacity=1.0, ori=0.0, pos=array([0., 0.]), size=array([2., 2.]), texRes=128, units='norm', win=Window(...))
6.2495 	EXP 	Created fixation = ShapeStim(__class__=<class 'psychopy.visual.shape.ShapeStim'>, autoDraw=False, autoLog=True, closeShape=True, contrast=1.0, depth=-1.0, fillColor=array([-1., -1., -1.]), fillColorSpace='rgb', interpolate=True, lineColor=array([1., 1., 1.]), lineColorSpace='rgb', lineWidth=1, name='fixation', opacity=1.0, ori=array(0.), pos=array([0., 0.]), size=array([0.5, 0.5]), units='deg', vertices=ndarray(...), win=Window(...), windingRule=None)
6.2569 	EXP 	Created Target_ins2 = TextStim(__class__=<class 'psychopy.visual.text.TextStim'>, alignHoriz='center', alignVert='center', antialias=True, autoLog=True, bold=False, color=array([-1., -1., -1.]), colorSpace='rgb', contrast=1.0, depth=0.0, flipHoriz=False, flipVert=False, font='Arial', fontFiles=[], height=0.1, italic=False, languageStyle='LTR', name='Target_ins2', opacity=1.0, ori=0, pos=array([0.  , 0.85]), rgb=array([-1., -1., -1.]), text='default text', units='norm', win=Window(...), wrapWidth=1)
6.2593 	EXP 	Created Trigger_img2 = ImageStim(__class__=<class 'psychopy.visual.image.ImageStim'>, autoLog=True, color=array([1., 1., 1.]), colorSpace='rgb', contrast=1.0, depth=-1.0, flipHoriz=False, flipVert=False, image='sin', interpolate=True, mask=None, maskParams=None, name='Trigger_img2', opacity=1.0, ori=0.0, pos=array([0. , 0.2]), size=array([0.5, 0.5]), texRes=128, units='norm', win=Window(...))
6.2617 	EXP 	Created Target_img2 = ImageStim(__class__=<class 'psychopy.visual.image.ImageStim'>, autoLog=True, color=array([1., 1., 1.]), colorSpace='rgb', contrast=1.0, depth=-2.0, flipHoriz=False, flipVert=False, image='sin', interpolate=True, mask=None, maskParams=None, name='Target_img2', opacity=1.0, ori=0.0, pos=array([0. , 0.2]), size=array([0.5, 0.5]), texRes=128, units='norm', win=Window(...))
6.2704 	EXP 	Created Trigger_txt2 = TextStim(__class__=<class 'psychopy.visual.text.TextStim'>, alignHoriz='center', alignVert='center', antialias=True, autoLog=True, bold=False, color=array([ 1., -1., -1.]), colorSpace='rgb', contrast=1.0, depth=-3.0, flipHoriz=False, flipVert=False, font='Arial', fontFiles=[], height=0.3, italic=False, languageStyle='LTR', name='Trigger_txt2', opacity=1.0, ori=0, pos=array([ 0. , -0.6]), rgb=array([ 1., -1., -1.]), text='default text', units='norm', win=Window(...), wrapWidth=1)
6.2879 	EXP 	Created Target_instr_l = TextStim(__class__=<class 'psychopy.visual.text.TextStim'>, alignHoriz='center', alignVert='center', antialias=True, autoLog=True, bold=False, color=array([-1., -1., -1.]), colorSpace='rgb', contrast=1.0, depth=-4.0, flipHoriz=False, flipVert=False, font='Arial', fontFiles=[], height=0.08, italic=False, languageStyle='LTR', name='Target_instr_l', opacity=1.0, ori=0, pos=array([-0.5, -0.9]), rgb=array([-1., -1., -1.]), text='Press a\n\n', units='norm', win=Window(...), wrapWidth=1)
6.2955 	EXP 	Created Target_instr_r = TextStim(__class__=<class 'psychopy.visual.text.TextStim'>, alignHoriz='center', alignVert='center', antialias=True, autoLog=True, bold=False, color=array([-1., -1., -1.]), colorSpace='rgb', contrast=1.0, depth=-5.0, flipHoriz=False, flipVert=False, font='Arial', fontFiles=[], height=0.08, italic=False, languageStyle='LTR', name='Target_instr_r', opacity=1.0, ori=0, pos=array([ 0.5, -0.8]), rgb=array([-1., -1., -1.]), text='Press k', units='norm', win=Window(...), wrapWidth=1)
6.3048 	EXP 	Created Resp_a = TextStim(__class__=<class 'psychopy.visual.text.TextStim'>, alignHoriz='center', alignVert='center', antialias=True, autoLog=True, bold=False, color=array([ 1., -1., -1.]), colorSpace='rgb', contrast=1.0, depth=-7.0, flipHoriz=False, flipVert=False, font='Arial', fontFiles=[], height=0.3, italic=False, languageStyle='LTR', name='Resp_a', opacity=1.0, ori=0, pos=array([-0.5, -0.6]), rgb=array([ 1., -1., -1.]), text='default text', units='norm', win=Window(...), wrapWidth=1)
6.3148 	EXP 	Created Resp_b = TextStim(__class__=<class 'psychopy.visual.text.TextStim'>, alignHoriz='center', alignVert='center', antialias=True, autoLog=True, bold=False, color=array([ 1., -1., -1.]), colorSpace='rgb', contrast=1.0, depth=-8.0, flipHoriz=False, flipVert=False, font='Arial', fontFiles=[], height=0.3, italic=False, languageStyle='LTR', name='Resp_b', opacity=1.0, ori=0, pos=array([ 0.5, -0.6]), rgb=array([ 1., -1., -1.]), text='default text', units='norm', win=Window(...), wrapWidth=1)
6.3474 	EXP 	Created text = TextStim(__class__=<class 'psychopy.visual.text.TextStim'>, alignHoriz='center', alignVert='center', antialias=True, autoLog=True, bold=False, color=array([-1., -1., -1.]), colorSpace='rgb', contrast=1.0, depth=0.0, flipHoriz=False, flipVert=False, font='Arial', fontFiles=[], height=0.1, italic=False, languageStyle='LTR', name='text', opacity=1.0, ori=0, pos=array([0., 0.]), rgb=array([-1., -1., -1.]), text=str(...), units='norm', win=Window(...), wrapWidth=1)
6.4092 	EXP 	lub: image = 'Images/introB.png'
6.4092 	EXP 	lub: autoDraw = True
16.4079 	DATA 	Keypress: space
16.4084 	EXP 	window1: recordFrameIntervals = False
16.4264 	EXP 	lub: autoDraw = False
16.4264 	EXP 	fixation: autoDraw = True
16.4266 	EXP 	window1: recordFrameIntervals = False
17.4573 	EXP 	Imported Lists/OrderB.xlsx as conditions, 20 conditions, 14 params
17.4580 	EXP 	Created sequence: random, trialTypes=20, nReps=1, seed=None
17.4587 	EXP 	New trial (rep=0, index=0): OrderedDict([('trig', 'nulip'), ('targ', 'nulipu'), ('type', 'non_alt'), ('trig_img', 'Images/computer.jpg'), ('targ_img', 'Images/computer_pl.jpg'), ('final_c', 'b'), ('new', None), ('num', None), ('instr', None), ('a', None), ('k', None), ('corr', None), ('lang', 'devoicing'), ('phase', 'exposure')])
17.5115 	EXP 	fixation: autoDraw = False
17.5115 	EXP 	fixation: autoDraw = False
17.5115 	EXP 	Sing_img: size = array([0.45833333, 0.81481481])
17.5115 	EXP 	Sing_img: image = 'Images/computer.jpg'
17.5115 	EXP 	Pl_img: size = array([0.5625, 0.5   ])
17.5115 	EXP 	Pl_img: image = 'Images/computer_pl.jpg'
17.5115 	EXP 	Sing_txt: text = 'nulip'
17.5115 	EXP 	Pl_txt: text = 'nulipu'
17.5115 	EXP 	Sing_img: autoDraw = True
17.5115 	EXP 	Sing_txt: autoDraw = True
20.4706 	EXP 	Sing_img: autoDraw = False
20.4706 	EXP 	Sing_txt: autoDraw = False
20.4866 	EXP 	Pl_img: autoDraw = True
20.4866 	EXP 	Pl_txt: autoDraw = True
23.4171 	EXP 	window1: recordFrameIntervals = False
23.4339 	EXP 	Sing_img: autoDraw = False
23.4339 	EXP 	Pl_img: autoDraw = False
23.4339 	EXP 	Sing_txt: autoDraw = False
23.4339 	EXP 	Pl_txt: autoDraw = False
23.4340 	EXP 	window1: recordFrameIntervals = False
24.1526 	EXP 	New trial (rep=0, index=1): OrderedDict([('trig', 'larup'), ('targ', 'larubu'), ('type', 'alt'), ('trig_img', 'Images/rock.jpg'), ('targ_img', 'Images/rock_pl.jpg'), ('final_c', 'b'), ('new', None), ('num', None), ('instr', None), ('a', None), ('k', None), ('corr', None), ('lang', 'devoicing'), ('phase', 'exposure')])
24.2095 	EXP 	Sing_img: size = array([0.5625    , 0.66666667])
24.2095 	EXP 	Sing_img: image = 'Images/rock.jpg'
24.2095 	EXP 	Pl_img: size = array([0.76354167, 0.44444444])
24.2095 	EXP 	Pl_img: image = 'Images/rock_pl.jpg'
24.2095 	EXP 	Sing_txt: text = 'larup'
24.2095 	EXP 	Pl_txt: text = 'larubu'
24.2095 	EXP 	Sing_img: autoDraw = True
24.2095 	EXP 	Sing_txt: autoDraw = True
27.1632 	EXP 	Sing_img: autoDraw = False
27.1632 	EXP 	Sing_txt: autoDraw = False
27.1799 	EXP 	Pl_img: autoDraw = True
27.1799 	EXP 	Pl_txt: autoDraw = True
30.1437 	EXP 	window1: recordFrameIntervals = False
30.1601 	EXP 	Pl_img: autoDraw = False
30.1601 	EXP 	Pl_txt: autoDraw = False
30.1601 	EXP 	Sing_img: autoDraw = False
30.1601 	EXP 	Pl_img: autoDraw = False
30.1601 	EXP 	Sing_txt: autoDraw = False
30.1601 	EXP 	Pl_txt: autoDraw = False
30.1602 	EXP 	window1: recordFrameIntervals = False
30.8770 	EXP 	New trial (rep=0, index=2): OrderedDict([('trig', 'masit'), ('targ', 'masidu'), ('type', 'alt'), ('trig_img', 'Images/thermometer.jpg'), ('targ_img', 'Images/thermometer_pl.jpg'), ('final_c', 'd'), ('new', None), ('num', None), ('instr', None), ('a', None), ('k', None), ('corr', None), ('lang', 'devoicing'), ('phase', 'exposure')])
30.9234 	EXP 	Sing_img: size = array([0.20833333, 0.74074074])
30.9234 	EXP 	Sing_img: image = 'Images/thermometer.jpg'
30.9234 	EXP 	Pl_img: size = array([0.34479167, 0.74074074])
30.9234 	EXP 	Pl_img: image = 'Images/thermometer_pl.jpg'
30.9234 	EXP 	Sing_txt: text = 'masit'
30.9234 	EXP 	Pl_txt: text = 'masidu'
30.9234 	EXP 	Sing_img: autoDraw = True
30.9234 	EXP 	Sing_txt: autoDraw = True
33.8902 	EXP 	Sing_img: autoDraw = False
33.8902 	EXP 	Sing_txt: autoDraw = False
33.9064 	EXP 	Pl_img: autoDraw = True
33.9064 	EXP 	Pl_txt: autoDraw = True
36.8701 	EXP 	window1: recordFrameIntervals = False
36.8867 	EXP 	Pl_img: autoDraw = False
36.8867 	EXP 	Pl_txt: autoDraw = False
36.8867 	EXP 	Sing_img: autoDraw = False
36.8867 	EXP 	Pl_img: autoDraw = False
36.8867 	EXP 	Sing_txt: autoDraw = False
36.8867 	EXP 	Pl_txt: autoDraw = False
36.8870 	EXP 	window1: recordFrameIntervals = False
37.6075 	EXP 	New trial (rep=0, index=3): OrderedDict([('trig', 'mamat'), ('targ', 'mamatu'), ('type', 'non_alt'), ('trig_img', 'Images/ice-cream.jpg'), ('targ_img', 'Images/ice-cream_pl.jpg'), ('final_c', 'd'), ('new', None), ('num', None), ('instr', None), ('a', None), ('k', None), ('corr', None), ('lang', 'devoicing'), ('phase', 'exposure')])
37.6636 	EXP 	Sing_img: size = array([0.36458333, 0.88888889])
37.6636 	EXP 	Sing_img: image = 'Images/ice-cream.jpg'
37.6636 	EXP 	Pl_img: size = array([0.625     , 0.76111111])
37.6636 	EXP 	Pl_img: image = 'Images/ice-cream_pl.jpg'
37.6636 	EXP 	Sing_txt: text = 'mamat'
37.6636 	EXP 	Pl_txt: text = 'mamatu'
37.6636 	EXP 	Sing_img: autoDraw = True
37.6636 	EXP 	Sing_txt: autoDraw = True
40.6161 	EXP 	Sing_img: autoDraw = False
40.6161 	EXP 	Sing_txt: autoDraw = False
40.6328 	EXP 	Pl_img: autoDraw = True
40.6328 	EXP 	Pl_txt: autoDraw = True
43.5967 	EXP 	window1: recordFrameIntervals = False
43.6133 	EXP 	Pl_img: autoDraw = False
43.6133 	EXP 	Pl_txt: autoDraw = False
43.6133 	EXP 	Sing_img: autoDraw = False
43.6133 	EXP 	Pl_img: autoDraw = False
43.6133 	EXP 	Sing_txt: autoDraw = False
43.6133 	EXP 	Pl_txt: autoDraw = False
43.6135 	EXP 	window1: recordFrameIntervals = False
44.3328 	EXP 	New trial (rep=0, index=4): OrderedDict([('trig', 'rinak'), ('targ', 'rinagu'), ('type', 'alt'), ('trig_img', 'Images/pen.jpg'), ('targ_img', 'Images/pen_pl.jpg'), ('final_c', 'g'), ('new', None), ('num', None), ('instr', None), ('a', None), ('k', None), ('corr', None), ('lang', 'devoicing'), ('phase', 'exposure')])
44.3989 	EXP 	Sing_img: size = array([0.72916667, 0.64814815])
44.3989 	EXP 	Sing_img: image = 'Images/pen.jpg'
44.3989 	EXP 	Pl_img: size = array([0.625    , 0.7462963])
44.3989 	EXP 	Pl_img: image = 'Images/pen_pl.jpg'
44.3989 	EXP 	Sing_txt: text = 'rinak'
44.3989 	EXP 	Pl_txt: text = 'rinagu'
44.3989 	EXP 	Sing_img: autoDraw = True
44.3989 	EXP 	Sing_txt: autoDraw = True
47.3428 	EXP 	Sing_img: autoDraw = False
47.3428 	EXP 	Sing_txt: autoDraw = False
47.3590 	EXP 	Pl_img: autoDraw = True
47.3590 	EXP 	Pl_txt: autoDraw = True
50.3232 	EXP 	window1: recordFrameIntervals = False
50.3396 	EXP 	Pl_img: autoDraw = False
50.3396 	EXP 	Pl_txt: autoDraw = False
50.3396 	EXP 	Sing_img: autoDraw = False
50.3396 	EXP 	Pl_img: autoDraw = False
50.3396 	EXP 	Sing_txt: autoDraw = False
50.3396 	EXP 	Pl_txt: autoDraw = False
50.3398 	EXP 	window1: recordFrameIntervals = False
51.0580 	EXP 	New trial (rep=0, index=5): OrderedDict([('trig', 'misap'), ('targ', 'misabu'), ('type', 'alt'), ('trig_img', 'Images/rainbow.jpg'), ('targ_img', 'Images/rainbow_pl.jpg'), ('final_c', 'b'), ('new', None), ('num', None), ('instr', None), ('a', None), ('k', None), ('corr', None), ('lang', 'devoicing'), ('phase', 'exposure')])
51.1039 	EXP 	Sing_img: size = array([0.625     , 0.55555556])
51.1039 	EXP 	Sing_img: image = 'Images/rainbow.jpg'
51.1039 	EXP 	Pl_img: size = array([0.41666667, 0.73703704])
51.1039 	EXP 	Pl_img: image = 'Images/rainbow_pl.jpg'
51.1039 	EXP 	Sing_txt: text = 'misap'
51.1039 	EXP 	Pl_txt: text = 'misabu'
51.1039 	EXP 	Sing_img: autoDraw = True
51.1039 	EXP 	Sing_txt: autoDraw = True
54.0693 	EXP 	Sing_img: autoDraw = False
54.0693 	EXP 	Sing_txt: autoDraw = False
54.0854 	EXP 	Pl_img: autoDraw = True
54.0854 	EXP 	Pl_txt: autoDraw = True
57.0496 	EXP 	window1: recordFrameIntervals = False
57.0664 	EXP 	Pl_img: autoDraw = False
57.0664 	EXP 	Pl_txt: autoDraw = False
57.0664 	EXP 	Sing_img: autoDraw = False
57.0664 	EXP 	Pl_img: autoDraw = False
57.0664 	EXP 	Sing_txt: autoDraw = False
57.0664 	EXP 	Pl_txt: autoDraw = False
57.0665 	EXP 	window1: recordFrameIntervals = False
57.7834 	EXP 	New trial (rep=0, index=6): OrderedDict([('trig', 'limik'), ('targ', 'limigu'), ('type', 'alt'), ('trig_img', 'Images/screwdriver.jpg'), ('targ_img', 'Images/screwdriver_pl.jpg'), ('final_c', 'g'), ('new', None), ('num', None), ('instr', None), ('a', None), ('k', None), ('corr', None), ('lang', 'devoicing'), ('phase', 'exposure')])
57.8129 	EXP 	Sing_img: size = array([0.55729167, 0.35555556])
57.8129 	EXP 	Sing_img: image = 'Images/screwdriver.jpg'
57.8129 	EXP 	Pl_img: size = array([0.57916667, 0.17777778])
57.8129 	EXP 	Pl_img: image = 'Images/screwdriver_pl.jpg'
57.8129 	EXP 	Sing_txt: text = 'limik'
57.8129 	EXP 	Pl_txt: text = 'limigu'
57.8129 	EXP 	Sing_img: autoDraw = True
57.8129 	EXP 	Sing_txt: autoDraw = True
60.7956 	EXP 	Sing_img: autoDraw = False
60.7956 	EXP 	Sing_txt: autoDraw = False
60.8119 	EXP 	Pl_img: autoDraw = True
60.8119 	EXP 	Pl_txt: autoDraw = True
63.7759 	EXP 	window1: recordFrameIntervals = False
63.7921 	EXP 	Pl_img: autoDraw = False
63.7921 	EXP 	Pl_txt: autoDraw = False
63.7921 	EXP 	Sing_img: autoDraw = False
63.7921 	EXP 	Pl_img: autoDraw = False
63.7921 	EXP 	Sing_txt: autoDraw = False
63.7921 	EXP 	Pl_txt: autoDraw = False
63.7922 	EXP 	window1: recordFrameIntervals = False
64.5087 	EXP 	New trial (rep=0, index=7): OrderedDict([('trig', 'lisut'), ('targ', 'lisutu'), ('type', 'non_alt'), ('trig_img', 'Images/statue.jpg'), ('targ_img', 'Images/statue_pl.jpg'), ('final_c', 'd'), ('new', None), ('num', None), ('instr', None), ('a', None), ('k', None), ('corr', None), ('lang', 'devoicing'), ('phase', 'exposure')])
64.5558 	EXP 	Sing_img: size = array([0.33333333, 0.91111111])
64.5558 	EXP 	Sing_img: image = 'Images/statue.jpg'
64.5558 	EXP 	Pl_img: size = array([0.54166667, 0.72962963])
64.5558 	EXP 	Pl_img: image = 'Images/statue_pl.jpg'
64.5558 	EXP 	Sing_txt: text = 'lisut'
64.5558 	EXP 	Pl_txt: text = 'lisutu'
64.5558 	EXP 	Sing_img: autoDraw = True
64.5558 	EXP 	Sing_txt: autoDraw = True
67.5222 	EXP 	Sing_img: autoDraw = False
67.5222 	EXP 	Sing_txt: autoDraw = False
67.5383 	EXP 	Pl_img: autoDraw = True
67.5383 	EXP 	Pl_txt: autoDraw = True
70.5024 	EXP 	window1: recordFrameIntervals = False
70.5193 	EXP 	Pl_img: autoDraw = False
70.5193 	EXP 	Pl_txt: autoDraw = False
70.5193 	EXP 	Sing_img: autoDraw = False
70.5193 	EXP 	Pl_img: autoDraw = False
70.5193 	EXP 	Sing_txt: autoDraw = False
70.5193 	EXP 	Pl_txt: autoDraw = False
70.5195 	EXP 	window1: recordFrameIntervals = False
71.2391 	EXP 	New trial (rep=0, index=8): OrderedDict([('trig', 'runuk'), ('targ', 'runugu'), ('type', 'alt'), ('trig_img', 'Images/cup.jpg'), ('targ_img', 'Images/cup_pl.jpg'), ('final_c', 'g'), ('new', None), ('num', None), ('instr', None), ('a', None), ('k', None), ('corr', None), ('lang', 'devoicing'), ('phase', 'exposure')])
71.2924 	EXP 	Sing_img: size = array([0.46875   , 0.67037037])
71.2924 	EXP 	Sing_img: image = 'Images/cup.jpg'
71.2924 	EXP 	Pl_img: size = array([0.6875    , 0.49074074])
71.2924 	EXP 	Pl_img: image = 'Images/cup_pl.jpg'
71.2924 	EXP 	Sing_txt: text = 'runuk'
71.2924 	EXP 	Pl_txt: text = 'runugu'
71.2924 	EXP 	Sing_img: autoDraw = True
71.2924 	EXP 	Sing_txt: autoDraw = True
74.2485 	EXP 	Sing_img: autoDraw = False
74.2485 	EXP 	Sing_txt: autoDraw = False
74.2645 	EXP 	Pl_img: autoDraw = True
74.2645 	EXP 	Pl_txt: autoDraw = True
77.2284 	EXP 	window1: recordFrameIntervals = False
77.2452 	EXP 	Pl_img: autoDraw = False
77.2452 	EXP 	Pl_txt: autoDraw = False
77.2452 	EXP 	Sing_img: autoDraw = False
77.2452 	EXP 	Pl_img: autoDraw = False
77.2452 	EXP 	Sing_txt: autoDraw = False
77.2452 	EXP 	Pl_txt: autoDraw = False
77.2453 	EXP 	window1: recordFrameIntervals = False
77.9644 	EXP 	New trial (rep=0, index=9): OrderedDict([('trig', 'rumap'), ('targ', 'rumabu'), ('type', 'alt'), ('trig_img', 'Images/soldier.jpg'), ('targ_img', 'Images/soldier_pl.jpg'), ('final_c', 'b'), ('new', None), ('num', None), ('instr', None), ('a', None), ('k', None), ('corr', None), ('lang', 'devoicing'), ('phase', 'exposure')])
78.0093 	EXP 	Sing_img: size = array([0.26041667, 0.92592593])
78.0093 	EXP 	Sing_img: image = 'Images/soldier.jpg'
78.0093 	EXP 	Pl_img: size = array([0.46875   , 0.80740741])
78.0093 	EXP 	Pl_img: image = 'Images/soldier_pl.jpg'
78.0093 	EXP 	Sing_txt: text = 'rumap'
78.0093 	EXP 	Pl_txt: text = 'rumabu'
78.0093 	EXP 	Sing_img: autoDraw = True
78.0093 	EXP 	Sing_txt: autoDraw = True
80.9744 	EXP 	Sing_img: autoDraw = False
80.9744 	EXP 	Sing_txt: autoDraw = False
80.9909 	EXP 	Pl_img: autoDraw = True
80.9909 	EXP 	Pl_txt: autoDraw = True
83.9548 	EXP 	window1: recordFrameIntervals = False
83.9713 	EXP 	Pl_img: autoDraw = False
83.9713 	EXP 	Pl_txt: autoDraw = False
83.9713 	EXP 	Sing_img: autoDraw = False
83.9713 	EXP 	Pl_img: autoDraw = False
83.9713 	EXP 	Sing_txt: autoDraw = False
83.9713 	EXP 	Pl_txt: autoDraw = False
83.9715 	EXP 	window1: recordFrameIntervals = False
84.6917 	EXP 	New trial (rep=0, index=10): OrderedDict([('trig', 'minup'), ('targ', 'minubu'), ('type', 'alt'), ('trig_img', 'Images/raindrop.jpg'), ('targ_img', 'Images/raindrop_pl.jpg'), ('final_c', 'b'), ('new', None), ('num', None), ('instr', None), ('a', None), ('k', None), ('corr', None), ('lang', 'devoicing'), ('phase', 'exposure')])
84.7328 	EXP 	Sing_img: size = array([0.29166667, 0.8       ])
84.7328 	EXP 	Sing_img: image = 'Images/raindrop.jpg'
84.7328 	EXP 	Pl_img: size = array([0.46875   , 0.63518519])
84.7328 	EXP 	Pl_img: image = 'Images/raindrop_pl.jpg'
84.7328 	EXP 	Sing_txt: text = 'minup'
84.7328 	EXP 	Pl_txt: text = 'minubu'
84.7328 	EXP 	Sing_img: autoDraw = True
84.7328 	EXP 	Sing_txt: autoDraw = True
87.7011 	EXP 	Sing_img: autoDraw = False
87.7011 	EXP 	Sing_txt: autoDraw = False
87.7174 	EXP 	Pl_img: autoDraw = True
87.7174 	EXP 	Pl_txt: autoDraw = True
90.6813 	EXP 	window1: recordFrameIntervals = False
90.6980 	EXP 	Pl_img: autoDraw = False
90.6980 	EXP 	Pl_txt: autoDraw = False
90.6980 	EXP 	Sing_img: autoDraw = False
90.6980 	EXP 	Pl_img: autoDraw = False
90.6980 	EXP 	Sing_txt: autoDraw = False
90.6980 	EXP 	Pl_txt: autoDraw = False
90.6982 	EXP 	window1: recordFrameIntervals = False
91.4170 	EXP 	New trial (rep=0, index=11): OrderedDict([('trig', 'rimuk'), ('targ', 'rimugu'), ('type', 'alt'), ('trig_img', 'Images/door.jpg'), ('targ_img', 'Images/door_pl.jpg'), ('final_c', 'g'), ('new', None), ('num', None), ('instr', None), ('a', None), ('k', None), ('corr', None), ('lang', 'devoicing'), ('phase', 'exposure')])
91.4750 	EXP 	Sing_img: size = array([0.396875  , 1.11111111])
91.4750 	EXP 	Sing_img: image = 'Images/door.jpg'
91.4750 	EXP 	Pl_img: size = array([0.52083333, 0.72962963])
91.4750 	EXP 	Pl_img: image = 'Images/door_pl.jpg'
91.4750 	EXP 	Sing_txt: text = 'rimuk'
91.4750 	EXP 	Pl_txt: text = 'rimugu'
91.4750 	EXP 	Sing_img: autoDraw = True
91.4750 	EXP 	Sing_txt: autoDraw = True
94.4275 	EXP 	Sing_img: autoDraw = False
94.4275 	EXP 	Sing_txt: autoDraw = False
94.4438 	EXP 	Pl_img: autoDraw = True
94.4438 	EXP 	Pl_txt: autoDraw = True
97.4074 	EXP 	window1: recordFrameIntervals = False
97.4244 	EXP 	Pl_img: autoDraw = False
97.4244 	EXP 	Pl_txt: autoDraw = False
97.4244 	EXP 	Sing_img: autoDraw = False
97.4244 	EXP 	Pl_img: autoDraw = False
97.4244 	EXP 	Sing_txt: autoDraw = False
97.4244 	EXP 	Pl_txt: autoDraw = False
97.4245 	EXP 	window1: recordFrameIntervals = False
98.1423 	EXP 	New trial (rep=0, index=12): OrderedDict([('trig', 'ranut'), ('targ', 'ranudu'), ('type', 'alt'), ('trig_img', 'Images/carpet.jpg'), ('targ_img', 'Images/carpet_pl.jpg'), ('final_c', 'd'), ('new', None), ('num', None), ('instr', None), ('a', None), ('k', None), ('corr', None), ('lang', 'devoicing'), ('phase', 'exposure')])
98.1926 	EXP 	Sing_img: size = array([0.48020833, 0.64074074])
98.1926 	EXP 	Sing_img: image = 'Images/carpet.jpg'
98.1926 	EXP 	Pl_img: size = array([0.65416667, 0.4       ])
98.1926 	EXP 	Pl_img: image = 'Images/carpet_pl.jpg'
98.1926 	EXP 	Sing_txt: text = 'ranut'
98.1926 	EXP 	Pl_txt: text = 'ranudu'
98.1926 	EXP 	Sing_img: autoDraw = True
98.1926 	EXP 	Sing_txt: autoDraw = True
101.1538 	EXP 	Sing_img: autoDraw = False
101.1538 	EXP 	Sing_txt: autoDraw = False
101.1703 	EXP 	Pl_img: autoDraw = True
101.1703 	EXP 	Pl_txt: autoDraw = True
104.1340 	EXP 	window1: recordFrameIntervals = False
104.1507 	EXP 	Pl_img: autoDraw = False
104.1507 	EXP 	Pl_txt: autoDraw = False
104.1507 	EXP 	Sing_img: autoDraw = False
104.1507 	EXP 	Pl_img: autoDraw = False
104.1507 	EXP 	Sing_txt: autoDraw = False
104.1507 	EXP 	Pl_txt: autoDraw = False
104.1508 	EXP 	window1: recordFrameIntervals = False
104.8687 	EXP 	New trial (rep=0, index=13): OrderedDict([('trig', 'lirit'), ('targ', 'liridu'), ('type', 'alt'), ('trig_img', 'Images/bridge.jpg'), ('targ_img', 'Images/bridge_pl.jpg'), ('final_c', 'd'), ('new', None), ('num', None), ('instr', None), ('a', None), ('k', None), ('corr', None), ('lang', 'devoicing'), ('phase', 'exposure')])
104.9127 	EXP 	Sing_img: size = array([0.41666667, 0.55555556])
104.9127 	EXP 	Sing_img: image = 'Images/bridge.jpg'
104.9127 	EXP 	Pl_img: size = array([0.70833333, 0.4537037 ])
104.9127 	EXP 	Pl_img: image = 'Images/bridge_pl.jpg'
104.9127 	EXP 	Sing_txt: text = 'lirit'
104.9127 	EXP 	Pl_txt: text = 'liridu'
104.9127 	EXP 	Sing_img: autoDraw = True
104.9127 	EXP 	Sing_txt: autoDraw = True
107.8802 	EXP 	Sing_img: autoDraw = False
107.8802 	EXP 	Sing_txt: autoDraw = False
107.8965 	EXP 	Pl_img: autoDraw = True
107.8965 	EXP 	Pl_txt: autoDraw = True
110.8605 	EXP 	window1: recordFrameIntervals = False
110.8773 	EXP 	Pl_img: autoDraw = False
110.8773 	EXP 	Pl_txt: autoDraw = False
110.8773 	EXP 	Sing_img: autoDraw = False
110.8773 	EXP 	Pl_img: autoDraw = False
110.8773 	EXP 	Sing_txt: autoDraw = False
110.8773 	EXP 	Pl_txt: autoDraw = False
110.8775 	EXP 	window1: recordFrameIntervals = False
111.5990 	EXP 	New trial (rep=0, index=14): OrderedDict([('trig', 'sumak'), ('targ', 'sumagu'), ('type', 'alt'), ('trig_img', 'Images/basketball.jpg'), ('targ_img', 'Images/basketball_pl.jpg'), ('final_c', 'g'), ('new', None), ('num', None), ('instr', None), ('a', None), ('k', None), ('corr', None), ('lang', 'devoicing'), ('phase', 'exposure')])
111.6557 	EXP 	Sing_img: size = array([0.45833333, 0.81481481])
111.6557 	EXP 	Sing_img: image = 'Images/basketball.jpg'
111.6557 	EXP 	Pl_img: size = array([0.67708333, 0.61666667])
111.6557 	EXP 	Pl_img: image = 'Images/basketball_pl.jpg'
111.6557 	EXP 	Sing_txt: text = 'sumak'
111.6557 	EXP 	Pl_txt: text = 'sumagu'
111.6557 	EXP 	Sing_img: autoDraw = True
111.6557 	EXP 	Sing_txt: autoDraw = True
114.6066 	EXP 	Sing_img: autoDraw = False
114.6066 	EXP 	Sing_txt: autoDraw = False
114.6228 	EXP 	Pl_img: autoDraw = True
114.6228 	EXP 	Pl_txt: autoDraw = True
117.6035 	EXP 	window1: recordFrameIntervals = False
117.6202 	EXP 	Pl_img: autoDraw = False
117.6202 	EXP 	Pl_txt: autoDraw = False
117.6202 	EXP 	Sing_img: autoDraw = False
117.6202 	EXP 	Pl_img: autoDraw = False
117.6202 	EXP 	Sing_txt: autoDraw = False
117.6202 	EXP 	Pl_txt: autoDraw = False
117.6203 	EXP 	window1: recordFrameIntervals = False
118.3384 	EXP 	New trial (rep=0, index=15): OrderedDict([('trig', 'lunit'), ('targ', 'lunidu'), ('type', 'alt'), ('trig_img', 'Images/ship.jpg'), ('targ_img', 'Images/ship_pl.jpg'), ('final_c', 'd'), ('new', None), ('num', None), ('instr', None), ('a', None), ('k', None), ('corr', None), ('lang', 'devoicing'), ('phase', 'exposure')])
118.3819 	EXP 	Sing_img: size = array([0.44791667, 0.61851852])
118.3819 	EXP 	Sing_img: image = 'Images/ship.jpg'
118.3819 	EXP 	Pl_img: size = array([0.6875    , 0.46481481])
118.3819 	EXP 	Pl_img: image = 'Images/ship_pl.jpg'
118.3819 	EXP 	Sing_txt: text = 'lunit'
118.3819 	EXP 	Pl_txt: text = 'lunidu'
118.3819 	EXP 	Sing_img: autoDraw = True
118.3819 	EXP 	Sing_txt: autoDraw = True
121.3496 	EXP 	Sing_img: autoDraw = False
121.3496 	EXP 	Sing_txt: autoDraw = False
121.3659 	EXP 	Pl_img: autoDraw = True
121.3659 	EXP 	Pl_txt: autoDraw = True
124.3299 	EXP 	window1: recordFrameIntervals = False
124.3467 	EXP 	Pl_img: autoDraw = False
124.3467 	EXP 	Pl_txt: autoDraw = False
124.3467 	EXP 	Sing_img: autoDraw = False
124.3467 	EXP 	Pl_img: autoDraw = False
124.3467 	EXP 	Sing_txt: autoDraw = False
124.3467 	EXP 	Pl_txt: autoDraw = False
124.3468 	EXP 	window1: recordFrameIntervals = False
125.0637 	EXP 	New trial (rep=0, index=16): OrderedDict([('trig', 'narit'), ('targ', 'naridu'), ('type', 'alt'), ('trig_img', 'Images/squid.jpg'), ('targ_img', 'Images/squid_pl.jpg'), ('final_c', 'd'), ('new', None), ('num', None), ('instr', None), ('a', None), ('k', None), ('corr', None), ('lang', 'devoicing'), ('phase', 'exposure')])
125.1157 	EXP 	Sing_img: size = array([0.26041667, 0.96111111])
125.1157 	EXP 	Sing_img: image = 'Images/squid.jpg'
125.1157 	EXP 	Pl_img: size = array([0.55104167, 0.96111111])
125.1157 	EXP 	Pl_img: image = 'Images/squid_pl.jpg'
125.1157 	EXP 	Sing_txt: text = 'narit'
125.1157 	EXP 	Pl_txt: text = 'naridu'
125.1157 	EXP 	Sing_img: autoDraw = True
125.1157 	EXP 	Sing_txt: autoDraw = True
128.0759 	EXP 	Sing_img: autoDraw = False
128.0759 	EXP 	Sing_txt: autoDraw = False
128.0922 	EXP 	Pl_img: autoDraw = True
128.0922 	EXP 	Pl_txt: autoDraw = True
131.0561 	EXP 	window1: recordFrameIntervals = False
131.0728 	EXP 	Pl_img: autoDraw = False
131.0728 	EXP 	Pl_txt: autoDraw = False
131.0728 	EXP 	Sing_img: autoDraw = False
131.0728 	EXP 	Pl_img: autoDraw = False
131.0728 	EXP 	Sing_txt: autoDraw = False
131.0728 	EXP 	Pl_txt: autoDraw = False
131.0730 	EXP 	window1: recordFrameIntervals = False
131.7889 	EXP 	New trial (rep=0, index=17): OrderedDict([('trig', 'nurak'), ('targ', 'nuraku'), ('type', 'non_alt'), ('trig_img', 'Images/lion.jpg'), ('targ_img', 'Images/lion_pl.jpg'), ('final_c', 'g'), ('new', None), ('num', None), ('instr', None), ('a', None), ('k', None), ('corr', None), ('lang', 'devoicing'), ('phase', 'exposure')])
131.8302 	EXP 	Sing_img: size = array([0.46875   , 0.55555556])
131.8302 	EXP 	Sing_img: image = 'Images/lion.jpg'
131.8302 	EXP 	Pl_img: size = array([0.70833333, 0.41481481])
131.8302 	EXP 	Pl_img: image = 'Images/lion_pl.jpg'
131.8302 	EXP 	Sing_txt: text = 'nurak'
131.8302 	EXP 	Pl_txt: text = 'nuraku'
131.8302 	EXP 	Sing_img: autoDraw = True
131.8302 	EXP 	Sing_txt: autoDraw = True
134.8025 	EXP 	Sing_img: autoDraw = False
134.8025 	EXP 	Sing_txt: autoDraw = False
134.8186 	EXP 	Pl_img: autoDraw = True
134.8186 	EXP 	Pl_txt: autoDraw = True
137.7828 	EXP 	window1: recordFrameIntervals = False
137.7996 	EXP 	Pl_img: autoDraw = False
137.7996 	EXP 	Pl_txt: autoDraw = False
137.7996 	EXP 	Sing_img: autoDraw = False
137.7996 	EXP 	Pl_img: autoDraw = False
137.7996 	EXP 	Sing_txt: autoDraw = False
137.7996 	EXP 	Pl_txt: autoDraw = False
137.7998 	EXP 	window1: recordFrameIntervals = False
138.5194 	EXP 	New trial (rep=0, index=18): OrderedDict([('trig', 'silut'), ('targ', 'siludu'), ('type', 'alt'), ('trig_img', 'Images/moustache.jpg'), ('targ_img', 'Images/moustache_pl.jpg'), ('final_c', 'd'), ('new', None), ('num', None), ('instr', None), ('a', None), ('k', None), ('corr', None), ('lang', 'devoicing'), ('phase', 'exposure')])
138.5752 	EXP 	Sing_img: size = array([0.72916667, 0.64814815])
138.5752 	EXP 	Sing_img: image = 'Images/moustache.jpg'
138.5752 	EXP 	Pl_img: size = array([0.72916667, 0.64814815])
138.5752 	EXP 	Pl_img: image = 'Images/moustache_pl.jpg'
138.5752 	EXP 	Sing_txt: text = 'silut'
138.5752 	EXP 	Pl_txt: text = 'siludu'
138.5752 	EXP 	Sing_img: autoDraw = True
138.5752 	EXP 	Sing_txt: autoDraw = True
141.5288 	EXP 	Sing_img: autoDraw = False
141.5288 	EXP 	Sing_txt: autoDraw = False
141.5451 	EXP 	Pl_img: autoDraw = True
141.5451 	EXP 	Pl_txt: autoDraw = True
144.5090 	EXP 	window1: recordFrameIntervals = False
144.5261 	EXP 	Pl_img: autoDraw = False
144.5261 	EXP 	Pl_txt: autoDraw = False
144.5261 	EXP 	Sing_img: autoDraw = False
144.5261 	EXP 	Pl_img: autoDraw = False
144.5261 	EXP 	Sing_txt: autoDraw = False
144.5261 	EXP 	Pl_txt: autoDraw = False
144.5262 	EXP 	window1: recordFrameIntervals = False
145.2447 	EXP 	New trial (rep=0, index=19): OrderedDict([('trig', 'nasap'), ('targ', 'nasabu'), ('type', 'alt'), ('trig_img', 'Images/spear.jpg'), ('targ_img', 'Images/spear_pl.jpg'), ('final_c', 'b'), ('new', None), ('num', None), ('instr', None), ('a', None), ('k', None), ('corr', None), ('lang', 'devoicing'), ('phase', 'exposure')])
145.2795 	EXP 	Sing_img: size = array([0.08333333, 0.98888889])
145.2795 	EXP 	Sing_img: image = 'Images/spear.jpg'
145.2795 	EXP 	Pl_img: size = array([0.18333333, 0.98888889])
145.2795 	EXP 	Pl_img: image = 'Images/spear_pl.jpg'
145.2795 	EXP 	Sing_txt: text = 'nasap'
145.2795 	EXP 	Pl_txt: text = 'nasabu'
145.2795 	EXP 	Sing_img: autoDraw = True
145.2795 	EXP 	Sing_txt: autoDraw = True
148.2553 	EXP 	Sing_img: autoDraw = False
148.2553 	EXP 	Sing_txt: autoDraw = False
148.2716 	EXP 	Pl_img: autoDraw = True
148.2716 	EXP 	Pl_txt: autoDraw = True
151.2354 	EXP 	window1: recordFrameIntervals = False
151.2520 	EXP 	Pl_img: autoDraw = False
151.2520 	EXP 	Pl_txt: autoDraw = False
151.2520 	EXP 	Sing_img: autoDraw = False
151.2520 	EXP 	Pl_img: autoDraw = False
151.2520 	EXP 	Sing_txt: autoDraw = False
151.2520 	EXP 	Pl_txt: autoDraw = False
151.2522 	EXP 	window1: recordFrameIntervals = False
152.0359 	EXP 	image_3: image = 'Images/instrProdB.png'
152.0359 	EXP 	image_3: autoDraw = True
153.6660 	DATA 	Keypress: space
153.6664 	EXP 	window1: recordFrameIntervals = False
153.6830 	EXP 	image_3: autoDraw = False
153.6830 	EXP 	fixation: autoDraw = True
153.6831 	EXP 	window1: recordFrameIntervals = False
154.6826 	EXP 	Imported Lists/OrderProdB.xlsx as conditions, 10 conditions, 14 params
154.6831 	EXP 	Created sequence: random, trialTypes=10, nReps=1, seed=None
154.6838 	EXP 	New trial (rep=0, index=0): OrderedDict([('trig', 'susagu'), ('targ', 'susak'), ('type', 'alt'), ('trig_img', 'Images/box_pl.jpg'), ('targ_img', 'Images/box.jpg'), ('final_c', 'g'), ('new', 'new'), ('num', 'sg'), ('instr', 'Write the singular form on your keyboard - then press enter'), ('a', None), ('k', None), ('corr', None), ('lang', 'devoicing'), ('phase', 'prod')])
154.7470 	EXP 	fixation: autoDraw = False
154.7470 	EXP 	fixation: autoDraw = False
154.7470 	EXP 	Target_ins1: text = 'Write the singular form on your keyboard - then press enter'
154.7470 	EXP 	Trigger_img1: size = array([0.60416667, 0.56481481])
154.7470 	EXP 	Trigger_img1: image = 'Images/box_pl.jpg'
154.7470 	EXP 	Target_img1: size = array([0.41666667, 0.77407407])
154.7470 	EXP 	Target_img1: image = 'Images/box.jpg'
154.7470 	EXP 	Trigger_txt1: text = 'susagu'
154.7470 	EXP 	txtinp: alignHoriz = 'center'
154.7470 	EXP 	Trigger_img1: autoDraw = True
154.7470 	EXP 	Trigger_txt1: autoDraw = True
159.6932 	EXP 	Trigger_img1: autoDraw = False
159.6932 	EXP 	Trigger_txt1: autoDraw = False
159.7093 	EXP 	Target_ins1: autoDraw = True
159.7093 	EXP 	Target_img1: autoDraw = True
159.7093 	EXP 	txtinp: autoDraw = True
160.2757 	DATA 	Keypress: s
160.3256 	DATA 	Keypress: d
161.1913 	DATA 	Keypress: return
161.2087 	EXP 	window1: recordFrameIntervals = False
161.2248 	EXP 	Target_ins1: autoDraw = False
161.2248 	EXP 	Trigger_img1: autoDraw = False
161.2248 	EXP 	Target_img1: autoDraw = False
161.2248 	EXP 	Trigger_txt1: autoDraw = False
161.2248 	EXP 	txtinp: autoDraw = False
161.2250 	EXP 	window1: recordFrameIntervals = False
161.9408 	EXP 	New trial (rep=0, index=1): OrderedDict([('trig', 'runigu'), ('targ', 'runik'), ('type', 'alt'), ('trig_img', 'Images/shack_pl.jpg'), ('targ_img', 'Images/shack.jpg'), ('final_c', 'g'), ('new', 'new'), ('num', 'sg'), ('instr', 'Write the singular form on your keyboard - then press enter'), ('a', None), ('k', None), ('corr', None), ('lang', 'devoicing'), ('phase', 'prod')])
161.9805 	EXP 	Target_ins1: text = 'Write the singular form on your keyboard - then press enter'
161.9805 	EXP 	Trigger_img1: size = array([0.61458333, 0.40185185])
161.9805 	EXP 	Trigger_img1: image = 'Images/shack_pl.jpg'
161.9805 	EXP 	Target_img1: size = array([0.4375    , 0.58333333])
161.9805 	EXP 	Target_img1: image = 'Images/shack.jpg'
161.9805 	EXP 	Trigger_txt1: text = 'runigu'
161.9805 	EXP 	txtinp: alignHoriz = 'center'
161.9805 	EXP 	Trigger_img1: autoDraw = True
161.9805 	EXP 	Trigger_txt1: autoDraw = True
166.9527 	EXP 	Trigger_img1: autoDraw = False
166.9527 	EXP 	Trigger_txt1: autoDraw = False
166.9688 	EXP 	Target_ins1: autoDraw = True
166.9688 	EXP 	Target_img1: autoDraw = True
166.9688 	EXP 	txtinp: autoDraw = True
173.6455 	DATA 	Keypress: j
173.7289 	DATA 	Keypress: k
174.4113 	DATA 	Keypress: return
174.4288 	EXP 	window1: recordFrameIntervals = False
174.4448 	EXP 	Target_ins1: autoDraw = False
174.4448 	EXP 	Trigger_img1: autoDraw = False
174.4448 	EXP 	Target_img1: autoDraw = False
174.4448 	EXP 	Trigger_txt1: autoDraw = False
174.4448 	EXP 	txtinp: autoDraw = False
174.4449 	EXP 	window1: recordFrameIntervals = False
175.1606 	EXP 	New trial (rep=0, index=2): OrderedDict([('trig', 'salibu'), ('targ', 'salip'), ('type', 'non_alt'), ('trig_img', 'Images/circle_pl.jpg'), ('targ_img', 'Images/circle.jpg'), ('final_c', 'b'), ('new', 'new'), ('num', 'sg'), ('instr', 'Write the singular form on your keyboard - then press enter'), ('a', None), ('k', None), ('corr', None), ('lang', 'devoicing'), ('phase', 'prod')])
175.2103 	EXP 	Target_ins1: text = 'Write the singular form on your keyboard - then press enter'
175.2103 	EXP 	Trigger_img1: size = array([0.67708333, 0.62037037])
175.2103 	EXP 	Trigger_img1: image = 'Images/circle_pl.jpg'
175.2103 	EXP 	Target_img1: size = array([0.45833333, 0.81481481])
175.2103 	EXP 	Target_img1: image = 'Images/circle.jpg'
175.2103 	EXP 	Trigger_txt1: text = 'salibu'
175.2103 	EXP 	txtinp: alignHoriz = 'center'
175.2103 	EXP 	Trigger_img1: autoDraw = True
175.2103 	EXP 	Trigger_txt1: autoDraw = True
180.1722 	EXP 	Trigger_img1: autoDraw = False
180.1722 	EXP 	Trigger_txt1: autoDraw = False
180.1883 	EXP 	Target_ins1: autoDraw = True
180.1883 	EXP 	Target_img1: autoDraw = True
180.1883 	EXP 	txtinp: autoDraw = True
190.1785 	DATA 	Keypress: j
190.2281 	DATA 	Keypress: k
190.9625 	DATA 	Keypress: return
190.9949 	EXP 	window1: recordFrameIntervals = False
191.0111 	EXP 	Target_ins1: autoDraw = False
191.0111 	EXP 	Trigger_img1: autoDraw = False
191.0111 	EXP 	Target_img1: autoDraw = False
191.0111 	EXP 	Trigger_txt1: autoDraw = False
191.0111 	EXP 	txtinp: autoDraw = False
191.0112 	EXP 	window1: recordFrameIntervals = False
191.7309 	EXP 	New trial (rep=0, index=3): OrderedDict([('trig', 'nirudu'), ('targ', 'nirut'), ('type', 'alt'), ('trig_img', 'Images/airplane_pl.jpg'), ('targ_img', 'Images/airplane.jpg'), ('final_c', 'd'), ('new', 'new'), ('num', 'sg'), ('instr', 'Write the singular form on your keyboard - then press enter'), ('a', None), ('k', None), ('corr', None), ('lang', 'devoicing'), ('phase', 'prod')])
191.7672 	EXP 	Target_ins1: text = 'Write the singular form on your keyboard - then press enter'
191.7672 	EXP 	Trigger_img1: size = array([0.67708333, 0.44814815])
191.7672 	EXP 	Trigger_img1: image = 'Images/airplane_pl.jpg'
191.7672 	EXP 	Target_img1: size = array([0.45833333, 0.61111111])
191.7672 	EXP 	Target_img1: image = 'Images/airplane.jpg'
191.7672 	EXP 	Trigger_txt1: text = 'nirudu'
191.7672 	EXP 	txtinp: alignHoriz = 'center'
191.7672 	EXP 	Trigger_img1: autoDraw = True
191.7672 	EXP 	Trigger_txt1: autoDraw = True
196.7384 	EXP 	Trigger_img1: autoDraw = False
196.7384 	EXP 	Trigger_txt1: autoDraw = False
196.7548 	EXP 	Target_ins1: autoDraw = True
196.7548 	EXP 	Target_img1: autoDraw = True
196.7548 	EXP 	txtinp: autoDraw = True
200.0848 	DATA 	Keypress: k
200.1352 	DATA 	Keypress: l
200.7342 	DATA 	Keypress: return
200.7511 	EXP 	window1: recordFrameIntervals = False
200.7677 	EXP 	Target_ins1: autoDraw = False
200.7677 	EXP 	Trigger_img1: autoDraw = False
200.7677 	EXP 	Target_img1: autoDraw = False
200.7677 	EXP 	Trigger_txt1: autoDraw = False
200.7677 	EXP 	txtinp: autoDraw = False
200.7678 	EXP 	window1: recordFrameIntervals = False
201.4861 	EXP 	New trial (rep=0, index=4): OrderedDict([('trig', 'lumudu'), ('targ', 'lumut'), ('type', 'alt'), ('trig_img', 'Images/knife_pl.jpg'), ('targ_img', 'Images/knife.jpg'), ('final_c', 'd'), ('new', 'new'), ('num', 'sg'), ('instr', 'Write the singular form on your keyboard - then press enter'), ('a', None), ('k', None), ('corr', None), ('lang', 'devoicing'), ('phase', 'prod')])
201.5200 	EXP 	Target_ins1: text = 'Write the singular form on your keyboard - then press enter'
201.5200 	EXP 	Trigger_img1: size = array([0.39583333, 0.91666667])
201.5200 	EXP 	Trigger_img1: image = 'Images/knife_pl.jpg'
201.5200 	EXP 	Target_img1: size = array([0.5       , 0.62407407])
201.5200 	EXP 	Target_img1: image = 'Images/knife.jpg'
201.5200 	EXP 	Trigger_txt1: text = 'lumudu'
201.5200 	EXP 	txtinp: alignHoriz = 'center'
201.5200 	EXP 	Trigger_img1: autoDraw = True
201.5200 	EXP 	Trigger_txt1: autoDraw = True
206.4950 	EXP 	Trigger_img1: autoDraw = False
206.4950 	EXP 	Trigger_txt1: autoDraw = False
206.5111 	EXP 	Target_ins1: autoDraw = True
206.5111 	EXP 	Target_img1: autoDraw = True
206.5111 	EXP 	txtinp: autoDraw = True
211.2564 	DATA 	Keypress: l
211.3065 	DATA 	KeyPress: ø
212.4553 	DATA 	Keypress: backspace
213.2544 	DATA 	Keypress: k
213.9706 	DATA 	Keypress: return
213.9879 	EXP 	window1: recordFrameIntervals = False
214.0039 	EXP 	Target_ins1: autoDraw = False
214.0039 	EXP 	Trigger_img1: autoDraw = False
214.0039 	EXP 	Target_img1: autoDraw = False
214.0039 	EXP 	Trigger_txt1: autoDraw = False
214.0039 	EXP 	txtinp: autoDraw = False
214.0041 	EXP 	window1: recordFrameIntervals = False
214.7198 	EXP 	New trial (rep=0, index=5): OrderedDict([('trig', 'rimugu'), ('targ', 'rimuk'), ('type', 'alt'), ('trig_img', 'Images/door_pl.jpg'), ('targ_img', 'Images/door.jpg'), ('final_c', 'g'), ('new', 'given'), ('num', 'sg'), ('instr', 'Write the singular form on your keyboard - then press enter'), ('a', None), ('k', None), ('corr', None), ('lang', 'devoicing'), ('phase', 'prod')])
214.7698 	EXP 	Target_ins1: text = 'Write the singular form on your keyboard - then press enter'
214.7698 	EXP 	Trigger_img1: size = array([0.52083333, 0.72962963])
214.7698 	EXP 	Trigger_img1: image = 'Images/door_pl.jpg'
214.7698 	EXP 	Target_img1: size = array([0.396875  , 1.11111111])
214.7698 	EXP 	Target_img1: image = 'Images/door.jpg'
214.7698 	EXP 	Trigger_txt1: text = 'rimugu'
214.7698 	EXP 	txtinp: alignHoriz = 'center'
214.7698 	EXP 	Trigger_img1: autoDraw = True
214.7698 	EXP 	Trigger_txt1: autoDraw = True
219.7311 	EXP 	Trigger_img1: autoDraw = False
219.7311 	EXP 	Trigger_txt1: autoDraw = False
219.7474 	EXP 	Target_ins1: autoDraw = True
219.7474 	EXP 	Target_img1: autoDraw = True
219.7474 	EXP 	txtinp: autoDraw = True
227.5899 	DATA 	Keypress: j
227.6897 	DATA 	Keypress: k
228.3554 	DATA 	Keypress: return
228.3727 	EXP 	window1: recordFrameIntervals = False
228.3887 	EXP 	Target_ins1: autoDraw = False
228.3887 	EXP 	Trigger_img1: autoDraw = False
228.3887 	EXP 	Target_img1: autoDraw = False
228.3887 	EXP 	Trigger_txt1: autoDraw = False
228.3887 	EXP 	txtinp: autoDraw = False
228.3889 	EXP 	window1: recordFrameIntervals = False
229.1053 	EXP 	New trial (rep=0, index=6): OrderedDict([('trig', 'nuragu'), ('targ', 'nurak'), ('type', 'non_alt'), ('trig_img', 'Images/lion_pl.jpg'), ('targ_img', 'Images/lion.jpg'), ('final_c', 'g'), ('new', 'given'), ('num', 'sg'), ('instr', 'Write the singular form on your keyboard - then press enter'), ('a', None), ('k', None), ('corr', None), ('lang', 'devoicing'), ('phase', 'prod')])
229.1483 	EXP 	Target_ins1: text = 'Write the singular form on your keyboard - then press enter'
229.1483 	EXP 	Trigger_img1: size = array([0.70833333, 0.41481481])
229.1483 	EXP 	Trigger_img1: image = 'Images/lion_pl.jpg'
229.1483 	EXP 	Target_img1: size = array([0.46875   , 0.55555556])
229.1483 	EXP 	Target_img1: image = 'Images/lion.jpg'
229.1483 	EXP 	Trigger_txt1: text = 'nuragu'
229.1483 	EXP 	txtinp: alignHoriz = 'center'
229.1483 	EXP 	Trigger_img1: autoDraw = True
229.1483 	EXP 	Trigger_txt1: autoDraw = True
234.1164 	EXP 	Trigger_img1: autoDraw = False
234.1164 	EXP 	Trigger_txt1: autoDraw = False
234.1326 	EXP 	Target_ins1: autoDraw = True
234.1326 	EXP 	Target_img1: autoDraw = True
234.1326 	EXP 	txtinp: autoDraw = True
236.2154 	DATA 	Keypress: k
236.3141 	DATA 	Keypress: l
237.0799 	DATA 	Keypress: return
237.0968 	EXP 	window1: recordFrameIntervals = False
237.1133 	EXP 	Target_ins1: autoDraw = False
237.1133 	EXP 	Trigger_img1: autoDraw = False
237.1133 	EXP 	Target_img1: autoDraw = False
237.1133 	EXP 	Trigger_txt1: autoDraw = False
237.1133 	EXP 	txtinp: autoDraw = False
237.1134 	EXP 	window1: recordFrameIntervals = False
237.8303 	EXP 	New trial (rep=0, index=7): OrderedDict([('trig', 'milubu'), ('targ', 'milup'), ('type', 'alt'), ('trig_img', 'Images/soap_pl.jpg'), ('targ_img', 'Images/soap.jpg'), ('final_c', 'b'), ('new', 'given'), ('num', 'sg'), ('instr', 'Write the singular form on your keyboard - then press enter'), ('a', None), ('k', None), ('corr', None), ('lang', 'devoicing'), ('phase', 'prod')])
237.8669 	EXP 	Target_ins1: text = 'Write the singular form on your keyboard - then press enter'
237.8669 	EXP 	Trigger_img1: size = array([0.66666667, 0.42777778])
237.8669 	EXP 	Trigger_img1: image = 'Images/soap_pl.jpg'
237.8669 	EXP 	Target_img1: size = array([0.52083333, 0.61296296])
237.8669 	EXP 	Target_img1: image = 'Images/soap.jpg'
237.8669 	EXP 	Trigger_txt1: text = 'milubu'
237.8669 	EXP 	txtinp: alignHoriz = 'center'
237.8669 	EXP 	Trigger_img1: autoDraw = True
237.8669 	EXP 	Trigger_txt1: autoDraw = True
242.8408 	EXP 	Trigger_img1: autoDraw = False
242.8408 	EXP 	Trigger_txt1: autoDraw = False
242.8569 	EXP 	Target_ins1: autoDraw = True
242.8569 	EXP 	Target_img1: autoDraw = True
242.8569 	EXP 	txtinp: autoDraw = True
246.8865 	DATA 	Keypress: j
246.9543 	DATA 	Keypress: k
247.8189 	DATA 	Keypress: return
247.8356 	EXP 	window1: recordFrameIntervals = False
247.8523 	EXP 	Target_ins1: autoDraw = False
247.8523 	EXP 	Trigger_img1: autoDraw = False
247.8523 	EXP 	Target_img1: autoDraw = False
247.8523 	EXP 	Trigger_txt1: autoDraw = False
247.8523 	EXP 	txtinp: autoDraw = False
247.8524 	EXP 	window1: recordFrameIntervals = False
248.5714 	EXP 	New trial (rep=0, index=8): OrderedDict([('trig', 'sunudu'), ('targ', 'sunut'), ('type', 'non_alt'), ('trig_img', 'Images/flagpole_pl.jpg'), ('targ_img', 'Images/flagpole.jpg'), ('final_c', 'd'), ('new', 'given'), ('num', 'sg'), ('instr', 'Write the singular form on your keyboard - then press enter'), ('a', None), ('k', None), ('corr', None), ('lang', 'devoicing'), ('phase', 'prod')])
248.6234 	EXP 	Target_ins1: text = 'Write the singular form on your keyboard - then press enter'
248.6234 	EXP 	Trigger_img1: size = array([0.67708333, 0.62037037])
248.6234 	EXP 	Trigger_img1: image = 'Images/flagpole_pl.jpg'
248.6234 	EXP 	Target_img1: size = array([0.48958333, 0.91851852])
248.6234 	EXP 	Target_img1: image = 'Images/flagpole.jpg'
248.6234 	EXP 	Trigger_txt1: text = 'sunudu'
248.6234 	EXP 	txtinp: alignHoriz = 'center'
248.6234 	EXP 	Trigger_img1: autoDraw = True
248.6234 	EXP 	Trigger_txt1: autoDraw = True
253.5791 	EXP 	Trigger_img1: autoDraw = False
253.5791 	EXP 	Trigger_txt1: autoDraw = False
253.5958 	EXP 	Target_ins1: autoDraw = True
253.5958 	EXP 	Target_img1: autoDraw = True
253.5958 	EXP 	txtinp: autoDraw = True
257.8419 	DATA 	Keypress: l
257.8918 	DATA 	Keypress: k
258.9078 	DATA 	Keypress: return
258.9248 	EXP 	window1: recordFrameIntervals = False
258.9406 	EXP 	Target_ins1: autoDraw = False
258.9406 	EXP 	Trigger_img1: autoDraw = False
258.9406 	EXP 	Target_img1: autoDraw = False
258.9406 	EXP 	Trigger_txt1: autoDraw = False
258.9406 	EXP 	txtinp: autoDraw = False
258.9408 	EXP 	window1: recordFrameIntervals = False
259.6613 	EXP 	New trial (rep=0, index=9): OrderedDict([('trig', 'nirubu'), ('targ', 'nirup'), ('type', 'alt'), ('trig_img', 'Images/glove_pl.jpg'), ('targ_img', 'Images/glove.jpg'), ('final_c', 'b'), ('new', 'new'), ('num', 'sg'), ('instr', 'Write the singular form on your keyboard - then press enter'), ('a', None), ('k', None), ('corr', None), ('lang', 'devoicing'), ('phase', 'prod')])
259.6955 	EXP 	Target_ins1: text = 'Write the singular form on your keyboard - then press enter'
259.6955 	EXP 	Trigger_img1: size = array([0.46875  , 0.5962963])
259.6955 	EXP 	Trigger_img1: image = 'Images/glove_pl.jpg'
259.6955 	EXP 	Target_img1: size = array([0.4375    , 0.77777778])
259.6955 	EXP 	Target_img1: image = 'Images/glove.jpg'
259.6955 	EXP 	Trigger_txt1: text = 'nirubu'
259.6955 	EXP 	txtinp: alignHoriz = 'center'
259.6955 	EXP 	Trigger_img1: autoDraw = True
259.6955 	EXP 	Trigger_txt1: autoDraw = True
264.6685 	EXP 	Trigger_img1: autoDraw = False
264.6685 	EXP 	Trigger_txt1: autoDraw = False
264.6843 	EXP 	Target_ins1: autoDraw = True
264.6843 	EXP 	Target_img1: autoDraw = True
264.6843 	EXP 	txtinp: autoDraw = True
267.3486 	DATA 	Keypress: l
267.4486 	DATA 	Keypress: k
268.1976 	DATA 	Keypress: return
268.2149 	EXP 	window1: recordFrameIntervals = False
268.2305 	EXP 	Target_ins1: autoDraw = False
268.2305 	EXP 	Trigger_img1: autoDraw = False
268.2305 	EXP 	Target_img1: autoDraw = False
268.2305 	EXP 	Trigger_txt1: autoDraw = False
268.2305 	EXP 	txtinp: autoDraw = False
268.2308 	EXP 	window1: recordFrameIntervals = False
269.0278 	EXP 	image_6: image = 'Images/instrFCB.png'
269.0278 	EXP 	image_6: autoDraw = True
271.0781 	DATA 	Keypress: space
271.0785 	EXP 	window1: recordFrameIntervals = False
271.0951 	EXP 	image_6: autoDraw = False
271.0951 	EXP 	fixation: autoDraw = True
271.0952 	EXP 	window1: recordFrameIntervals = False
272.1075 	EXP 	Imported Lists/OrderFCB.xlsx as conditions, 10 conditions, 14 params
272.1078 	EXP 	Created sequence: random, trialTypes=10, nReps=1, seed=None
272.1084 	EXP 	New trial (rep=0, index=0): OrderedDict([('trig', 'nurat'), ('targ', None), ('type', 'alt'), ('trig_img', 'Images/copier.jpg'), ('targ_img', 'Images/copier_pl.jpg'), ('final_c', 'd'), ('new', 'given'), ('num', 'pl'), ('instr', 'Choose the plural form of the word that belongs to the language'), ('a', 'nuradu'), ('k', 'nuratu'), ('corr', 'a'), ('lang', 'devoicing'), ('phase', 'FC')])
272.1906 	EXP 	fixation: autoDraw = False
272.1906 	EXP 	fixation: autoDraw = False
272.1906 	EXP 	Target_ins2: text = 'Choose the plural form of the word that belongs to the language'
272.1906 	EXP 	Trigger_img2: size = array([0.46875   , 0.83333333])
272.1906 	EXP 	Trigger_img2: image = 'Images/copier.jpg'
272.1906 	EXP 	Target_img2: size = array([0.55208333, 0.56481481])
272.1906 	EXP 	Target_img2: image = 'Images/copier_pl.jpg'
272.1906 	EXP 	Trigger_txt2: text = 'nurat'
272.1906 	EXP 	Resp_a: text = 'nuradu'
272.1906 	EXP 	Resp_b: text = 'nuratu'
272.1906 	EXP 	Trigger_img2: autoDraw = True
272.1906 	EXP 	Trigger_txt2: autoDraw = True
276.1230 	EXP 	Trigger_img2: autoDraw = False
276.1230 	EXP 	Trigger_txt2: autoDraw = False
276.1390 	EXP 	Target_ins2: autoDraw = True
276.1390 	EXP 	Target_img2: autoDraw = True
276.1390 	EXP 	Target_instr_l: autoDraw = True
276.1390 	EXP 	Target_instr_r: autoDraw = True
276.1390 	EXP 	Resp_a: autoDraw = True
276.1390 	EXP 	Resp_b: autoDraw = True
278.3370 	DATA 	Keypress: k
278.3380 	EXP 	window1: recordFrameIntervals = False
278.3536 	EXP 	Target_ins2: autoDraw = False
278.3536 	EXP 	Trigger_img2: autoDraw = False
278.3536 	EXP 	Target_img2: autoDraw = False
278.3536 	EXP 	Trigger_txt2: autoDraw = False
278.3536 	EXP 	Target_instr_l: autoDraw = False
278.3536 	EXP 	Target_instr_r: autoDraw = False
278.3536 	EXP 	Resp_a: autoDraw = False
278.3536 	EXP 	Resp_b: autoDraw = False
278.3537 	EXP 	window1: recordFrameIntervals = False
279.0714 	EXP 	New trial (rep=0, index=1): OrderedDict([('trig', 'lisutu'), ('targ', None), ('type', 'non_alt'), ('trig_img', 'Images/statue_pl.jpg'), ('targ_img', 'Images/statue.jpg'), ('final_c', 'd'), ('new', 'given'), ('num', 'sg'), ('instr', 'Choose the singular form of the word that belongs to the language'), ('a', 'lisut'), ('k', 'lisud'), ('corr', 'a'), ('lang', 'devoicing'), ('phase', 'FC')])
279.1481 	EXP 	Target_ins2: text = 'Choose the singular form of the word that belongs to the language'
279.1481 	EXP 	Trigger_img2: size = array([0.54166667, 0.72962963])
279.1481 	EXP 	Trigger_img2: image = 'Images/statue_pl.jpg'
279.1481 	EXP 	Target_img2: size = array([0.33333333, 0.91111111])
279.1481 	EXP 	Target_img2: image = 'Images/statue.jpg'
279.1481 	EXP 	Trigger_txt2: text = 'lisutu'
279.1481 	EXP 	Resp_a: text = 'lisut'
279.1481 	EXP 	Resp_b: text = 'lisud'
279.1481 	EXP 	Trigger_img2: autoDraw = True
279.1481 	EXP 	Trigger_txt2: autoDraw = True
283.0821 	EXP 	Trigger_img2: autoDraw = False
283.0821 	EXP 	Trigger_txt2: autoDraw = False
283.0984 	EXP 	Target_ins2: autoDraw = True
283.0984 	EXP 	Target_img2: autoDraw = True
283.0984 	EXP 	Target_instr_l: autoDraw = True
283.0984 	EXP 	Target_instr_r: autoDraw = True
283.0984 	EXP 	Resp_a: autoDraw = True
283.0984 	EXP 	Resp_b: autoDraw = True
284.9636 	DATA 	Keypress: k
284.9644 	EXP 	window1: recordFrameIntervals = False
284.9804 	EXP 	Target_ins2: autoDraw = False
284.9804 	EXP 	Trigger_img2: autoDraw = False
284.9804 	EXP 	Target_img2: autoDraw = False
284.9804 	EXP 	Trigger_txt2: autoDraw = False
284.9804 	EXP 	Target_instr_l: autoDraw = False
284.9804 	EXP 	Target_instr_r: autoDraw = False
284.9804 	EXP 	Resp_a: autoDraw = False
284.9804 	EXP 	Resp_b: autoDraw = False
284.9806 	EXP 	window1: recordFrameIntervals = False
285.6965 	EXP 	New trial (rep=0, index=2): OrderedDict([('trig', 'munibu'), ('targ', None), ('type', 'alt'), ('trig_img', 'Images/calender_pl.jpg'), ('targ_img', 'Images/calender.jpg'), ('final_c', 'b'), ('new', 'new'), ('num', 'sg'), ('instr', 'Choose the singular form of the word that belongs to the language'), ('a', 'munip'), ('k', 'munib'), ('corr', 'a'), ('lang', 'devoicing'), ('phase', 'FC')])
285.7425 	EXP 	Target_ins2: text = 'Choose the singular form of the word that belongs to the language'
285.7425 	EXP 	Trigger_img2: size = array([0.67708333, 0.53148148])
285.7425 	EXP 	Trigger_img2: image = 'Images/calender_pl.jpg'
285.7425 	EXP 	Target_img2: size = array([0.46875  , 0.7462963])
285.7425 	EXP 	Target_img2: image = 'Images/calender.jpg'
285.7425 	EXP 	Trigger_txt2: text = 'munibu'
285.7425 	EXP 	Resp_a: text = 'munip'
285.7425 	EXP 	Resp_b: text = 'munib'
285.7425 	EXP 	Trigger_img2: autoDraw = True
285.7425 	EXP 	Trigger_txt2: autoDraw = True
289.7087 	EXP 	Trigger_img2: autoDraw = False
289.7087 	EXP 	Trigger_txt2: autoDraw = False
289.7249 	EXP 	Target_ins2: autoDraw = True
289.7249 	EXP 	Target_img2: autoDraw = True
289.7249 	EXP 	Target_instr_l: autoDraw = True
289.7249 	EXP 	Target_instr_r: autoDraw = True
289.7249 	EXP 	Resp_a: autoDraw = True
289.7249 	EXP 	Resp_b: autoDraw = True
290.7270 	DATA 	Keypress: k
290.7415 	EXP 	window1: recordFrameIntervals = False
290.7573 	EXP 	Target_ins2: autoDraw = False
290.7573 	EXP 	Trigger_img2: autoDraw = False
290.7573 	EXP 	Target_img2: autoDraw = False
290.7573 	EXP 	Trigger_txt2: autoDraw = False
290.7573 	EXP 	Target_instr_l: autoDraw = False
290.7573 	EXP 	Target_instr_r: autoDraw = False
290.7573 	EXP 	Resp_a: autoDraw = False
290.7573 	EXP 	Resp_b: autoDraw = False
290.7575 	EXP 	window1: recordFrameIntervals = False
291.4759 	EXP 	New trial (rep=0, index=3): OrderedDict([('trig', 'manigu'), ('targ', None), ('type', 'alt'), ('trig_img', 'Images/hoover_pl.jpg'), ('targ_img', 'Images/hoover.jpg'), ('final_c', 'g'), ('new', 'new'), ('num', 'sg'), ('instr', 'Choose the singular form of the word that belongs to the language'), ('a', 'manig'), ('k', 'manik'), ('corr', 'k'), ('lang', 'devoicing'), ('phase', 'FC')])
291.5257 	EXP 	Target_ins2: text = 'Choose the singular form of the word that belongs to the language'
291.5257 	EXP 	Trigger_img2: size = array([0.5       , 0.66851852])
291.5257 	EXP 	Trigger_img2: image = 'Images/hoover_pl.jpg'
291.5257 	EXP 	Target_img2: size = array([0.3125    , 0.83703704])
291.5257 	EXP 	Target_img2: image = 'Images/hoover.jpg'
291.5257 	EXP 	Trigger_txt2: text = 'manigu'
291.5257 	EXP 	Resp_a: text = 'manig'
291.5257 	EXP 	Resp_b: text = 'manik'
291.5257 	EXP 	Trigger_img2: autoDraw = True
291.5257 	EXP 	Trigger_txt2: autoDraw = True
295.4862 	EXP 	Trigger_img2: autoDraw = False
295.4862 	EXP 	Trigger_txt2: autoDraw = False
295.5026 	EXP 	Target_ins2: autoDraw = True
295.5026 	EXP 	Target_img2: autoDraw = True
295.5026 	EXP 	Target_instr_l: autoDraw = True
295.5026 	EXP 	Target_instr_r: autoDraw = True
295.5026 	EXP 	Resp_a: autoDraw = True
295.5026 	EXP 	Resp_b: autoDraw = True
303.3114 	DATA 	Keypress: k
303.3125 	EXP 	window1: recordFrameIntervals = False
303.3281 	EXP 	Target_ins2: autoDraw = False
303.3281 	EXP 	Trigger_img2: autoDraw = False
303.3281 	EXP 	Target_img2: autoDraw = False
303.3281 	EXP 	Trigger_txt2: autoDraw = False
303.3281 	EXP 	Target_instr_l: autoDraw = False
303.3281 	EXP 	Target_instr_r: autoDraw = False
303.3281 	EXP 	Resp_a: autoDraw = False
303.3281 	EXP 	Resp_b: autoDraw = False
303.3283 	EXP 	window1: recordFrameIntervals = False
304.0476 	EXP 	New trial (rep=0, index=4): OrderedDict([('trig', 'lusak'), ('targ', None), ('type', 'non_alt'), ('trig_img', 'Images/helicopter_pl.jpg'), ('targ_img', 'Images/helicopter.jpg'), ('final_c', 'g'), ('new', 'new'), ('num', 'pl'), ('instr', 'Choose the plural form of the word that belongs to the language'), ('a', 'lusaku'), ('k', 'lusagu'), ('corr', 'k'), ('lang', 'devoicing'), ('phase', 'FC')])
304.1212 	EXP 	Target_ins2: text = 'Choose the plural form of the word that belongs to the language'
304.1212 	EXP 	Trigger_img2: size = array([0.52083333, 0.88333333])
304.1212 	EXP 	Trigger_img2: image = 'Images/helicopter_pl.jpg'
304.1212 	EXP 	Target_img2: size = array([0.625     , 0.52592593])
304.1212 	EXP 	Target_img2: image = 'Images/helicopter.jpg'
304.1212 	EXP 	Trigger_txt2: text = 'lusak'
304.1212 	EXP 	Resp_a: text = 'lusaku'
304.1212 	EXP 	Resp_b: text = 'lusagu'
304.1212 	EXP 	Trigger_img2: autoDraw = True
304.1212 	EXP 	Trigger_txt2: autoDraw = True
308.0566 	EXP 	Trigger_img2: autoDraw = False
308.0566 	EXP 	Trigger_txt2: autoDraw = False
308.0727 	EXP 	Target_ins2: autoDraw = True
308.0727 	EXP 	Target_img2: autoDraw = True
308.0727 	EXP 	Target_instr_l: autoDraw = True
308.0727 	EXP 	Target_instr_r: autoDraw = True
308.0727 	EXP 	Resp_a: autoDraw = True
308.0727 	EXP 	Resp_b: autoDraw = True
314.1668 	DATA 	Keypress: k
314.1673 	EXP 	window1: recordFrameIntervals = False
314.1836 	EXP 	Target_ins2: autoDraw = False
314.1836 	EXP 	Trigger_img2: autoDraw = False
314.1836 	EXP 	Target_img2: autoDraw = False
314.1836 	EXP 	Trigger_txt2: autoDraw = False
314.1836 	EXP 	Target_instr_l: autoDraw = False
314.1836 	EXP 	Target_instr_r: autoDraw = False
314.1836 	EXP 	Resp_a: autoDraw = False
314.1836 	EXP 	Resp_b: autoDraw = False
314.1838 	EXP 	window1: recordFrameIntervals = False
314.9026 	EXP 	New trial (rep=0, index=5): OrderedDict([('trig', 'naridu'), ('targ', None), ('type', 'alt'), ('trig_img', 'Images/squid_pl.jpg'), ('targ_img', 'Images/squid.jpg'), ('final_c', 'd'), ('new', 'given'), ('num', 'sg'), ('instr', 'Choose the singular form of the word that belongs to the language'), ('a', 'narid'), ('k', 'narit'), ('corr', 'k'), ('lang', 'devoicing'), ('phase', 'FC')])
314.9821 	EXP 	Target_ins2: text = 'Choose the singular form of the word that belongs to the language'
314.9821 	EXP 	Trigger_img2: size = array([0.55104167, 0.96111111])
314.9821 	EXP 	Trigger_img2: image = 'Images/squid_pl.jpg'
314.9821 	EXP 	Target_img2: size = array([0.26041667, 0.96111111])
314.9821 	EXP 	Target_img2: image = 'Images/squid.jpg'
314.9821 	EXP 	Trigger_txt2: text = 'naridu'
314.9821 	EXP 	Resp_a: text = 'narid'
314.9821 	EXP 	Resp_b: text = 'narit'
314.9821 	EXP 	Trigger_img2: autoDraw = True
314.9821 	EXP 	Trigger_txt2: autoDraw = True
318.9121 	EXP 	Trigger_img2: autoDraw = False
318.9121 	EXP 	Trigger_txt2: autoDraw = False
318.9283 	EXP 	Target_ins2: autoDraw = True
318.9283 	EXP 	Target_img2: autoDraw = True
318.9283 	EXP 	Target_instr_l: autoDraw = True
318.9283 	EXP 	Target_instr_r: autoDraw = True
318.9283 	EXP 	Resp_a: autoDraw = True
318.9283 	EXP 	Resp_b: autoDraw = True
323.8426 	DATA 	Keypress: k
323.8574 	EXP 	window1: recordFrameIntervals = False
323.8733 	EXP 	Target_ins2: autoDraw = False
323.8733 	EXP 	Trigger_img2: autoDraw = False
323.8733 	EXP 	Target_img2: autoDraw = False
323.8733 	EXP 	Trigger_txt2: autoDraw = False
323.8733 	EXP 	Target_instr_l: autoDraw = False
323.8733 	EXP 	Target_instr_r: autoDraw = False
323.8733 	EXP 	Resp_a: autoDraw = False
323.8733 	EXP 	Resp_b: autoDraw = False
323.8735 	EXP 	window1: recordFrameIntervals = False
324.5908 	EXP 	New trial (rep=0, index=6): OrderedDict([('trig', 'nanapu'), ('targ', None), ('type', 'non_alt'), ('trig_img', 'Images/sun_pl.jpg'), ('targ_img', 'Images/sun.jpg'), ('final_c', 'b'), ('new', 'new'), ('num', 'sg'), ('instr', 'Choose the singular form of the word that belongs to the language'), ('a', 'nanab'), ('k', 'narap'), ('corr', 'k'), ('lang', 'devoicing'), ('phase', 'FC')])
324.6517 	EXP 	Target_ins2: text = 'Choose the singular form of the word that belongs to the language'
324.6517 	EXP 	Trigger_img2: size = array([0.67708333, 0.56666667])
324.6517 	EXP 	Trigger_img2: image = 'Images/sun_pl.jpg'
324.6517 	EXP 	Target_img2: size = array([0.46875   , 0.79259259])
324.6517 	EXP 	Target_img2: image = 'Images/sun.jpg'
324.6517 	EXP 	Trigger_txt2: text = 'nanapu'
324.6517 	EXP 	Resp_a: text = 'nanab'
324.6517 	EXP 	Resp_b: text = 'narap'
324.6517 	EXP 	Trigger_img2: autoDraw = True
324.6517 	EXP 	Trigger_txt2: autoDraw = True
328.6017 	EXP 	Trigger_img2: autoDraw = False
328.6017 	EXP 	Trigger_txt2: autoDraw = False
328.6183 	EXP 	Target_ins2: autoDraw = True
328.6183 	EXP 	Target_img2: autoDraw = True
328.6183 	EXP 	Target_instr_l: autoDraw = True
328.6183 	EXP 	Target_instr_r: autoDraw = True
328.6183 	EXP 	Resp_a: autoDraw = True
328.6183 	EXP 	Resp_b: autoDraw = True
335.1617 	DATA 	Keypress: k
335.1625 	EXP 	window1: recordFrameIntervals = False
335.1786 	EXP 	Target_ins2: autoDraw = False
335.1786 	EXP 	Trigger_img2: autoDraw = False
335.1786 	EXP 	Target_img2: autoDraw = False
335.1786 	EXP 	Trigger_txt2: autoDraw = False
335.1786 	EXP 	Target_instr_l: autoDraw = False
335.1786 	EXP 	Target_instr_r: autoDraw = False
335.1786 	EXP 	Resp_a: autoDraw = False
335.1786 	EXP 	Resp_b: autoDraw = False
335.1788 	EXP 	window1: recordFrameIntervals = False
335.8966 	EXP 	New trial (rep=0, index=7): OrderedDict([('trig', 'nasabu'), ('targ', None), ('type', 'alt'), ('trig_img', 'Images/spear_pl.jpg'), ('targ_img', 'Images/spear.jpg'), ('final_c', 'b'), ('new', 'given'), ('num', 'sg'), ('instr', 'Choose the singular form of the word that belongs to the language'), ('a', 'nasab'), ('k', 'nasap'), ('corr', 'k'), ('lang', 'devoicing'), ('phase', 'FC')])
335.9321 	EXP 	Target_ins2: text = 'Choose the singular form of the word that belongs to the language'
335.9321 	EXP 	Trigger_img2: size = array([0.18333333, 0.98888889])
335.9321 	EXP 	Trigger_img2: image = 'Images/spear_pl.jpg'
335.9321 	EXP 	Target_img2: size = array([0.08333333, 0.98888889])
335.9321 	EXP 	Target_img2: image = 'Images/spear.jpg'
335.9321 	EXP 	Trigger_txt2: text = 'nasabu'
335.9321 	EXP 	Resp_a: text = 'nasab'
335.9321 	EXP 	Resp_b: text = 'nasap'
335.9321 	EXP 	Trigger_img2: autoDraw = True
335.9321 	EXP 	Trigger_txt2: autoDraw = True
339.9070 	EXP 	Trigger_img2: autoDraw = False
339.9070 	EXP 	Trigger_txt2: autoDraw = False
339.9231 	EXP 	Target_ins2: autoDraw = True
339.9231 	EXP 	Target_img2: autoDraw = True
339.9231 	EXP 	Target_instr_l: autoDraw = True
339.9231 	EXP 	Target_instr_r: autoDraw = True
339.9231 	EXP 	Resp_a: autoDraw = True
339.9231 	EXP 	Resp_b: autoDraw = True
344.6353 	DATA 	Keypress: k
344.6358 	EXP 	window1: recordFrameIntervals = False
344.6517 	EXP 	Target_ins2: autoDraw = False
344.6517 	EXP 	Trigger_img2: autoDraw = False
344.6517 	EXP 	Target_img2: autoDraw = False
344.6517 	EXP 	Trigger_txt2: autoDraw = False
344.6517 	EXP 	Target_instr_l: autoDraw = False
344.6517 	EXP 	Target_instr_r: autoDraw = False
344.6517 	EXP 	Resp_a: autoDraw = False
344.6517 	EXP 	Resp_b: autoDraw = False
344.6519 	EXP 	window1: recordFrameIntervals = False
345.3715 	EXP 	New trial (rep=0, index=8): OrderedDict([('trig', 'rusugu'), ('targ', None), ('type', 'alt'), ('trig_img', 'Images/cat_pl.jpg'), ('targ_img', 'Images/cat.jpg'), ('final_c', 'g'), ('new', 'new'), ('num', 'sg'), ('instr', 'Choose the singular form of the word that belongs to the language'), ('a', 'rusuk'), ('k', 'rusug'), ('corr', 'a'), ('lang', 'devoicing'), ('phase', 'FC')])
345.4391 	EXP 	Target_ins2: text = 'Choose the singular form of the word that belongs to the language'
345.4391 	EXP 	Trigger_img2: size = array([0.67708333, 0.52407407])
345.4391 	EXP 	Trigger_img2: image = 'Images/cat_pl.jpg'
345.4391 	EXP 	Target_img2: size = array([0.46875   , 0.72222222])
345.4391 	EXP 	Target_img2: image = 'Images/cat.jpg'
345.4391 	EXP 	Trigger_txt2: text = 'rusugu'
345.4391 	EXP 	Resp_a: text = 'rusuk'
345.4391 	EXP 	Resp_b: text = 'rusug'
345.4391 	EXP 	Trigger_img2: autoDraw = True
345.4391 	EXP 	Trigger_txt2: autoDraw = True
349.3805 	EXP 	Trigger_img2: autoDraw = False
349.3805 	EXP 	Trigger_txt2: autoDraw = False
349.3969 	EXP 	Target_ins2: autoDraw = True
349.3969 	EXP 	Target_img2: autoDraw = True
349.3969 	EXP 	Target_instr_l: autoDraw = True
349.3969 	EXP 	Target_instr_r: autoDraw = True
349.3969 	EXP 	Resp_a: autoDraw = True
349.3969 	EXP 	Resp_b: autoDraw = True
352.9769 	DATA 	Keypress: k
352.9778 	EXP 	window1: recordFrameIntervals = False
352.9938 	EXP 	Target_ins2: autoDraw = False
352.9938 	EXP 	Trigger_img2: autoDraw = False
352.9938 	EXP 	Target_img2: autoDraw = False
352.9938 	EXP 	Trigger_txt2: autoDraw = False
352.9938 	EXP 	Target_instr_l: autoDraw = False
352.9938 	EXP 	Target_instr_r: autoDraw = False
352.9938 	EXP 	Resp_a: autoDraw = False
352.9938 	EXP 	Resp_b: autoDraw = False
352.9939 	EXP 	window1: recordFrameIntervals = False
353.7119 	EXP 	New trial (rep=0, index=9): OrderedDict([('trig', 'musubu'), ('targ', None), ('type', 'alt'), ('trig_img', 'Images/dog_pl.jpg'), ('targ_img', 'Images/dog.jpg'), ('final_c', 'b'), ('new', 'new'), ('num', 'sg'), ('instr', 'Choose the singular form of the word that belongs to the language'), ('a', 'musup'), ('k', 'musub'), ('corr', 'a'), ('lang', 'devoicing'), ('phase', 'FC')])
353.7713 	EXP 	Target_ins2: text = 'Choose the singular form of the word that belongs to the language'
353.7713 	EXP 	Trigger_img2: size = array([0.946875  , 0.45925926])
353.7713 	EXP 	Trigger_img2: image = 'Images/dog_pl.jpg'
353.7713 	EXP 	Target_img2: size = array([0.45833333, 0.45925926])
353.7713 	EXP 	Target_img2: image = 'Images/dog.jpg'
353.7713 	EXP 	Trigger_txt2: text = 'musubu'
353.7713 	EXP 	Resp_a: text = 'musup'
353.7713 	EXP 	Resp_b: text = 'musub'
353.7713 	EXP 	Trigger_img2: autoDraw = True
353.7713 	EXP 	Trigger_txt2: autoDraw = True
357.7222 	EXP 	Trigger_img2: autoDraw = False
357.7222 	EXP 	Trigger_txt2: autoDraw = False
357.7381 	EXP 	Target_ins2: autoDraw = True
357.7381 	EXP 	Target_img2: autoDraw = True
357.7381 	EXP 	Target_instr_l: autoDraw = True
357.7381 	EXP 	Target_instr_r: autoDraw = True
357.7381 	EXP 	Resp_a: autoDraw = True
357.7381 	EXP 	Resp_b: autoDraw = True
360.8188 	DATA 	Keypress: k
360.8196 	EXP 	window1: recordFrameIntervals = False
360.8356 	EXP 	Target_ins2: autoDraw = False
360.8356 	EXP 	Trigger_img2: autoDraw = False
360.8356 	EXP 	Target_img2: autoDraw = False
360.8356 	EXP 	Trigger_txt2: autoDraw = False
360.8356 	EXP 	Target_instr_l: autoDraw = False
360.8356 	EXP 	Target_instr_r: autoDraw = False
360.8356 	EXP 	Resp_a: autoDraw = False
360.8356 	EXP 	Resp_b: autoDraw = False
360.8358 	EXP 	window1: recordFrameIntervals = False
361.5580 	EXP 	text: autoDraw = True
369.4605 	DATA 	Keypress: q
369.5815 	EXP 	window1: mouseVisible = True
