3.9744 	EXP 	Created window1 = Window(allowGUI=False, allowStencil=False, args=UNKNOWN, autoLog=True, bitsMode=UNKNOWN, blendMode='avg', color=array([1., 1., 1.]), colorSpace='rgb', fullscr=<method-wrapper '__getattribute__' of attributeSetter object at 0x0DCDC230>, gamma=None, kwargs=UNKNOWN, lms=UNKNOWN, monitor=<psychopy.monitors.calibTools.Monitor object at 0x0F885D10>, multiSample=False, name='window1', numSamples=2, pos=[0.0, 0.0], screen=0, size=array([1920, 1080]), stereo=False, units='norm', useFBO=True, useRetina=False, viewOri=0.0, viewPos=None, viewScale=None, waitBlanking=True, winType='pyglet')
3.9745 	EXP 	window1: recordFrameIntervals = False
4.1394 	EXP 	window1: recordFrameIntervals = True
4.3878 	EXP 	window1: recordFrameIntervals = False
4.4551 	EXP 	Created lub = ImageStim(__class__=<class 'psychopy.visual.image.ImageStim'>, autoLog=True, color=array([1., 1., 1.]), colorSpace='rgb', contrast=1.0, depth=-1.0, flipHoriz=False, flipVert=False, image='Images/Instruction_Screen.png', interpolate=True, mask=None, maskParams=None, name='lub', opacity=1.0, ori=0.0, pos=array([0., 0.]), size=array([2., 2.]), texRes=128, units='norm', win=Window(...))
4.4614 	EXP 	Created fixation = ShapeStim(__class__=<class 'psychopy.visual.shape.ShapeStim'>, autoDraw=False, autoLog=True, closeShape=True, contrast=1.0, depth=-1.0, fillColor=array([-1., -1., -1.]), fillColorSpace='rgb', interpolate=True, lineColor=array([1., 1., 1.]), lineColorSpace='rgb', lineWidth=1, name='fixation', opacity=1.0, ori=array(0.), pos=array([0., 0.]), size=array([0.5, 0.5]), units='deg', vertices=ndarray(...), win=Window(...), windingRule=None)
4.4680 	EXP 	Created Sing_img = ImageStim(__class__=<class 'psychopy.visual.image.ImageStim'>, autoLog=True, color=array([1., 1., 1.]), colorSpace='rgb', contrast=1.0, depth=0.0, flipHoriz=False, flipVert=False, image='sin', interpolate=True, mask=None, maskParams=None, name='Sing_img', opacity=1.0, ori=0.0, pos=array([0. , 0.2]), size=array([0.5, 0.5]), texRes=128, units='norm', win=Window(...))
4.4701 	EXP 	Created Pl_img = ImageStim(__class__=<class 'psychopy.visual.image.ImageStim'>, autoLog=True, color=array([1., 1., 1.]), colorSpace='rgb', contrast=1.0, depth=-1.0, flipHoriz=False, flipVert=False, image='sin', interpolate=True, mask=None, maskParams=None, name='Pl_img', opacity=1.0, ori=0.0, pos=array([0. , 0.2]), size=array([0.5, 0.5]), texRes=128, units='norm', win=Window(...))
4.5531 	EXP 	Created Sing_txt = TextStim(__class__=<class 'psychopy.visual.text.TextStim'>, alignHoriz='center', alignVert='center', antialias=True, autoLog=True, bold=False, color=array([ 1., -1., -1.]), colorSpace='rgb', contrast=1.0, depth=-2.0, flipHoriz=False, flipVert=False, font='Arial', fontFiles=[], height=0.3, italic=False, languageStyle='LTR', name='Sing_txt', opacity=1.0, ori=0, pos=array([ 0. , -0.6]), rgb=array([ 1., -1., -1.]), text='default text', units='norm', win=Window(...), wrapWidth=1)
4.5601 	EXP 	Created Pl_txt = TextStim(__class__=<class 'psychopy.visual.text.TextStim'>, alignHoriz='center', alignVert='center', antialias=True, autoLog=True, bold=False, color=array([ 1., -1., -1.]), colorSpace='rgb', contrast=1.0, depth=-3.0, flipHoriz=False, flipVert=False, font='Arial', fontFiles=[], height=0.3, italic=False, languageStyle='LTR', name='Pl_txt', opacity=1.0, ori=0, pos=array([ 0. , -0.6]), rgb=array([ 1., -1., -1.]), text='default text', units='norm', win=Window(...), wrapWidth=1)
4.5885 	EXP 	Created image_3 = ImageStim(__class__=<class 'psychopy.visual.image.ImageStim'>, autoLog=True, color=array([1., 1., 1.]), colorSpace='rgb', contrast=1.0, depth=0.0, flipHoriz=False, flipVert=False, image='Images/Instruction_Screen_Prod.png', interpolate=True, mask=None, maskParams=None, name='image_3', opacity=1.0, ori=0.0, pos=array([0., 0.]), size=array([2., 2.]), texRes=128, units='norm', win=Window(...))
4.5902 	EXP 	Created fixation = ShapeStim(__class__=<class 'psychopy.visual.shape.ShapeStim'>, autoDraw=False, autoLog=True, closeShape=True, contrast=1.0, depth=-1.0, fillColor=array([-1., -1., -1.]), fillColorSpace='rgb', interpolate=True, lineColor=array([1., 1., 1.]), lineColorSpace='rgb', lineWidth=1, name='fixation', opacity=1.0, ori=array(0.), pos=array([0., 0.]), size=array([0.5, 0.5]), units='deg', vertices=ndarray(...), win=Window(...), windingRule=None)
4.6129 	EXP 	Created Target_ins1 = TextStim(__class__=<class 'psychopy.visual.text.TextStim'>, alignHoriz='center', alignVert='center', antialias=True, autoLog=True, bold=False, color=array([-1., -1., -1.]), colorSpace='rgb', contrast=1.0, depth=0.0, flipHoriz=False, flipVert=False, font='Arial', fontFiles=[], height=0.1, italic=False, languageStyle='LTR', name='Target_ins1', opacity=1.0, ori=0, pos=array([0.  , 0.85]), rgb=array([-1., -1., -1.]), text='default text', units='norm', win=Window(...), wrapWidth=1)
4.6149 	EXP 	Created Trigger_img1 = ImageStim(__class__=<class 'psychopy.visual.image.ImageStim'>, autoLog=True, color=array([1., 1., 1.]), colorSpace='rgb', contrast=1.0, depth=-1.0, flipHoriz=False, flipVert=False, image='sin', interpolate=True, mask=None, maskParams=None, name='Trigger_img1', opacity=1.0, ori=0.0, pos=array([0. , 0.2]), size=array([0.5, 0.5]), texRes=128, units='norm', win=Window(...))
4.6169 	EXP 	Created Target_img1 = ImageStim(__class__=<class 'psychopy.visual.image.ImageStim'>, autoLog=True, color=array([1., 1., 1.]), colorSpace='rgb', contrast=1.0, depth=-2.0, flipHoriz=False, flipVert=False, image='sin', interpolate=True, mask=None, maskParams=None, name='Target_img1', opacity=1.0, ori=0.0, pos=array([0. , 0.2]), size=array([0.5, 0.5]), texRes=128, units='norm', win=Window(...))
4.6240 	EXP 	Created Trigger_txt1 = TextStim(__class__=<class 'psychopy.visual.text.TextStim'>, alignHoriz='center', alignVert='center', antialias=True, autoLog=True, bold=False, color=array([ 1., -1., -1.]), colorSpace='rgb', contrast=1.0, depth=-3.0, flipHoriz=False, flipVert=False, font='Arial', fontFiles=[], height=0.3, italic=False, languageStyle='LTR', name='Trigger_txt1', opacity=1.0, ori=0, pos=array([ 0. , -0.6]), rgb=array([ 1., -1., -1.]), text='default text', units='norm', win=Window(...), wrapWidth=1)
4.6315 	EXP 	Created txtinp = TextStim(__class__=<class 'psychopy.visual.text.TextStim'>, alignHoriz='center', alignVert='center', antialias=True, autoLog=True, bold=False, color=array([ 1., -1., -1.]), colorSpace='rgb', contrast=1.0, depth=-5.0, flipHoriz=False, flipVert=False, font='Arial', fontFiles=[], height=0.3, italic=False, languageStyle='LTR', name='txtinp', opacity=1.0, ori=0, pos=array([ 0. , -0.6]), rgb=array([ 1., -1., -1.]), text='default text', units='norm', win=Window(...), wrapWidth=1)
4.6593 	EXP 	Created image_6 = ImageStim(__class__=<class 'psychopy.visual.image.ImageStim'>, autoLog=True, color=array([1., 1., 1.]), colorSpace='rgb', contrast=1.0, depth=0.0, flipHoriz=False, flipVert=False, image='Images/Instruction_Screen_FC.png', interpolate=True, mask=None, maskParams=None, name='image_6', opacity=1.0, ori=0.0, pos=array([0., 0.]), size=array([2., 2.]), texRes=128, units='norm', win=Window(...))
4.6609 	EXP 	Created fixation = ShapeStim(__class__=<class 'psychopy.visual.shape.ShapeStim'>, autoDraw=False, autoLog=True, closeShape=True, contrast=1.0, depth=-1.0, fillColor=array([-1., -1., -1.]), fillColorSpace='rgb', interpolate=True, lineColor=array([1., 1., 1.]), lineColorSpace='rgb', lineWidth=1, name='fixation', opacity=1.0, ori=array(0.), pos=array([0., 0.]), size=array([0.5, 0.5]), units='deg', vertices=ndarray(...), win=Window(...), windingRule=None)
4.6658 	EXP 	Created Target_ins2 = TextStim(__class__=<class 'psychopy.visual.text.TextStim'>, alignHoriz='center', alignVert='center', antialias=True, autoLog=True, bold=False, color=array([-1., -1., -1.]), colorSpace='rgb', contrast=1.0, depth=0.0, flipHoriz=False, flipVert=False, font='Arial', fontFiles=[], height=0.1, italic=False, languageStyle='LTR', name='Target_ins2', opacity=1.0, ori=0, pos=array([0.  , 0.85]), rgb=array([-1., -1., -1.]), text='default text', units='norm', win=Window(...), wrapWidth=1)
4.6683 	EXP 	Created Trigger_img2 = ImageStim(__class__=<class 'psychopy.visual.image.ImageStim'>, autoLog=True, color=array([1., 1., 1.]), colorSpace='rgb', contrast=1.0, depth=-1.0, flipHoriz=False, flipVert=False, image='sin', interpolate=True, mask=None, maskParams=None, name='Trigger_img2', opacity=1.0, ori=0.0, pos=array([0. , 0.2]), size=array([0.5, 0.5]), texRes=128, units='norm', win=Window(...))
4.6705 	EXP 	Created Target_img2 = ImageStim(__class__=<class 'psychopy.visual.image.ImageStim'>, autoLog=True, color=array([1., 1., 1.]), colorSpace='rgb', contrast=1.0, depth=-2.0, flipHoriz=False, flipVert=False, image='sin', interpolate=True, mask=None, maskParams=None, name='Target_img2', opacity=1.0, ori=0.0, pos=array([0. , 0.2]), size=array([0.5, 0.5]), texRes=128, units='norm', win=Window(...))
4.6776 	EXP 	Created Trigger_txt2 = TextStim(__class__=<class 'psychopy.visual.text.TextStim'>, alignHoriz='center', alignVert='center', antialias=True, autoLog=True, bold=False, color=array([ 1., -1., -1.]), colorSpace='rgb', contrast=1.0, depth=-3.0, flipHoriz=False, flipVert=False, font='Arial', fontFiles=[], height=0.3, italic=False, languageStyle='LTR', name='Trigger_txt2', opacity=1.0, ori=0, pos=array([ 0. , -0.6]), rgb=array([ 1., -1., -1.]), text='default text', units='norm', win=Window(...), wrapWidth=1)
4.7045 	EXP 	Created Target_instr_l = TextStim(__class__=<class 'psychopy.visual.text.TextStim'>, alignHoriz='center', alignVert='center', antialias=True, autoLog=True, bold=False, color=array([-1., -1., -1.]), colorSpace='rgb', contrast=1.0, depth=-4.0, flipHoriz=False, flipVert=False, font='Arial', fontFiles=[], height=0.08, italic=False, languageStyle='LTR', name='Target_instr_l', opacity=1.0, ori=0, pos=array([-0.5, -0.9]), rgb=array([-1., -1., -1.]), text='Press a\n\n', units='norm', win=Window(...), wrapWidth=1)
4.7108 	EXP 	Created Target_instr_r = TextStim(__class__=<class 'psychopy.visual.text.TextStim'>, alignHoriz='center', alignVert='center', antialias=True, autoLog=True, bold=False, color=array([-1., -1., -1.]), colorSpace='rgb', contrast=1.0, depth=-5.0, flipHoriz=False, flipVert=False, font='Arial', fontFiles=[], height=0.08, italic=False, languageStyle='LTR', name='Target_instr_r', opacity=1.0, ori=0, pos=array([ 0.5, -0.8]), rgb=array([-1., -1., -1.]), text='Press k', units='norm', win=Window(...), wrapWidth=1)
4.7178 	EXP 	Created Resp_a = TextStim(__class__=<class 'psychopy.visual.text.TextStim'>, alignHoriz='center', alignVert='center', antialias=True, autoLog=True, bold=False, color=array([ 1., -1., -1.]), colorSpace='rgb', contrast=1.0, depth=-7.0, flipHoriz=False, flipVert=False, font='Arial', fontFiles=[], height=0.3, italic=False, languageStyle='LTR', name='Resp_a', opacity=1.0, ori=0, pos=array([-0.5, -0.6]), rgb=array([ 1., -1., -1.]), text='default text', units='norm', win=Window(...), wrapWidth=1)
4.7246 	EXP 	Created Resp_b = TextStim(__class__=<class 'psychopy.visual.text.TextStim'>, alignHoriz='center', alignVert='center', antialias=True, autoLog=True, bold=False, color=array([ 1., -1., -1.]), colorSpace='rgb', contrast=1.0, depth=-8.0, flipHoriz=False, flipVert=False, font='Arial', fontFiles=[], height=0.3, italic=False, languageStyle='LTR', name='Resp_b', opacity=1.0, ori=0, pos=array([ 0.5, -0.6]), rgb=array([ 1., -1., -1.]), text='default text', units='norm', win=Window(...), wrapWidth=1)
4.7452 	EXP 	Created text = TextStim(__class__=<class 'psychopy.visual.text.TextStim'>, alignHoriz='center', alignVert='center', antialias=True, autoLog=True, bold=False, color=array([-1., -1., -1.]), colorSpace='rgb', contrast=1.0, depth=0.0, flipHoriz=False, flipVert=False, font='Arial', fontFiles=[], height=0.1, italic=False, languageStyle='LTR', name='text', opacity=1.0, ori=0, pos=array([0., 0.]), rgb=array([-1., -1., -1.]), text='Thank you very much for participating!', units='norm', win=Window(...), wrapWidth=1)
4.7575 	EXP 	Imported Lists\block.xlsx as conditions, 2 conditions, 3 params
4.7578 	EXP 	Created sequence: random, trialTypes=2, nReps=1, seed=None
4.7581 	EXP 	New trial (rep=0, index=0): OrderedDict([('lists', 'Lists/voicing.xlsx'), ('listsProd', 'Lists/voicingProd.xlsx'), ('listsFC', 'Lists/voicingFC.xlsx')])
4.7651 	EXP 	lub: autoDraw = True
16.5437 	DATA 	Keypress: space
16.5609 	EXP 	window1: recordFrameIntervals = False
16.5873 	EXP 	lub: autoDraw = False
16.5873 	EXP 	fixation: autoDraw = True
16.5875 	EXP 	window1: recordFrameIntervals = False
17.5899 	EXP 	Imported Lists/voicing.xlsx as conditions, 3 conditions, 14 params
17.5902 	EXP 	Created sequence: random, trialTypes=3, nReps=1, seed=None
17.5907 	EXP 	New trial (rep=0, index=0): OrderedDict([('trig', 'rumab'), ('targ', 'rumapu'), ('type', 'alt'), ('trig_img', 'Images/soldier.jpg'), ('targ_img', 'Images/soldier_pl.jpg'), ('final_c', 'b'), ('new', None), ('num', None), ('instr', None), ('a', None), ('k', None), ('corr', None), ('lang', 'voicing'), ('phase', 'exposure')])
17.6471 	EXP 	fixation: autoDraw = False
17.6471 	EXP 	fixation: autoDraw = False
17.6471 	EXP 	Sing_img: size = array([0.26041667, 0.92592593])
17.6471 	EXP 	Sing_img: image = 'Images/soldier.jpg'
17.6471 	EXP 	Pl_img: size = array([0.46875   , 0.80740741])
17.6471 	EXP 	Pl_img: image = 'Images/soldier_pl.jpg'
17.6471 	EXP 	Sing_txt: text = 'rumab'
17.6471 	EXP 	Pl_txt: text = 'rumapu'
17.6471 	EXP 	Sing_img: autoDraw = True
17.6471 	EXP 	Sing_txt: autoDraw = True
20.6044 	EXP 	Sing_img: autoDraw = False
20.6044 	EXP 	Sing_txt: autoDraw = False
20.6208 	EXP 	Pl_img: autoDraw = True
20.6208 	EXP 	Pl_txt: autoDraw = True
23.5684 	EXP 	window1: recordFrameIntervals = False
23.5844 	EXP 	Sing_img: autoDraw = False
23.5844 	EXP 	Pl_img: autoDraw = False
23.5844 	EXP 	Sing_txt: autoDraw = False
23.5844 	EXP 	Pl_txt: autoDraw = False
23.5847 	EXP 	window1: recordFrameIntervals = False
24.3059 	EXP 	New trial (rep=0, index=1): OrderedDict([('trig', 'namag'), ('targ', 'namaku'), ('type', 'alt'), ('trig_img', 'Images/anvil.jpg'), ('targ_img', 'Images/anvil_pl.jpg'), ('final_c', 'g'), ('new', None), ('num', None), ('instr', None), ('a', None), ('k', None), ('corr', None), ('lang', 'voicing'), ('phase', 'exposure')])
24.3604 	EXP 	Sing_img: size = array([0.5 , 0.45])
24.3604 	EXP 	Sing_img: image = 'Images/anvil.jpg'
24.3604 	EXP 	Pl_img: size = array([0.5       , 0.97407407])
24.3604 	EXP 	Pl_img: image = 'Images/anvil_pl.jpg'
24.3604 	EXP 	Sing_txt: text = 'namag'
24.3604 	EXP 	Pl_txt: text = 'namaku'
24.3604 	EXP 	Sing_img: autoDraw = True
24.3604 	EXP 	Sing_txt: autoDraw = True
27.3154 	EXP 	Sing_img: autoDraw = False
27.3154 	EXP 	Sing_txt: autoDraw = False
27.3323 	EXP 	Pl_img: autoDraw = True
27.3323 	EXP 	Pl_txt: autoDraw = True
30.2959 	EXP 	window1: recordFrameIntervals = False
30.3119 	EXP 	Pl_img: autoDraw = False
30.3119 	EXP 	Pl_txt: autoDraw = False
30.3119 	EXP 	Sing_img: autoDraw = False
30.3119 	EXP 	Pl_img: autoDraw = False
30.3119 	EXP 	Sing_txt: autoDraw = False
30.3119 	EXP 	Pl_txt: autoDraw = False
30.3123 	EXP 	window1: recordFrameIntervals = False
31.0285 	EXP 	New trial (rep=0, index=2): OrderedDict([('trig', 'lisud'), ('targ', 'lisudu'), ('type', 'non_alt'), ('trig_img', 'Images/statue.jpg'), ('targ_img', 'Images/statue_pl.jpg'), ('final_c', 'd'), ('new', None), ('num', None), ('instr', None), ('a', None), ('k', None), ('corr', None), ('lang', 'voicing'), ('phase', 'exposure')])
31.0808 	EXP 	Sing_img: size = array([0.33333333, 0.91111111])
31.0808 	EXP 	Sing_img: image = 'Images/statue.jpg'
31.0808 	EXP 	Pl_img: size = array([0.54166667, 0.72962963])
31.0808 	EXP 	Pl_img: image = 'Images/statue_pl.jpg'
31.0808 	EXP 	Sing_txt: text = 'lisud'
31.0808 	EXP 	Pl_txt: text = 'lisudu'
31.0808 	EXP 	Sing_img: autoDraw = True
31.0808 	EXP 	Sing_txt: autoDraw = True
34.0416 	EXP 	Sing_img: autoDraw = False
34.0416 	EXP 	Sing_txt: autoDraw = False
34.0596 	EXP 	Pl_img: autoDraw = True
34.0596 	EXP 	Pl_txt: autoDraw = True
37.0220 	EXP 	window1: recordFrameIntervals = False
37.0381 	EXP 	Pl_img: autoDraw = False
37.0381 	EXP 	Pl_txt: autoDraw = False
37.0381 	EXP 	Sing_img: autoDraw = False
37.0381 	EXP 	Pl_img: autoDraw = False
37.0381 	EXP 	Sing_txt: autoDraw = False
37.0381 	EXP 	Pl_txt: autoDraw = False
37.0384 	EXP 	window1: recordFrameIntervals = False
37.7692 	EXP 	image_3: autoDraw = True
39.4864 	DATA 	Keypress: space
39.4880 	EXP 	window1: recordFrameIntervals = False
39.5026 	EXP 	image_3: autoDraw = False
39.5026 	EXP 	fixation: autoDraw = True
39.5029 	EXP 	window1: recordFrameIntervals = False
40.5246 	EXP 	window1: mouseVisible = True
