5.1723 	EXP 	Created window1 = Window(allowGUI=False, allowStencil=False, args=UNKNOWN, autoLog=True, bitsMode=UNKNOWN, blendMode='avg', color=array([1., 1., 1.]), colorSpace='rgb', fullscr=<method-wrapper '__getattribute__' of attributeSetter object at 0x0CC50F90>, gamma=None, kwargs=UNKNOWN, lms=UNKNOWN, monitor=<psychopy.monitors.calibTools.Monitor object at 0x0FCA4A70>, multiSample=False, name='window1', numSamples=2, pos=[0.0, 0.0], screen=0, size=array([1920, 1080]), stereo=False, units='norm', useFBO=True, useRetina=False, viewOri=0.0, viewPos=None, viewScale=None, waitBlanking=True, winType='pyglet')
5.1724 	EXP 	window1: recordFrameIntervals = False
5.3316 	EXP 	window1: recordFrameIntervals = True
5.5160 	EXP 	window1: recordFrameIntervals = False
5.5845 	EXP 	Created lub = ImageStim(__class__=<class 'psychopy.visual.image.ImageStim'>, autoLog=True, color=array([1., 1., 1.]), colorSpace='rgb', contrast=1.0, depth=-1.0, flipHoriz=False, flipVert=False, image='Images/Instruction_Screen.png', interpolate=True, mask=None, maskParams=None, name='lub', opacity=1.0, ori=0.0, pos=array([0., 0.]), size=array([2., 2.]), texRes=128, units='norm', win=Window(...))
5.7689 	EXP 	Created Instr = TextStim(__class__=<class 'psychopy.visual.text.TextStim'>, alignHoriz='center', alignVert='center', antialias=True, autoLog=True, bold=False, color=array([-1., -1., -1.]), colorSpace='rgb', contrast=1.0, depth=0.0, flipHoriz=False, flipVert=False, font='Arial', fontFiles=[], height=0.08, italic=False, languageStyle='LTR', name='Instr', opacity=0.95, ori=0, pos=array([0. , 0.8]), rgb=array([-1., -1., -1.]), text='Say the words you see out loud', units='norm', win=Window(...), wrapWidth=1)
5.7719 	EXP 	Created Sing_img = ImageStim(__class__=<class 'psychopy.visual.image.ImageStim'>, autoLog=True, color=array([1., 1., 1.]), colorSpace='rgb', contrast=1.0, depth=-1.0, flipHoriz=False, flipVert=False, image='sin', interpolate=True, mask=None, maskParams=None, name='Sing_img', opacity=1.0, ori=0.0, pos=array([0., 0.]), size=array([0.5, 0.5]), texRes=128, units='norm', win=Window(...))
5.7739 	EXP 	Created Pl_img = ImageStim(__class__=<class 'psychopy.visual.image.ImageStim'>, autoLog=True, color=array([1., 1., 1.]), colorSpace='rgb', contrast=1.0, depth=-2.0, flipHoriz=False, flipVert=False, image='sin', interpolate=True, mask=None, maskParams=None, name='Pl_img', opacity=1.0, ori=0.0, pos=array([0., 0.]), size=array([0.5, 0.5]), texRes=128, units='norm', win=Window(...))
5.8153 	EXP 	Created Sing_txt = TextStim(__class__=<class 'psychopy.visual.text.TextStim'>, alignHoriz='center', alignVert='center', antialias=True, autoLog=True, bold=False, color=array([ 1., -1., -1.]), colorSpace='rgb', contrast=1.0, depth=-3.0, flipHoriz=False, flipVert=False, font='Arial', fontFiles=[], height=0.3, italic=False, languageStyle='LTR', name='Sing_txt', opacity=1.0, ori=0, pos=array([ 0. , -0.5]), rgb=array([ 1., -1., -1.]), text='default text', units='norm', win=Window(...), wrapWidth=1)
5.8275 	EXP 	Created Pl_txt = TextStim(__class__=<class 'psychopy.visual.text.TextStim'>, alignHoriz='center', alignVert='center', antialias=True, autoLog=True, bold=False, color=array([ 1., -1., -1.]), colorSpace='rgb', contrast=1.0, depth=-4.0, flipHoriz=False, flipVert=False, font='Arial', fontFiles=[], height=0.3, italic=False, languageStyle='LTR', name='Pl_txt', opacity=1.0, ori=0, pos=array([ 0. , -0.5]), rgb=array([ 1., -1., -1.]), text='default text', units='norm', win=Window(...), wrapWidth=1)
5.8724 	EXP 	Created image_3 = ImageStim(__class__=<class 'psychopy.visual.image.ImageStim'>, autoLog=True, color=array([1., 1., 1.]), colorSpace='rgb', contrast=1.0, depth=0.0, flipHoriz=False, flipVert=False, image='Images/Instruction_Screen_Prod.png', interpolate=True, mask=None, maskParams=None, name='image_3', opacity=1.0, ori=0.0, pos=array([0., 0.]), size=array([2., 2.]), texRes=128, units='norm', win=Window(...))
5.9037 	EXP 	Created Trigger_ins1 = TextStim(__class__=<class 'psychopy.visual.text.TextStim'>, alignHoriz='center', alignVert='center', antialias=True, autoLog=True, bold=False, color=array([-1., -1., -1.]), colorSpace='rgb', contrast=1.0, depth=0.0, flipHoriz=False, flipVert=False, font='Arial', fontFiles=[], height=0.1, italic=False, languageStyle='LTR', name='Trigger_ins1', opacity=1.0, ori=0, pos=array([0. , 0.8]), rgb=array([-1., -1., -1.]), text='Read the word out loud', units='norm', win=Window(...), wrapWidth=1)
5.9233 	EXP 	Created Target_ins1 = TextStim(__class__=<class 'psychopy.visual.text.TextStim'>, alignHoriz='center', alignVert='center', antialias=True, autoLog=True, bold=False, color=array([-1., -1., -1.]), colorSpace='rgb', contrast=1.0, depth=-1.0, flipHoriz=False, flipVert=False, font='Arial', fontFiles=[], height=0.1, italic=False, languageStyle='LTR', name='Target_ins1', opacity=1.0, ori=0, pos=array([0. , 0.8]), rgb=array([-1., -1., -1.]), text=str(...), units='norm', win=Window(...), wrapWidth=1)
5.9254 	EXP 	Created Trigger_img1 = ImageStim(__class__=<class 'psychopy.visual.image.ImageStim'>, autoLog=True, color=array([1., 1., 1.]), colorSpace='rgb', contrast=1.0, depth=-2.0, flipHoriz=False, flipVert=False, image='sin', interpolate=True, mask=None, maskParams=None, name='Trigger_img1', opacity=1.0, ori=0.0, pos=array([0., 0.]), size=array([0.5, 0.5]), texRes=128, units='norm', win=Window(...))
5.9273 	EXP 	Created Target_img1 = ImageStim(__class__=<class 'psychopy.visual.image.ImageStim'>, autoLog=True, color=array([1., 1., 1.]), colorSpace='rgb', contrast=1.0, depth=-3.0, flipHoriz=False, flipVert=False, image='sin', interpolate=True, mask=None, maskParams=None, name='Target_img1', opacity=1.0, ori=0.0, pos=array([0., 0.]), size=array([0.5, 0.5]), texRes=128, units='norm', win=Window(...))
5.9344 	EXP 	Created Trigger_txt1 = TextStim(__class__=<class 'psychopy.visual.text.TextStim'>, alignHoriz='center', alignVert='center', antialias=True, autoLog=True, bold=False, color=array([ 1., -1., -1.]), colorSpace='rgb', contrast=1.0, depth=-4.0, flipHoriz=False, flipVert=False, font='Arial', fontFiles=[], height=0.3, italic=False, languageStyle='LTR', name='Trigger_txt1', opacity=1.0, ori=0, pos=array([ 0. , -0.5]), rgb=array([ 1., -1., -1.]), text='default text', units='norm', win=Window(...), wrapWidth=1)
5.9415 	EXP 	Created txtinp = TextStim(__class__=<class 'psychopy.visual.text.TextStim'>, alignHoriz='center', alignVert='center', antialias=True, autoLog=True, bold=False, color=array([ 1., -1., -1.]), colorSpace='rgb', contrast=1.0, depth=-6.0, flipHoriz=False, flipVert=False, font='Arial', fontFiles=[], height=0.3, italic=False, languageStyle='LTR', name='txtinp', opacity=1.0, ori=0, pos=array([ 0. , -0.5]), rgb=array([ 1., -1., -1.]), text='default text', units='norm', win=Window(...), wrapWidth=1)
5.9855 	EXP 	Created image_6 = ImageStim(__class__=<class 'psychopy.visual.image.ImageStim'>, autoLog=True, color=array([1., 1., 1.]), colorSpace='rgb', contrast=1.0, depth=0.0, flipHoriz=False, flipVert=False, image='Images/Instruction_Screen_FC.png', interpolate=True, mask=None, maskParams=None, name='image_6', opacity=1.0, ori=0.0, pos=array([0., 0.]), size=array([2., 2.]), texRes=128, units='norm', win=Window(...))
5.9990 	EXP 	Created Trigger_ins2 = TextStim(__class__=<class 'psychopy.visual.text.TextStim'>, alignHoriz='center', alignVert='center', antialias=True, autoLog=True, bold=False, color=array([-1., -1., -1.]), colorSpace='rgb', contrast=1.0, depth=0.0, flipHoriz=False, flipVert=False, font='Arial', fontFiles=[], height=0.1, italic=False, languageStyle='LTR', name='Trigger_ins2', opacity=1.0, ori=0, pos=array([0. , 0.8]), rgb=array([-1., -1., -1.]), text='Repeat the word you see', units='norm', win=Window(...), wrapWidth=1)
6.0196 	EXP 	Created Target_ins2 = TextStim(__class__=<class 'psychopy.visual.text.TextStim'>, alignHoriz='center', alignVert='center', antialias=True, autoLog=True, bold=False, color=array([-1., -1., -1.]), colorSpace='rgb', contrast=1.0, depth=-1.0, flipHoriz=False, flipVert=False, font='Arial', fontFiles=[], height=0.1, italic=False, languageStyle='LTR', name='Target_ins2', opacity=1.0, ori=0, pos=array([0. , 0.8]), rgb=array([-1., -1., -1.]), text=str(...), units='norm', win=Window(...), wrapWidth=1)
6.0225 	EXP 	Created Trigger_img2 = ImageStim(__class__=<class 'psychopy.visual.image.ImageStim'>, autoLog=True, color=array([1., 1., 1.]), colorSpace='rgb', contrast=1.0, depth=-2.0, flipHoriz=False, flipVert=False, image='sin', interpolate=True, mask=None, maskParams=None, name='Trigger_img2', opacity=1.0, ori=0.0, pos=array([0., 0.]), size=array([0.5, 0.5]), texRes=128, units='norm', win=Window(...))
6.0250 	EXP 	Created Target_img2 = ImageStim(__class__=<class 'psychopy.visual.image.ImageStim'>, autoLog=True, color=array([1., 1., 1.]), colorSpace='rgb', contrast=1.0, depth=-3.0, flipHoriz=False, flipVert=False, image='sin', interpolate=True, mask=None, maskParams=None, name='Target_img2', opacity=1.0, ori=0.0, pos=array([0., 0.]), size=array([0.5, 0.5]), texRes=128, units='norm', win=Window(...))
6.0342 	EXP 	Created Trigger_txt2 = TextStim(__class__=<class 'psychopy.visual.text.TextStim'>, alignHoriz='center', alignVert='center', antialias=True, autoLog=True, bold=False, color=array([ 1., -1., -1.]), colorSpace='rgb', contrast=1.0, depth=-4.0, flipHoriz=False, flipVert=False, font='Arial', fontFiles=[], height=0.3, italic=False, languageStyle='LTR', name='Trigger_txt2', opacity=1.0, ori=0, pos=array([ 0. , -0.5]), rgb=array([ 1., -1., -1.]), text='default text', units='norm', win=Window(...), wrapWidth=1)
6.0440 	EXP 	Created Target_instr_l = TextStim(__class__=<class 'psychopy.visual.text.TextStim'>, alignHoriz='center', alignVert='center', antialias=True, autoLog=True, bold=False, color=array([-1., -1., -1.]), colorSpace='rgb', contrast=1.0, depth=-5.0, flipHoriz=False, flipVert=False, font='Arial', fontFiles=[], height=0.08, italic=False, languageStyle='LTR', name='Target_instr_l', opacity=1.0, ori=0, pos=array([-0.5, -0.8]), rgb=array([-1., -1., -1.]), text='Press a\n\n', units='norm', win=Window(...), wrapWidth=1)
6.0516 	EXP 	Created Target_instr_r = TextStim(__class__=<class 'psychopy.visual.text.TextStim'>, alignHoriz='center', alignVert='center', antialias=True, autoLog=True, bold=False, color=array([-1., -1., -1.]), colorSpace='rgb', contrast=1.0, depth=-6.0, flipHoriz=False, flipVert=False, font='Arial', fontFiles=[], height=0.08, italic=False, languageStyle='LTR', name='Target_instr_r', opacity=1.0, ori=0, pos=array([ 0.5, -0.7]), rgb=array([-1., -1., -1.]), text='Press k', units='norm', win=Window(...), wrapWidth=1)
6.0596 	EXP 	Created Resp_a = TextStim(__class__=<class 'psychopy.visual.text.TextStim'>, alignHoriz='center', alignVert='center', antialias=True, autoLog=True, bold=False, color=array([ 1., -1., -1.]), colorSpace='rgb', contrast=1.0, depth=-8.0, flipHoriz=False, flipVert=False, font='Arial', fontFiles=[], height=0.3, italic=False, languageStyle='LTR', name='Resp_a', opacity=1.0, ori=0, pos=array([-0.5, -0.5]), rgb=array([ 1., -1., -1.]), text='default text', units='norm', win=Window(...), wrapWidth=1)
6.0665 	EXP 	Created Resp_b = TextStim(__class__=<class 'psychopy.visual.text.TextStim'>, alignHoriz='center', alignVert='center', antialias=True, autoLog=True, bold=False, color=array([ 1., -1., -1.]), colorSpace='rgb', contrast=1.0, depth=-9.0, flipHoriz=False, flipVert=False, font='Arial', fontFiles=[], height=0.3, italic=False, languageStyle='LTR', name='Resp_b', opacity=1.0, ori=0, pos=array([ 0.5, -0.5]), rgb=array([ 1., -1., -1.]), text='default text', units='norm', win=Window(...), wrapWidth=1)
6.0753 	EXP 	lub: autoDraw = True
7.8962 	DATA 	Keypress: space
7.9543 	EXP 	Imported Lists\Voi_exposure.xlsx as conditions, 3 conditions, 6 params
7.9548 	EXP 	Created sequence: random, trialTypes=3, nReps=1, seed=None
7.9553 	EXP 	New trial (rep=0, index=0): OrderedDict([('Plural', 'larupu'), ('Singular', 'larub'), ('Type', 'Alt'), ('Picture', 'Images/rock.jpg'), ('Picture_pl', 'Images/rock_pl.jpg'), ('Final_C', 'b')])
8.0246 	EXP 	lub: autoDraw = False
8.0246 	EXP 	Sing_img: size = array([0.5625    , 0.66666667])
8.0246 	EXP 	Sing_img: image = 'Images/rock.jpg'
8.0246 	EXP 	Pl_img: size = array([0.76354167, 0.44444444])
8.0246 	EXP 	Pl_img: image = 'Images/rock_pl.jpg'
8.0246 	EXP 	Sing_txt: text = 'larub'
8.0246 	EXP 	Pl_txt: text = 'larupu'
8.0246 	EXP 	Instr: autoDraw = True
8.0246 	EXP 	Sing_img: autoDraw = True
8.0246 	EXP 	Sing_txt: autoDraw = True
10.9762 	EXP 	Sing_img: autoDraw = False
10.9762 	EXP 	Pl_img: autoDraw = True
10.9762 	EXP 	Sing_txt: autoDraw = False
10.9762 	EXP 	Pl_txt: autoDraw = True
13.9074 	EXP 	window1: recordFrameIntervals = False
13.9240 	EXP 	Instr: autoDraw = False
13.9240 	EXP 	Sing_img: autoDraw = False
13.9240 	EXP 	Pl_img: autoDraw = False
13.9240 	EXP 	Sing_txt: autoDraw = False
13.9240 	EXP 	Pl_txt: autoDraw = False
13.9242 	EXP 	window1: recordFrameIntervals = False
14.6405 	EXP 	New trial (rep=0, index=1): OrderedDict([('Plural', 'nalipu'), ('Singular', 'nalib'), ('Type', 'Alt'), ('Picture', 'Images/coin.jpg'), ('Picture_pl', 'Images/coin_pl.jpg'), ('Final_C', 'b')])
14.7013 	EXP 	Sing_img: size = array([0.4625    , 0.82037037])
14.7013 	EXP 	Sing_img: image = 'Images/coin.jpg'
14.7013 	EXP 	Pl_img: size = array([0.32395833, 1.16481481])
14.7013 	EXP 	Pl_img: image = 'Images/coin_pl.jpg'
14.7013 	EXP 	Sing_txt: text = 'nalib'
14.7013 	EXP 	Pl_txt: text = 'nalipu'
14.7013 	EXP 	Instr: autoDraw = True
14.7013 	EXP 	Sing_img: autoDraw = True
14.7013 	EXP 	Sing_txt: autoDraw = True
17.6544 	EXP 	Sing_img: autoDraw = False
17.6544 	EXP 	Sing_txt: autoDraw = False
17.6703 	EXP 	Pl_img: autoDraw = True
17.6703 	EXP 	Pl_txt: autoDraw = True
20.6343 	EXP 	window1: recordFrameIntervals = False
20.6511 	EXP 	Instr: autoDraw = False
20.6511 	EXP 	Pl_img: autoDraw = False
20.6511 	EXP 	Pl_txt: autoDraw = False
20.6511 	EXP 	Instr: autoDraw = False
20.6511 	EXP 	Sing_img: autoDraw = False
20.6511 	EXP 	Pl_img: autoDraw = False
20.6511 	EXP 	Sing_txt: autoDraw = False
20.6511 	EXP 	Pl_txt: autoDraw = False
20.6512 	EXP 	window1: recordFrameIntervals = False
21.3673 	EXP 	New trial (rep=0, index=2): OrderedDict([('Plural', 'musapu'), ('Singular', 'musab'), ('Type', 'Alt'), ('Picture', 'Images/apple.jpg'), ('Picture_pl', 'Images/apple_pl.jpg'), ('Final_C', 'b')])
21.4205 	EXP 	Sing_img: size = array([0.45, 0.8 ])
21.4205 	EXP 	Sing_img: image = 'Images/apple.jpg'
21.4205 	EXP 	Pl_img: size = array([0.55416667, 0.44444444])
21.4205 	EXP 	Pl_img: image = 'Images/apple_pl.jpg'
21.4205 	EXP 	Sing_txt: text = 'musab'
21.4205 	EXP 	Pl_txt: text = 'musapu'
21.4205 	EXP 	Instr: autoDraw = True
21.4205 	EXP 	Sing_img: autoDraw = True
21.4205 	EXP 	Sing_txt: autoDraw = True
24.3808 	EXP 	Sing_img: autoDraw = False
24.3808 	EXP 	Sing_txt: autoDraw = False
24.3971 	EXP 	Pl_img: autoDraw = True
24.3971 	EXP 	Pl_txt: autoDraw = True
27.3614 	EXP 	window1: recordFrameIntervals = False
27.3781 	EXP 	Instr: autoDraw = False
27.3781 	EXP 	Pl_img: autoDraw = False
27.3781 	EXP 	Pl_txt: autoDraw = False
27.3781 	EXP 	Instr: autoDraw = False
27.3781 	EXP 	Sing_img: autoDraw = False
27.3781 	EXP 	Pl_img: autoDraw = False
27.3781 	EXP 	Sing_txt: autoDraw = False
27.3781 	EXP 	Pl_txt: autoDraw = False
27.3782 	EXP 	window1: recordFrameIntervals = False
28.1065 	EXP 	image_3: autoDraw = True
34.7042 	DATA 	Keypress: space
34.7302 	EXP 	Imported Lists\Voi_Prod.xlsx as conditions, 1 conditions, 8 params
34.7304 	EXP 	Created sequence: random, trialTypes=1, nReps=1, seed=None
34.7308 	EXP 	New trial (rep=0, index=0): OrderedDict([('Trigger_txt', 'musapu'), ('Target_txt', 'musab'), ('Type', 'Alt'), ('New', 'Given'), ('Target_img', 'Images/apple.jpg'), ('Trigger_img', 'Images/apple_pl.jpg'), ('Final_C', 'b'), ('Target', 'sg')])
34.7707 	EXP 	image_3: autoDraw = False
34.7707 	EXP 	Trigger_img1: size = array([0.55416667, 0.44444444])
34.7707 	EXP 	Trigger_img1: image = 'Images/apple_pl.jpg'
34.7707 	EXP 	Target_img1: size = array([0.45, 0.8 ])
34.7707 	EXP 	Target_img1: image = 'Images/apple.jpg'
34.7707 	EXP 	Trigger_txt1: text = 'musapu'
34.7707 	EXP 	txtinp: alignHoriz = 'center'
34.7707 	EXP 	Trigger_ins1: autoDraw = True
34.7707 	EXP 	Trigger_img1: autoDraw = True
34.7707 	EXP 	Trigger_txt1: autoDraw = True
39.7490 	EXP 	Trigger_ins1: autoDraw = False
39.7490 	EXP 	Target_ins1: autoDraw = True
39.7490 	EXP 	Trigger_img1: autoDraw = False
39.7490 	EXP 	Target_img1: autoDraw = True
39.7490 	EXP 	Trigger_txt1: autoDraw = False
39.7490 	EXP 	txtinp: autoDraw = True
175.6532 	DATA 	Keypress: m
175.9203 	DATA 	Keypress: u
176.0527 	DATA 	Keypress: s
176.2026 	DATA 	Keypress: a
176.3525 	DATA 	Keypress: b
176.9365 	DATA 	Keypress: return
176.9692 	EXP 	window1: recordFrameIntervals = False
176.9850 	EXP 	Trigger_ins1: autoDraw = False
176.9850 	EXP 	Target_ins1: autoDraw = False
176.9850 	EXP 	Trigger_img1: autoDraw = False
176.9850 	EXP 	Target_img1: autoDraw = False
176.9850 	EXP 	Trigger_txt1: autoDraw = False
176.9850 	EXP 	txtinp: autoDraw = False
176.9851 	EXP 	window1: recordFrameIntervals = False
177.7133 	EXP 	image_6: autoDraw = True
178.8667 	DATA 	Keypress: space
178.9032 	EXP 	Imported Lists\Voi_FC.xlsx as conditions, 4 conditions, 10 params
178.9035 	EXP 	Created sequence: random, trialTypes=4, nReps=1, seed=None
178.9039 	EXP 	New trial (rep=0, index=0): OrderedDict([('Trigger_txt', 'sanub'), ('a', 'sanupu'), ('k', 'sanubu'), ('New_seg', 'Given'), ('Type', 'Alt'), ('Target_img', 'Images/hammock_pl.jpg'), ('Trigger_img', 'Images/hammock.jpg'), ('Final_C', 'b'), ('Corr', 'a'), ('Target', 'pl')])
178.9698 	EXP 	image_6: autoDraw = False
178.9698 	EXP 	Trigger_img2: size = array([0.52083333, 0.56481481])
178.9698 	EXP 	Trigger_img2: image = 'Images/hammock.jpg'
178.9698 	EXP 	Target_img2: size = array([0.5, 0.9])
178.9698 	EXP 	Target_img2: image = 'Images/hammock_pl.jpg'
178.9698 	EXP 	Trigger_txt2: text = 'sanub'
178.9698 	EXP 	Resp_a: text = 'sanupu'
178.9698 	EXP 	Resp_b: text = 'sanubu'
178.9698 	EXP 	Trigger_ins2: autoDraw = True
178.9698 	EXP 	Trigger_img2: autoDraw = True
178.9698 	EXP 	Trigger_txt2: autoDraw = True
182.9129 	EXP 	Trigger_ins2: autoDraw = False
182.9129 	EXP 	Trigger_img2: autoDraw = False
182.9129 	EXP 	Trigger_txt2: autoDraw = False
182.9294 	EXP 	Target_ins2: autoDraw = True
182.9294 	EXP 	Target_img2: autoDraw = True
182.9294 	EXP 	Target_instr_l: autoDraw = True
182.9294 	EXP 	Target_instr_r: autoDraw = True
182.9294 	EXP 	Resp_a: autoDraw = True
182.9294 	EXP 	Resp_b: autoDraw = True
185.5770 	DATA 	Keypress: a
185.5776 	EXP 	window1: recordFrameIntervals = False
185.5933 	EXP 	Trigger_ins2: autoDraw = False
185.5933 	EXP 	Target_ins2: autoDraw = False
185.5933 	EXP 	Trigger_img2: autoDraw = False
185.5933 	EXP 	Target_img2: autoDraw = False
185.5933 	EXP 	Trigger_txt2: autoDraw = False
185.5933 	EXP 	Target_instr_l: autoDraw = False
185.5933 	EXP 	Target_instr_r: autoDraw = False
185.5933 	EXP 	Resp_a: autoDraw = False
185.5933 	EXP 	Resp_b: autoDraw = False
185.5934 	EXP 	window1: recordFrameIntervals = False
186.3100 	EXP 	New trial (rep=0, index=1): OrderedDict([('Trigger_txt', 'nasapu'), ('a', 'nasap'), ('k', 'nasab'), ('New_seg', 'Given'), ('Type', 'Alt'), ('Target_img', 'Images/spear.jpg'), ('Trigger_img', 'Images/spear_pl.jpg'), ('Final_C', 'b'), ('Corr', 'k'), ('Target', 'sg')])
186.3508 	EXP 	Trigger_img2: size = array([0.18333333, 0.98888889])
186.3508 	EXP 	Trigger_img2: image = 'Images/spear_pl.jpg'
186.3508 	EXP 	Target_img2: size = array([0.08333333, 0.98888889])
186.3508 	EXP 	Target_img2: image = 'Images/spear.jpg'
186.3508 	EXP 	Trigger_txt2: text = 'nasapu'
186.3508 	EXP 	Resp_a: text = 'nasap'
186.3508 	EXP 	Resp_b: text = 'nasab'
186.3508 	EXP 	Trigger_ins2: autoDraw = True
186.3508 	EXP 	Trigger_img2: autoDraw = True
186.3508 	EXP 	Trigger_txt2: autoDraw = True
190.3222 	EXP 	Trigger_ins2: autoDraw = False
190.3222 	EXP 	Trigger_img2: autoDraw = False
190.3222 	EXP 	Trigger_txt2: autoDraw = False
190.3388 	EXP 	Target_ins2: autoDraw = True
190.3388 	EXP 	Target_img2: autoDraw = True
190.3388 	EXP 	Target_instr_l: autoDraw = True
190.3388 	EXP 	Target_instr_r: autoDraw = True
190.3388 	EXP 	Resp_a: autoDraw = True
190.3388 	EXP 	Resp_b: autoDraw = True
191.6379 	DATA 	Keypress: a
191.6386 	EXP 	window1: recordFrameIntervals = False
191.6543 	EXP 	Trigger_ins2: autoDraw = False
191.6543 	EXP 	Target_ins2: autoDraw = False
191.6543 	EXP 	Trigger_img2: autoDraw = False
191.6543 	EXP 	Target_img2: autoDraw = False
191.6543 	EXP 	Trigger_txt2: autoDraw = False
191.6543 	EXP 	Target_instr_l: autoDraw = False
191.6543 	EXP 	Target_instr_r: autoDraw = False
191.6543 	EXP 	Resp_a: autoDraw = False
191.6543 	EXP 	Resp_b: autoDraw = False
191.6545 	EXP 	window1: recordFrameIntervals = False
192.3708 	EXP 	New trial (rep=0, index=2): OrderedDict([('Trigger_txt', 'rumab'), ('a', 'rumapu'), ('k', 'rumabu'), ('New_seg', 'Given'), ('Type', 'Alt'), ('Target_img', 'Images/soldier_pl.jpg'), ('Trigger_img', 'Images/soldier.jpg'), ('Final_C', 'b'), ('Corr', 'a'), ('Target', 'pl')])
192.4227 	EXP 	Trigger_img2: size = array([0.26041667, 0.92592593])
192.4227 	EXP 	Trigger_img2: image = 'Images/soldier.jpg'
192.4227 	EXP 	Target_img2: size = array([0.46875   , 0.80740741])
192.4227 	EXP 	Target_img2: image = 'Images/soldier_pl.jpg'
192.4227 	EXP 	Trigger_txt2: text = 'rumab'
192.4227 	EXP 	Resp_a: text = 'rumapu'
192.4227 	EXP 	Resp_b: text = 'rumabu'
192.4227 	EXP 	Trigger_ins2: autoDraw = True
192.4227 	EXP 	Trigger_img2: autoDraw = True
192.4227 	EXP 	Trigger_txt2: autoDraw = True
196.3834 	EXP 	Trigger_ins2: autoDraw = False
196.3834 	EXP 	Trigger_img2: autoDraw = False
196.3834 	EXP 	Trigger_txt2: autoDraw = False
196.3997 	EXP 	Target_ins2: autoDraw = True
196.3997 	EXP 	Target_img2: autoDraw = True
196.3997 	EXP 	Target_instr_l: autoDraw = True
196.3997 	EXP 	Target_instr_r: autoDraw = True
196.3997 	EXP 	Resp_a: autoDraw = True
196.3997 	EXP 	Resp_b: autoDraw = True
199.6828 	DATA 	Keypress: a
199.6969 	EXP 	window1: recordFrameIntervals = False
199.7136 	EXP 	Trigger_ins2: autoDraw = False
199.7136 	EXP 	Target_ins2: autoDraw = False
199.7136 	EXP 	Trigger_img2: autoDraw = False
199.7136 	EXP 	Target_img2: autoDraw = False
199.7136 	EXP 	Trigger_txt2: autoDraw = False
199.7136 	EXP 	Target_instr_l: autoDraw = False
199.7136 	EXP 	Target_instr_r: autoDraw = False
199.7136 	EXP 	Resp_a: autoDraw = False
199.7136 	EXP 	Resp_b: autoDraw = False
199.7138 	EXP 	window1: recordFrameIntervals = False
200.4337 	EXP 	New trial (rep=0, index=3): OrderedDict([('Trigger_txt', 'minupu'), ('a', 'minup'), ('k', 'minub'), ('New_seg', 'Given'), ('Type', 'Alt'), ('Target_img', 'Images/raindrop.jpg'), ('Trigger_img', 'Images/raindrop_pl.jpg'), ('Final_C', 'b'), ('Corr', 'k'), ('Target', 'sg')])
200.4869 	EXP 	Trigger_img2: size = array([0.46875   , 0.63518519])
200.4869 	EXP 	Trigger_img2: image = 'Images/raindrop_pl.jpg'
200.4869 	EXP 	Target_img2: size = array([0.29166667, 0.8       ])
200.4869 	EXP 	Target_img2: image = 'Images/raindrop.jpg'
200.4869 	EXP 	Trigger_txt2: text = 'minupu'
200.4869 	EXP 	Resp_a: text = 'minup'
200.4869 	EXP 	Resp_b: text = 'minub'
200.4869 	EXP 	Trigger_ins2: autoDraw = True
200.4869 	EXP 	Trigger_img2: autoDraw = True
200.4869 	EXP 	Trigger_txt2: autoDraw = True
202.0445 	DATA 	Keypress: escape
202.0917 	EXP 	window1: mouseVisible = True
