4.0660 	EXP 	Created window1 = Window(allowGUI=False, allowStencil=False, args=UNKNOWN, autoLog=True, bitsMode=UNKNOWN, blendMode='avg', color=array([1., 1., 1.]), colorSpace='rgb', fullscr=<method-wrapper '__getattribute__' of attributeSetter object at 0x0D7D8150>, gamma=None, kwargs=UNKNOWN, lms=UNKNOWN, monitor=<psychopy.monitors.calibTools.Monitor object at 0x0F723C10>, multiSample=False, name='window1', numSamples=2, pos=[0.0, 0.0], screen=0, size=array([1920, 1080]), stereo=False, units='norm', useFBO=True, useRetina=False, viewOri=0.0, viewPos=None, viewScale=None, waitBlanking=True, winType='pyglet')
4.0661 	EXP 	window1: recordFrameIntervals = False
4.2312 	EXP 	window1: recordFrameIntervals = True
4.4144 	EXP 	window1: recordFrameIntervals = False
4.4577 	EXP 	Created lub = ImageStim(__class__=<class 'psychopy.visual.image.ImageStim'>, autoLog=True, color=array([1., 1., 1.]), colorSpace='rgb', contrast=1.0, depth=-1.0, flipHoriz=False, flipVert=False, image='Images/Instruction_Screen.png', interpolate=True, mask=None, maskParams=None, name='lub', opacity=1.0, ori=0.0, pos=array([0., 0.]), size=array([2., 2.]), texRes=128, units='norm', win=Window(...))
4.4679 	EXP 	Created fixation = ShapeStim(__class__=<class 'psychopy.visual.shape.ShapeStim'>, autoDraw=False, autoLog=True, closeShape=True, contrast=1.0, depth=-1.0, fillColor=array([1., 1., 1.]), fillColorSpace='rgb', interpolate=True, lineColor=array([1., 1., 1.]), lineColorSpace='rgb', lineWidth=1, name='fixation', opacity=1.0, ori=array(0.), pos=array([0., 0.]), size=array([0.5, 0.5]), units='deg', vertices=ndarray(...), win=Window(...), windingRule=None)
4.4713 	EXP 	Created Sing_img = ImageStim(__class__=<class 'psychopy.visual.image.ImageStim'>, autoLog=True, color=array([1., 1., 1.]), colorSpace='rgb', contrast=1.0, depth=0.0, flipHoriz=False, flipVert=False, image='sin', interpolate=True, mask=None, maskParams=None, name='Sing_img', opacity=1.0, ori=0.0, pos=array([0. , 0.2]), size=array([0.5, 0.5]), texRes=128, units='norm', win=Window(...))
4.4744 	EXP 	Created Pl_img = ImageStim(__class__=<class 'psychopy.visual.image.ImageStim'>, autoLog=True, color=array([1., 1., 1.]), colorSpace='rgb', contrast=1.0, depth=-1.0, flipHoriz=False, flipVert=False, image='sin', interpolate=True, mask=None, maskParams=None, name='Pl_img', opacity=1.0, ori=0.0, pos=array([0. , 0.2]), size=array([0.5, 0.5]), texRes=128, units='norm', win=Window(...))
4.5753 	EXP 	Created Sing_txt = TextStim(__class__=<class 'psychopy.visual.text.TextStim'>, alignHoriz='center', alignVert='center', antialias=True, autoLog=True, bold=False, color=array([ 1., -1., -1.]), colorSpace='rgb', contrast=1.0, depth=-2.0, flipHoriz=False, flipVert=False, font='Arial', fontFiles=[], height=0.3, italic=False, languageStyle='LTR', name='Sing_txt', opacity=1.0, ori=0, pos=array([ 0. , -0.6]), rgb=array([ 1., -1., -1.]), text='default text', units='norm', win=Window(...), wrapWidth=1)
4.5857 	EXP 	Created Pl_txt = TextStim(__class__=<class 'psychopy.visual.text.TextStim'>, alignHoriz='center', alignVert='center', antialias=True, autoLog=True, bold=False, color=array([ 1., -1., -1.]), colorSpace='rgb', contrast=1.0, depth=-3.0, flipHoriz=False, flipVert=False, font='Arial', fontFiles=[], height=0.3, italic=False, languageStyle='LTR', name='Pl_txt', opacity=1.0, ori=0, pos=array([ 0. , -0.6]), rgb=array([ 1., -1., -1.]), text='default text', units='norm', win=Window(...), wrapWidth=1)
4.6215 	EXP 	Created image_3 = ImageStim(__class__=<class 'psychopy.visual.image.ImageStim'>, autoLog=True, color=array([1., 1., 1.]), colorSpace='rgb', contrast=1.0, depth=0.0, flipHoriz=False, flipVert=False, image='Images/Instruction_Screen_Prod.png', interpolate=True, mask=None, maskParams=None, name='image_3', opacity=1.0, ori=0.0, pos=array([0., 0.]), size=array([2., 2.]), texRes=128, units='norm', win=Window(...))
4.6243 	EXP 	Created fixation = ShapeStim(__class__=<class 'psychopy.visual.shape.ShapeStim'>, autoDraw=False, autoLog=True, closeShape=True, contrast=1.0, depth=-1.0, fillColor=array([1., 1., 1.]), fillColorSpace='rgb', interpolate=True, lineColor=array([1., 1., 1.]), lineColorSpace='rgb', lineWidth=1, name='fixation', opacity=1.0, ori=array(0.), pos=array([0., 0.]), size=array([0.5, 0.5]), units='deg', vertices=ndarray(...), win=Window(...), windingRule=None)
4.6499 	EXP 	Created Target_ins1 = TextStim(__class__=<class 'psychopy.visual.text.TextStim'>, alignHoriz='center', alignVert='center', antialias=True, autoLog=True, bold=False, color=array([-1., -1., -1.]), colorSpace='rgb', contrast=1.0, depth=0.0, flipHoriz=False, flipVert=False, font='Arial', fontFiles=[], height=0.1, italic=False, languageStyle='LTR', name='Target_ins1', opacity=1.0, ori=0, pos=array([0.  , 0.85]), rgb=array([-1., -1., -1.]), text='default text', units='norm', win=Window(...), wrapWidth=1)
4.6527 	EXP 	Created Trigger_img1 = ImageStim(__class__=<class 'psychopy.visual.image.ImageStim'>, autoLog=True, color=array([1., 1., 1.]), colorSpace='rgb', contrast=1.0, depth=-1.0, flipHoriz=False, flipVert=False, image='sin', interpolate=True, mask=None, maskParams=None, name='Trigger_img1', opacity=1.0, ori=0.0, pos=array([0. , 0.2]), size=array([0.5, 0.5]), texRes=128, units='norm', win=Window(...))
4.6554 	EXP 	Created Target_img1 = ImageStim(__class__=<class 'psychopy.visual.image.ImageStim'>, autoLog=True, color=array([1., 1., 1.]), colorSpace='rgb', contrast=1.0, depth=-2.0, flipHoriz=False, flipVert=False, image='sin', interpolate=True, mask=None, maskParams=None, name='Target_img1', opacity=1.0, ori=0.0, pos=array([0. , 0.2]), size=array([0.5, 0.5]), texRes=128, units='norm', win=Window(...))
4.6640 	EXP 	Created Trigger_txt1 = TextStim(__class__=<class 'psychopy.visual.text.TextStim'>, alignHoriz='center', alignVert='center', antialias=True, autoLog=True, bold=False, color=array([ 1., -1., -1.]), colorSpace='rgb', contrast=1.0, depth=-3.0, flipHoriz=False, flipVert=False, font='Arial', fontFiles=[], height=0.3, italic=False, languageStyle='LTR', name='Trigger_txt1', opacity=1.0, ori=0, pos=array([ 0. , -0.6]), rgb=array([ 1., -1., -1.]), text='default text', units='norm', win=Window(...), wrapWidth=1)
4.6751 	EXP 	Created txtinp = TextStim(__class__=<class 'psychopy.visual.text.TextStim'>, alignHoriz='center', alignVert='center', antialias=True, autoLog=True, bold=False, color=array([ 1., -1., -1.]), colorSpace='rgb', contrast=1.0, depth=-5.0, flipHoriz=False, flipVert=False, font='Arial', fontFiles=[], height=0.3, italic=False, languageStyle='LTR', name='txtinp', opacity=1.0, ori=0, pos=array([ 0. , -0.6]), rgb=array([ 1., -1., -1.]), text='default text', units='norm', win=Window(...), wrapWidth=1)
4.7133 	EXP 	Created image_6 = ImageStim(__class__=<class 'psychopy.visual.image.ImageStim'>, autoLog=True, color=array([1., 1., 1.]), colorSpace='rgb', contrast=1.0, depth=0.0, flipHoriz=False, flipVert=False, image='Images/Instruction_Screen_FC.png', interpolate=True, mask=None, maskParams=None, name='image_6', opacity=1.0, ori=0.0, pos=array([0., 0.]), size=array([2., 2.]), texRes=128, units='norm', win=Window(...))
4.7157 	EXP 	Created fixation = ShapeStim(__class__=<class 'psychopy.visual.shape.ShapeStim'>, autoDraw=False, autoLog=True, closeShape=True, contrast=1.0, depth=-1.0, fillColor=array([1., 1., 1.]), fillColorSpace='rgb', interpolate=True, lineColor=array([1., 1., 1.]), lineColorSpace='rgb', lineWidth=1, name='fixation', opacity=1.0, ori=array(0.), pos=array([0., 0.]), size=array([0.5, 0.5]), units='deg', vertices=ndarray(...), win=Window(...), windingRule=None)
4.7232 	EXP 	Created Target_ins2 = TextStim(__class__=<class 'psychopy.visual.text.TextStim'>, alignHoriz='center', alignVert='center', antialias=True, autoLog=True, bold=False, color=array([-1., -1., -1.]), colorSpace='rgb', contrast=1.0, depth=0.0, flipHoriz=False, flipVert=False, font='Arial', fontFiles=[], height=0.1, italic=False, languageStyle='LTR', name='Target_ins2', opacity=1.0, ori=0, pos=array([0.  , 0.85]), rgb=array([-1., -1., -1.]), text='default text', units='norm', win=Window(...), wrapWidth=1)
4.7262 	EXP 	Created Trigger_img2 = ImageStim(__class__=<class 'psychopy.visual.image.ImageStim'>, autoLog=True, color=array([1., 1., 1.]), colorSpace='rgb', contrast=1.0, depth=-1.0, flipHoriz=False, flipVert=False, image='sin', interpolate=True, mask=None, maskParams=None, name='Trigger_img2', opacity=1.0, ori=0.0, pos=array([0. , 0.2]), size=array([0.5, 0.5]), texRes=128, units='norm', win=Window(...))
4.7290 	EXP 	Created Target_img2 = ImageStim(__class__=<class 'psychopy.visual.image.ImageStim'>, autoLog=True, color=array([1., 1., 1.]), colorSpace='rgb', contrast=1.0, depth=-2.0, flipHoriz=False, flipVert=False, image='sin', interpolate=True, mask=None, maskParams=None, name='Target_img2', opacity=1.0, ori=0.0, pos=array([0. , 0.2]), size=array([0.5, 0.5]), texRes=128, units='norm', win=Window(...))
4.7403 	EXP 	Created Trigger_txt2 = TextStim(__class__=<class 'psychopy.visual.text.TextStim'>, alignHoriz='center', alignVert='center', antialias=True, autoLog=True, bold=False, color=array([ 1., -1., -1.]), colorSpace='rgb', contrast=1.0, depth=-3.0, flipHoriz=False, flipVert=False, font='Arial', fontFiles=[], height=0.3, italic=False, languageStyle='LTR', name='Trigger_txt2', opacity=1.0, ori=0, pos=array([ 0. , -0.6]), rgb=array([ 1., -1., -1.]), text='default text', units='norm', win=Window(...), wrapWidth=1)
4.7639 	EXP 	Created Target_instr_l = TextStim(__class__=<class 'psychopy.visual.text.TextStim'>, alignHoriz='center', alignVert='center', antialias=True, autoLog=True, bold=False, color=array([-1., -1., -1.]), colorSpace='rgb', contrast=1.0, depth=-4.0, flipHoriz=False, flipVert=False, font='Arial', fontFiles=[], height=0.08, italic=False, languageStyle='LTR', name='Target_instr_l', opacity=1.0, ori=0, pos=array([-0.5, -0.9]), rgb=array([-1., -1., -1.]), text='Press a\n\n', units='norm', win=Window(...), wrapWidth=1)
4.7719 	EXP 	Created Target_instr_r = TextStim(__class__=<class 'psychopy.visual.text.TextStim'>, alignHoriz='center', alignVert='center', antialias=True, autoLog=True, bold=False, color=array([-1., -1., -1.]), colorSpace='rgb', contrast=1.0, depth=-5.0, flipHoriz=False, flipVert=False, font='Arial', fontFiles=[], height=0.08, italic=False, languageStyle='LTR', name='Target_instr_r', opacity=1.0, ori=0, pos=array([ 0.5, -0.8]), rgb=array([-1., -1., -1.]), text='Press k', units='norm', win=Window(...), wrapWidth=1)
4.7796 	EXP 	Created Resp_a = TextStim(__class__=<class 'psychopy.visual.text.TextStim'>, alignHoriz='center', alignVert='center', antialias=True, autoLog=True, bold=False, color=array([ 1., -1., -1.]), colorSpace='rgb', contrast=1.0, depth=-7.0, flipHoriz=False, flipVert=False, font='Arial', fontFiles=[], height=0.3, italic=False, languageStyle='LTR', name='Resp_a', opacity=1.0, ori=0, pos=array([-0.5, -0.6]), rgb=array([ 1., -1., -1.]), text='default text', units='norm', win=Window(...), wrapWidth=1)
4.7864 	EXP 	Created Resp_b = TextStim(__class__=<class 'psychopy.visual.text.TextStim'>, alignHoriz='center', alignVert='center', antialias=True, autoLog=True, bold=False, color=array([ 1., -1., -1.]), colorSpace='rgb', contrast=1.0, depth=-8.0, flipHoriz=False, flipVert=False, font='Arial', fontFiles=[], height=0.3, italic=False, languageStyle='LTR', name='Resp_b', opacity=1.0, ori=0, pos=array([ 0.5, -0.6]), rgb=array([ 1., -1., -1.]), text='default text', units='norm', win=Window(...), wrapWidth=1)
4.7948 	EXP 	lub: autoDraw = True
5.6635 	DATA 	Keypress: space
5.6638 	EXP 	window1: recordFrameIntervals = False
5.6830 	EXP 	lub: autoDraw = False
5.6830 	EXP 	fixation: autoDraw = True
5.6831 	EXP 	window1: recordFrameIntervals = False
6.6897 	EXP 	Imported Lists\Voi_exposure.xlsx as conditions, 3 conditions, 6 params
6.6902 	EXP 	Created sequence: random, trialTypes=3, nReps=1, seed=None
6.6908 	EXP 	New trial (rep=0, index=0): OrderedDict([('Plural', 'musapu'), ('Singular', 'musab'), ('Type', 'Alt'), ('Picture', 'Images/apple.jpg'), ('Picture_pl', 'Images/apple_pl.jpg'), ('Final_C', 'b')])
6.7510 	EXP 	fixation: autoDraw = False
6.7510 	EXP 	fixation: autoDraw = False
6.7510 	EXP 	Sing_img: size = array([0.45, 0.8 ])
6.7510 	EXP 	Sing_img: image = 'Images/apple.jpg'
6.7510 	EXP 	Pl_img: size = array([0.55416667, 0.44444444])
6.7510 	EXP 	Pl_img: image = 'Images/apple_pl.jpg'
6.7510 	EXP 	Sing_txt: text = 'musab'
6.7510 	EXP 	Pl_txt: text = 'musapu'
6.7510 	EXP 	Sing_img: autoDraw = True
6.7510 	EXP 	Sing_txt: autoDraw = True
8.8936 	DATA 	Keypress: escape
8.9190 	EXP 	window1: mouseVisible = True
4.1459 	EXP 	Created window1 = Window(allowGUI=False, allowStencil=False, args=UNKNOWN, autoLog=True, bitsMode=UNKNOWN, blendMode='avg', color=array([1., 1., 1.]), colorSpace='rgb', fullscr=<method-wrapper '__getattribute__' of attributeSetter object at 0x0D4EC150>, gamma=None, kwargs=UNKNOWN, lms=UNKNOWN, monitor=<psychopy.monitors.calibTools.Monitor object at 0x0F723C10>, multiSample=False, name='window1', numSamples=2, pos=[0.0, 0.0], screen=0, size=array([1920, 1080]), stereo=False, units='norm', useFBO=True, useRetina=False, viewOri=0.0, viewPos=None, viewScale=None, waitBlanking=True, winType='pyglet')
4.1459 	EXP 	window1: recordFrameIntervals = False
4.3123 	EXP 	window1: recordFrameIntervals = True
4.4950 	EXP 	window1: recordFrameIntervals = False
4.5450 	EXP 	Created lub = ImageStim(__class__=<class 'psychopy.visual.image.ImageStim'>, autoLog=True, color=array([1., 1., 1.]), colorSpace='rgb', contrast=1.0, depth=-1.0, flipHoriz=False, flipVert=False, image='Images/Instruction_Screen.png', interpolate=True, mask=None, maskParams=None, name='lub', opacity=1.0, ori=0.0, pos=array([0., 0.]), size=array([2., 2.]), texRes=128, units='norm', win=Window(...))
4.5502 	EXP 	Created fixation = ShapeStim(__class__=<class 'psychopy.visual.shape.ShapeStim'>, autoDraw=False, autoLog=True, closeShape=True, contrast=1.0, depth=-1.0, fillColor=array([1., 1., 1.]), fillColorSpace='rgb', interpolate=True, lineColor=array([1., 1., 1.]), lineColorSpace='rgb', lineWidth=1, name='fixation', opacity=1.0, ori=array(0.), pos=array([0., 0.]), size=array([0.5, 0.5]), units='deg', vertices=ndarray(...), win=Window(...), windingRule=None)
4.5531 	EXP 	Created Sing_img = ImageStim(__class__=<class 'psychopy.visual.image.ImageStim'>, autoLog=True, color=array([1., 1., 1.]), colorSpace='rgb', contrast=1.0, depth=0.0, flipHoriz=False, flipVert=False, image='sin', interpolate=True, mask=None, maskParams=None, name='Sing_img', opacity=1.0, ori=0.0, pos=array([0. , 0.2]), size=array([0.5, 0.5]), texRes=128, units='norm', win=Window(...))
4.5551 	EXP 	Created Pl_img = ImageStim(__class__=<class 'psychopy.visual.image.ImageStim'>, autoLog=True, color=array([1., 1., 1.]), colorSpace='rgb', contrast=1.0, depth=-1.0, flipHoriz=False, flipVert=False, image='sin', interpolate=True, mask=None, maskParams=None, name='Pl_img', opacity=1.0, ori=0.0, pos=array([0. , 0.2]), size=array([0.5, 0.5]), texRes=128, units='norm', win=Window(...))
4.6579 	EXP 	Created Sing_txt = TextStim(__class__=<class 'psychopy.visual.text.TextStim'>, alignHoriz='center', alignVert='center', antialias=True, autoLog=True, bold=False, color=array([ 1., -1., -1.]), colorSpace='rgb', contrast=1.0, depth=-2.0, flipHoriz=False, flipVert=False, font='Arial', fontFiles=[], height=0.3, italic=False, languageStyle='LTR', name='Sing_txt', opacity=1.0, ori=0, pos=array([ 0. , -0.6]), rgb=array([ 1., -1., -1.]), text='default text', units='norm', win=Window(...), wrapWidth=1)
4.6674 	EXP 	Created Pl_txt = TextStim(__class__=<class 'psychopy.visual.text.TextStim'>, alignHoriz='center', alignVert='center', antialias=True, autoLog=True, bold=False, color=array([ 1., -1., -1.]), colorSpace='rgb', contrast=1.0, depth=-3.0, flipHoriz=False, flipVert=False, font='Arial', fontFiles=[], height=0.3, italic=False, languageStyle='LTR', name='Pl_txt', opacity=1.0, ori=0, pos=array([ 0. , -0.6]), rgb=array([ 1., -1., -1.]), text='default text', units='norm', win=Window(...), wrapWidth=1)
4.7032 	EXP 	Created image_3 = ImageStim(__class__=<class 'psychopy.visual.image.ImageStim'>, autoLog=True, color=array([1., 1., 1.]), colorSpace='rgb', contrast=1.0, depth=0.0, flipHoriz=False, flipVert=False, image='Images/Instruction_Screen_Prod.png', interpolate=True, mask=None, maskParams=None, name='image_3', opacity=1.0, ori=0.0, pos=array([0., 0.]), size=array([2., 2.]), texRes=128, units='norm', win=Window(...))
4.7059 	EXP 	Created fixation = ShapeStim(__class__=<class 'psychopy.visual.shape.ShapeStim'>, autoDraw=False, autoLog=True, closeShape=True, contrast=1.0, depth=-1.0, fillColor=array([1., 1., 1.]), fillColorSpace='rgb', interpolate=True, lineColor=array([1., 1., 1.]), lineColorSpace='rgb', lineWidth=1, name='fixation', opacity=1.0, ori=array(0.), pos=array([0., 0.]), size=array([0.5, 0.5]), units='deg', vertices=ndarray(...), win=Window(...), windingRule=None)
4.7347 	EXP 	Created Target_ins1 = TextStim(__class__=<class 'psychopy.visual.text.TextStim'>, alignHoriz='center', alignVert='center', antialias=True, autoLog=True, bold=False, color=array([-1., -1., -1.]), colorSpace='rgb', contrast=1.0, depth=0.0, flipHoriz=False, flipVert=False, font='Arial', fontFiles=[], height=0.1, italic=False, languageStyle='LTR', name='Target_ins1', opacity=1.0, ori=0, pos=array([0.  , 0.85]), rgb=array([-1., -1., -1.]), text='default text', units='norm', win=Window(...), wrapWidth=1)
4.7376 	EXP 	Created Trigger_img1 = ImageStim(__class__=<class 'psychopy.visual.image.ImageStim'>, autoLog=True, color=array([1., 1., 1.]), colorSpace='rgb', contrast=1.0, depth=-1.0, flipHoriz=False, flipVert=False, image='sin', interpolate=True, mask=None, maskParams=None, name='Trigger_img1', opacity=1.0, ori=0.0, pos=array([0. , 0.2]), size=array([0.5, 0.5]), texRes=128, units='norm', win=Window(...))
4.7399 	EXP 	Created Target_img1 = ImageStim(__class__=<class 'psychopy.visual.image.ImageStim'>, autoLog=True, color=array([1., 1., 1.]), colorSpace='rgb', contrast=1.0, depth=-2.0, flipHoriz=False, flipVert=False, image='sin', interpolate=True, mask=None, maskParams=None, name='Target_img1', opacity=1.0, ori=0.0, pos=array([0. , 0.2]), size=array([0.5, 0.5]), texRes=128, units='norm', win=Window(...))
4.7512 	EXP 	Created Trigger_txt1 = TextStim(__class__=<class 'psychopy.visual.text.TextStim'>, alignHoriz='center', alignVert='center', antialias=True, autoLog=True, bold=False, color=array([ 1., -1., -1.]), colorSpace='rgb', contrast=1.0, depth=-3.0, flipHoriz=False, flipVert=False, font='Arial', fontFiles=[], height=0.3, italic=False, languageStyle='LTR', name='Trigger_txt1', opacity=1.0, ori=0, pos=array([ 0. , -0.6]), rgb=array([ 1., -1., -1.]), text='default text', units='norm', win=Window(...), wrapWidth=1)
4.7614 	EXP 	Created txtinp = TextStim(__class__=<class 'psychopy.visual.text.TextStim'>, alignHoriz='center', alignVert='center', antialias=True, autoLog=True, bold=False, color=array([ 1., -1., -1.]), colorSpace='rgb', contrast=1.0, depth=-5.0, flipHoriz=False, flipVert=False, font='Arial', fontFiles=[], height=0.3, italic=False, languageStyle='LTR', name='txtinp', opacity=1.0, ori=0, pos=array([ 0. , -0.6]), rgb=array([ 1., -1., -1.]), text='default text', units='norm', win=Window(...), wrapWidth=1)
4.7986 	EXP 	Created image_6 = ImageStim(__class__=<class 'psychopy.visual.image.ImageStim'>, autoLog=True, color=array([1., 1., 1.]), colorSpace='rgb', contrast=1.0, depth=0.0, flipHoriz=False, flipVert=False, image='Images/Instruction_Screen_FC.png', interpolate=True, mask=None, maskParams=None, name='image_6', opacity=1.0, ori=0.0, pos=array([0., 0.]), size=array([2., 2.]), texRes=128, units='norm', win=Window(...))
4.8006 	EXP 	Created fixation = ShapeStim(__class__=<class 'psychopy.visual.shape.ShapeStim'>, autoDraw=False, autoLog=True, closeShape=True, contrast=1.0, depth=-1.0, fillColor=array([1., 1., 1.]), fillColorSpace='rgb', interpolate=True, lineColor=array([1., 1., 1.]), lineColorSpace='rgb', lineWidth=1, name='fixation', opacity=1.0, ori=array(0.), pos=array([0., 0.]), size=array([0.5, 0.5]), units='deg', vertices=ndarray(...), win=Window(...), windingRule=None)
4.8088 	EXP 	Created Target_ins2 = TextStim(__class__=<class 'psychopy.visual.text.TextStim'>, alignHoriz='center', alignVert='center', antialias=True, autoLog=True, bold=False, color=array([-1., -1., -1.]), colorSpace='rgb', contrast=1.0, depth=0.0, flipHoriz=False, flipVert=False, font='Arial', fontFiles=[], height=0.1, italic=False, languageStyle='LTR', name='Target_ins2', opacity=1.0, ori=0, pos=array([0.  , 0.85]), rgb=array([-1., -1., -1.]), text='default text', units='norm', win=Window(...), wrapWidth=1)
4.8123 	EXP 	Created Trigger_img2 = ImageStim(__class__=<class 'psychopy.visual.image.ImageStim'>, autoLog=True, color=array([1., 1., 1.]), colorSpace='rgb', contrast=1.0, depth=-1.0, flipHoriz=False, flipVert=False, image='sin', interpolate=True, mask=None, maskParams=None, name='Trigger_img2', opacity=1.0, ori=0.0, pos=array([0. , 0.2]), size=array([0.5, 0.5]), texRes=128, units='norm', win=Window(...))
4.8158 	EXP 	Created Target_img2 = ImageStim(__class__=<class 'psychopy.visual.image.ImageStim'>, autoLog=True, color=array([1., 1., 1.]), colorSpace='rgb', contrast=1.0, depth=-2.0, flipHoriz=False, flipVert=False, image='sin', interpolate=True, mask=None, maskParams=None, name='Target_img2', opacity=1.0, ori=0.0, pos=array([0. , 0.2]), size=array([0.5, 0.5]), texRes=128, units='norm', win=Window(...))
4.8262 	EXP 	Created Trigger_txt2 = TextStim(__class__=<class 'psychopy.visual.text.TextStim'>, alignHoriz='center', alignVert='center', antialias=True, autoLog=True, bold=False, color=array([ 1., -1., -1.]), colorSpace='rgb', contrast=1.0, depth=-3.0, flipHoriz=False, flipVert=False, font='Arial', fontFiles=[], height=0.3, italic=False, languageStyle='LTR', name='Trigger_txt2', opacity=1.0, ori=0, pos=array([ 0. , -0.6]), rgb=array([ 1., -1., -1.]), text='default text', units='norm', win=Window(...), wrapWidth=1)
4.8530 	EXP 	Created Target_instr_l = TextStim(__class__=<class 'psychopy.visual.text.TextStim'>, alignHoriz='center', alignVert='center', antialias=True, autoLog=True, bold=False, color=array([-1., -1., -1.]), colorSpace='rgb', contrast=1.0, depth=-4.0, flipHoriz=False, flipVert=False, font='Arial', fontFiles=[], height=0.08, italic=False, languageStyle='LTR', name='Target_instr_l', opacity=1.0, ori=0, pos=array([-0.5, -0.9]), rgb=array([-1., -1., -1.]), text='Press a\n\n', units='norm', win=Window(...), wrapWidth=1)
4.8606 	EXP 	Created Target_instr_r = TextStim(__class__=<class 'psychopy.visual.text.TextStim'>, alignHoriz='center', alignVert='center', antialias=True, autoLog=True, bold=False, color=array([-1., -1., -1.]), colorSpace='rgb', contrast=1.0, depth=-5.0, flipHoriz=False, flipVert=False, font='Arial', fontFiles=[], height=0.08, italic=False, languageStyle='LTR', name='Target_instr_r', opacity=1.0, ori=0, pos=array([ 0.5, -0.8]), rgb=array([-1., -1., -1.]), text='Press k', units='norm', win=Window(...), wrapWidth=1)
4.8699 	EXP 	Created Resp_a = TextStim(__class__=<class 'psychopy.visual.text.TextStim'>, alignHoriz='center', alignVert='center', antialias=True, autoLog=True, bold=False, color=array([ 1., -1., -1.]), colorSpace='rgb', contrast=1.0, depth=-7.0, flipHoriz=False, flipVert=False, font='Arial', fontFiles=[], height=0.3, italic=False, languageStyle='LTR', name='Resp_a', opacity=1.0, ori=0, pos=array([-0.5, -0.6]), rgb=array([ 1., -1., -1.]), text='default text', units='norm', win=Window(...), wrapWidth=1)
4.8792 	EXP 	Created Resp_b = TextStim(__class__=<class 'psychopy.visual.text.TextStim'>, alignHoriz='center', alignVert='center', antialias=True, autoLog=True, bold=False, color=array([ 1., -1., -1.]), colorSpace='rgb', contrast=1.0, depth=-8.0, flipHoriz=False, flipVert=False, font='Arial', fontFiles=[], height=0.3, italic=False, languageStyle='LTR', name='Resp_b', opacity=1.0, ori=0, pos=array([ 0.5, -0.6]), rgb=array([ 1., -1., -1.]), text='default text', units='norm', win=Window(...), wrapWidth=1)
4.8878 	EXP 	lub: autoDraw = True
5.9435 	DATA 	Keypress: space
5.9437 	EXP 	window1: recordFrameIntervals = False
5.9650 	EXP 	lub: autoDraw = False
5.9650 	EXP 	fixation: autoDraw = True
5.9652 	EXP 	window1: recordFrameIntervals = False
6.9707 	EXP 	Imported Lists\Voi_exposure.xlsx as conditions, 3 conditions, 6 params
6.9712 	EXP 	Created sequence: random, trialTypes=3, nReps=1, seed=None
6.9718 	EXP 	New trial (rep=0, index=0): OrderedDict([('Plural', 'musapu'), ('Singular', 'musab'), ('Type', 'Alt'), ('Picture', 'Images/apple.jpg'), ('Picture_pl', 'Images/apple_pl.jpg'), ('Final_C', 'b')])
7.0275 	EXP 	fixation: autoDraw = False
7.0275 	EXP 	fixation: autoDraw = False
7.0275 	EXP 	Sing_img: size = array([0.45, 0.8 ])
7.0275 	EXP 	Sing_img: image = 'Images/apple.jpg'
7.0275 	EXP 	Pl_img: size = array([0.55416667, 0.44444444])
7.0275 	EXP 	Pl_img: image = 'Images/apple_pl.jpg'
7.0275 	EXP 	Sing_txt: text = 'musab'
7.0275 	EXP 	Pl_txt: text = 'musapu'
7.0275 	EXP 	Sing_img: autoDraw = True
7.0275 	EXP 	Sing_txt: autoDraw = True
9.9894 	EXP 	Sing_img: autoDraw = False
9.9894 	EXP 	Pl_img: autoDraw = True
9.9894 	EXP 	Sing_txt: autoDraw = False
9.9894 	EXP 	Pl_txt: autoDraw = True
12.9532 	EXP 	window1: recordFrameIntervals = False
12.9699 	EXP 	Sing_img: autoDraw = False
12.9699 	EXP 	Pl_img: autoDraw = False
12.9699 	EXP 	Sing_txt: autoDraw = False
12.9699 	EXP 	Pl_txt: autoDraw = False
12.9700 	EXP 	window1: recordFrameIntervals = False
13.6883 	EXP 	New trial (rep=0, index=1): OrderedDict([('Plural', 'larupu'), ('Singular', 'larub'), ('Type', 'Alt'), ('Picture', 'Images/rock.jpg'), ('Picture_pl', 'Images/rock_pl.jpg'), ('Final_C', 'b')])
13.7408 	EXP 	Sing_img: size = array([0.5625    , 0.66666667])
13.7408 	EXP 	Sing_img: image = 'Images/rock.jpg'
13.7408 	EXP 	Pl_img: size = array([0.76354167, 0.44444444])
13.7408 	EXP 	Pl_img: image = 'Images/rock_pl.jpg'
13.7408 	EXP 	Sing_txt: text = 'larub'
13.7408 	EXP 	Pl_txt: text = 'larupu'
13.7408 	EXP 	Sing_img: autoDraw = True
13.7408 	EXP 	Sing_txt: autoDraw = True
16.7002 	EXP 	Sing_img: autoDraw = False
16.7002 	EXP 	Sing_txt: autoDraw = False
16.7163 	EXP 	Pl_img: autoDraw = True
16.7163 	EXP 	Pl_txt: autoDraw = True
19.6805 	EXP 	window1: recordFrameIntervals = False
19.6973 	EXP 	Pl_img: autoDraw = False
19.6973 	EXP 	Pl_txt: autoDraw = False
19.6973 	EXP 	Sing_img: autoDraw = False
19.6973 	EXP 	Pl_img: autoDraw = False
19.6973 	EXP 	Sing_txt: autoDraw = False
19.6973 	EXP 	Pl_txt: autoDraw = False
19.6974 	EXP 	window1: recordFrameIntervals = False
20.4181 	EXP 	New trial (rep=0, index=2): OrderedDict([('Plural', 'nalipu'), ('Singular', 'nalib'), ('Type', 'Alt'), ('Picture', 'Images/coin.jpg'), ('Picture_pl', 'Images/coin_pl.jpg'), ('Final_C', 'b')])
20.4720 	EXP 	Sing_img: size = array([0.4625    , 0.82037037])
20.4720 	EXP 	Sing_img: image = 'Images/coin.jpg'
20.4720 	EXP 	Pl_img: size = array([0.32395833, 1.16481481])
20.4720 	EXP 	Pl_img: image = 'Images/coin_pl.jpg'
20.4720 	EXP 	Sing_txt: text = 'nalib'
20.4720 	EXP 	Pl_txt: text = 'nalipu'
20.4720 	EXP 	Sing_img: autoDraw = True
20.4720 	EXP 	Sing_txt: autoDraw = True
23.4273 	EXP 	Sing_img: autoDraw = False
23.4273 	EXP 	Sing_txt: autoDraw = False
23.4433 	EXP 	Pl_img: autoDraw = True
23.4433 	EXP 	Pl_txt: autoDraw = True
26.4074 	EXP 	window1: recordFrameIntervals = False
26.4239 	EXP 	Pl_img: autoDraw = False
26.4239 	EXP 	Pl_txt: autoDraw = False
26.4239 	EXP 	Sing_img: autoDraw = False
26.4239 	EXP 	Pl_img: autoDraw = False
26.4239 	EXP 	Sing_txt: autoDraw = False
26.4239 	EXP 	Pl_txt: autoDraw = False
26.4242 	EXP 	window1: recordFrameIntervals = False
27.1494 	EXP 	image_3: autoDraw = True
28.6552 	DATA 	Keypress: space
28.6556 	EXP 	window1: recordFrameIntervals = False
28.6722 	EXP 	image_3: autoDraw = False
28.6722 	EXP 	fixation: autoDraw = True
28.6724 	EXP 	window1: recordFrameIntervals = False
29.6696 	EXP 	Imported Lists\Voi_Prod.xlsx as conditions, 1 conditions, 9 params
29.6699 	EXP 	Created sequence: random, trialTypes=1, nReps=1, seed=None
29.6705 	EXP 	New trial (rep=0, index=0): OrderedDict([('Trigger_txt', 'musapu'), ('Target_txt', 'musab'), ('Type', 'Alt'), ('New', 'Given'), ('Target_img', 'Images/apple.jpg'), ('Trigger_img', 'Images/apple_pl.jpg'), ('Final_C', 'b'), ('Target', 'sg'), ('Number', 'Write the singular form on your keyboard - then press enter')])
29.7362 	EXP 	fixation: autoDraw = False
29.7362 	EXP 	fixation: autoDraw = False
29.7362 	EXP 	Target_ins1: text = 'Write the singular form on your keyboard - then press enter'
29.7362 	EXP 	Trigger_img1: size = array([0.55416667, 0.44444444])
29.7362 	EXP 	Trigger_img1: image = 'Images/apple_pl.jpg'
29.7362 	EXP 	Target_img1: size = array([0.45, 0.8 ])
29.7362 	EXP 	Target_img1: image = 'Images/apple.jpg'
29.7362 	EXP 	Trigger_txt1: text = 'musapu'
29.7362 	EXP 	txtinp: alignHoriz = 'center'
29.7362 	EXP 	Trigger_img1: autoDraw = True
29.7362 	EXP 	Trigger_txt1: autoDraw = True
30.4533 	DATA 	Keypress: escape
30.4793 	EXP 	window1: mouseVisible = True
