4.2469 	EXP 	Created window1 = Window(allowGUI=False, allowStencil=False, args=UNKNOWN, autoLog=True, bitsMode=UNKNOWN, blendMode='avg', color=array([1., 1., 1.]), colorSpace='rgb', fullscr=<method-wrapper '__getattribute__' of attributeSetter object at 0x0D6EC0F0>, gamma=None, kwargs=UNKNOWN, lms=UNKNOWN, monitor=<psychopy.monitors.calibTools.Monitor object at 0x0EA73BB0>, multiSample=False, name='window1', numSamples=2, pos=[0.0, 0.0], screen=0, size=array([1920, 1080]), stereo=False, units='norm', useFBO=True, useRetina=False, viewOri=0.0, viewPos=None, viewScale=None, waitBlanking=True, winType='pyglet')
4.2470 	EXP 	window1: recordFrameIntervals = False
4.4131 	EXP 	window1: recordFrameIntervals = True
4.5959 	EXP 	window1: recordFrameIntervals = False
4.6472 	EXP 	Created lub = ImageStim(__class__=<class 'psychopy.visual.image.ImageStim'>, autoLog=True, color=array([1., 1., 1.]), colorSpace='rgb', contrast=1.0, depth=-1.0, flipHoriz=False, flipVert=False, image='Images/Instruction_Screen.png', interpolate=True, mask=None, maskParams=None, name='lub', opacity=1.0, ori=0.0, pos=array([0., 0.]), size=array([2., 2.]), texRes=128, units='norm', win=Window(...))
4.7232 	EXP 	Created Instr = TextStim(__class__=<class 'psychopy.visual.text.TextStim'>, alignHoriz='center', alignVert='center', antialias=True, autoLog=True, bold=False, color=array([-1., -1., -1.]), colorSpace='rgb', contrast=1.0, depth=0.0, flipHoriz=False, flipVert=False, font='Arial', fontFiles=[], height=0.08, italic=False, languageStyle='LTR', name='Instr', opacity=0.95, ori=0, pos=array([0. , 0.8]), rgb=array([-1., -1., -1.]), text='Say the words you see out loud', units='norm', win=Window(...), wrapWidth=1)
4.7260 	EXP 	Created Sing_img = ImageStim(__class__=<class 'psychopy.visual.image.ImageStim'>, autoLog=True, color=array([1., 1., 1.]), colorSpace='rgb', contrast=1.0, depth=-1.0, flipHoriz=False, flipVert=False, image='sin', interpolate=True, mask=None, maskParams=None, name='Sing_img', opacity=1.0, ori=0.0, pos=array([0., 0.]), size=array([0.5, 0.5]), texRes=128, units='norm', win=Window(...))
4.7290 	EXP 	Created Pl_img = ImageStim(__class__=<class 'psychopy.visual.image.ImageStim'>, autoLog=True, color=array([1., 1., 1.]), colorSpace='rgb', contrast=1.0, depth=-2.0, flipHoriz=False, flipVert=False, image='sin', interpolate=True, mask=None, maskParams=None, name='Pl_img', opacity=1.0, ori=0.0, pos=array([0., 0.]), size=array([0.5, 0.5]), texRes=128, units='norm', win=Window(...))
4.7860 	EXP 	Created Sing_txt = TextStim(__class__=<class 'psychopy.visual.text.TextStim'>, alignHoriz='center', alignVert='center', antialias=True, autoLog=True, bold=False, color=array([ 1., -1., -1.]), colorSpace='rgb', contrast=1.0, depth=-3.0, flipHoriz=False, flipVert=False, font='Arial', fontFiles=[], height=0.3, italic=False, languageStyle='LTR', name='Sing_txt', opacity=1.0, ori=0, pos=array([ 0. , -0.5]), rgb=array([ 1., -1., -1.]), text='default text', units='norm', win=Window(...), wrapWidth=1)
4.7932 	EXP 	Created Pl_txt = TextStim(__class__=<class 'psychopy.visual.text.TextStim'>, alignHoriz='center', alignVert='center', antialias=True, autoLog=True, bold=False, color=array([ 1., -1., -1.]), colorSpace='rgb', contrast=1.0, depth=-4.0, flipHoriz=False, flipVert=False, font='Arial', fontFiles=[], height=0.3, italic=False, languageStyle='LTR', name='Pl_txt', opacity=1.0, ori=0, pos=array([ 0. , -0.5]), rgb=array([ 1., -1., -1.]), text='default text', units='norm', win=Window(...), wrapWidth=1)
4.8322 	EXP 	Created image_3 = ImageStim(__class__=<class 'psychopy.visual.image.ImageStim'>, autoLog=True, color=array([1., 1., 1.]), colorSpace='rgb', contrast=1.0, depth=0.0, flipHoriz=False, flipVert=False, image='Images/Instruction_Screen_Prod.png', interpolate=True, mask=None, maskParams=None, name='image_3', opacity=1.0, ori=0.0, pos=array([0., 0.]), size=array([2., 2.]), texRes=128, units='norm', win=Window(...))
4.8575 	EXP 	Created Target_ins1 = TextStim(__class__=<class 'psychopy.visual.text.TextStim'>, alignHoriz='center', alignVert='center', antialias=True, autoLog=True, bold=False, color=array([-1., -1., -1.]), colorSpace='rgb', contrast=1.0, depth=0.0, flipHoriz=False, flipVert=False, font='Arial', fontFiles=[], height=0.1, italic=False, languageStyle='LTR', name='Target_ins1', opacity=1.0, ori=0, pos=array([0. , 0.8]), rgb=array([-1., -1., -1.]), text='default text', units='norm', win=Window(...), wrapWidth=1)
4.8605 	EXP 	Created Trigger_img1 = ImageStim(__class__=<class 'psychopy.visual.image.ImageStim'>, autoLog=True, color=array([1., 1., 1.]), colorSpace='rgb', contrast=1.0, depth=-1.0, flipHoriz=False, flipVert=False, image='sin', interpolate=True, mask=None, maskParams=None, name='Trigger_img1', opacity=1.0, ori=0.0, pos=array([0. , 0.4]), size=array([0.5, 0.5]), texRes=128, units='norm', win=Window(...))
4.8636 	EXP 	Created Target_img1 = ImageStim(__class__=<class 'psychopy.visual.image.ImageStim'>, autoLog=True, color=array([1., 1., 1.]), colorSpace='rgb', contrast=1.0, depth=-2.0, flipHoriz=False, flipVert=False, image='sin', interpolate=True, mask=None, maskParams=None, name='Target_img1', opacity=1.0, ori=0.0, pos=array([0. , 0.4]), size=array([0.5, 0.5]), texRes=128, units='norm', win=Window(...))
4.8730 	EXP 	Created Trigger_txt1 = TextStim(__class__=<class 'psychopy.visual.text.TextStim'>, alignHoriz='center', alignVert='center', antialias=True, autoLog=True, bold=False, color=array([ 1., -1., -1.]), colorSpace='rgb', contrast=1.0, depth=-3.0, flipHoriz=False, flipVert=False, font='Arial', fontFiles=[], height=0.3, italic=False, languageStyle='LTR', name='Trigger_txt1', opacity=1.0, ori=0, pos=array([ 0. , -0.5]), rgb=array([ 1., -1., -1.]), text='default text', units='norm', win=Window(...), wrapWidth=1)
4.8853 	EXP 	Created txtinp = TextStim(__class__=<class 'psychopy.visual.text.TextStim'>, alignHoriz='center', alignVert='center', antialias=True, autoLog=True, bold=False, color=array([ 1., -1., -1.]), colorSpace='rgb', contrast=1.0, depth=-5.0, flipHoriz=False, flipVert=False, font='Arial', fontFiles=[], height=0.3, italic=False, languageStyle='LTR', name='txtinp', opacity=1.0, ori=0, pos=array([ 0. , -0.5]), rgb=array([ 1., -1., -1.]), text='default text', units='norm', win=Window(...), wrapWidth=1)
4.9225 	EXP 	Created image_6 = ImageStim(__class__=<class 'psychopy.visual.image.ImageStim'>, autoLog=True, color=array([1., 1., 1.]), colorSpace='rgb', contrast=1.0, depth=0.0, flipHoriz=False, flipVert=False, image='Images/Instruction_Screen_FC.png', interpolate=True, mask=None, maskParams=None, name='image_6', opacity=1.0, ori=0.0, pos=array([0., 0.]), size=array([2., 2.]), texRes=128, units='norm', win=Window(...))
4.9477 	EXP 	Created Trigger_ins2 = TextStim(__class__=<class 'psychopy.visual.text.TextStim'>, alignHoriz='center', alignVert='center', antialias=True, autoLog=True, bold=False, color=array([-1., -1., -1.]), colorSpace='rgb', contrast=1.0, depth=0.0, flipHoriz=False, flipVert=False, font='Arial', fontFiles=[], height=0.1, italic=False, languageStyle='LTR', name='Trigger_ins2', opacity=1.0, ori=0, pos=array([0. , 0.8]), rgb=array([-1., -1., -1.]), text='Repeat the word you see', units='norm', win=Window(...), wrapWidth=1)
4.9720 	EXP 	Created Target_ins2 = TextStim(__class__=<class 'psychopy.visual.text.TextStim'>, alignHoriz='center', alignVert='center', antialias=True, autoLog=True, bold=False, color=array([-1., -1., -1.]), colorSpace='rgb', contrast=1.0, depth=-1.0, flipHoriz=False, flipVert=False, font='Arial', fontFiles=[], height=0.1, italic=False, languageStyle='LTR', name='Target_ins2', opacity=1.0, ori=0, pos=array([0. , 0.8]), rgb=array([-1., -1., -1.]), text=str(...), units='norm', win=Window(...), wrapWidth=1)
4.9742 	EXP 	Created Trigger_img2 = ImageStim(__class__=<class 'psychopy.visual.image.ImageStim'>, autoLog=True, color=array([1., 1., 1.]), colorSpace='rgb', contrast=1.0, depth=-2.0, flipHoriz=False, flipVert=False, image='sin', interpolate=True, mask=None, maskParams=None, name='Trigger_img2', opacity=1.0, ori=0.0, pos=array([0. , 0.4]), size=array([0.5, 0.5]), texRes=128, units='norm', win=Window(...))
4.9769 	EXP 	Created Target_img2 = ImageStim(__class__=<class 'psychopy.visual.image.ImageStim'>, autoLog=True, color=array([1., 1., 1.]), colorSpace='rgb', contrast=1.0, depth=-3.0, flipHoriz=False, flipVert=False, image='sin', interpolate=True, mask=None, maskParams=None, name='Target_img2', opacity=1.0, ori=0.0, pos=array([0. , 0.4]), size=array([0.5, 0.5]), texRes=128, units='norm', win=Window(...))
4.9875 	EXP 	Created Trigger_txt2 = TextStim(__class__=<class 'psychopy.visual.text.TextStim'>, alignHoriz='center', alignVert='center', antialias=True, autoLog=True, bold=False, color=array([ 1., -1., -1.]), colorSpace='rgb', contrast=1.0, depth=-4.0, flipHoriz=False, flipVert=False, font='Arial', fontFiles=[], height=0.3, italic=False, languageStyle='LTR', name='Trigger_txt2', opacity=1.0, ori=0, pos=array([ 0. , -0.5]), rgb=array([ 1., -1., -1.]), text='default text', units='norm', win=Window(...), wrapWidth=1)
4.9961 	EXP 	Created Target_instr_l = TextStim(__class__=<class 'psychopy.visual.text.TextStim'>, alignHoriz='center', alignVert='center', antialias=True, autoLog=True, bold=False, color=array([-1., -1., -1.]), colorSpace='rgb', contrast=1.0, depth=-5.0, flipHoriz=False, flipVert=False, font='Arial', fontFiles=[], height=0.08, italic=False, languageStyle='LTR', name='Target_instr_l', opacity=1.0, ori=0, pos=array([-0.5, -0.8]), rgb=array([-1., -1., -1.]), text='Press a\n\n', units='norm', win=Window(...), wrapWidth=1)
5.0036 	EXP 	Created Target_instr_r = TextStim(__class__=<class 'psychopy.visual.text.TextStim'>, alignHoriz='center', alignVert='center', antialias=True, autoLog=True, bold=False, color=array([-1., -1., -1.]), colorSpace='rgb', contrast=1.0, depth=-6.0, flipHoriz=False, flipVert=False, font='Arial', fontFiles=[], height=0.08, italic=False, languageStyle='LTR', name='Target_instr_r', opacity=1.0, ori=0, pos=array([ 0.5, -0.7]), rgb=array([-1., -1., -1.]), text='Press k', units='norm', win=Window(...), wrapWidth=1)
5.0120 	EXP 	Created Resp_a = TextStim(__class__=<class 'psychopy.visual.text.TextStim'>, alignHoriz='center', alignVert='center', antialias=True, autoLog=True, bold=False, color=array([ 1., -1., -1.]), colorSpace='rgb', contrast=1.0, depth=-8.0, flipHoriz=False, flipVert=False, font='Arial', fontFiles=[], height=0.3, italic=False, languageStyle='LTR', name='Resp_a', opacity=1.0, ori=0, pos=array([-0.5, -0.5]), rgb=array([ 1., -1., -1.]), text='default text', units='norm', win=Window(...), wrapWidth=1)
5.0207 	EXP 	Created Resp_b = TextStim(__class__=<class 'psychopy.visual.text.TextStim'>, alignHoriz='center', alignVert='center', antialias=True, autoLog=True, bold=False, color=array([ 1., -1., -1.]), colorSpace='rgb', contrast=1.0, depth=-9.0, flipHoriz=False, flipVert=False, font='Arial', fontFiles=[], height=0.3, italic=False, languageStyle='LTR', name='Resp_b', opacity=1.0, ori=0, pos=array([ 0.5, -0.5]), rgb=array([ 1., -1., -1.]), text='default text', units='norm', win=Window(...), wrapWidth=1)
5.0298 	EXP 	lub: autoDraw = True
7.9593 	DATA 	Keypress: space
7.9595 	EXP 	window1: recordFrameIntervals = False
7.9758 	EXP 	lub: autoDraw = False
7.9759 	EXP 	window1: recordFrameIntervals = False
8.9721 	EXP 	Imported Lists\Voi_exposure.xlsx as conditions, 3 conditions, 6 params
8.9725 	EXP 	Created sequence: random, trialTypes=3, nReps=1, seed=None
8.9730 	EXP 	New trial (rep=0, index=0): OrderedDict([('Plural', 'musapu'), ('Singular', 'musab'), ('Type', 'Alt'), ('Picture', 'Images/apple.jpg'), ('Picture_pl', 'Images/apple_pl.jpg'), ('Final_C', 'b')])
9.0400 	EXP 	Sing_img: size = array([0.45, 0.8 ])
9.0400 	EXP 	Sing_img: image = 'Images/apple.jpg'
9.0400 	EXP 	Pl_img: size = array([0.55416667, 0.44444444])
9.0400 	EXP 	Pl_img: image = 'Images/apple_pl.jpg'
9.0400 	EXP 	Sing_txt: text = 'musab'
9.0400 	EXP 	Pl_txt: text = 'musapu'
9.0400 	EXP 	Instr: autoDraw = True
9.0400 	EXP 	Sing_img: autoDraw = True
9.0400 	EXP 	Sing_txt: autoDraw = True
11.9886 	EXP 	Sing_img: autoDraw = False
11.9886 	EXP 	Sing_txt: autoDraw = False
12.0052 	EXP 	Pl_img: autoDraw = True
12.0052 	EXP 	Pl_txt: autoDraw = True
14.9692 	EXP 	window1: recordFrameIntervals = False
14.9857 	EXP 	Instr: autoDraw = False
14.9857 	EXP 	Sing_img: autoDraw = False
14.9857 	EXP 	Pl_img: autoDraw = False
14.9857 	EXP 	Sing_txt: autoDraw = False
14.9857 	EXP 	Pl_txt: autoDraw = False
14.9858 	EXP 	window1: recordFrameIntervals = False
15.7017 	EXP 	New trial (rep=0, index=1): OrderedDict([('Plural', 'larupu'), ('Singular', 'larub'), ('Type', 'Alt'), ('Picture', 'Images/rock.jpg'), ('Picture_pl', 'Images/rock_pl.jpg'), ('Final_C', 'b')])
15.7591 	EXP 	Sing_img: size = array([0.5625    , 0.66666667])
15.7591 	EXP 	Sing_img: image = 'Images/rock.jpg'
15.7591 	EXP 	Pl_img: size = array([0.76354167, 0.44444444])
15.7591 	EXP 	Pl_img: image = 'Images/rock_pl.jpg'
15.7591 	EXP 	Sing_txt: text = 'larub'
15.7591 	EXP 	Pl_txt: text = 'larupu'
15.7591 	EXP 	Instr: autoDraw = True
15.7591 	EXP 	Sing_img: autoDraw = True
15.7591 	EXP 	Sing_txt: autoDraw = True
18.7154 	EXP 	Sing_img: autoDraw = False
18.7154 	EXP 	Sing_txt: autoDraw = False
18.7321 	EXP 	Pl_img: autoDraw = True
18.7321 	EXP 	Pl_txt: autoDraw = True
21.6963 	EXP 	window1: recordFrameIntervals = False
21.7130 	EXP 	Instr: autoDraw = False
21.7130 	EXP 	Pl_img: autoDraw = False
21.7130 	EXP 	Pl_txt: autoDraw = False
21.7130 	EXP 	Instr: autoDraw = False
21.7130 	EXP 	Sing_img: autoDraw = False
21.7130 	EXP 	Pl_img: autoDraw = False
21.7130 	EXP 	Sing_txt: autoDraw = False
21.7130 	EXP 	Pl_txt: autoDraw = False
21.7132 	EXP 	window1: recordFrameIntervals = False
22.4305 	EXP 	New trial (rep=0, index=2): OrderedDict([('Plural', 'nalipu'), ('Singular', 'nalib'), ('Type', 'Alt'), ('Picture', 'Images/coin.jpg'), ('Picture_pl', 'Images/coin_pl.jpg'), ('Final_C', 'b')])
22.4920 	EXP 	Sing_img: size = array([0.4625    , 0.82037037])
22.4920 	EXP 	Sing_img: image = 'Images/coin.jpg'
22.4920 	EXP 	Pl_img: size = array([0.32395833, 1.16481481])
22.4920 	EXP 	Pl_img: image = 'Images/coin_pl.jpg'
22.4920 	EXP 	Sing_txt: text = 'nalib'
22.4920 	EXP 	Pl_txt: text = 'nalipu'
22.4920 	EXP 	Instr: autoDraw = True
22.4920 	EXP 	Sing_img: autoDraw = True
22.4920 	EXP 	Sing_txt: autoDraw = True
25.4427 	EXP 	Sing_img: autoDraw = False
25.4427 	EXP 	Sing_txt: autoDraw = False
25.4592 	EXP 	Pl_img: autoDraw = True
25.4592 	EXP 	Pl_txt: autoDraw = True
28.4233 	EXP 	window1: recordFrameIntervals = False
28.4396 	EXP 	Instr: autoDraw = False
28.4396 	EXP 	Pl_img: autoDraw = False
28.4396 	EXP 	Pl_txt: autoDraw = False
28.4396 	EXP 	Instr: autoDraw = False
28.4396 	EXP 	Sing_img: autoDraw = False
28.4396 	EXP 	Pl_img: autoDraw = False
28.4396 	EXP 	Sing_txt: autoDraw = False
28.4396 	EXP 	Pl_txt: autoDraw = False
28.4398 	EXP 	window1: recordFrameIntervals = False
29.1658 	EXP 	image_3: autoDraw = True
34.3341 	DATA 	Keypress: space
34.3344 	EXP 	window1: recordFrameIntervals = False
34.3506 	EXP 	image_3: autoDraw = False
34.3508 	EXP 	window1: recordFrameIntervals = False
35.3327 	EXP 	Imported Lists\Voi_Prod.xlsx as conditions, 1 conditions, 9 params
35.3331 	EXP 	Created sequence: random, trialTypes=1, nReps=1, seed=None
35.3337 	EXP 	New trial (rep=0, index=0): OrderedDict([('Trigger_txt', 'musapu'), ('Target_txt', 'musab'), ('Type', 'Alt'), ('New', 'Given'), ('Target_img', 'Images/apple.jpg'), ('Trigger_img', 'Images/apple_pl.jpg'), ('Final_C', 'b'), ('Target', 'sg'), ('Number', 'Write the plural form on your keyboard - then press enter')])
35.3932 	EXP 	Target_ins1: text = 'Write the plural form on your keyboard - then press enter'
35.3932 	EXP 	Trigger_img1: size = array([0.55416667, 0.44444444])
35.3932 	EXP 	Trigger_img1: image = 'Images/apple_pl.jpg'
35.3932 	EXP 	Target_img1: size = array([0.45, 0.8 ])
35.3932 	EXP 	Target_img1: image = 'Images/apple.jpg'
35.3932 	EXP 	Trigger_txt1: text = 'musapu'
35.3932 	EXP 	txtinp: alignHoriz = 'center'
35.3932 	EXP 	Trigger_img1: autoDraw = True
35.3932 	EXP 	Trigger_txt1: autoDraw = True
40.3451 	EXP 	Trigger_img1: autoDraw = False
40.3451 	EXP 	Trigger_txt1: autoDraw = False
40.3613 	EXP 	Target_ins1: autoDraw = True
40.3613 	EXP 	Target_img1: autoDraw = True
40.3613 	EXP 	txtinp: autoDraw = True
42.5931 	DATA 	Keypress: m
42.8594 	DATA 	Keypress: u
42.9759 	DATA 	Keypress: s
43.1590 	DATA 	Keypress: a
43.3922 	DATA 	Keypress: b
43.6918 	DATA 	Keypress: return
43.7095 	EXP 	window1: recordFrameIntervals = False
43.7249 	EXP 	Target_ins1: autoDraw = False
43.7249 	EXP 	Trigger_img1: autoDraw = False
43.7249 	EXP 	Target_img1: autoDraw = False
43.7249 	EXP 	Trigger_txt1: autoDraw = False
43.7249 	EXP 	txtinp: autoDraw = False
43.7250 	EXP 	window1: recordFrameIntervals = False
44.4502 	EXP 	image_6: autoDraw = True
46.9221 	DATA 	Keypress: space
46.9224 	EXP 	window1: recordFrameIntervals = False
46.9393 	EXP 	image_6: autoDraw = False
46.9395 	EXP 	window1: recordFrameIntervals = False
47.9289 	EXP 	Imported Lists\Voi_FC.xlsx as conditions, 4 conditions, 10 params
47.9293 	EXP 	Created sequence: random, trialTypes=4, nReps=1, seed=None
47.9299 	EXP 	New trial (rep=0, index=0): OrderedDict([('Trigger_txt', 'nasapu'), ('a', 'nasap'), ('k', 'nasab'), ('New_seg', 'Given'), ('Type', 'Alt'), ('Target_img', 'Images/spear.jpg'), ('Trigger_img', 'Images/spear_pl.jpg'), ('Final_C', 'b'), ('Corr', 'k'), ('Target', 'sg')])
47.9799 	EXP 	Trigger_img2: size = array([0.18333333, 0.98888889])
47.9799 	EXP 	Trigger_img2: image = 'Images/spear_pl.jpg'
47.9799 	EXP 	Target_img2: size = array([0.08333333, 0.98888889])
47.9799 	EXP 	Target_img2: image = 'Images/spear.jpg'
47.9799 	EXP 	Trigger_txt2: text = 'nasapu'
47.9799 	EXP 	Resp_a: text = 'nasap'
47.9799 	EXP 	Resp_b: text = 'nasab'
47.9799 	EXP 	Trigger_ins2: autoDraw = True
47.9799 	EXP 	Trigger_img2: autoDraw = True
47.9799 	EXP 	Trigger_txt2: autoDraw = True
51.9502 	EXP 	Trigger_ins2: autoDraw = False
51.9502 	EXP 	Target_ins2: autoDraw = True
51.9502 	EXP 	Trigger_img2: autoDraw = False
51.9502 	EXP 	Target_img2: autoDraw = True
51.9502 	EXP 	Trigger_txt2: autoDraw = False
51.9502 	EXP 	Target_instr_l: autoDraw = True
51.9502 	EXP 	Target_instr_r: autoDraw = True
51.9502 	EXP 	Resp_a: autoDraw = True
51.9502 	EXP 	Resp_b: autoDraw = True
55.1143 	DATA 	Keypress: escape
55.1393 	EXP 	window1: mouseVisible = True
