4.7099 	EXP 	Created window1 = Window(allowGUI=False, allowStencil=False, args=UNKNOWN, autoLog=True, bitsMode=UNKNOWN, blendMode='avg', color=array([1., 1., 1.]), colorSpace='rgb', fullscr=<method-wrapper '__getattribute__' of attributeSetter object at 0x0DD2C210>, gamma=None, kwargs=UNKNOWN, lms=UNKNOWN, monitor=<psychopy.monitors.calibTools.Monitor object at 0x0F934CF0>, multiSample=False, name='window1', numSamples=2, pos=[0.0, 0.0], screen=0, size=array([1920, 1080]), stereo=False, units='norm', useFBO=True, useRetina=False, viewOri=0.0, viewPos=None, viewScale=None, waitBlanking=True, winType='pyglet')
4.7100 	EXP 	window1: recordFrameIntervals = False
4.8738 	EXP 	window1: recordFrameIntervals = True
5.0577 	EXP 	window1: recordFrameIntervals = False
5.1539 	EXP 	Created lub = ImageStim(__class__=<class 'psychopy.visual.image.ImageStim'>, autoLog=True, color=array([1., 1., 1.]), colorSpace='rgb', contrast=1.0, depth=-1.0, flipHoriz=False, flipVert=False, image='Images/Instruction_Screen.png', interpolate=True, mask=None, maskParams=None, name='lub', opacity=1.0, ori=0.0, pos=array([0., 0.]), size=array([2., 2.]), texRes=128, units='norm', win=Window(...))
5.1600 	EXP 	Created fixation = ShapeStim(__class__=<class 'psychopy.visual.shape.ShapeStim'>, autoDraw=False, autoLog=True, closeShape=True, contrast=1.0, depth=-1.0, fillColor=array([-1., -1., -1.]), fillColorSpace='rgb', interpolate=True, lineColor=array([1., 1., 1.]), lineColorSpace='rgb', lineWidth=1, name='fixation', opacity=1.0, ori=array(0.), pos=array([0., 0.]), size=array([0.5, 0.5]), units='deg', vertices=ndarray(...), win=Window(...), windingRule=None)
5.1626 	EXP 	Created Sing_img = ImageStim(__class__=<class 'psychopy.visual.image.ImageStim'>, autoLog=True, color=array([1., 1., 1.]), colorSpace='rgb', contrast=1.0, depth=0.0, flipHoriz=False, flipVert=False, image='sin', interpolate=True, mask=None, maskParams=None, name='Sing_img', opacity=1.0, ori=0.0, pos=array([0. , 0.2]), size=array([0.5, 0.5]), texRes=128, units='norm', win=Window(...))
5.1647 	EXP 	Created Pl_img = ImageStim(__class__=<class 'psychopy.visual.image.ImageStim'>, autoLog=True, color=array([1., 1., 1.]), colorSpace='rgb', contrast=1.0, depth=-1.0, flipHoriz=False, flipVert=False, image='sin', interpolate=True, mask=None, maskParams=None, name='Pl_img', opacity=1.0, ori=0.0, pos=array([0. , 0.2]), size=array([0.5, 0.5]), texRes=128, units='norm', win=Window(...))
5.2485 	EXP 	Created Sing_txt = TextStim(__class__=<class 'psychopy.visual.text.TextStim'>, alignHoriz='center', alignVert='center', antialias=True, autoLog=True, bold=False, color=array([ 1., -1., -1.]), colorSpace='rgb', contrast=1.0, depth=-2.0, flipHoriz=False, flipVert=False, font='Arial', fontFiles=[], height=0.3, italic=False, languageStyle='LTR', name='Sing_txt', opacity=1.0, ori=0, pos=array([ 0. , -0.6]), rgb=array([ 1., -1., -1.]), text='default text', units='norm', win=Window(...), wrapWidth=1)
5.2557 	EXP 	Created Pl_txt = TextStim(__class__=<class 'psychopy.visual.text.TextStim'>, alignHoriz='center', alignVert='center', antialias=True, autoLog=True, bold=False, color=array([ 1., -1., -1.]), colorSpace='rgb', contrast=1.0, depth=-3.0, flipHoriz=False, flipVert=False, font='Arial', fontFiles=[], height=0.3, italic=False, languageStyle='LTR', name='Pl_txt', opacity=1.0, ori=0, pos=array([ 0. , -0.6]), rgb=array([ 1., -1., -1.]), text='default text', units='norm', win=Window(...), wrapWidth=1)
5.2857 	EXP 	Created image_3 = ImageStim(__class__=<class 'psychopy.visual.image.ImageStim'>, autoLog=True, color=array([1., 1., 1.]), colorSpace='rgb', contrast=1.0, depth=0.0, flipHoriz=False, flipVert=False, image='Images/Instruction_Screen_Prod.png', interpolate=True, mask=None, maskParams=None, name='image_3', opacity=1.0, ori=0.0, pos=array([0., 0.]), size=array([2., 2.]), texRes=128, units='norm', win=Window(...))
5.2874 	EXP 	Created fixation = ShapeStim(__class__=<class 'psychopy.visual.shape.ShapeStim'>, autoDraw=False, autoLog=True, closeShape=True, contrast=1.0, depth=-1.0, fillColor=array([-1., -1., -1.]), fillColorSpace='rgb', interpolate=True, lineColor=array([1., 1., 1.]), lineColorSpace='rgb', lineWidth=1, name='fixation', opacity=1.0, ori=array(0.), pos=array([0., 0.]), size=array([0.5, 0.5]), units='deg', vertices=ndarray(...), win=Window(...), windingRule=None)
5.3100 	EXP 	Created Target_ins1 = TextStim(__class__=<class 'psychopy.visual.text.TextStim'>, alignHoriz='center', alignVert='center', antialias=True, autoLog=True, bold=False, color=array([-1., -1., -1.]), colorSpace='rgb', contrast=1.0, depth=0.0, flipHoriz=False, flipVert=False, font='Arial', fontFiles=[], height=0.1, italic=False, languageStyle='LTR', name='Target_ins1', opacity=1.0, ori=0, pos=array([0.  , 0.85]), rgb=array([-1., -1., -1.]), text='default text', units='norm', win=Window(...), wrapWidth=1)
5.3120 	EXP 	Created Trigger_img1 = ImageStim(__class__=<class 'psychopy.visual.image.ImageStim'>, autoLog=True, color=array([1., 1., 1.]), colorSpace='rgb', contrast=1.0, depth=-1.0, flipHoriz=False, flipVert=False, image='sin', interpolate=True, mask=None, maskParams=None, name='Trigger_img1', opacity=1.0, ori=0.0, pos=array([0. , 0.2]), size=array([0.5, 0.5]), texRes=128, units='norm', win=Window(...))
5.3140 	EXP 	Created Target_img1 = ImageStim(__class__=<class 'psychopy.visual.image.ImageStim'>, autoLog=True, color=array([1., 1., 1.]), colorSpace='rgb', contrast=1.0, depth=-2.0, flipHoriz=False, flipVert=False, image='sin', interpolate=True, mask=None, maskParams=None, name='Target_img1', opacity=1.0, ori=0.0, pos=array([0. , 0.2]), size=array([0.5, 0.5]), texRes=128, units='norm', win=Window(...))
5.3213 	EXP 	Created Trigger_txt1 = TextStim(__class__=<class 'psychopy.visual.text.TextStim'>, alignHoriz='center', alignVert='center', antialias=True, autoLog=True, bold=False, color=array([ 1., -1., -1.]), colorSpace='rgb', contrast=1.0, depth=-3.0, flipHoriz=False, flipVert=False, font='Arial', fontFiles=[], height=0.3, italic=False, languageStyle='LTR', name='Trigger_txt1', opacity=1.0, ori=0, pos=array([ 0. , -0.6]), rgb=array([ 1., -1., -1.]), text='default text', units='norm', win=Window(...), wrapWidth=1)
5.3283 	EXP 	Created txtinp = TextStim(__class__=<class 'psychopy.visual.text.TextStim'>, alignHoriz='center', alignVert='center', antialias=True, autoLog=True, bold=False, color=array([ 1., -1., -1.]), colorSpace='rgb', contrast=1.0, depth=-5.0, flipHoriz=False, flipVert=False, font='Arial', fontFiles=[], height=0.3, italic=False, languageStyle='LTR', name='txtinp', opacity=1.0, ori=0, pos=array([ 0. , -0.6]), rgb=array([ 1., -1., -1.]), text='default text', units='norm', win=Window(...), wrapWidth=1)
5.3581 	EXP 	Created image_6 = ImageStim(__class__=<class 'psychopy.visual.image.ImageStim'>, autoLog=True, color=array([1., 1., 1.]), colorSpace='rgb', contrast=1.0, depth=0.0, flipHoriz=False, flipVert=False, image='Images/Instruction_Screen_FC.png', interpolate=True, mask=None, maskParams=None, name='image_6', opacity=1.0, ori=0.0, pos=array([0., 0.]), size=array([2., 2.]), texRes=128, units='norm', win=Window(...))
5.3597 	EXP 	Created fixation = ShapeStim(__class__=<class 'psychopy.visual.shape.ShapeStim'>, autoDraw=False, autoLog=True, closeShape=True, contrast=1.0, depth=-1.0, fillColor=array([-1., -1., -1.]), fillColorSpace='rgb', interpolate=True, lineColor=array([1., 1., 1.]), lineColorSpace='rgb', lineWidth=1, name='fixation', opacity=1.0, ori=array(0.), pos=array([0., 0.]), size=array([0.5, 0.5]), units='deg', vertices=ndarray(...), win=Window(...), windingRule=None)
5.3650 	EXP 	Created Target_ins2 = TextStim(__class__=<class 'psychopy.visual.text.TextStim'>, alignHoriz='center', alignVert='center', antialias=True, autoLog=True, bold=False, color=array([-1., -1., -1.]), colorSpace='rgb', contrast=1.0, depth=0.0, flipHoriz=False, flipVert=False, font='Arial', fontFiles=[], height=0.1, italic=False, languageStyle='LTR', name='Target_ins2', opacity=1.0, ori=0, pos=array([0.  , 0.85]), rgb=array([-1., -1., -1.]), text='default text', units='norm', win=Window(...), wrapWidth=1)
5.3674 	EXP 	Created Trigger_img2 = ImageStim(__class__=<class 'psychopy.visual.image.ImageStim'>, autoLog=True, color=array([1., 1., 1.]), colorSpace='rgb', contrast=1.0, depth=-1.0, flipHoriz=False, flipVert=False, image='sin', interpolate=True, mask=None, maskParams=None, name='Trigger_img2', opacity=1.0, ori=0.0, pos=array([0. , 0.2]), size=array([0.5, 0.5]), texRes=128, units='norm', win=Window(...))
5.3697 	EXP 	Created Target_img2 = ImageStim(__class__=<class 'psychopy.visual.image.ImageStim'>, autoLog=True, color=array([1., 1., 1.]), colorSpace='rgb', contrast=1.0, depth=-2.0, flipHoriz=False, flipVert=False, image='sin', interpolate=True, mask=None, maskParams=None, name='Target_img2', opacity=1.0, ori=0.0, pos=array([0. , 0.2]), size=array([0.5, 0.5]), texRes=128, units='norm', win=Window(...))
5.3767 	EXP 	Created Trigger_txt2 = TextStim(__class__=<class 'psychopy.visual.text.TextStim'>, alignHoriz='center', alignVert='center', antialias=True, autoLog=True, bold=False, color=array([ 1., -1., -1.]), colorSpace='rgb', contrast=1.0, depth=-3.0, flipHoriz=False, flipVert=False, font='Arial', fontFiles=[], height=0.3, italic=False, languageStyle='LTR', name='Trigger_txt2', opacity=1.0, ori=0, pos=array([ 0. , -0.6]), rgb=array([ 1., -1., -1.]), text='default text', units='norm', win=Window(...), wrapWidth=1)
5.4018 	EXP 	Created Target_instr_l = TextStim(__class__=<class 'psychopy.visual.text.TextStim'>, alignHoriz='center', alignVert='center', antialias=True, autoLog=True, bold=False, color=array([-1., -1., -1.]), colorSpace='rgb', contrast=1.0, depth=-4.0, flipHoriz=False, flipVert=False, font='Arial', fontFiles=[], height=0.08, italic=False, languageStyle='LTR', name='Target_instr_l', opacity=1.0, ori=0, pos=array([-0.5, -0.9]), rgb=array([-1., -1., -1.]), text='Press a\n\n', units='norm', win=Window(...), wrapWidth=1)
5.4080 	EXP 	Created Target_instr_r = TextStim(__class__=<class 'psychopy.visual.text.TextStim'>, alignHoriz='center', alignVert='center', antialias=True, autoLog=True, bold=False, color=array([-1., -1., -1.]), colorSpace='rgb', contrast=1.0, depth=-5.0, flipHoriz=False, flipVert=False, font='Arial', fontFiles=[], height=0.08, italic=False, languageStyle='LTR', name='Target_instr_r', opacity=1.0, ori=0, pos=array([ 0.5, -0.8]), rgb=array([-1., -1., -1.]), text='Press k', units='norm', win=Window(...), wrapWidth=1)
5.4147 	EXP 	Created Resp_a = TextStim(__class__=<class 'psychopy.visual.text.TextStim'>, alignHoriz='center', alignVert='center', antialias=True, autoLog=True, bold=False, color=array([ 1., -1., -1.]), colorSpace='rgb', contrast=1.0, depth=-7.0, flipHoriz=False, flipVert=False, font='Arial', fontFiles=[], height=0.3, italic=False, languageStyle='LTR', name='Resp_a', opacity=1.0, ori=0, pos=array([-0.5, -0.6]), rgb=array([ 1., -1., -1.]), text='default text', units='norm', win=Window(...), wrapWidth=1)
5.4214 	EXP 	Created Resp_b = TextStim(__class__=<class 'psychopy.visual.text.TextStim'>, alignHoriz='center', alignVert='center', antialias=True, autoLog=True, bold=False, color=array([ 1., -1., -1.]), colorSpace='rgb', contrast=1.0, depth=-8.0, flipHoriz=False, flipVert=False, font='Arial', fontFiles=[], height=0.3, italic=False, languageStyle='LTR', name='Resp_b', opacity=1.0, ori=0, pos=array([ 0.5, -0.6]), rgb=array([ 1., -1., -1.]), text='default text', units='norm', win=Window(...), wrapWidth=1)
5.4395 	EXP 	Created text = TextStim(__class__=<class 'psychopy.visual.text.TextStim'>, alignHoriz='center', alignVert='center', antialias=True, autoLog=True, bold=False, color=array([-1., -1., -1.]), colorSpace='rgb', contrast=1.0, depth=0.0, flipHoriz=False, flipVert=False, font='Arial', fontFiles=[], height=0.1, italic=False, languageStyle='LTR', name='text', opacity=1.0, ori=0, pos=array([0., 0.]), rgb=array([-1., -1., -1.]), text='Thank you very much for participating!', units='norm', win=Window(...), wrapWidth=1)
5.4516 	EXP 	Imported Lists\block.xlsx as conditions, 1 conditions, 1 params
5.4519 	EXP 	Created sequence: random, trialTypes=1, nReps=1, seed=None
5.4522 	EXP 	New trial (rep=0, index=0): OrderedDict([('lists', 'Lists/voicing.xlsx')])
5.4593 	EXP 	lub: autoDraw = True
6.3719 	DATA 	Keypress: space
6.3727 	EXP 	window1: recordFrameIntervals = False
6.3934 	EXP 	lub: autoDraw = False
6.3934 	EXP 	fixation: autoDraw = True
6.3936 	EXP 	window1: recordFrameIntervals = False
7.3981 	EXP 	Imported Lists/voicing.xlsx as conditions, 3 conditions, 14 params
7.3984 	EXP 	Created sequence: random, trialTypes=3, nReps=1, seed=None
7.3989 	EXP 	New trial (rep=0, index=0): OrderedDict([('trig', 'musab'), ('targ', 'musapu'), ('type', 'alt'), ('trig_img', 'Images/apple.jpg'), ('targ_img', 'Images/apple_pl.jpg'), ('final_c', 'b'), ('new', None), ('num', None), ('instr', None), ('a', None), ('k', None), ('corr', None), ('lang', 'voicing'), ('phase', 'exposure')])
7.4569 	EXP 	fixation: autoDraw = False
7.4569 	EXP 	fixation: autoDraw = False
7.4569 	EXP 	Sing_img: size = array([0.45, 0.8 ])
7.4569 	EXP 	Sing_img: image = 'Images/apple.jpg'
7.4569 	EXP 	Pl_img: size = array([0.55416667, 0.44444444])
7.4569 	EXP 	Pl_img: image = 'Images/apple_pl.jpg'
7.4569 	EXP 	Sing_txt: text = 'musab'
7.4569 	EXP 	Pl_txt: text = 'musapu'
7.4569 	EXP 	Sing_img: autoDraw = True
7.4569 	EXP 	Sing_txt: autoDraw = True
10.4178 	EXP 	Sing_img: autoDraw = False
10.4178 	EXP 	Pl_img: autoDraw = True
10.4178 	EXP 	Sing_txt: autoDraw = False
10.4178 	EXP 	Pl_txt: autoDraw = True
13.3821 	EXP 	window1: recordFrameIntervals = False
13.4031 	EXP 	Sing_img: autoDraw = False
13.4031 	EXP 	Pl_img: autoDraw = False
13.4031 	EXP 	Sing_txt: autoDraw = False
13.4031 	EXP 	Pl_txt: autoDraw = False
13.4036 	EXP 	window1: recordFrameIntervals = False
14.1194 	EXP 	New trial (rep=0, index=1): OrderedDict([('trig', 'samug'), ('targ', 'samuku'), ('type', 'alt'), ('trig_img', 'Images/sleigh.jpg'), ('targ_img', 'Images/sleigh_pl.jpg'), ('final_c', 'g'), ('new', None), ('num', None), ('instr', None), ('a', None), ('k', None), ('corr', None), ('lang', 'voicing'), ('phase', 'exposure')])
14.1843 	EXP 	Sing_img: size = array([0.57291667, 0.57777778])
14.1843 	EXP 	Sing_img: image = 'Images/sleigh.jpg'
14.1843 	EXP 	Pl_img: size = array([0.41666667, 0.84074074])
14.1843 	EXP 	Pl_img: image = 'Images/sleigh_pl.jpg'
14.1843 	EXP 	Sing_txt: text = 'samug'
14.1843 	EXP 	Pl_txt: text = 'samuku'
14.1843 	EXP 	Sing_img: autoDraw = True
14.1843 	EXP 	Sing_txt: autoDraw = True
17.1282 	EXP 	Sing_img: autoDraw = False
17.1282 	EXP 	Sing_txt: autoDraw = False
17.1446 	EXP 	Pl_img: autoDraw = True
17.1446 	EXP 	Pl_txt: autoDraw = True
20.1147 	EXP 	window1: recordFrameIntervals = False
20.1251 	EXP 	Pl_img: autoDraw = False
20.1251 	EXP 	Pl_txt: autoDraw = False
20.1251 	EXP 	Sing_img: autoDraw = False
20.1251 	EXP 	Pl_img: autoDraw = False
20.1251 	EXP 	Sing_txt: autoDraw = False
20.1251 	EXP 	Pl_txt: autoDraw = False
20.1255 	EXP 	window1: recordFrameIntervals = False
20.8499 	EXP 	New trial (rep=0, index=2): OrderedDict([('trig', 'rinag'), ('targ', 'rinaku'), ('type', 'alt'), ('trig_img', 'Images/pen.jpg'), ('targ_img', 'Images/pen_pl.jpg'), ('final_c', 'g'), ('new', None), ('num', None), ('instr', None), ('a', None), ('k', None), ('corr', None), ('lang', 'voicing'), ('phase', 'exposure')])
20.9097 	EXP 	Sing_img: size = array([0.72916667, 0.64814815])
20.9097 	EXP 	Sing_img: image = 'Images/pen.jpg'
20.9097 	EXP 	Pl_img: size = array([0.625    , 0.7462963])
20.9097 	EXP 	Pl_img: image = 'Images/pen_pl.jpg'
20.9097 	EXP 	Sing_txt: text = 'rinag'
20.9097 	EXP 	Pl_txt: text = 'rinaku'
20.9097 	EXP 	Sing_img: autoDraw = True
20.9097 	EXP 	Sing_txt: autoDraw = True
23.8548 	EXP 	Sing_img: autoDraw = False
23.8548 	EXP 	Sing_txt: autoDraw = False
23.8713 	EXP 	Pl_img: autoDraw = True
23.8713 	EXP 	Pl_txt: autoDraw = True
26.8403 	EXP 	window1: recordFrameIntervals = False
26.8519 	EXP 	Pl_img: autoDraw = False
26.8519 	EXP 	Pl_txt: autoDraw = False
26.8519 	EXP 	Sing_img: autoDraw = False
26.8519 	EXP 	Pl_img: autoDraw = False
26.8519 	EXP 	Sing_txt: autoDraw = False
26.8519 	EXP 	Pl_txt: autoDraw = False
26.8523 	EXP 	window1: recordFrameIntervals = False
27.5827 	EXP 	image_3: autoDraw = True
28.4674 	DATA 	Keypress: space
28.4693 	EXP 	window1: recordFrameIntervals = False
28.4832 	EXP 	image_3: autoDraw = False
28.4832 	EXP 	fixation: autoDraw = True
28.4835 	EXP 	window1: recordFrameIntervals = False
29.5193 	EXP 	window1: mouseVisible = True
