4.2885 	EXP 	Created window1 = Window(allowGUI=False, allowStencil=False, args=UNKNOWN, autoLog=True, bitsMode=UNKNOWN, blendMode='avg', color=array([1., 1., 1.]), colorSpace='rgb', fullscr=<method-wrapper '__getattribute__' of attributeSetter object at 0x0D47DFB0>, gamma=None, kwargs=UNKNOWN, lms=UNKNOWN, monitor=<psychopy.monitors.calibTools.Monitor object at 0x0F4E3A70>, multiSample=False, name='window1', numSamples=2, pos=[0.0, 0.0], screen=0, size=array([1920, 1080]), stereo=False, units='norm', useFBO=True, useRetina=False, viewOri=0.0, viewPos=None, viewScale=None, waitBlanking=True, winType='pyglet')
4.2886 	EXP 	window1: recordFrameIntervals = False
4.4548 	EXP 	window1: recordFrameIntervals = True
4.6376 	EXP 	window1: recordFrameIntervals = False
4.6912 	EXP 	Created lub = ImageStim(__class__=<class 'psychopy.visual.image.ImageStim'>, autoLog=True, color=array([1., 1., 1.]), colorSpace='rgb', contrast=1.0, depth=-1.0, flipHoriz=False, flipVert=False, image='Images/Instruction_Screen.png', interpolate=True, mask=None, maskParams=None, name='lub', opacity=1.0, ori=0.0, pos=array([0., 0.]), size=array([2., 2.]), texRes=128, units='norm', win=Window(...))
4.6950 	EXP 	Created Sing_img = ImageStim(__class__=<class 'psychopy.visual.image.ImageStim'>, autoLog=True, color=array([1., 1., 1.]), colorSpace='rgb', contrast=1.0, depth=0.0, flipHoriz=False, flipVert=False, image='sin', interpolate=True, mask=None, maskParams=None, name='Sing_img', opacity=1.0, ori=0.0, pos=array([0. , 0.2]), size=array([0.5, 0.5]), texRes=128, units='norm', win=Window(...))
4.6980 	EXP 	Created Pl_img = ImageStim(__class__=<class 'psychopy.visual.image.ImageStim'>, autoLog=True, color=array([1., 1., 1.]), colorSpace='rgb', contrast=1.0, depth=-1.0, flipHoriz=False, flipVert=False, image='sin', interpolate=True, mask=None, maskParams=None, name='Pl_img', opacity=1.0, ori=0.0, pos=array([0. , 0.2]), size=array([0.5, 0.5]), texRes=128, units='norm', win=Window(...))
4.8055 	EXP 	Created Sing_txt = TextStim(__class__=<class 'psychopy.visual.text.TextStim'>, alignHoriz='center', alignVert='center', antialias=True, autoLog=True, bold=False, color=array([ 1., -1., -1.]), colorSpace='rgb', contrast=1.0, depth=-2.0, flipHoriz=False, flipVert=False, font='Arial', fontFiles=[], height=0.3, italic=False, languageStyle='LTR', name='Sing_txt', opacity=1.0, ori=0, pos=array([ 0. , -0.6]), rgb=array([ 1., -1., -1.]), text='default text', units='norm', win=Window(...), wrapWidth=1)
4.8157 	EXP 	Created Pl_txt = TextStim(__class__=<class 'psychopy.visual.text.TextStim'>, alignHoriz='center', alignVert='center', antialias=True, autoLog=True, bold=False, color=array([ 1., -1., -1.]), colorSpace='rgb', contrast=1.0, depth=-3.0, flipHoriz=False, flipVert=False, font='Arial', fontFiles=[], height=0.3, italic=False, languageStyle='LTR', name='Pl_txt', opacity=1.0, ori=0, pos=array([ 0. , -0.6]), rgb=array([ 1., -1., -1.]), text='default text', units='norm', win=Window(...), wrapWidth=1)
4.8523 	EXP 	Created image_3 = ImageStim(__class__=<class 'psychopy.visual.image.ImageStim'>, autoLog=True, color=array([1., 1., 1.]), colorSpace='rgb', contrast=1.0, depth=0.0, flipHoriz=False, flipVert=False, image='Images/Instruction_Screen_Prod.png', interpolate=True, mask=None, maskParams=None, name='image_3', opacity=1.0, ori=0.0, pos=array([0., 0.]), size=array([2., 2.]), texRes=128, units='norm', win=Window(...))
4.8794 	EXP 	Created Target_ins1 = TextStim(__class__=<class 'psychopy.visual.text.TextStim'>, alignHoriz='center', alignVert='center', antialias=True, autoLog=True, bold=False, color=array([-1., -1., -1.]), colorSpace='rgb', contrast=1.0, depth=0.0, flipHoriz=False, flipVert=False, font='Arial', fontFiles=[], height=0.1, italic=False, languageStyle='LTR', name='Target_ins1', opacity=1.0, ori=0, pos=array([0. , 0.9]), rgb=array([-1., -1., -1.]), text='default text', units='norm', win=Window(...), wrapWidth=1)
4.8824 	EXP 	Created Trigger_img1 = ImageStim(__class__=<class 'psychopy.visual.image.ImageStim'>, autoLog=True, color=array([1., 1., 1.]), colorSpace='rgb', contrast=1.0, depth=-1.0, flipHoriz=False, flipVert=False, image='sin', interpolate=True, mask=None, maskParams=None, name='Trigger_img1', opacity=1.0, ori=0.0, pos=array([0. , 0.2]), size=array([0.5, 0.5]), texRes=128, units='norm', win=Window(...))
4.8852 	EXP 	Created Target_img1 = ImageStim(__class__=<class 'psychopy.visual.image.ImageStim'>, autoLog=True, color=array([1., 1., 1.]), colorSpace='rgb', contrast=1.0, depth=-2.0, flipHoriz=False, flipVert=False, image='sin', interpolate=True, mask=None, maskParams=None, name='Target_img1', opacity=1.0, ori=0.0, pos=array([0. , 0.2]), size=array([0.5, 0.5]), texRes=128, units='norm', win=Window(...))
4.8948 	EXP 	Created Trigger_txt1 = TextStim(__class__=<class 'psychopy.visual.text.TextStim'>, alignHoriz='center', alignVert='center', antialias=True, autoLog=True, bold=False, color=array([ 1., -1., -1.]), colorSpace='rgb', contrast=1.0, depth=-3.0, flipHoriz=False, flipVert=False, font='Arial', fontFiles=[], height=0.3, italic=False, languageStyle='LTR', name='Trigger_txt1', opacity=1.0, ori=0, pos=array([ 0. , -0.6]), rgb=array([ 1., -1., -1.]), text='default text', units='norm', win=Window(...), wrapWidth=1)
4.9033 	EXP 	Created txtinp = TextStim(__class__=<class 'psychopy.visual.text.TextStim'>, alignHoriz='center', alignVert='center', antialias=True, autoLog=True, bold=False, color=array([ 1., -1., -1.]), colorSpace='rgb', contrast=1.0, depth=-5.0, flipHoriz=False, flipVert=False, font='Arial', fontFiles=[], height=0.3, italic=False, languageStyle='LTR', name='txtinp', opacity=1.0, ori=0, pos=array([ 0. , -0.6]), rgb=array([ 1., -1., -1.]), text='default text', units='norm', win=Window(...), wrapWidth=1)
4.9379 	EXP 	Created image_6 = ImageStim(__class__=<class 'psychopy.visual.image.ImageStim'>, autoLog=True, color=array([1., 1., 1.]), colorSpace='rgb', contrast=1.0, depth=0.0, flipHoriz=False, flipVert=False, image='Images/Instruction_Screen_FC.png', interpolate=True, mask=None, maskParams=None, name='image_6', opacity=1.0, ori=0.0, pos=array([0., 0.]), size=array([2., 2.]), texRes=128, units='norm', win=Window(...))
4.9757 	EXP 	Created Target_ins2 = TextStim(__class__=<class 'psychopy.visual.text.TextStim'>, alignHoriz='center', alignVert='center', antialias=True, autoLog=True, bold=False, color=array([-1., -1., -1.]), colorSpace='rgb', contrast=1.0, depth=0.0, flipHoriz=False, flipVert=False, font='Arial', fontFiles=[], height=0.1, italic=False, languageStyle='LTR', name='Target_ins2', opacity=1.0, ori=0, pos=array([0. , 0.9]), rgb=array([-1., -1., -1.]), text=str(...), units='norm', win=Window(...), wrapWidth=1)
4.9785 	EXP 	Created Trigger_img2 = ImageStim(__class__=<class 'psychopy.visual.image.ImageStim'>, autoLog=True, color=array([1., 1., 1.]), colorSpace='rgb', contrast=1.0, depth=-1.0, flipHoriz=False, flipVert=False, image='sin', interpolate=True, mask=None, maskParams=None, name='Trigger_img2', opacity=1.0, ori=0.0, pos=array([0. , 0.2]), size=array([0.5, 0.5]), texRes=128, units='norm', win=Window(...))
4.9810 	EXP 	Created Target_img2 = ImageStim(__class__=<class 'psychopy.visual.image.ImageStim'>, autoLog=True, color=array([1., 1., 1.]), colorSpace='rgb', contrast=1.0, depth=-2.0, flipHoriz=False, flipVert=False, image='sin', interpolate=True, mask=None, maskParams=None, name='Target_img2', opacity=1.0, ori=0.0, pos=array([0. , 0.2]), size=array([0.5, 0.5]), texRes=128, units='norm', win=Window(...))
4.9907 	EXP 	Created Trigger_txt2 = TextStim(__class__=<class 'psychopy.visual.text.TextStim'>, alignHoriz='center', alignVert='center', antialias=True, autoLog=True, bold=False, color=array([ 1., -1., -1.]), colorSpace='rgb', contrast=1.0, depth=-3.0, flipHoriz=False, flipVert=False, font='Arial', fontFiles=[], height=0.3, italic=False, languageStyle='LTR', name='Trigger_txt2', opacity=1.0, ori=0, pos=array([ 0. , -0.6]), rgb=array([ 1., -1., -1.]), text='default text', units='norm', win=Window(...), wrapWidth=1)
5.0056 	EXP 	Created Target_instr_l = TextStim(__class__=<class 'psychopy.visual.text.TextStim'>, alignHoriz='center', alignVert='center', antialias=True, autoLog=True, bold=False, color=array([-1., -1., -1.]), colorSpace='rgb', contrast=1.0, depth=-4.0, flipHoriz=False, flipVert=False, font='Arial', fontFiles=[], height=0.08, italic=False, languageStyle='LTR', name='Target_instr_l', opacity=1.0, ori=0, pos=array([-0.5 , -0.85]), rgb=array([-1., -1., -1.]), text='Press a\n\n', units='norm', win=Window(...), wrapWidth=1)
5.0135 	EXP 	Created Target_instr_r = TextStim(__class__=<class 'psychopy.visual.text.TextStim'>, alignHoriz='center', alignVert='center', antialias=True, autoLog=True, bold=False, color=array([-1., -1., -1.]), colorSpace='rgb', contrast=1.0, depth=-5.0, flipHoriz=False, flipVert=False, font='Arial', fontFiles=[], height=0.08, italic=False, languageStyle='LTR', name='Target_instr_r', opacity=1.0, ori=0, pos=array([ 0.5 , -0.75]), rgb=array([-1., -1., -1.]), text='Press k', units='norm', win=Window(...), wrapWidth=1)
5.0232 	EXP 	Created Resp_a = TextStim(__class__=<class 'psychopy.visual.text.TextStim'>, alignHoriz='center', alignVert='center', antialias=True, autoLog=True, bold=False, color=array([ 1., -1., -1.]), colorSpace='rgb', contrast=1.0, depth=-7.0, flipHoriz=False, flipVert=False, font='Arial', fontFiles=[], height=0.3, italic=False, languageStyle='LTR', name='Resp_a', opacity=1.0, ori=0, pos=array([-0.5, -0.6]), rgb=array([ 1., -1., -1.]), text='default text', units='norm', win=Window(...), wrapWidth=1)
5.0325 	EXP 	Created Resp_b = TextStim(__class__=<class 'psychopy.visual.text.TextStim'>, alignHoriz='center', alignVert='center', antialias=True, autoLog=True, bold=False, color=array([ 1., -1., -1.]), colorSpace='rgb', contrast=1.0, depth=-8.0, flipHoriz=False, flipVert=False, font='Arial', fontFiles=[], height=0.3, italic=False, languageStyle='LTR', name='Resp_b', opacity=1.0, ori=0, pos=array([ 0.5, -0.6]), rgb=array([ 1., -1., -1.]), text='default text', units='norm', win=Window(...), wrapWidth=1)
5.0413 	EXP 	lub: autoDraw = True
6.9019 	DATA 	Keypress: space
6.9022 	EXP 	window1: recordFrameIntervals = False
6.9181 	EXP 	lub: autoDraw = False
6.9182 	EXP 	window1: recordFrameIntervals = False
7.9143 	EXP 	Imported Lists\Voi_exposure.xlsx as conditions, 3 conditions, 6 params
7.9148 	EXP 	Created sequence: random, trialTypes=3, nReps=1, seed=None
7.9153 	EXP 	New trial (rep=0, index=0): OrderedDict([('Plural', 'larupu'), ('Singular', 'larub'), ('Type', 'Alt'), ('Picture', 'Images/rock.jpg'), ('Picture_pl', 'Images/rock_pl.jpg'), ('Final_C', 'b')])
7.9836 	EXP 	Sing_img: size = array([0.5625    , 0.66666667])
7.9836 	EXP 	Sing_img: image = 'Images/rock.jpg'
7.9836 	EXP 	Pl_img: size = array([0.76354167, 0.44444444])
7.9836 	EXP 	Pl_img: image = 'Images/rock_pl.jpg'
7.9836 	EXP 	Sing_txt: text = 'larub'
7.9836 	EXP 	Pl_txt: text = 'larupu'
7.9836 	EXP 	Sing_img: autoDraw = True
7.9836 	EXP 	Sing_txt: autoDraw = True
10.9313 	EXP 	Sing_img: autoDraw = False
10.9313 	EXP 	Sing_txt: autoDraw = False
10.9475 	EXP 	Pl_img: autoDraw = True
10.9475 	EXP 	Pl_txt: autoDraw = True
13.9116 	EXP 	window1: recordFrameIntervals = False
13.9288 	EXP 	Sing_img: autoDraw = False
13.9288 	EXP 	Pl_img: autoDraw = False
13.9288 	EXP 	Sing_txt: autoDraw = False
13.9288 	EXP 	Pl_txt: autoDraw = False
13.9290 	EXP 	window1: recordFrameIntervals = False
14.6455 	EXP 	New trial (rep=0, index=1): OrderedDict([('Plural', 'nalipu'), ('Singular', 'nalib'), ('Type', 'Alt'), ('Picture', 'Images/coin.jpg'), ('Picture_pl', 'Images/coin_pl.jpg'), ('Final_C', 'b')])
14.7051 	EXP 	Sing_img: size = array([0.4625    , 0.82037037])
14.7051 	EXP 	Sing_img: image = 'Images/coin.jpg'
14.7051 	EXP 	Pl_img: size = array([0.32395833, 1.16481481])
14.7051 	EXP 	Pl_img: image = 'Images/coin_pl.jpg'
14.7051 	EXP 	Sing_txt: text = 'nalib'
14.7051 	EXP 	Pl_txt: text = 'nalipu'
14.7051 	EXP 	Sing_img: autoDraw = True
14.7051 	EXP 	Sing_txt: autoDraw = True
17.6581 	EXP 	Sing_img: autoDraw = False
17.6581 	EXP 	Sing_txt: autoDraw = False
17.6745 	EXP 	Pl_img: autoDraw = True
17.6745 	EXP 	Pl_txt: autoDraw = True
20.6387 	EXP 	window1: recordFrameIntervals = False
20.6551 	EXP 	Pl_img: autoDraw = False
20.6551 	EXP 	Pl_txt: autoDraw = False
20.6551 	EXP 	Sing_img: autoDraw = False
20.6551 	EXP 	Pl_img: autoDraw = False
20.6551 	EXP 	Sing_txt: autoDraw = False
20.6551 	EXP 	Pl_txt: autoDraw = False
20.6553 	EXP 	window1: recordFrameIntervals = False
21.3713 	EXP 	New trial (rep=0, index=2): OrderedDict([('Plural', 'musapu'), ('Singular', 'musab'), ('Type', 'Alt'), ('Picture', 'Images/apple.jpg'), ('Picture_pl', 'Images/apple_pl.jpg'), ('Final_C', 'b')])
21.4249 	EXP 	Sing_img: size = array([0.45, 0.8 ])
21.4249 	EXP 	Sing_img: image = 'Images/apple.jpg'
21.4249 	EXP 	Pl_img: size = array([0.55416667, 0.44444444])
21.4249 	EXP 	Pl_img: image = 'Images/apple_pl.jpg'
21.4249 	EXP 	Sing_txt: text = 'musab'
21.4249 	EXP 	Pl_txt: text = 'musapu'
21.4249 	EXP 	Sing_img: autoDraw = True
21.4249 	EXP 	Sing_txt: autoDraw = True
24.3854 	EXP 	Sing_img: autoDraw = False
24.3854 	EXP 	Sing_txt: autoDraw = False
24.4016 	EXP 	Pl_img: autoDraw = True
24.4016 	EXP 	Pl_txt: autoDraw = True
27.3655 	EXP 	window1: recordFrameIntervals = False
27.3822 	EXP 	Pl_img: autoDraw = False
27.3822 	EXP 	Pl_txt: autoDraw = False
27.3822 	EXP 	Sing_img: autoDraw = False
27.3822 	EXP 	Pl_img: autoDraw = False
27.3822 	EXP 	Sing_txt: autoDraw = False
27.3822 	EXP 	Pl_txt: autoDraw = False
27.3824 	EXP 	window1: recordFrameIntervals = False
28.1087 	EXP 	image_3: autoDraw = True
31.8612 	DATA 	Keypress: space
31.8614 	EXP 	window1: recordFrameIntervals = False
31.8782 	EXP 	image_3: autoDraw = False
31.8783 	EXP 	window1: recordFrameIntervals = False
32.8677 	EXP 	Imported Lists\Voi_Prod.xlsx as conditions, 1 conditions, 9 params
32.8682 	EXP 	Created sequence: random, trialTypes=1, nReps=1, seed=None
32.8688 	EXP 	New trial (rep=0, index=0): OrderedDict([('Trigger_txt', 'musapu'), ('Target_txt', 'musab'), ('Type', 'Alt'), ('New', 'Given'), ('Target_img', 'Images/apple.jpg'), ('Trigger_img', 'Images/apple_pl.jpg'), ('Final_C', 'b'), ('Target', 'sg'), ('Number', 'Write the plural form on your keyboard - then press enter')])
32.9292 	EXP 	Target_ins1: text = 'Write the plural form on your keyboard - then press enter'
32.9292 	EXP 	Trigger_img1: size = array([0.55416667, 0.44444444])
32.9292 	EXP 	Trigger_img1: image = 'Images/apple_pl.jpg'
32.9292 	EXP 	Target_img1: size = array([0.45, 0.8 ])
32.9292 	EXP 	Target_img1: image = 'Images/apple.jpg'
32.9292 	EXP 	Trigger_txt1: text = 'musapu'
32.9292 	EXP 	txtinp: alignHoriz = 'center'
32.9292 	EXP 	Trigger_img1: autoDraw = True
32.9292 	EXP 	Trigger_txt1: autoDraw = True
37.8885 	EXP 	Target_ins1: autoDraw = True
37.8885 	EXP 	Trigger_img1: autoDraw = False
37.8885 	EXP 	Target_img1: autoDraw = True
37.8885 	EXP 	Trigger_txt1: autoDraw = False
37.8885 	EXP 	txtinp: autoDraw = True
40.3532 	DATA 	Keypress: m
40.6861 	DATA 	Keypress: u
40.8360 	DATA 	Keypress: s
41.0523 	DATA 	Keypress: a
41.4851 	DATA 	Keypress: b
43.9674 	DATA 	Keypress: return
44.0003 	EXP 	window1: recordFrameIntervals = False
44.0166 	EXP 	Target_ins1: autoDraw = False
44.0166 	EXP 	Trigger_img1: autoDraw = False
44.0166 	EXP 	Target_img1: autoDraw = False
44.0166 	EXP 	Trigger_txt1: autoDraw = False
44.0166 	EXP 	txtinp: autoDraw = False
44.0167 	EXP 	window1: recordFrameIntervals = False
44.7449 	EXP 	image_6: autoDraw = True
46.7468 	DATA 	Keypress: space
46.7471 	EXP 	window1: recordFrameIntervals = False
46.7632 	EXP 	image_6: autoDraw = False
46.7633 	EXP 	window1: recordFrameIntervals = False
47.7547 	EXP 	Imported Lists\Voi_FC.xlsx as conditions, 4 conditions, 10 params
47.7552 	EXP 	Created sequence: random, trialTypes=4, nReps=1, seed=None
47.7559 	EXP 	New trial (rep=0, index=0): OrderedDict([('Trigger_txt', 'sanub'), ('a', 'sanupu'), ('k', 'sanubu'), ('New_seg', 'Given'), ('Type', 'Alt'), ('Target_img', 'Images/hammock_pl.jpg'), ('Trigger_img', 'Images/hammock.jpg'), ('Final_C', 'b'), ('Corr', 'a'), ('Target', 'pl')])
47.8249 	EXP 	Trigger_img2: size = array([0.52083333, 0.56481481])
47.8249 	EXP 	Trigger_img2: image = 'Images/hammock.jpg'
47.8249 	EXP 	Target_img2: size = array([0.5, 0.9])
47.8249 	EXP 	Target_img2: image = 'Images/hammock_pl.jpg'
47.8249 	EXP 	Trigger_txt2: text = 'sanub'
47.8249 	EXP 	Resp_a: text = 'sanupu'
47.8249 	EXP 	Resp_b: text = 'sanubu'
47.8249 	EXP 	Trigger_img2: autoDraw = True
47.8249 	EXP 	Trigger_txt2: autoDraw = True
51.7750 	EXP 	Target_ins2: autoDraw = True
51.7750 	EXP 	Trigger_img2: autoDraw = False
51.7750 	EXP 	Target_img2: autoDraw = True
51.7750 	EXP 	Trigger_txt2: autoDraw = False
51.7750 	EXP 	Target_instr_l: autoDraw = True
51.7750 	EXP 	Target_instr_r: autoDraw = True
51.7750 	EXP 	Resp_a: autoDraw = True
51.7750 	EXP 	Resp_b: autoDraw = True
67.7765 	DATA 	Keypress: k
67.7776 	EXP 	window1: recordFrameIntervals = False
67.7933 	EXP 	Target_ins2: autoDraw = False
67.7933 	EXP 	Trigger_img2: autoDraw = False
67.7933 	EXP 	Target_img2: autoDraw = False
67.7933 	EXP 	Trigger_txt2: autoDraw = False
67.7933 	EXP 	Target_instr_l: autoDraw = False
67.7933 	EXP 	Target_instr_r: autoDraw = False
67.7933 	EXP 	Resp_a: autoDraw = False
67.7933 	EXP 	Resp_b: autoDraw = False
67.7935 	EXP 	window1: recordFrameIntervals = False
68.5107 	EXP 	New trial (rep=0, index=1): OrderedDict([('Trigger_txt', 'minupu'), ('a', 'minup'), ('k', 'minub'), ('New_seg', 'Given'), ('Type', 'Alt'), ('Target_img', 'Images/raindrop.jpg'), ('Trigger_img', 'Images/raindrop_pl.jpg'), ('Final_C', 'b'), ('Corr', 'k'), ('Target', 'sg')])
68.5669 	EXP 	Trigger_img2: size = array([0.46875   , 0.63518519])
68.5669 	EXP 	Trigger_img2: image = 'Images/raindrop_pl.jpg'
68.5669 	EXP 	Target_img2: size = array([0.29166667, 0.8       ])
68.5669 	EXP 	Target_img2: image = 'Images/raindrop.jpg'
68.5669 	EXP 	Trigger_txt2: text = 'minupu'
68.5669 	EXP 	Resp_a: text = 'minup'
68.5669 	EXP 	Resp_b: text = 'minub'
68.5669 	EXP 	Trigger_img2: autoDraw = True
68.5669 	EXP 	Trigger_txt2: autoDraw = True
69.2585 	DATA 	Keypress: escape
69.2863 	EXP 	window1: mouseVisible = True
