7.8823 	EXP 	Created window1 = Window(allowGUI=True, allowStencil=False, args=UNKNOWN, autoLog=True, bitsMode=UNKNOWN, blendMode='avg', color=array([1., 1., 1.]), colorSpace='rgb', fullscr=<method-wrapper '__getattribute__' of attributeSetter object at 0x0BF95A70>, gamma=None, kwargs=UNKNOWN, lms=UNKNOWN, monitor=<psychopy.monitors.calibTools.Monitor object at 0x0F5DF450>, multiSample=False, name='window1', numSamples=2, pos=[560.0, 240.0], screen=0, size=array([800, 600]), stereo=False, units='norm', useFBO=True, useRetina=False, viewOri=0.0, viewPos=None, viewScale=None, waitBlanking=True, winType='pyglet')
7.8824 	EXP 	window1: recordFrameIntervals = False
8.0469 	EXP 	window1: recordFrameIntervals = True
8.2320 	EXP 	window1: recordFrameIntervals = False
8.3194 	EXP 	Created lub = ImageStim(__class__=<class 'psychopy.visual.image.ImageStim'>, autoLog=True, color=array([1., 1., 1.]), colorSpace='rgb', contrast=1.0, depth=-1.0, flipHoriz=False, flipVert=False, image='Images/Instruction_Screen.png', interpolate=True, mask=None, maskParams=None, name='lub', opacity=1.0, ori=0.0, pos=array([0., 0.]), size=array([2., 2.]), texRes=128, units='norm', win=Window(...))
8.3892 	EXP 	Created text_3 = TextStim(__class__=<class 'psychopy.visual.text.TextStim'>, alignHoriz='center', alignVert='center', antialias=True, autoLog=True, bold=False, color=array([-1., -1., -1.]), colorSpace='rgb', contrast=1.0, depth=0.0, flipHoriz=False, flipVert=False, font='Arial', fontFiles=[], height=0.08, italic=False, languageStyle='LTR', name='text_3', opacity=0.95, ori=0, pos=array([0. , 0.8]), rgb=array([-1., -1., -1.]), text='Say the words you see out loud', units='norm', win=Window(...), wrapWidth=1)
8.3923 	EXP 	Created image = ImageStim(__class__=<class 'psychopy.visual.image.ImageStim'>, autoLog=True, color=array([1., 1., 1.]), colorSpace='rgb', contrast=1.0, depth=-1.0, flipHoriz=False, flipVert=False, image='sin', interpolate=True, mask=None, maskParams=None, name='image', opacity=1.0, ori=0.0, pos=array([0., 0.]), size=array([0.5, 0.5]), texRes=128, units='norm', win=Window(...))
8.3956 	EXP 	Created image_2 = ImageStim(__class__=<class 'psychopy.visual.image.ImageStim'>, autoLog=True, color=array([1., 1., 1.]), colorSpace='rgb', contrast=1.0, depth=-2.0, flipHoriz=False, flipVert=False, image='sin', interpolate=True, mask=None, maskParams=None, name='image_2', opacity=1.0, ori=0.0, pos=array([0., 0.]), size=array([0.7, 0.7]), texRes=128, units='norm', win=Window(...))
8.4177 	EXP 	Created text = TextStim(__class__=<class 'psychopy.visual.text.TextStim'>, alignHoriz='center', alignVert='center', antialias=True, autoLog=True, bold=False, color=array([ 1., -1., -1.]), colorSpace='rgb', contrast=1.0, depth=-3.0, flipHoriz=False, flipVert=False, font='Arial', fontFiles=[], height=0.3, italic=False, languageStyle='LTR', name='text', opacity=1.0, ori=0, pos=array([ 0. , -0.5]), rgb=array([ 1., -1., -1.]), text='default text', units='norm', win=Window(...), wrapWidth=1)
8.4231 	EXP 	Created text_2 = TextStim(__class__=<class 'psychopy.visual.text.TextStim'>, alignHoriz='center', alignVert='center', antialias=True, autoLog=True, bold=False, color=array([ 1., -1., -1.]), colorSpace='rgb', contrast=1.0, depth=-4.0, flipHoriz=False, flipVert=False, font='Arial', fontFiles=[], height=0.3, italic=False, languageStyle='LTR', name='text_2', opacity=1.0, ori=0, pos=array([ 0. , -0.5]), rgb=array([ 1., -1., -1.]), text='default text', units='norm', win=Window(...), wrapWidth=1)
8.4541 	EXP 	Created image_3 = ImageStim(__class__=<class 'psychopy.visual.image.ImageStim'>, autoLog=True, color=array([1., 1., 1.]), colorSpace='rgb', contrast=1.0, depth=0.0, flipHoriz=False, flipVert=False, image='Images/Instruction_Screen_Prod.png', interpolate=True, mask=None, maskParams=None, name='image_3', opacity=1.0, ori=0.0, pos=array([0., 0.]), size=array([2., 2.]), texRes=128, units='norm', win=Window(...))
8.4816 	EXP 	Created text_4 = TextStim(__class__=<class 'psychopy.visual.text.TextStim'>, alignHoriz='center', alignVert='center', antialias=True, autoLog=True, bold=False, color='white', colorSpace='named', contrast=1.0, depth=0.0, flipHoriz=False, flipVert=False, font='Arial', fontFiles=[], height=0.1, italic=False, languageStyle='LTR', name='text_4', opacity=1.0, ori=0, pos=array([0. , 0.8]), rgb=array([255., 255., 255.]), text='Read the word out loud', units='norm', win=Window(...), wrapWidth=1)
8.5006 	EXP 	Created text_5 = TextStim(__class__=<class 'psychopy.visual.text.TextStim'>, alignHoriz='center', alignVert='center', antialias=True, autoLog=True, bold=False, color='white', colorSpace='named', contrast=1.0, depth=-1.0, flipHoriz=False, flipVert=False, font='Arial', fontFiles=[], height=0.1, italic=False, languageStyle='LTR', name='text_5', opacity=1.0, ori=0, pos=array([0., 0.]), rgb=array([255., 255., 255.]), text=str(...), units='norm', win=Window(...), wrapWidth=1)
8.5029 	EXP 	Created image_4 = ImageStim(__class__=<class 'psychopy.visual.image.ImageStim'>, autoLog=True, color=array([1., 1., 1.]), colorSpace='rgb', contrast=1.0, depth=-2.0, flipHoriz=False, flipVert=False, image='sin', interpolate=True, mask=None, maskParams=None, name='image_4', opacity=1.0, ori=0.0, pos=array([0., 0.]), size=array([0.5, 0.5]), texRes=128, units='norm', win=Window(...))
8.5051 	EXP 	Created image_5 = ImageStim(__class__=<class 'psychopy.visual.image.ImageStim'>, autoLog=True, color=array([1., 1., 1.]), colorSpace='rgb', contrast=1.0, depth=-3.0, flipHoriz=False, flipVert=False, image='sin', interpolate=True, mask=None, maskParams=None, name='image_5', opacity=1.0, ori=0.0, pos=array([0., 0.]), size=array([0.5, 0.5]), texRes=128, units='norm', win=Window(...))
8.5105 	EXP 	Created text_6 = TextStim(__class__=<class 'psychopy.visual.text.TextStim'>, alignHoriz='center', alignVert='center', antialias=True, autoLog=True, bold=False, color=array([ 1., -1., -1.]), colorSpace='rgb', contrast=1.0, depth=-4.0, flipHoriz=False, flipVert=False, font='Arial', fontFiles=[], height=0.3, italic=False, languageStyle='LTR', name='text_6', opacity=1.0, ori=0, pos=array([ 0. , -0.5]), rgb=array([ 1., -1., -1.]), text='default text', units='norm', win=Window(...), wrapWidth=1)
8.5157 	EXP 	Created text_7 = TextStim(__class__=<class 'psychopy.visual.text.TextStim'>, alignHoriz='center', alignVert='center', antialias=True, autoLog=True, bold=False, color=array([ 1., -1., -1.]), colorSpace='rgb', contrast=1.0, depth=-6.0, flipHoriz=False, flipVert=False, font='Arial', fontFiles=[], height=0.3, italic=False, languageStyle='LTR', name='text_7', opacity=1.0, ori=0, pos=array([ 0. , -0.5]), rgb=array([ 1., -1., -1.]), text='default text', units='norm', win=Window(...), wrapWidth=1)
8.5202 	EXP 	lub: autoDraw = True
10.3481 	DATA 	Keypress: space
10.4212 	EXP 	Imported Lists/Experiment_Word_list_voicing.xlsx as conditions, 1 conditions, 7 params
10.4216 	EXP 	Created sequence: random, trialTypes=1, nReps=1, seed=None
10.4221 	EXP 	New trial (rep=0, index=0): OrderedDict([('Plural', 'musapu'), ('Singular', 'musab'), ('Test_cond', 0), ('New_seg', 0), ('Filler', 0), ('Picture', 'Images/apple.jpg'), ('Picture_pl', 'Images/apple_pl.jpg')])
10.4712 	EXP 	lub: autoDraw = False
10.4712 	EXP 	image: image = 'Images/apple.jpg'
10.4712 	EXP 	image_2: image = 'Images/apple_pl.jpg'
10.4712 	EXP 	text: text = 'musab'
10.4712 	EXP 	text_2: text = 'musapu'
10.4712 	EXP 	text_3: autoDraw = True
10.4712 	EXP 	image: autoDraw = True
10.4712 	EXP 	text: autoDraw = True
13.4412 	EXP 	image: autoDraw = False
13.4412 	EXP 	image_2: autoDraw = True
13.4412 	EXP 	text: autoDraw = False
13.4412 	EXP 	text_2: autoDraw = True
16.4233 	EXP 	window1: recordFrameIntervals = False
16.4391 	EXP 	text_3: autoDraw = False
16.4391 	EXP 	image_2: autoDraw = False
16.4391 	EXP 	text_2: autoDraw = False
16.4394 	EXP 	window1: recordFrameIntervals = False
19.4113 	EXP 	text_3: autoDraw = False
19.4113 	EXP 	image: autoDraw = False
19.4113 	EXP 	image_2: autoDraw = False
19.4113 	EXP 	text: autoDraw = False
19.4113 	EXP 	text_2: autoDraw = False
19.4113 	EXP 	image_3: autoDraw = True
25.5809 	DATA 	Keypress: space
25.6503 	EXP 	Imported Lists\Prod_voicing.xlsx as conditions, 3 conditions, 7 params
25.6509 	EXP 	Created sequence: random, trialTypes=3, nReps=2, seed=None
25.6515 	EXP 	New trial (rep=0, index=0): OrderedDict([('Trigger_txt', 'musapu'), ('Target_txt', 'musab'), ('Test_cond', 0), ('New_seg', 0), ('Filler', 0), ('Target_img', 'Images/apple.jpg'), ('Trigger_img', 'Images/apple_pl.jpg')])
25.6904 	EXP 	image_3: autoDraw = False
25.6904 	EXP 	image_4: image = 'Images/apple_pl.jpg'
25.6904 	EXP 	image_5: image = 'Images/apple.jpg'
25.6904 	EXP 	text_6: text = 'musapu'
25.6904 	EXP 	text_3: alignHoriz = 'left'
25.6904 	EXP 	text_4: autoDraw = True
25.6904 	EXP 	image_4: autoDraw = True
25.6904 	EXP 	text_6: autoDraw = True
30.6603 	EXP 	text_4: autoDraw = False
30.6603 	EXP 	image_4: autoDraw = False
30.6603 	EXP 	text_6: autoDraw = False
30.6764 	EXP 	text_5: autoDraw = True
30.6764 	EXP 	image_5: autoDraw = True
30.6764 	EXP 	text_7: autoDraw = True
32.2085 	DATA 	Keypress: m
32.6618 	DATA 	Keypress: u
32.8408 	DATA 	Keypress: s
33.0901 	DATA 	Keypress: a
33.4573 	DATA 	Keypress: b
35.2384 	DATA 	Keypress: return
35.2564 	EXP 	window1: recordFrameIntervals = False
35.2709 	EXP 	text_4: autoDraw = False
35.2709 	EXP 	text_5: autoDraw = False
35.2709 	EXP 	image_4: autoDraw = False
35.2709 	EXP 	image_5: autoDraw = False
35.2709 	EXP 	text_6: autoDraw = False
35.2709 	EXP 	text_7: autoDraw = False
35.2710 	EXP 	window1: recordFrameIntervals = False
36.2403 	EXP 	New trial (rep=0, index=1): OrderedDict([('Trigger_txt', 'larupu'), ('Target_txt', 'larub'), ('Test_cond', 0), ('New_seg', 0), ('Filler', 0), ('Target_img', 'Images/rock.jpg'), ('Trigger_img', 'Images/rock_pl.jpg')])
36.2895 	EXP 	image_4: image = 'Images/rock_pl.jpg'
36.2895 	EXP 	image_5: image = 'Images/rock.jpg'
36.2895 	EXP 	text_6: text = 'larupu'
36.2895 	EXP 	text_3: alignHoriz = 'left'
36.2895 	EXP 	text_4: autoDraw = True
36.2895 	EXP 	image_4: autoDraw = True
36.2895 	EXP 	text_6: autoDraw = True
37.5032 	DATA 	Keypress: escape
37.5664 	EXP 	window1: mouseVisible = True
