9.6788 	EXP 	Created window1 = Window(allowGUI=False, allowStencil=False, args=UNKNOWN, autoLog=True, bitsMode=UNKNOWN, blendMode='avg', color=array([1., 1., 1.]), colorSpace='rgb', fullscr=<method-wrapper '__getattribute__' of attributeSetter object at 0x0F03FF90>, gamma=None, kwargs=UNKNOWN, lms=UNKNOWN, monitor=<psychopy.monitors.calibTools.Monitor object at 0x10370950>, multiSample=False, name='window1', numSamples=2, pos=[0.0, 0.0], screen=0, size=array([1920, 1080]), stereo=False, units='norm', useFBO=True, useRetina=False, viewOri=0.0, viewPos=None, viewScale=None, waitBlanking=True, winType='pyglet')
9.6788 	EXP 	window1: recordFrameIntervals = False
9.8445 	EXP 	window1: recordFrameIntervals = True
10.0277 	EXP 	window1: recordFrameIntervals = False
10.1040 	EXP 	Created lub = ImageStim(__class__=<class 'psychopy.visual.image.ImageStim'>, autoLog=True, color=array([1., 1., 1.]), colorSpace='rgb', contrast=1.0, depth=-1.0, flipHoriz=False, flipVert=False, image='Images/Instruction_Screen.png', interpolate=True, mask=None, maskParams=None, name='lub', opacity=1.0, ori=0.0, pos=array([0., 0.]), size=array([2., 2.]), texRes=128, units='norm', win=Window(...))
10.3148 	EXP 	Created Instr = TextStim(__class__=<class 'psychopy.visual.text.TextStim'>, alignHoriz='center', alignVert='center', antialias=True, autoLog=True, bold=False, color=array([-1., -1., -1.]), colorSpace='rgb', contrast=1.0, depth=0.0, flipHoriz=False, flipVert=False, font='Arial', fontFiles=[], height=0.08, italic=False, languageStyle='LTR', name='Instr', opacity=0.95, ori=0, pos=array([0. , 0.8]), rgb=array([-1., -1., -1.]), text='Say the words you see out loud', units='norm', win=Window(...), wrapWidth=1)
10.3180 	EXP 	Created Sing_img = ImageStim(__class__=<class 'psychopy.visual.image.ImageStim'>, autoLog=True, color=array([1., 1., 1.]), colorSpace='rgb', contrast=1.0, depth=-1.0, flipHoriz=False, flipVert=False, image='sin', interpolate=True, mask=None, maskParams=None, name='Sing_img', opacity=1.0, ori=0.0, pos=array([0., 0.]), size=array([0.5, 0.5]), texRes=128, units='norm', win=Window(...))
10.3215 	EXP 	Created Pl_img = ImageStim(__class__=<class 'psychopy.visual.image.ImageStim'>, autoLog=True, color=array([1., 1., 1.]), colorSpace='rgb', contrast=1.0, depth=-2.0, flipHoriz=False, flipVert=False, image='sin', interpolate=True, mask=None, maskParams=None, name='Pl_img', opacity=1.0, ori=0.0, pos=array([0., 0.]), size=array([0.5, 0.5]), texRes=128, units='norm', win=Window(...))
10.3881 	EXP 	Created Sing_txt = TextStim(__class__=<class 'psychopy.visual.text.TextStim'>, alignHoriz='center', alignVert='center', antialias=True, autoLog=True, bold=False, color=array([ 1., -1., -1.]), colorSpace='rgb', contrast=1.0, depth=-3.0, flipHoriz=False, flipVert=False, font='Arial', fontFiles=[], height=0.3, italic=False, languageStyle='LTR', name='Sing_txt', opacity=1.0, ori=0, pos=array([ 0. , -0.5]), rgb=array([ 1., -1., -1.]), text='default text', units='norm', win=Window(...), wrapWidth=1)
10.4017 	EXP 	Created Pl_txt = TextStim(__class__=<class 'psychopy.visual.text.TextStim'>, alignHoriz='center', alignVert='center', antialias=True, autoLog=True, bold=False, color=array([ 1., -1., -1.]), colorSpace='rgb', contrast=1.0, depth=-4.0, flipHoriz=False, flipVert=False, font='Arial', fontFiles=[], height=0.3, italic=False, languageStyle='LTR', name='Pl_txt', opacity=1.0, ori=0, pos=array([ 0. , -0.5]), rgb=array([ 1., -1., -1.]), text='default text', units='norm', win=Window(...), wrapWidth=1)
10.4537 	EXP 	Created image_3 = ImageStim(__class__=<class 'psychopy.visual.image.ImageStim'>, autoLog=True, color=array([1., 1., 1.]), colorSpace='rgb', contrast=1.0, depth=0.0, flipHoriz=False, flipVert=False, image='Images/Instruction_Screen_Prod.png', interpolate=True, mask=None, maskParams=None, name='image_3', opacity=1.0, ori=0.0, pos=array([0., 0.]), size=array([2., 2.]), texRes=128, units='norm', win=Window(...))
10.4940 	EXP 	Created Trigger_ins1 = TextStim(__class__=<class 'psychopy.visual.text.TextStim'>, alignHoriz='center', alignVert='center', antialias=True, autoLog=True, bold=False, color=array([-1., -1., -1.]), colorSpace='rgb', contrast=1.0, depth=0.0, flipHoriz=False, flipVert=False, font='Arial', fontFiles=[], height=0.1, italic=False, languageStyle='LTR', name='Trigger_ins1', opacity=1.0, ori=0, pos=array([0. , 0.8]), rgb=array([-1., -1., -1.]), text='Read the word out loud', units='norm', win=Window(...), wrapWidth=1)
10.5245 	EXP 	Created Target_ins1 = TextStim(__class__=<class 'psychopy.visual.text.TextStim'>, alignHoriz='center', alignVert='center', antialias=True, autoLog=True, bold=False, color=array([-1., -1., -1.]), colorSpace='rgb', contrast=1.0, depth=-1.0, flipHoriz=False, flipVert=False, font='Arial', fontFiles=[], height=0.1, italic=False, languageStyle='LTR', name='Target_ins1', opacity=1.0, ori=0, pos=array([0. , 0.8]), rgb=array([-1., -1., -1.]), text=str(...), units='norm', win=Window(...), wrapWidth=1)
10.5267 	EXP 	Created Trigger_img1 = ImageStim(__class__=<class 'psychopy.visual.image.ImageStim'>, autoLog=True, color=array([1., 1., 1.]), colorSpace='rgb', contrast=1.0, depth=-2.0, flipHoriz=False, flipVert=False, image='sin', interpolate=True, mask=None, maskParams=None, name='Trigger_img1', opacity=1.0, ori=0.0, pos=array([0., 0.]), size=array([0.5, 0.5]), texRes=128, units='norm', win=Window(...))
10.5287 	EXP 	Created Target_img1 = ImageStim(__class__=<class 'psychopy.visual.image.ImageStim'>, autoLog=True, color=array([1., 1., 1.]), colorSpace='rgb', contrast=1.0, depth=-3.0, flipHoriz=False, flipVert=False, image='sin', interpolate=True, mask=None, maskParams=None, name='Target_img1', opacity=1.0, ori=0.0, pos=array([0., 0.]), size=array([0.5, 0.5]), texRes=128, units='norm', win=Window(...))
10.5378 	EXP 	Created Trigger_txt1 = TextStim(__class__=<class 'psychopy.visual.text.TextStim'>, alignHoriz='center', alignVert='center', antialias=True, autoLog=True, bold=False, color=array([ 1., -1., -1.]), colorSpace='rgb', contrast=1.0, depth=-4.0, flipHoriz=False, flipVert=False, font='Arial', fontFiles=[], height=0.3, italic=False, languageStyle='LTR', name='Trigger_txt1', opacity=1.0, ori=0, pos=array([ 0. , -0.5]), rgb=array([ 1., -1., -1.]), text='default text', units='norm', win=Window(...), wrapWidth=1)
10.5467 	EXP 	Created txtinp = TextStim(__class__=<class 'psychopy.visual.text.TextStim'>, alignHoriz='center', alignVert='center', antialias=True, autoLog=True, bold=False, color=array([ 1., -1., -1.]), colorSpace='rgb', contrast=1.0, depth=-6.0, flipHoriz=False, flipVert=False, font='Arial', fontFiles=[], height=0.3, italic=False, languageStyle='LTR', name='txtinp', opacity=1.0, ori=0, pos=array([ 0. , -0.5]), rgb=array([ 1., -1., -1.]), text='default text', units='norm', win=Window(...), wrapWidth=1)
10.5950 	EXP 	Created image_6 = ImageStim(__class__=<class 'psychopy.visual.image.ImageStim'>, autoLog=True, color=array([1., 1., 1.]), colorSpace='rgb', contrast=1.0, depth=0.0, flipHoriz=False, flipVert=False, image='Images/Instruction_Screen_FC.png', interpolate=True, mask=None, maskParams=None, name='image_6', opacity=1.0, ori=0.0, pos=array([0., 0.]), size=array([2., 2.]), texRes=128, units='norm', win=Window(...))
10.6189 	EXP 	Created Trigger_ins2 = TextStim(__class__=<class 'psychopy.visual.text.TextStim'>, alignHoriz='center', alignVert='center', antialias=True, autoLog=True, bold=False, color=array([-1., -1., -1.]), colorSpace='rgb', contrast=1.0, depth=0.0, flipHoriz=False, flipVert=False, font='Arial', fontFiles=[], height=0.1, italic=False, languageStyle='LTR', name='Trigger_ins2', opacity=1.0, ori=0, pos=array([0. , 0.8]), rgb=array([-1., -1., -1.]), text='Repeat the word you see', units='norm', win=Window(...), wrapWidth=1)
10.6483 	EXP 	Created Target_ins2 = TextStim(__class__=<class 'psychopy.visual.text.TextStim'>, alignHoriz='center', alignVert='center', antialias=True, autoLog=True, bold=False, color=array([-1., -1., -1.]), colorSpace='rgb', contrast=1.0, depth=-1.0, flipHoriz=False, flipVert=False, font='Arial', fontFiles=[], height=0.1, italic=False, languageStyle='LTR', name='Target_ins2', opacity=1.0, ori=0, pos=array([0. , 0.8]), rgb=array([-1., -1., -1.]), text=str(...), units='norm', win=Window(...), wrapWidth=1)
10.6512 	EXP 	Created Trigger_img2 = ImageStim(__class__=<class 'psychopy.visual.image.ImageStim'>, autoLog=True, color=array([1., 1., 1.]), colorSpace='rgb', contrast=1.0, depth=-2.0, flipHoriz=False, flipVert=False, image='sin', interpolate=True, mask=None, maskParams=None, name='Trigger_img2', opacity=1.0, ori=0.0, pos=array([0., 0.]), size=array([0.5, 0.5]), texRes=128, units='norm', win=Window(...))
10.6539 	EXP 	Created Target_img2 = ImageStim(__class__=<class 'psychopy.visual.image.ImageStim'>, autoLog=True, color=array([1., 1., 1.]), colorSpace='rgb', contrast=1.0, depth=-3.0, flipHoriz=False, flipVert=False, image='sin', interpolate=True, mask=None, maskParams=None, name='Target_img2', opacity=1.0, ori=0.0, pos=array([0., 0.]), size=array([0.5, 0.5]), texRes=128, units='norm', win=Window(...))
10.6645 	EXP 	Created Trigger_txt2 = TextStim(__class__=<class 'psychopy.visual.text.TextStim'>, alignHoriz='center', alignVert='center', antialias=True, autoLog=True, bold=False, color=array([ 1., -1., -1.]), colorSpace='rgb', contrast=1.0, depth=-4.0, flipHoriz=False, flipVert=False, font='Arial', fontFiles=[], height=0.3, italic=False, languageStyle='LTR', name='Trigger_txt2', opacity=1.0, ori=0, pos=array([ 0. , -0.5]), rgb=array([ 1., -1., -1.]), text='default text', units='norm', win=Window(...), wrapWidth=1)
10.6743 	EXP 	Created Target_instr_l = TextStim(__class__=<class 'psychopy.visual.text.TextStim'>, alignHoriz='center', alignVert='center', antialias=True, autoLog=True, bold=False, color=array([-1., -1., -1.]), colorSpace='rgb', contrast=1.0, depth=-5.0, flipHoriz=False, flipVert=False, font='Arial', fontFiles=[], height=0.08, italic=False, languageStyle='LTR', name='Target_instr_l', opacity=1.0, ori=0, pos=array([-0.5, -0.8]), rgb=array([-1., -1., -1.]), text='Press a\n\n', units='norm', win=Window(...), wrapWidth=1)
10.6826 	EXP 	Created Target_instr_r = TextStim(__class__=<class 'psychopy.visual.text.TextStim'>, alignHoriz='center', alignVert='center', antialias=True, autoLog=True, bold=False, color=array([-1., -1., -1.]), colorSpace='rgb', contrast=1.0, depth=-6.0, flipHoriz=False, flipVert=False, font='Arial', fontFiles=[], height=0.08, italic=False, languageStyle='LTR', name='Target_instr_r', opacity=1.0, ori=0, pos=array([ 0.5, -0.7]), rgb=array([-1., -1., -1.]), text='Press k', units='norm', win=Window(...), wrapWidth=1)
10.6934 	EXP 	Created Resp_a = TextStim(__class__=<class 'psychopy.visual.text.TextStim'>, alignHoriz='center', alignVert='center', antialias=True, autoLog=True, bold=False, color=array([ 1., -1., -1.]), colorSpace='rgb', contrast=1.0, depth=-8.0, flipHoriz=False, flipVert=False, font='Arial', fontFiles=[], height=0.3, italic=False, languageStyle='LTR', name='Resp_a', opacity=1.0, ori=0, pos=array([-0.5, -0.5]), rgb=array([ 1., -1., -1.]), text='default text', units='norm', win=Window(...), wrapWidth=1)
10.7032 	EXP 	Created Resp_b = TextStim(__class__=<class 'psychopy.visual.text.TextStim'>, alignHoriz='center', alignVert='center', antialias=True, autoLog=True, bold=False, color=array([ 1., -1., -1.]), colorSpace='rgb', contrast=1.0, depth=-9.0, flipHoriz=False, flipVert=False, font='Arial', fontFiles=[], height=0.3, italic=False, languageStyle='LTR', name='Resp_b', opacity=1.0, ori=0, pos=array([ 0.5, -0.5]), rgb=array([ 1., -1., -1.]), text='default text', units='norm', win=Window(...), wrapWidth=1)
10.7213 	EXP 	lub: autoDraw = True
24.1464 	DATA 	Keypress: space
24.2337 	EXP 	Imported Lists/Experiment_Word_list_voicing.xlsx as conditions, 1 conditions, 7 params
24.2343 	EXP 	Created sequence: random, trialTypes=1, nReps=1, seed=None
24.2350 	EXP 	New trial (rep=0, index=0): OrderedDict([('Plural', 'musapu'), ('Singular', 'musab'), ('Test_cond', 0), ('New_seg', 0), ('Filler', 0), ('Picture', 'Images/apple.jpg'), ('Picture_pl', 'Images/apple_pl.jpg')])
24.3119 	EXP 	lub: autoDraw = False
24.3119 	EXP 	Sing_img: size = array([0.45, 0.8 ])
24.3119 	EXP 	Sing_img: image = 'Images/apple.jpg'
24.3119 	EXP 	Pl_img: size = array([0.55416667, 0.44444444])
24.3119 	EXP 	Pl_img: image = 'Images/apple_pl.jpg'
24.3119 	EXP 	Sing_txt: text = 'musab'
24.3119 	EXP 	Pl_txt: text = 'musapu'
24.3119 	EXP 	Instr: autoDraw = True
24.3119 	EXP 	Sing_img: autoDraw = True
24.3119 	EXP 	Sing_txt: autoDraw = True
27.2435 	EXP 	Sing_img: autoDraw = False
27.2435 	EXP 	Sing_txt: autoDraw = False
27.2605 	EXP 	Pl_img: autoDraw = True
27.2605 	EXP 	Pl_txt: autoDraw = True
30.1579 	EXP 	window1: recordFrameIntervals = False
30.1749 	EXP 	Instr: autoDraw = False
30.1749 	EXP 	Sing_img: autoDraw = False
30.1749 	EXP 	Pl_img: autoDraw = False
30.1749 	EXP 	Sing_txt: autoDraw = False
30.1749 	EXP 	Pl_txt: autoDraw = False
30.1751 	EXP 	window1: recordFrameIntervals = False
30.9054 	EXP 	image_3: autoDraw = True
46.4072 	DATA 	Keypress: space
46.4571 	EXP 	Imported Lists\Prod_voicing.xlsx as conditions, 1 conditions, 7 params
46.4575 	EXP 	Created sequence: random, trialTypes=1, nReps=1, seed=None
46.4581 	EXP 	New trial (rep=0, index=0): OrderedDict([('Trigger_txt', 'musapu'), ('Target_txt', 'musab'), ('Test_cond', 0), ('New_seg', 0), ('Filler', 0), ('Target_img', 'Images/apple.jpg'), ('Trigger_img', 'Images/apple_pl.jpg')])
46.5014 	EXP 	image_3: autoDraw = False
46.5014 	EXP 	Trigger_img1: size = array([0.55416667, 0.44444444])
46.5014 	EXP 	Trigger_img1: image = 'Images/apple_pl.jpg'
46.5014 	EXP 	Target_img1: size = array([0.45, 0.8 ])
46.5014 	EXP 	Target_img1: image = 'Images/apple.jpg'
46.5014 	EXP 	Trigger_txt1: text = 'musapu'
46.5014 	EXP 	txtinp: alignHoriz = 'center'
46.5014 	EXP 	Trigger_ins1: autoDraw = True
46.5014 	EXP 	Trigger_img1: autoDraw = True
46.5014 	EXP 	Trigger_txt1: autoDraw = True
51.4682 	EXP 	Trigger_ins1: autoDraw = False
51.4682 	EXP 	Trigger_img1: autoDraw = False
51.4682 	EXP 	Trigger_txt1: autoDraw = False
51.4850 	EXP 	Target_ins1: autoDraw = True
51.4850 	EXP 	Target_img1: autoDraw = True
51.4850 	EXP 	txtinp: autoDraw = True
52.9676 	DATA 	Keypress: m
53.2177 	DATA 	Keypress: u
53.3008 	DATA 	Keypress: s
53.6006 	DATA 	Keypress: a
53.7671 	DATA 	Keypress: b
56.0150 	DATA 	Keypress: return
56.0318 	EXP 	window1: recordFrameIntervals = False
56.0486 	EXP 	Trigger_ins1: autoDraw = False
56.0486 	EXP 	Target_ins1: autoDraw = False
56.0486 	EXP 	Trigger_img1: autoDraw = False
56.0486 	EXP 	Target_img1: autoDraw = False
56.0486 	EXP 	Trigger_txt1: autoDraw = False
56.0486 	EXP 	txtinp: autoDraw = False
56.0487 	EXP 	window1: recordFrameIntervals = False
56.7786 	EXP 	image_6: autoDraw = True
65.8543 	DATA 	Keypress: space
65.8883 	EXP 	Imported Lists\FC_voicing.xlsx as conditions, 4 conditions, 8 params
65.8886 	EXP 	Created sequence: random, trialTypes=4, nReps=1, seed=None
65.8890 	EXP 	New trial (rep=0, index=0): OrderedDict([('Trigger_txt', 'rumutu'), ('Corr', 'rumud'), ('Incorr', 'rumut'), ('Test_cond', 0), ('New_seg', 0), ('Filler', 0), ('Target_img', 'Images/river.jpg'), ('Trigger_img', 'Images/river_pl.jpg')])
66.0042 	EXP 	image_6: autoDraw = False
66.0042 	EXP 	Trigger_img2: size = array([0.803125  , 0.49074074])
66.0042 	EXP 	Trigger_img2: image = 'Images/river_pl.jpg'
66.0042 	EXP 	Target_img2: size = array([0.37604167, 0.49074074])
66.0042 	EXP 	Target_img2: image = 'Images/river.jpg'
66.0042 	EXP 	Trigger_txt2: text = 'rumutu'
66.0042 	EXP 	Resp_a: text = 'rumud'
66.0042 	EXP 	Resp_b: text = 'rumut'
66.0042 	EXP 	Trigger_ins2: autoDraw = True
66.0042 	EXP 	Trigger_img2: autoDraw = True
66.0042 	EXP 	Trigger_txt2: autoDraw = True
69.9006 	EXP 	Trigger_ins2: autoDraw = False
69.9006 	EXP 	Trigger_img2: autoDraw = False
69.9006 	EXP 	Trigger_txt2: autoDraw = False
69.9171 	EXP 	Target_ins2: autoDraw = True
69.9171 	EXP 	Target_img2: autoDraw = True
69.9171 	EXP 	Target_instr_l: autoDraw = True
69.9171 	EXP 	Target_instr_r: autoDraw = True
69.9171 	EXP 	Resp_a: autoDraw = True
69.9171 	EXP 	Resp_b: autoDraw = True
72.4147 	DATA 	Keypress: a
72.4153 	EXP 	window1: recordFrameIntervals = False
72.4311 	EXP 	Trigger_ins2: autoDraw = False
72.4311 	EXP 	Target_ins2: autoDraw = False
72.4311 	EXP 	Trigger_img2: autoDraw = False
72.4311 	EXP 	Target_img2: autoDraw = False
72.4311 	EXP 	Trigger_txt2: autoDraw = False
72.4311 	EXP 	Target_instr_l: autoDraw = False
72.4311 	EXP 	Target_instr_r: autoDraw = False
72.4311 	EXP 	Resp_a: autoDraw = False
72.4311 	EXP 	Resp_b: autoDraw = False
72.4313 	EXP 	window1: recordFrameIntervals = False
73.1484 	EXP 	New trial (rep=0, index=1): OrderedDict([('Trigger_txt', 'musapu'), ('Corr', 'musab'), ('Incorr', 'musap'), ('Test_cond', 0), ('New_seg', 0), ('Filler', 0), ('Target_img', 'Images/apple.jpg'), ('Trigger_img', 'Images/apple_pl.jpg')])
73.2062 	EXP 	Trigger_img2: size = array([0.55416667, 0.44444444])
73.2062 	EXP 	Trigger_img2: image = 'Images/apple_pl.jpg'
73.2062 	EXP 	Target_img2: size = array([0.45, 0.8 ])
73.2062 	EXP 	Target_img2: image = 'Images/apple.jpg'
73.2062 	EXP 	Trigger_txt2: text = 'musapu'
73.2062 	EXP 	Resp_a: text = 'musab'
73.2062 	EXP 	Resp_b: text = 'musap'
73.2062 	EXP 	Trigger_ins2: autoDraw = True
73.2062 	EXP 	Trigger_img2: autoDraw = True
73.2062 	EXP 	Trigger_txt2: autoDraw = True
77.1597 	EXP 	Trigger_ins2: autoDraw = False
77.1597 	EXP 	Trigger_img2: autoDraw = False
77.1597 	EXP 	Trigger_txt2: autoDraw = False
77.1762 	EXP 	Target_ins2: autoDraw = True
77.1762 	EXP 	Target_img2: autoDraw = True
77.1762 	EXP 	Target_instr_l: autoDraw = True
77.1762 	EXP 	Target_instr_r: autoDraw = True
77.1762 	EXP 	Resp_a: autoDraw = True
77.1762 	EXP 	Resp_b: autoDraw = True
80.6222 	DATA 	Keypress: a
80.6228 	EXP 	window1: recordFrameIntervals = False
80.6389 	EXP 	Trigger_ins2: autoDraw = False
80.6389 	EXP 	Target_ins2: autoDraw = False
80.6389 	EXP 	Trigger_img2: autoDraw = False
80.6389 	EXP 	Target_img2: autoDraw = False
80.6389 	EXP 	Trigger_txt2: autoDraw = False
80.6389 	EXP 	Target_instr_l: autoDraw = False
80.6389 	EXP 	Target_instr_r: autoDraw = False
80.6389 	EXP 	Resp_a: autoDraw = False
80.6389 	EXP 	Resp_b: autoDraw = False
80.6390 	EXP 	window1: recordFrameIntervals = False
81.3560 	EXP 	New trial (rep=0, index=2): OrderedDict([('Trigger_txt', 'limiku'), ('Corr', 'limig'), ('Incorr', 'limik'), ('Test_cond', 0), ('New_seg', 0), ('Filler', 0), ('Target_img', 'Images/screwdriver.jpg'), ('Trigger_img', 'Images/screwdriver_pl.jpg')])
81.4112 	EXP 	Trigger_img2: size = array([0.57916667, 0.17777778])
81.4112 	EXP 	Trigger_img2: image = 'Images/screwdriver_pl.jpg'
81.4112 	EXP 	Target_img2: size = array([0.55729167, 0.35555556])
81.4112 	EXP 	Target_img2: image = 'Images/screwdriver.jpg'
81.4112 	EXP 	Trigger_txt2: text = 'limiku'
81.4112 	EXP 	Resp_a: text = 'limig'
81.4112 	EXP 	Resp_b: text = 'limik'
81.4112 	EXP 	Trigger_ins2: autoDraw = True
81.4112 	EXP 	Trigger_img2: autoDraw = True
81.4112 	EXP 	Trigger_txt2: autoDraw = True
85.3680 	EXP 	Trigger_ins2: autoDraw = False
85.3680 	EXP 	Trigger_img2: autoDraw = False
85.3680 	EXP 	Trigger_txt2: autoDraw = False
85.3839 	EXP 	Target_ins2: autoDraw = True
85.3839 	EXP 	Target_img2: autoDraw = True
85.3839 	EXP 	Target_instr_l: autoDraw = True
85.3839 	EXP 	Target_instr_r: autoDraw = True
85.3839 	EXP 	Resp_a: autoDraw = True
85.3839 	EXP 	Resp_b: autoDraw = True
87.4319 	DATA 	Keypress: escape
87.4947 	EXP 	window1: mouseVisible = True
