7.5956 	EXP 	Created window1 = Window(allowGUI=False, allowStencil=False, args=UNKNOWN, autoLog=True, bitsMode=UNKNOWN, blendMode='avg', color=array([1., 1., 1.]), colorSpace='rgb', fullscr=<method-wrapper '__getattribute__' of attributeSetter object at 0x0DD4FF90>, gamma=None, kwargs=UNKNOWN, lms=UNKNOWN, monitor=<psychopy.monitors.calibTools.Monitor object at 0x0F6C0950>, multiSample=False, name='window1', numSamples=2, pos=[0.0, 0.0], screen=0, size=array([1920, 1080]), stereo=False, units='norm', useFBO=True, useRetina=False, viewOri=0.0, viewPos=None, viewScale=None, waitBlanking=True, winType='pyglet')
7.5957 	EXP 	window1: recordFrameIntervals = False
7.7609 	EXP 	window1: recordFrameIntervals = True
7.9440 	EXP 	window1: recordFrameIntervals = False
8.0059 	EXP 	Created lub = ImageStim(__class__=<class 'psychopy.visual.image.ImageStim'>, autoLog=True, color=array([1., 1., 1.]), colorSpace='rgb', contrast=1.0, depth=-1.0, flipHoriz=False, flipVert=False, image='Images/Instruction_Screen.png', interpolate=True, mask=None, maskParams=None, name='lub', opacity=1.0, ori=0.0, pos=array([0., 0.]), size=array([2., 2.]), texRes=128, units='norm', win=Window(...))
8.0999 	EXP 	Created Instr = TextStim(__class__=<class 'psychopy.visual.text.TextStim'>, alignHoriz='center', alignVert='center', antialias=True, autoLog=True, bold=False, color=array([-1., -1., -1.]), colorSpace='rgb', contrast=1.0, depth=0.0, flipHoriz=False, flipVert=False, font='Arial', fontFiles=[], height=0.08, italic=False, languageStyle='LTR', name='Instr', opacity=0.95, ori=0, pos=array([0. , 0.8]), rgb=array([-1., -1., -1.]), text='Say the words you see out loud', units='norm', win=Window(...), wrapWidth=1)
8.1022 	EXP 	Created Sing_img = ImageStim(__class__=<class 'psychopy.visual.image.ImageStim'>, autoLog=True, color=array([1., 1., 1.]), colorSpace='rgb', contrast=1.0, depth=-1.0, flipHoriz=False, flipVert=False, image='sin', interpolate=True, mask=None, maskParams=None, name='Sing_img', opacity=1.0, ori=0.0, pos=array([0., 0.]), size=array([0.5, 0.5]), texRes=128, units='norm', win=Window(...))
8.1047 	EXP 	Created Pl_img = ImageStim(__class__=<class 'psychopy.visual.image.ImageStim'>, autoLog=True, color=array([1., 1., 1.]), colorSpace='rgb', contrast=1.0, depth=-2.0, flipHoriz=False, flipVert=False, image='sin', interpolate=True, mask=None, maskParams=None, name='Pl_img', opacity=1.0, ori=0.0, pos=array([0., 0.]), size=array([0.5, 0.5]), texRes=128, units='norm', win=Window(...))
8.1608 	EXP 	Created Sing_txt = TextStim(__class__=<class 'psychopy.visual.text.TextStim'>, alignHoriz='center', alignVert='center', antialias=True, autoLog=True, bold=False, color=array([ 1., -1., -1.]), colorSpace='rgb', contrast=1.0, depth=-3.0, flipHoriz=False, flipVert=False, font='Arial', fontFiles=[], height=0.3, italic=False, languageStyle='LTR', name='Sing_txt', opacity=1.0, ori=0, pos=array([ 0. , -0.5]), rgb=array([ 1., -1., -1.]), text='default text', units='norm', win=Window(...), wrapWidth=1)
8.1715 	EXP 	Created Pl_txt = TextStim(__class__=<class 'psychopy.visual.text.TextStim'>, alignHoriz='center', alignVert='center', antialias=True, autoLog=True, bold=False, color=array([ 1., -1., -1.]), colorSpace='rgb', contrast=1.0, depth=-4.0, flipHoriz=False, flipVert=False, font='Arial', fontFiles=[], height=0.3, italic=False, languageStyle='LTR', name='Pl_txt', opacity=1.0, ori=0, pos=array([ 0. , -0.5]), rgb=array([ 1., -1., -1.]), text='default text', units='norm', win=Window(...), wrapWidth=1)
8.2138 	EXP 	Created image_3 = ImageStim(__class__=<class 'psychopy.visual.image.ImageStim'>, autoLog=True, color=array([1., 1., 1.]), colorSpace='rgb', contrast=1.0, depth=0.0, flipHoriz=False, flipVert=False, image='Images/Instruction_Screen_Prod.png', interpolate=True, mask=None, maskParams=None, name='image_3', opacity=1.0, ori=0.0, pos=array([0., 0.]), size=array([2., 2.]), texRes=128, units='norm', win=Window(...))
8.2498 	EXP 	Created Trigger_ins1 = TextStim(__class__=<class 'psychopy.visual.text.TextStim'>, alignHoriz='center', alignVert='center', antialias=True, autoLog=True, bold=False, color=array([-1., -1., -1.]), colorSpace='rgb', contrast=1.0, depth=0.0, flipHoriz=False, flipVert=False, font='Arial', fontFiles=[], height=0.1, italic=False, languageStyle='LTR', name='Trigger_ins1', opacity=1.0, ori=0, pos=array([0. , 0.8]), rgb=array([-1., -1., -1.]), text='Read the word out loud', units='norm', win=Window(...), wrapWidth=1)
8.2756 	EXP 	Created Target_ins1 = TextStim(__class__=<class 'psychopy.visual.text.TextStim'>, alignHoriz='center', alignVert='center', antialias=True, autoLog=True, bold=False, color=array([-1., -1., -1.]), colorSpace='rgb', contrast=1.0, depth=-1.0, flipHoriz=False, flipVert=False, font='Arial', fontFiles=[], height=0.1, italic=False, languageStyle='LTR', name='Target_ins1', opacity=1.0, ori=0, pos=array([0. , 0.8]), rgb=array([-1., -1., -1.]), text=str(...), units='norm', win=Window(...), wrapWidth=1)
8.2784 	EXP 	Created Trigger_img1 = ImageStim(__class__=<class 'psychopy.visual.image.ImageStim'>, autoLog=True, color=array([1., 1., 1.]), colorSpace='rgb', contrast=1.0, depth=-2.0, flipHoriz=False, flipVert=False, image='sin', interpolate=True, mask=None, maskParams=None, name='Trigger_img1', opacity=1.0, ori=0.0, pos=array([0., 0.]), size=array([0.5, 0.5]), texRes=128, units='norm', win=Window(...))
8.2811 	EXP 	Created Target_img1 = ImageStim(__class__=<class 'psychopy.visual.image.ImageStim'>, autoLog=True, color=array([1., 1., 1.]), colorSpace='rgb', contrast=1.0, depth=-3.0, flipHoriz=False, flipVert=False, image='sin', interpolate=True, mask=None, maskParams=None, name='Target_img1', opacity=1.0, ori=0.0, pos=array([0., 0.]), size=array([0.5, 0.5]), texRes=128, units='norm', win=Window(...))
8.2917 	EXP 	Created Trigger_txt1 = TextStim(__class__=<class 'psychopy.visual.text.TextStim'>, alignHoriz='center', alignVert='center', antialias=True, autoLog=True, bold=False, color=array([ 1., -1., -1.]), colorSpace='rgb', contrast=1.0, depth=-4.0, flipHoriz=False, flipVert=False, font='Arial', fontFiles=[], height=0.3, italic=False, languageStyle='LTR', name='Trigger_txt1', opacity=1.0, ori=0, pos=array([ 0. , -0.5]), rgb=array([ 1., -1., -1.]), text='default text', units='norm', win=Window(...), wrapWidth=1)
8.3023 	EXP 	Created txtinp = TextStim(__class__=<class 'psychopy.visual.text.TextStim'>, alignHoriz='center', alignVert='center', antialias=True, autoLog=True, bold=False, color=array([ 1., -1., -1.]), colorSpace='rgb', contrast=1.0, depth=-6.0, flipHoriz=False, flipVert=False, font='Arial', fontFiles=[], height=0.3, italic=False, languageStyle='LTR', name='txtinp', opacity=1.0, ori=0, pos=array([ 0. , -0.5]), rgb=array([ 1., -1., -1.]), text='default text', units='norm', win=Window(...), wrapWidth=1)
8.3426 	EXP 	Created image_6 = ImageStim(__class__=<class 'psychopy.visual.image.ImageStim'>, autoLog=True, color=array([1., 1., 1.]), colorSpace='rgb', contrast=1.0, depth=0.0, flipHoriz=False, flipVert=False, image='Images/Instruction_Screen_FC.png', interpolate=True, mask=None, maskParams=None, name='image_6', opacity=1.0, ori=0.0, pos=array([0., 0.]), size=array([2., 2.]), texRes=128, units='norm', win=Window(...))
8.3650 	EXP 	Created Trigger_ins2 = TextStim(__class__=<class 'psychopy.visual.text.TextStim'>, alignHoriz='center', alignVert='center', antialias=True, autoLog=True, bold=False, color=array([-1., -1., -1.]), colorSpace='rgb', contrast=1.0, depth=0.0, flipHoriz=False, flipVert=False, font='Arial', fontFiles=[], height=0.1, italic=False, languageStyle='LTR', name='Trigger_ins2', opacity=1.0, ori=0, pos=array([0. , 0.8]), rgb=array([-1., -1., -1.]), text='Repeat the word you see', units='norm', win=Window(...), wrapWidth=1)
8.3908 	EXP 	Created Target_ins2 = TextStim(__class__=<class 'psychopy.visual.text.TextStim'>, alignHoriz='center', alignVert='center', antialias=True, autoLog=True, bold=False, color=array([-1., -1., -1.]), colorSpace='rgb', contrast=1.0, depth=-1.0, flipHoriz=False, flipVert=False, font='Arial', fontFiles=[], height=0.1, italic=False, languageStyle='LTR', name='Target_ins2', opacity=1.0, ori=0, pos=array([0. , 0.8]), rgb=array([-1., -1., -1.]), text=str(...), units='norm', win=Window(...), wrapWidth=1)
8.3935 	EXP 	Created Trigger_img2 = ImageStim(__class__=<class 'psychopy.visual.image.ImageStim'>, autoLog=True, color=array([1., 1., 1.]), colorSpace='rgb', contrast=1.0, depth=-2.0, flipHoriz=False, flipVert=False, image='sin', interpolate=True, mask=None, maskParams=None, name='Trigger_img2', opacity=1.0, ori=0.0, pos=array([0., 0.]), size=array([0.5, 0.5]), texRes=128, units='norm', win=Window(...))
8.3961 	EXP 	Created Target_img2 = ImageStim(__class__=<class 'psychopy.visual.image.ImageStim'>, autoLog=True, color=array([1., 1., 1.]), colorSpace='rgb', contrast=1.0, depth=-3.0, flipHoriz=False, flipVert=False, image='sin', interpolate=True, mask=None, maskParams=None, name='Target_img2', opacity=1.0, ori=0.0, pos=array([0., 0.]), size=array([0.5, 0.5]), texRes=128, units='norm', win=Window(...))
8.4085 	EXP 	Created Trigger_txt2 = TextStim(__class__=<class 'psychopy.visual.text.TextStim'>, alignHoriz='center', alignVert='center', antialias=True, autoLog=True, bold=False, color=array([ 1., -1., -1.]), colorSpace='rgb', contrast=1.0, depth=-4.0, flipHoriz=False, flipVert=False, font='Arial', fontFiles=[], height=0.3, italic=False, languageStyle='LTR', name='Trigger_txt2', opacity=1.0, ori=0, pos=array([ 0. , -0.5]), rgb=array([ 1., -1., -1.]), text='default text', units='norm', win=Window(...), wrapWidth=1)
8.4180 	EXP 	Created Target_instr_l = TextStim(__class__=<class 'psychopy.visual.text.TextStim'>, alignHoriz='center', alignVert='center', antialias=True, autoLog=True, bold=False, color=array([-1., -1., -1.]), colorSpace='rgb', contrast=1.0, depth=-5.0, flipHoriz=False, flipVert=False, font='Arial', fontFiles=[], height=0.08, italic=False, languageStyle='LTR', name='Target_instr_l', opacity=1.0, ori=0, pos=array([-0.5, -0.8]), rgb=array([-1., -1., -1.]), text='Press a\n\n', units='norm', win=Window(...), wrapWidth=1)
8.4274 	EXP 	Created Target_instr_r = TextStim(__class__=<class 'psychopy.visual.text.TextStim'>, alignHoriz='center', alignVert='center', antialias=True, autoLog=True, bold=False, color=array([-1., -1., -1.]), colorSpace='rgb', contrast=1.0, depth=-6.0, flipHoriz=False, flipVert=False, font='Arial', fontFiles=[], height=0.08, italic=False, languageStyle='LTR', name='Target_instr_r', opacity=1.0, ori=0, pos=array([ 0.5, -0.7]), rgb=array([-1., -1., -1.]), text='Press k', units='norm', win=Window(...), wrapWidth=1)
8.4386 	EXP 	Created Resp_a = TextStim(__class__=<class 'psychopy.visual.text.TextStim'>, alignHoriz='center', alignVert='center', antialias=True, autoLog=True, bold=False, color=array([ 1., -1., -1.]), colorSpace='rgb', contrast=1.0, depth=-8.0, flipHoriz=False, flipVert=False, font='Arial', fontFiles=[], height=0.3, italic=False, languageStyle='LTR', name='Resp_a', opacity=1.0, ori=0, pos=array([-0.5, -0.5]), rgb=array([ 1., -1., -1.]), text='default text', units='norm', win=Window(...), wrapWidth=1)
8.4507 	EXP 	Created Resp_b = TextStim(__class__=<class 'psychopy.visual.text.TextStim'>, alignHoriz='center', alignVert='center', antialias=True, autoLog=True, bold=False, color=array([ 1., -1., -1.]), colorSpace='rgb', contrast=1.0, depth=-9.0, flipHoriz=False, flipVert=False, font='Arial', fontFiles=[], height=0.3, italic=False, languageStyle='LTR', name='Resp_b', opacity=1.0, ori=0, pos=array([ 0.5, -0.5]), rgb=array([ 1., -1., -1.]), text='default text', units='norm', win=Window(...), wrapWidth=1)
8.4598 	EXP 	lub: autoDraw = True
17.6176 	DATA 	Keypress: space
17.6892 	EXP 	Imported Lists/Experiment_Word_list_voicing.xlsx as conditions, 3 conditions, 7 params
17.6897 	EXP 	Created sequence: random, trialTypes=3, nReps=1, seed=None
17.6903 	EXP 	New trial (rep=0, index=0): OrderedDict([('Plural', 'rumutu'), ('Singular', 'rumud'), ('Test_cond', 0), ('New_seg', 0), ('Filler', 0), ('Picture', 'Images/river.jpg'), ('Picture_pl', 'Images/river_pl.jpg')])
17.7516 	EXP 	lub: autoDraw = False
17.7516 	EXP 	Sing_img: size = array([0.37604167, 0.49074074])
17.7516 	EXP 	Sing_img: image = 'Images/river.jpg'
17.7516 	EXP 	Pl_img: size = array([0.803125  , 0.49074074])
17.7516 	EXP 	Pl_img: image = 'Images/river_pl.jpg'
17.7516 	EXP 	Sing_txt: text = 'rumud'
17.7516 	EXP 	Pl_txt: text = 'rumutu'
17.7516 	EXP 	Instr: autoDraw = True
17.7516 	EXP 	Sing_img: autoDraw = True
17.7516 	EXP 	Sing_txt: autoDraw = True
20.6984 	EXP 	Sing_img: autoDraw = False
20.6984 	EXP 	Sing_txt: autoDraw = False
20.7141 	EXP 	Pl_img: autoDraw = True
20.7141 	EXP 	Pl_txt: autoDraw = True
23.6281 	EXP 	window1: recordFrameIntervals = False
23.6449 	EXP 	Instr: autoDraw = False
23.6449 	EXP 	Sing_img: autoDraw = False
23.6449 	EXP 	Pl_img: autoDraw = False
23.6449 	EXP 	Sing_txt: autoDraw = False
23.6449 	EXP 	Pl_txt: autoDraw = False
23.6450 	EXP 	window1: recordFrameIntervals = False
24.3660 	EXP 	New trial (rep=0, index=1): OrderedDict([('Plural', 'larupu'), ('Singular', 'larub'), ('Test_cond', 0), ('New_seg', 0), ('Filler', 0), ('Picture', 'Images/rock.jpg'), ('Picture_pl', 'Images/rock_pl.jpg')])
24.4337 	EXP 	Sing_img: size = array([0.5625    , 0.66666667])
24.4337 	EXP 	Sing_img: image = 'Images/rock.jpg'
24.4337 	EXP 	Pl_img: size = array([0.76354167, 0.44444444])
24.4337 	EXP 	Pl_img: image = 'Images/rock_pl.jpg'
24.4337 	EXP 	Sing_txt: text = 'larub'
24.4337 	EXP 	Pl_txt: text = 'larupu'
24.4337 	EXP 	Instr: autoDraw = True
24.4337 	EXP 	Sing_img: autoDraw = True
24.4337 	EXP 	Sing_txt: autoDraw = True
27.3742 	EXP 	Sing_img: autoDraw = False
27.3742 	EXP 	Sing_txt: autoDraw = False
27.3908 	EXP 	Pl_img: autoDraw = True
27.3908 	EXP 	Pl_txt: autoDraw = True
30.3547 	EXP 	window1: recordFrameIntervals = False
30.3715 	EXP 	Instr: autoDraw = False
30.3715 	EXP 	Pl_img: autoDraw = False
30.3715 	EXP 	Pl_txt: autoDraw = False
30.3715 	EXP 	Instr: autoDraw = False
30.3715 	EXP 	Sing_img: autoDraw = False
30.3715 	EXP 	Pl_img: autoDraw = False
30.3715 	EXP 	Sing_txt: autoDraw = False
30.3715 	EXP 	Pl_txt: autoDraw = False
30.3717 	EXP 	window1: recordFrameIntervals = False
31.0894 	EXP 	New trial (rep=0, index=2): OrderedDict([('Plural', 'musapu'), ('Singular', 'musab'), ('Test_cond', 0), ('New_seg', 0), ('Filler', 0), ('Picture', 'Images/apple.jpg'), ('Picture_pl', 'Images/apple_pl.jpg')])
31.1415 	EXP 	Sing_img: size = array([0.45, 0.8 ])
31.1415 	EXP 	Sing_img: image = 'Images/apple.jpg'
31.1415 	EXP 	Pl_img: size = array([0.55416667, 0.44444444])
31.1415 	EXP 	Pl_img: image = 'Images/apple_pl.jpg'
31.1415 	EXP 	Sing_txt: text = 'musab'
31.1415 	EXP 	Pl_txt: text = 'musapu'
31.1415 	EXP 	Instr: autoDraw = True
31.1415 	EXP 	Sing_img: autoDraw = True
31.1415 	EXP 	Sing_txt: autoDraw = True
34.1014 	EXP 	Sing_img: autoDraw = False
34.1014 	EXP 	Sing_txt: autoDraw = False
34.1174 	EXP 	Pl_img: autoDraw = True
34.1174 	EXP 	Pl_txt: autoDraw = True
37.0813 	EXP 	window1: recordFrameIntervals = False
37.0982 	EXP 	Instr: autoDraw = False
37.0982 	EXP 	Pl_img: autoDraw = False
37.0982 	EXP 	Pl_txt: autoDraw = False
37.0982 	EXP 	Instr: autoDraw = False
37.0982 	EXP 	Sing_img: autoDraw = False
37.0982 	EXP 	Pl_img: autoDraw = False
37.0982 	EXP 	Sing_txt: autoDraw = False
37.0982 	EXP 	Pl_txt: autoDraw = False
37.0986 	EXP 	window1: recordFrameIntervals = False
37.8295 	EXP 	image_3: autoDraw = True
52.2661 	DATA 	Keypress: space
52.3165 	EXP 	Imported Lists\Prod_voicing.xlsx as conditions, 1 conditions, 7 params
52.3169 	EXP 	Created sequence: random, trialTypes=1, nReps=1, seed=None
52.3175 	EXP 	New trial (rep=0, index=0): OrderedDict([('Trigger_txt', 'musapu'), ('Target_txt', 'musab'), ('Test_cond', 0), ('New_seg', 0), ('Filler', 0), ('Target_img', 'Images/apple.jpg'), ('Trigger_img', 'Images/apple_pl.jpg')])
52.3589 	EXP 	image_3: autoDraw = False
52.3589 	EXP 	Trigger_img1: size = array([0.55416667, 0.44444444])
52.3589 	EXP 	Trigger_img1: image = 'Images/apple_pl.jpg'
52.3589 	EXP 	Target_img1: size = array([0.45, 0.8 ])
52.3589 	EXP 	Target_img1: image = 'Images/apple.jpg'
52.3589 	EXP 	Trigger_txt1: text = 'musapu'
52.3589 	EXP 	txtinp: alignHoriz = 'center'
52.3589 	EXP 	Trigger_ins1: autoDraw = True
52.3589 	EXP 	Trigger_img1: autoDraw = True
52.3589 	EXP 	Trigger_txt1: autoDraw = True
57.3270 	EXP 	Trigger_ins1: autoDraw = False
57.3270 	EXP 	Trigger_img1: autoDraw = False
57.3270 	EXP 	Trigger_txt1: autoDraw = False
57.3436 	EXP 	Target_ins1: autoDraw = True
57.3436 	EXP 	Target_img1: autoDraw = True
57.3436 	EXP 	txtinp: autoDraw = True
58.4927 	DATA 	Keypress: m
58.6771 	DATA 	Keypress: u
58.7595 	DATA 	Keypress: s
58.9269 	DATA 	Keypress: a
59.0594 	DATA 	Keypress: b
60.5089 	DATA 	Keypress: return
60.5416 	EXP 	window1: recordFrameIntervals = False
60.5574 	EXP 	Trigger_ins1: autoDraw = False
60.5574 	EXP 	Target_ins1: autoDraw = False
60.5574 	EXP 	Trigger_img1: autoDraw = False
60.5574 	EXP 	Target_img1: autoDraw = False
60.5574 	EXP 	Trigger_txt1: autoDraw = False
60.5574 	EXP 	txtinp: autoDraw = False
60.5575 	EXP 	window1: recordFrameIntervals = False
61.2874 	EXP 	image_6: autoDraw = True
62.3721 	DATA 	Keypress: space
62.4311 	EXP 	Imported Lists\FC_voicing.xlsx as conditions, 4 conditions, 8 params
62.4316 	EXP 	Created sequence: random, trialTypes=4, nReps=1, seed=None
62.4322 	EXP 	New trial (rep=0, index=0): OrderedDict([('Trigger_txt', 'rumutu'), ('Corr', 'rumud'), ('Incorr', 'rumut'), ('Test_cond', 0), ('New_seg', 0), ('Filler', 0), ('Target_img', 'Images/river.jpg'), ('Trigger_img', 'Images/river_pl.jpg')])
62.5315 	EXP 	image_6: autoDraw = False
62.5315 	EXP 	Trigger_img2: size = array([0.803125  , 0.49074074])
62.5315 	EXP 	Trigger_img2: image = 'Images/river_pl.jpg'
62.5315 	EXP 	Target_img2: size = array([0.37604167, 0.49074074])
62.5315 	EXP 	Target_img2: image = 'Images/river.jpg'
62.5315 	EXP 	Trigger_txt2: text = 'rumutu'
62.5315 	EXP 	Resp_a: text = 'rumud'
62.5315 	EXP 	Resp_b: text = 'rumut'
62.5315 	EXP 	Trigger_ins2: autoDraw = True
62.5315 	EXP 	Trigger_img2: autoDraw = True
62.5315 	EXP 	Trigger_txt2: autoDraw = True
66.4510 	EXP 	Trigger_ins2: autoDraw = False
66.4510 	EXP 	Target_ins2: autoDraw = True
66.4510 	EXP 	Trigger_img2: autoDraw = False
66.4510 	EXP 	Target_img2: autoDraw = True
66.4510 	EXP 	Trigger_txt2: autoDraw = False
66.4510 	EXP 	Target_instr_l: autoDraw = True
66.4510 	EXP 	Target_instr_r: autoDraw = True
66.4510 	EXP 	Resp_a: autoDraw = True
66.4510 	EXP 	Resp_b: autoDraw = True
69.0822 	DATA 	Keypress: escape
69.1128 	EXP 	window1: mouseVisible = True
