6.8724 	EXP 	Created window1 = Window(allowGUI=False, allowStencil=False, args=UNKNOWN, autoLog=True, bitsMode=UNKNOWN, blendMode='avg', color=array([1., 1., 1.]), colorSpace='rgb', fullscr=<method-wrapper '__getattribute__' of attributeSetter object at 0x0BEDFF50>, gamma=None, kwargs=UNKNOWN, lms=UNKNOWN, monitor=<psychopy.monitors.calibTools.Monitor object at 0x0F880910>, multiSample=False, name='window1', numSamples=2, pos=[0.0, 0.0], screen=0, size=array([1920, 1080]), stereo=False, units='norm', useFBO=True, useRetina=False, viewOri=0.0, viewPos=None, viewScale=None, waitBlanking=True, winType='pyglet')
6.8724 	EXP 	window1: recordFrameIntervals = False
7.0386 	EXP 	window1: recordFrameIntervals = True
7.2218 	EXP 	window1: recordFrameIntervals = False
7.2799 	EXP 	Created lub = ImageStim(__class__=<class 'psychopy.visual.image.ImageStim'>, autoLog=True, color=array([1., 1., 1.]), colorSpace='rgb', contrast=1.0, depth=-1.0, flipHoriz=False, flipVert=False, image='Images/Instruction_Screen.png', interpolate=True, mask=None, maskParams=None, name='lub', opacity=1.0, ori=0.0, pos=array([0., 0.]), size=array([2., 2.]), texRes=128, units='norm', win=Window(...))
7.3705 	EXP 	Created Instr = TextStim(__class__=<class 'psychopy.visual.text.TextStim'>, alignHoriz='center', alignVert='center', antialias=True, autoLog=True, bold=False, color=array([-1., -1., -1.]), colorSpace='rgb', contrast=1.0, depth=0.0, flipHoriz=False, flipVert=False, font='Arial', fontFiles=[], height=0.08, italic=False, languageStyle='LTR', name='Instr', opacity=0.95, ori=0, pos=array([0. , 0.8]), rgb=array([-1., -1., -1.]), text='Say the words you see out loud', units='norm', win=Window(...), wrapWidth=1)
7.3734 	EXP 	Created Sing_img = ImageStim(__class__=<class 'psychopy.visual.image.ImageStim'>, autoLog=True, color=array([1., 1., 1.]), colorSpace='rgb', contrast=1.0, depth=-1.0, flipHoriz=False, flipVert=False, image='sin', interpolate=True, mask=None, maskParams=None, name='Sing_img', opacity=1.0, ori=0.0, pos=array([0., 0.]), size=array([0.5, 0.5]), texRes=128, units='norm', win=Window(...))
7.3761 	EXP 	Created Pl_img = ImageStim(__class__=<class 'psychopy.visual.image.ImageStim'>, autoLog=True, color=array([1., 1., 1.]), colorSpace='rgb', contrast=1.0, depth=-2.0, flipHoriz=False, flipVert=False, image='sin', interpolate=True, mask=None, maskParams=None, name='Pl_img', opacity=1.0, ori=0.0, pos=array([0., 0.]), size=array([0.5, 0.5]), texRes=128, units='norm', win=Window(...))
7.4301 	EXP 	Created Sing_txt = TextStim(__class__=<class 'psychopy.visual.text.TextStim'>, alignHoriz='center', alignVert='center', antialias=True, autoLog=True, bold=False, color=array([ 1., -1., -1.]), colorSpace='rgb', contrast=1.0, depth=-3.0, flipHoriz=False, flipVert=False, font='Arial', fontFiles=[], height=0.3, italic=False, languageStyle='LTR', name='Sing_txt', opacity=1.0, ori=0, pos=array([ 0. , -0.5]), rgb=array([ 1., -1., -1.]), text='default text', units='norm', win=Window(...), wrapWidth=1)
7.4402 	EXP 	Created Pl_txt = TextStim(__class__=<class 'psychopy.visual.text.TextStim'>, alignHoriz='center', alignVert='center', antialias=True, autoLog=True, bold=False, color=array([ 1., -1., -1.]), colorSpace='rgb', contrast=1.0, depth=-4.0, flipHoriz=False, flipVert=False, font='Arial', fontFiles=[], height=0.3, italic=False, languageStyle='LTR', name='Pl_txt', opacity=1.0, ori=0, pos=array([ 0. , -0.5]), rgb=array([ 1., -1., -1.]), text='default text', units='norm', win=Window(...), wrapWidth=1)
7.4782 	EXP 	Created image_3 = ImageStim(__class__=<class 'psychopy.visual.image.ImageStim'>, autoLog=True, color=array([1., 1., 1.]), colorSpace='rgb', contrast=1.0, depth=0.0, flipHoriz=False, flipVert=False, image='Images/Instruction_Screen_Prod.png', interpolate=True, mask=None, maskParams=None, name='image_3', opacity=1.0, ori=0.0, pos=array([0., 0.]), size=array([2., 2.]), texRes=128, units='norm', win=Window(...))
7.5080 	EXP 	Created Trigger_ins1 = TextStim(__class__=<class 'psychopy.visual.text.TextStim'>, alignHoriz='center', alignVert='center', antialias=True, autoLog=True, bold=False, color=array([-1., -1., -1.]), colorSpace='rgb', contrast=1.0, depth=0.0, flipHoriz=False, flipVert=False, font='Arial', fontFiles=[], height=0.1, italic=False, languageStyle='LTR', name='Trigger_ins1', opacity=1.0, ori=0, pos=array([0. , 0.8]), rgb=array([-1., -1., -1.]), text='Read the word out loud', units='norm', win=Window(...), wrapWidth=1)
7.5365 	EXP 	Created Target_ins1 = TextStim(__class__=<class 'psychopy.visual.text.TextStim'>, alignHoriz='center', alignVert='center', antialias=True, autoLog=True, bold=False, color=array([-1., -1., -1.]), colorSpace='rgb', contrast=1.0, depth=-1.0, flipHoriz=False, flipVert=False, font='Arial', fontFiles=[], height=0.1, italic=False, languageStyle='LTR', name='Target_ins1', opacity=1.0, ori=0, pos=array([0. , 0.8]), rgb=array([-1., -1., -1.]), text=str(...), units='norm', win=Window(...), wrapWidth=1)
7.5393 	EXP 	Created Trigger_img1 = ImageStim(__class__=<class 'psychopy.visual.image.ImageStim'>, autoLog=True, color=array([1., 1., 1.]), colorSpace='rgb', contrast=1.0, depth=-2.0, flipHoriz=False, flipVert=False, image='sin', interpolate=True, mask=None, maskParams=None, name='Trigger_img1', opacity=1.0, ori=0.0, pos=array([0., 0.]), size=array([0.5, 0.5]), texRes=128, units='norm', win=Window(...))
7.5419 	EXP 	Created Target_img1 = ImageStim(__class__=<class 'psychopy.visual.image.ImageStim'>, autoLog=True, color=array([1., 1., 1.]), colorSpace='rgb', contrast=1.0, depth=-3.0, flipHoriz=False, flipVert=False, image='sin', interpolate=True, mask=None, maskParams=None, name='Target_img1', opacity=1.0, ori=0.0, pos=array([0., 0.]), size=array([0.5, 0.5]), texRes=128, units='norm', win=Window(...))
7.5523 	EXP 	Created Trigger_txt1 = TextStim(__class__=<class 'psychopy.visual.text.TextStim'>, alignHoriz='center', alignVert='center', antialias=True, autoLog=True, bold=False, color=array([ 1., -1., -1.]), colorSpace='rgb', contrast=1.0, depth=-4.0, flipHoriz=False, flipVert=False, font='Arial', fontFiles=[], height=0.3, italic=False, languageStyle='LTR', name='Trigger_txt1', opacity=1.0, ori=0, pos=array([ 0. , -0.5]), rgb=array([ 1., -1., -1.]), text='default text', units='norm', win=Window(...), wrapWidth=1)
7.5631 	EXP 	Created txtinp = TextStim(__class__=<class 'psychopy.visual.text.TextStim'>, alignHoriz='center', alignVert='center', antialias=True, autoLog=True, bold=False, color=array([ 1., -1., -1.]), colorSpace='rgb', contrast=1.0, depth=-6.0, flipHoriz=False, flipVert=False, font='Arial', fontFiles=[], height=0.3, italic=False, languageStyle='LTR', name='txtinp', opacity=1.0, ori=0, pos=array([ 0. , -0.5]), rgb=array([ 1., -1., -1.]), text='default text', units='norm', win=Window(...), wrapWidth=1)
7.6033 	EXP 	Created image_6 = ImageStim(__class__=<class 'psychopy.visual.image.ImageStim'>, autoLog=True, color=array([1., 1., 1.]), colorSpace='rgb', contrast=1.0, depth=0.0, flipHoriz=False, flipVert=False, image='Images/Instruction_Screen_FC.png', interpolate=True, mask=None, maskParams=None, name='image_6', opacity=1.0, ori=0.0, pos=array([0., 0.]), size=array([2., 2.]), texRes=128, units='norm', win=Window(...))
7.6166 	EXP 	Created Trigger_ins2 = TextStim(__class__=<class 'psychopy.visual.text.TextStim'>, alignHoriz='center', alignVert='center', antialias=True, autoLog=True, bold=False, color=array([-1., -1., -1.]), colorSpace='rgb', contrast=1.0, depth=0.0, flipHoriz=False, flipVert=False, font='Arial', fontFiles=[], height=0.1, italic=False, languageStyle='LTR', name='Trigger_ins2', opacity=1.0, ori=0, pos=array([0. , 0.8]), rgb=array([-1., -1., -1.]), text='Repeat the word you see', units='norm', win=Window(...), wrapWidth=1)
7.6436 	EXP 	Created Target_ins2 = TextStim(__class__=<class 'psychopy.visual.text.TextStim'>, alignHoriz='center', alignVert='center', antialias=True, autoLog=True, bold=False, color=array([-1., -1., -1.]), colorSpace='rgb', contrast=1.0, depth=-1.0, flipHoriz=False, flipVert=False, font='Arial', fontFiles=[], height=0.1, italic=False, languageStyle='LTR', name='Target_ins2', opacity=1.0, ori=0, pos=array([0. , 0.8]), rgb=array([-1., -1., -1.]), text=str(...), units='norm', win=Window(...), wrapWidth=1)
7.6464 	EXP 	Created Trigger_img2 = ImageStim(__class__=<class 'psychopy.visual.image.ImageStim'>, autoLog=True, color=array([1., 1., 1.]), colorSpace='rgb', contrast=1.0, depth=-2.0, flipHoriz=False, flipVert=False, image='sin', interpolate=True, mask=None, maskParams=None, name='Trigger_img2', opacity=1.0, ori=0.0, pos=array([0., 0.]), size=array([0.5, 0.5]), texRes=128, units='norm', win=Window(...))
7.6491 	EXP 	Created Target_img2 = ImageStim(__class__=<class 'psychopy.visual.image.ImageStim'>, autoLog=True, color=array([1., 1., 1.]), colorSpace='rgb', contrast=1.0, depth=-3.0, flipHoriz=False, flipVert=False, image='sin', interpolate=True, mask=None, maskParams=None, name='Target_img2', opacity=1.0, ori=0.0, pos=array([0., 0.]), size=array([0.5, 0.5]), texRes=128, units='norm', win=Window(...))
7.6596 	EXP 	Created Trigger_txt2 = TextStim(__class__=<class 'psychopy.visual.text.TextStim'>, alignHoriz='center', alignVert='center', antialias=True, autoLog=True, bold=False, color=array([ 1., -1., -1.]), colorSpace='rgb', contrast=1.0, depth=-4.0, flipHoriz=False, flipVert=False, font='Arial', fontFiles=[], height=0.3, italic=False, languageStyle='LTR', name='Trigger_txt2', opacity=1.0, ori=0, pos=array([ 0. , -0.5]), rgb=array([ 1., -1., -1.]), text='default text', units='norm', win=Window(...), wrapWidth=1)
7.6688 	EXP 	Created Target_instr_l = TextStim(__class__=<class 'psychopy.visual.text.TextStim'>, alignHoriz='center', alignVert='center', antialias=True, autoLog=True, bold=False, color=array([-1., -1., -1.]), colorSpace='rgb', contrast=1.0, depth=-5.0, flipHoriz=False, flipVert=False, font='Arial', fontFiles=[], height=0.08, italic=False, languageStyle='LTR', name='Target_instr_l', opacity=1.0, ori=0, pos=array([-0.5, -0.9]), rgb=array([-1., -1., -1.]), text='Press a\n\n', units='norm', win=Window(...), wrapWidth=1)
7.6776 	EXP 	Created Target_instr_r = TextStim(__class__=<class 'psychopy.visual.text.TextStim'>, alignHoriz='center', alignVert='center', antialias=True, autoLog=True, bold=False, color=array([-1., -1., -1.]), colorSpace='rgb', contrast=1.0, depth=-6.0, flipHoriz=False, flipVert=False, font='Arial', fontFiles=[], height=0.08, italic=False, languageStyle='LTR', name='Target_instr_r', opacity=1.0, ori=0, pos=array([ 0.5, -0.9]), rgb=array([-1., -1., -1.]), text='Press k', units='norm', win=Window(...), wrapWidth=1)
7.6883 	EXP 	Created Resp_a = TextStim(__class__=<class 'psychopy.visual.text.TextStim'>, alignHoriz='center', alignVert='center', antialias=True, autoLog=True, bold=False, color=array([ 1., -1., -1.]), colorSpace='rgb', contrast=1.0, depth=-8.0, flipHoriz=False, flipVert=False, font='Arial', fontFiles=[], height=0.3, italic=False, languageStyle='LTR', name='Resp_a', opacity=1.0, ori=0, pos=array([-0.5, -0.5]), rgb=array([ 1., -1., -1.]), text='default text', units='norm', win=Window(...), wrapWidth=1)
7.6988 	EXP 	Created Resp_b = TextStim(__class__=<class 'psychopy.visual.text.TextStim'>, alignHoriz='center', alignVert='center', antialias=True, autoLog=True, bold=False, color=array([ 1., -1., -1.]), colorSpace='rgb', contrast=1.0, depth=-9.0, flipHoriz=False, flipVert=False, font='Arial', fontFiles=[], height=0.3, italic=False, languageStyle='LTR', name='Resp_b', opacity=1.0, ori=0, pos=array([ 0.5, -0.5]), rgb=array([ 1., -1., -1.]), text='default text', units='norm', win=Window(...), wrapWidth=1)
7.7078 	EXP 	lub: autoDraw = True
8.3705 	DATA 	Keypress: space
8.4166 	EXP 	Imported Lists/Experiment_Word_list_voicing.xlsx as conditions, 2 conditions, 7 params
8.4171 	EXP 	Created sequence: random, trialTypes=2, nReps=1, seed=None
8.4177 	EXP 	New trial (rep=0, index=0): OrderedDict([('Plural', 'larupu'), ('Singular', 'larub'), ('Test_cond', 0), ('New_seg', 0), ('Filler', 0), ('Picture', 'Images/rock.jpg'), ('Picture_pl', 'Images/rock_pl.jpg')])
8.4889 	EXP 	lub: autoDraw = False
8.4889 	EXP 	Sing_img: size = array([0.5625    , 0.66666667])
8.4889 	EXP 	Sing_img: image = 'Images/rock.jpg'
8.4889 	EXP 	Pl_img: size = array([0.76354167, 0.44444444])
8.4889 	EXP 	Pl_img: image = 'Images/rock_pl.jpg'
8.4889 	EXP 	Sing_txt: text = 'larub'
8.4889 	EXP 	Pl_txt: text = 'larupu'
8.4889 	EXP 	Instr: autoDraw = True
8.4889 	EXP 	Sing_img: autoDraw = True
8.4889 	EXP 	Sing_txt: autoDraw = True
11.4342 	EXP 	Sing_img: autoDraw = False
11.4342 	EXP 	Sing_txt: autoDraw = False
11.4506 	EXP 	Pl_img: autoDraw = True
11.4506 	EXP 	Pl_txt: autoDraw = True
14.3812 	EXP 	window1: recordFrameIntervals = False
14.3975 	EXP 	Instr: autoDraw = False
14.3975 	EXP 	Sing_img: autoDraw = False
14.3975 	EXP 	Pl_img: autoDraw = False
14.3975 	EXP 	Sing_txt: autoDraw = False
14.3975 	EXP 	Pl_txt: autoDraw = False
14.3976 	EXP 	window1: recordFrameIntervals = False
14.8646 	EXP 	New trial (rep=0, index=1): OrderedDict([('Plural', 'musapu'), ('Singular', 'musab'), ('Test_cond', 0), ('New_seg', 0), ('Filler', 0), ('Picture', 'Images/apple.jpg'), ('Picture_pl', 'Images/apple_pl.jpg')])
14.9196 	EXP 	Sing_img: size = array([0.45, 0.8 ])
14.9196 	EXP 	Sing_img: image = 'Images/apple.jpg'
14.9196 	EXP 	Pl_img: size = array([0.55416667, 0.44444444])
14.9196 	EXP 	Pl_img: image = 'Images/apple_pl.jpg'
14.9196 	EXP 	Sing_txt: text = 'musab'
14.9196 	EXP 	Pl_txt: text = 'musapu'
14.9196 	EXP 	Instr: autoDraw = True
14.9196 	EXP 	Sing_img: autoDraw = True
14.9196 	EXP 	Sing_txt: autoDraw = True
17.8783 	EXP 	Sing_img: autoDraw = False
17.8783 	EXP 	Sing_txt: autoDraw = False
17.8941 	EXP 	Pl_img: autoDraw = True
17.8941 	EXP 	Pl_txt: autoDraw = True
20.8579 	EXP 	window1: recordFrameIntervals = False
20.8742 	EXP 	Instr: autoDraw = False
20.8742 	EXP 	Pl_img: autoDraw = False
20.8742 	EXP 	Pl_txt: autoDraw = False
20.8742 	EXP 	Instr: autoDraw = False
20.8742 	EXP 	Sing_img: autoDraw = False
20.8742 	EXP 	Pl_img: autoDraw = False
20.8742 	EXP 	Sing_txt: autoDraw = False
20.8742 	EXP 	Pl_txt: autoDraw = False
20.8744 	EXP 	window1: recordFrameIntervals = False
21.3513 	EXP 	image_3: autoDraw = True
22.1401 	DATA 	Keypress: space
22.1902 	EXP 	Imported Lists\Prod_voicing.xlsx as conditions, 2 conditions, 7 params
22.1907 	EXP 	Created sequence: random, trialTypes=2, nReps=1, seed=None
22.1913 	EXP 	New trial (rep=0, index=0): OrderedDict([('Trigger_txt', 'musapu'), ('Target_txt', 'musab'), ('Test_cond', 0), ('New_seg', 0), ('Filler', 0), ('Target_img', 'Images/apple.jpg'), ('Trigger_img', 'Images/apple_pl.jpg')])
22.2337 	EXP 	image_3: autoDraw = False
22.2337 	EXP 	Trigger_img1: size = array([0.55416667, 0.44444444])
22.2337 	EXP 	Trigger_img1: image = 'Images/apple_pl.jpg'
22.2337 	EXP 	Target_img1: size = array([0.45, 0.8 ])
22.2337 	EXP 	Target_img1: image = 'Images/apple.jpg'
22.2337 	EXP 	Trigger_txt1: text = 'musapu'
22.2337 	EXP 	txtinp: alignHoriz = 'center'
22.2337 	EXP 	Trigger_ins1: autoDraw = True
22.2337 	EXP 	Trigger_img1: autoDraw = True
22.2337 	EXP 	Trigger_txt1: autoDraw = True
27.2015 	EXP 	Trigger_ins1: autoDraw = False
27.2015 	EXP 	Trigger_img1: autoDraw = False
27.2015 	EXP 	Trigger_txt1: autoDraw = False
27.2181 	EXP 	Target_ins1: autoDraw = True
27.2181 	EXP 	Target_img1: autoDraw = True
27.2181 	EXP 	txtinp: autoDraw = True
28.2506 	DATA 	Keypress: m
28.5171 	DATA 	Keypress: u
28.6502 	DATA 	Keypress: s
28.8167 	DATA 	Keypress: a
29.0330 	DATA 	Keypress: b
33.0292 	DATA 	Keypress: return
33.0469 	EXP 	window1: recordFrameIntervals = False
33.0622 	EXP 	Trigger_ins1: autoDraw = False
33.0622 	EXP 	Target_ins1: autoDraw = False
33.0622 	EXP 	Trigger_img1: autoDraw = False
33.0622 	EXP 	Target_img1: autoDraw = False
33.0622 	EXP 	Trigger_txt1: autoDraw = False
33.0622 	EXP 	txtinp: autoDraw = False
33.0623 	EXP 	window1: recordFrameIntervals = False
33.5310 	EXP 	New trial (rep=0, index=1): OrderedDict([('Trigger_txt', 'larupu'), ('Target_txt', 'larub'), ('Test_cond', 0), ('New_seg', 0), ('Filler', 0), ('Target_img', 'Images/rock.jpg'), ('Trigger_img', 'Images/rock_pl.jpg')])
33.5780 	EXP 	Trigger_img1: size = array([0.76354167, 0.44444444])
33.5780 	EXP 	Trigger_img1: image = 'Images/rock_pl.jpg'
33.5780 	EXP 	Target_img1: size = array([0.5625    , 0.66666667])
33.5780 	EXP 	Target_img1: image = 'Images/rock.jpg'
33.5780 	EXP 	Trigger_txt1: text = 'larupu'
33.5780 	EXP 	txtinp: alignHoriz = 'center'
33.5780 	EXP 	Trigger_ins1: autoDraw = True
33.5780 	EXP 	Trigger_img1: autoDraw = True
33.5780 	EXP 	Trigger_txt1: autoDraw = True
38.5401 	EXP 	Trigger_ins1: autoDraw = False
38.5401 	EXP 	Trigger_img1: autoDraw = False
38.5401 	EXP 	Trigger_txt1: autoDraw = False
38.5562 	EXP 	Target_ins1: autoDraw = True
38.5562 	EXP 	Target_img1: autoDraw = True
38.5562 	EXP 	txtinp: autoDraw = True
39.2391 	DATA 	Keypress: l
39.3726 	DATA 	Keypress: a
39.7222 	DATA 	Keypress: r
39.8552 	DATA 	Keypress: u
40.0717 	DATA 	Keypress: b
40.4880 	DATA 	Keypress: return
40.5051 	EXP 	window1: recordFrameIntervals = False
40.5212 	EXP 	Trigger_ins1: autoDraw = False
40.5212 	EXP 	Target_ins1: autoDraw = False
40.5212 	EXP 	Trigger_img1: autoDraw = False
40.5212 	EXP 	Target_img1: autoDraw = False
40.5212 	EXP 	Trigger_txt1: autoDraw = False
40.5212 	EXP 	txtinp: autoDraw = False
40.5213 	EXP 	window1: recordFrameIntervals = False
40.9979 	EXP 	image_6: autoDraw = True
41.8866 	DATA 	Keypress: space
41.9413 	EXP 	Imported Lists\FC_voicing.xlsx as conditions, 3 conditions, 8 params
41.9417 	EXP 	Created sequence: random, trialTypes=3, nReps=1, seed=None
41.9423 	EXP 	New trial (rep=0, index=0): OrderedDict([('Trigger_txt', 'larupu'), ('Corr', 'larub'), ('Incorr', 'larup'), ('Test_cond', 0), ('New_seg', 0), ('Filler', 0), ('Target_img', 'Images/rock.jpg'), ('Trigger_img', 'Images/rock_pl.jpg')])
42.0414 	EXP 	image_6: autoDraw = False
42.0414 	EXP 	Trigger_img2: image = 'Images/rock_pl.jpg'
42.0414 	EXP 	Target_img2: image = 'Images/rock.jpg'
42.0414 	EXP 	Trigger_txt2: text = 'larupu'
42.0414 	EXP 	Resp_a: text = 'larub'
42.0414 	EXP 	Resp_b: text = 'larup'
42.0414 	EXP 	Trigger_ins2: autoDraw = True
42.0414 	EXP 	Trigger_img2: autoDraw = True
42.0414 	EXP 	Trigger_txt2: autoDraw = True
45.9496 	EXP 	Trigger_ins2: autoDraw = False
45.9496 	EXP 	Trigger_img2: autoDraw = False
45.9496 	EXP 	Trigger_txt2: autoDraw = False
45.9660 	EXP 	Target_ins2: autoDraw = True
45.9660 	EXP 	Target_img2: autoDraw = True
45.9660 	EXP 	Target_instr_l: autoDraw = True
45.9660 	EXP 	Target_instr_r: autoDraw = True
45.9660 	EXP 	Resp_a: autoDraw = True
45.9660 	EXP 	Resp_b: autoDraw = True
49.2464 	DATA 	Keypress: k
49.2474 	EXP 	window1: recordFrameIntervals = False
49.2631 	EXP 	Trigger_ins2: autoDraw = False
49.2631 	EXP 	Target_ins2: autoDraw = False
49.2631 	EXP 	Trigger_img2: autoDraw = False
49.2631 	EXP 	Target_img2: autoDraw = False
49.2631 	EXP 	Trigger_txt2: autoDraw = False
49.2631 	EXP 	Target_instr_l: autoDraw = False
49.2631 	EXP 	Target_instr_r: autoDraw = False
49.2631 	EXP 	Resp_a: autoDraw = False
49.2631 	EXP 	Resp_b: autoDraw = False
49.2632 	EXP 	window1: recordFrameIntervals = False
49.7317 	EXP 	New trial (rep=0, index=1): OrderedDict([('Trigger_txt', 'rumutu'), ('Corr', 'rumud'), ('Incorr', 'rumut'), ('Test_cond', 0), ('New_seg', 0), ('Filler', 0), ('Target_img', 'Images/river.jpg'), ('Trigger_img', 'Images/river_pl.jpg')])
49.7878 	EXP 	Trigger_img2: image = 'Images/river_pl.jpg'
49.7878 	EXP 	Target_img2: image = 'Images/river.jpg'
49.7878 	EXP 	Trigger_txt2: text = 'rumutu'
49.7878 	EXP 	Resp_a: text = 'rumud'
49.7878 	EXP 	Resp_b: text = 'rumut'
49.7878 	EXP 	Trigger_ins2: autoDraw = True
49.7878 	EXP 	Trigger_img2: autoDraw = True
49.7878 	EXP 	Trigger_txt2: autoDraw = True
50.4617 	DATA 	Keypress: escape
50.4893 	EXP 	window1: mouseVisible = True
