10.1874 	EXP 	Created window1 = Window(allowGUI=True, allowStencil=False, args=UNKNOWN, autoLog=True, bitsMode=UNKNOWN, blendMode='avg', color=array([1., 1., 1.]), colorSpace='rgb', fullscr=<method-wrapper '__getattribute__' of attributeSetter object at 0x0B5CFFB0>, gamma=None, kwargs=UNKNOWN, lms=UNKNOWN, monitor=<psychopy.monitors.calibTools.Monitor object at 0x0F220970>, multiSample=False, name='window1', numSamples=2, pos=[560.0, 240.0], screen=0, size=array([800, 600]), stereo=False, units='norm', useFBO=True, useRetina=False, viewOri=0.0, viewPos=None, viewScale=None, waitBlanking=True, winType='pyglet')
10.1876 	EXP 	window1: recordFrameIntervals = False
10.3515 	EXP 	window1: recordFrameIntervals = True
10.5346 	EXP 	window1: recordFrameIntervals = False
10.6312 	EXP 	Created lub = ImageStim(__class__=<class 'psychopy.visual.image.ImageStim'>, autoLog=True, color=array([1., 1., 1.]), colorSpace='rgb', contrast=1.0, depth=-1.0, flipHoriz=False, flipVert=False, image='Images/Instruction_Screen.png', interpolate=True, mask=None, maskParams=None, name='lub', opacity=1.0, ori=0.0, pos=array([0., 0.]), size=array([2., 2.]), texRes=128, units='norm', win=Window(...))
10.6897 	EXP 	Created Instr = TextStim(__class__=<class 'psychopy.visual.text.TextStim'>, alignHoriz='center', alignVert='center', antialias=True, autoLog=True, bold=False, color=array([-1., -1., -1.]), colorSpace='rgb', contrast=1.0, depth=0.0, flipHoriz=False, flipVert=False, font='Arial', fontFiles=[], height=0.08, italic=False, languageStyle='LTR', name='Instr', opacity=0.95, ori=0, pos=array([0. , 0.8]), rgb=array([-1., -1., -1.]), text='Say the words you see out loud', units='norm', win=Window(...), wrapWidth=1)
10.6926 	EXP 	Created Sing_img = ImageStim(__class__=<class 'psychopy.visual.image.ImageStim'>, autoLog=True, color=array([1., 1., 1.]), colorSpace='rgb', contrast=1.0, depth=-1.0, flipHoriz=False, flipVert=False, image='sin', interpolate=True, mask=None, maskParams=None, name='Sing_img', opacity=1.0, ori=0.0, pos=array([0., 0.]), size=array([0.5, 0.5]), texRes=128, units='norm', win=Window(...))
10.6950 	EXP 	Created Pl_img = ImageStim(__class__=<class 'psychopy.visual.image.ImageStim'>, autoLog=True, color=array([1., 1., 1.]), colorSpace='rgb', contrast=1.0, depth=-2.0, flipHoriz=False, flipVert=False, image='sin', interpolate=True, mask=None, maskParams=None, name='Pl_img', opacity=1.0, ori=0.0, pos=array([0., 0.]), size=array([0.7, 0.7]), texRes=128, units='norm', win=Window(...))
10.7180 	EXP 	Created Sing_txt = TextStim(__class__=<class 'psychopy.visual.text.TextStim'>, alignHoriz='center', alignVert='center', antialias=True, autoLog=True, bold=False, color=array([ 1., -1., -1.]), colorSpace='rgb', contrast=1.0, depth=-3.0, flipHoriz=False, flipVert=False, font='Arial', fontFiles=[], height=0.3, italic=False, languageStyle='LTR', name='Sing_txt', opacity=1.0, ori=0, pos=array([ 0. , -0.5]), rgb=array([ 1., -1., -1.]), text='default text', units='norm', win=Window(...), wrapWidth=1)
10.7231 	EXP 	Created Pl_txt = TextStim(__class__=<class 'psychopy.visual.text.TextStim'>, alignHoriz='center', alignVert='center', antialias=True, autoLog=True, bold=False, color=array([ 1., -1., -1.]), colorSpace='rgb', contrast=1.0, depth=-4.0, flipHoriz=False, flipVert=False, font='Arial', fontFiles=[], height=0.3, italic=False, languageStyle='LTR', name='Pl_txt', opacity=1.0, ori=0, pos=array([ 0. , -0.5]), rgb=array([ 1., -1., -1.]), text='default text', units='norm', win=Window(...), wrapWidth=1)
10.7575 	EXP 	Created image_3 = ImageStim(__class__=<class 'psychopy.visual.image.ImageStim'>, autoLog=True, color=array([1., 1., 1.]), colorSpace='rgb', contrast=1.0, depth=0.0, flipHoriz=False, flipVert=False, image='Images/Instruction_Screen_Prod.png', interpolate=True, mask=None, maskParams=None, name='image_3', opacity=1.0, ori=0.0, pos=array([0., 0.]), size=array([2., 2.]), texRes=128, units='norm', win=Window(...))
10.7852 	EXP 	Created Trigger_ins1 = TextStim(__class__=<class 'psychopy.visual.text.TextStim'>, alignHoriz='center', alignVert='center', antialias=True, autoLog=True, bold=False, color=array([-1., -1., -1.]), colorSpace='rgb', contrast=1.0, depth=0.0, flipHoriz=False, flipVert=False, font='Arial', fontFiles=[], height=0.1, italic=False, languageStyle='LTR', name='Trigger_ins1', opacity=1.0, ori=0, pos=array([0. , 0.8]), rgb=array([-1., -1., -1.]), text='Read the word out loud', units='norm', win=Window(...), wrapWidth=1)
10.8049 	EXP 	Created Target_ins1 = TextStim(__class__=<class 'psychopy.visual.text.TextStim'>, alignHoriz='center', alignVert='center', antialias=True, autoLog=True, bold=False, color=array([-1., -1., -1.]), colorSpace='rgb', contrast=1.0, depth=-1.0, flipHoriz=False, flipVert=False, font='Arial', fontFiles=[], height=0.1, italic=False, languageStyle='LTR', name='Target_ins1', opacity=1.0, ori=0, pos=array([0. , 0.8]), rgb=array([-1., -1., -1.]), text=str(...), units='norm', win=Window(...), wrapWidth=1)
10.8076 	EXP 	Created Trigger_img1 = ImageStim(__class__=<class 'psychopy.visual.image.ImageStim'>, autoLog=True, color=array([1., 1., 1.]), colorSpace='rgb', contrast=1.0, depth=-2.0, flipHoriz=False, flipVert=False, image='sin', interpolate=True, mask=None, maskParams=None, name='Trigger_img1', opacity=1.0, ori=0.0, pos=array([0., 0.]), size=array([0.5, 0.5]), texRes=128, units='norm', win=Window(...))
10.8096 	EXP 	Created Target_img1 = ImageStim(__class__=<class 'psychopy.visual.image.ImageStim'>, autoLog=True, color=array([1., 1., 1.]), colorSpace='rgb', contrast=1.0, depth=-3.0, flipHoriz=False, flipVert=False, image='sin', interpolate=True, mask=None, maskParams=None, name='Target_img1', opacity=1.0, ori=0.0, pos=array([0., 0.]), size=array([0.5, 0.5]), texRes=128, units='norm', win=Window(...))
10.8157 	EXP 	Created Trigger_txt1 = TextStim(__class__=<class 'psychopy.visual.text.TextStim'>, alignHoriz='center', alignVert='center', antialias=True, autoLog=True, bold=False, color=array([ 1., -1., -1.]), colorSpace='rgb', contrast=1.0, depth=-4.0, flipHoriz=False, flipVert=False, font='Arial', fontFiles=[], height=0.3, italic=False, languageStyle='LTR', name='Trigger_txt1', opacity=1.0, ori=0, pos=array([ 0. , -0.5]), rgb=array([ 1., -1., -1.]), text='default text', units='norm', win=Window(...), wrapWidth=1)
10.8207 	EXP 	Created txtinp = TextStim(__class__=<class 'psychopy.visual.text.TextStim'>, alignHoriz='center', alignVert='center', antialias=True, autoLog=True, bold=False, color=array([ 1., -1., -1.]), colorSpace='rgb', contrast=1.0, depth=-6.0, flipHoriz=False, flipVert=False, font='Arial', fontFiles=[], height=0.3, italic=False, languageStyle='LTR', name='txtinp', opacity=1.0, ori=0, pos=array([ 0. , -0.5]), rgb=array([ 1., -1., -1.]), text='default text', units='norm', win=Window(...), wrapWidth=1)
10.8554 	EXP 	Created image_6 = ImageStim(__class__=<class 'psychopy.visual.image.ImageStim'>, autoLog=True, color=array([1., 1., 1.]), colorSpace='rgb', contrast=1.0, depth=0.0, flipHoriz=False, flipVert=False, image='Images/Instruction_Screen_FC.png', interpolate=True, mask=None, maskParams=None, name='image_6', opacity=1.0, ori=0.0, pos=array([0., 0.]), size=array([2., 2.]), texRes=128, units='norm', win=Window(...))
10.8702 	EXP 	Created Trigger_ins2 = TextStim(__class__=<class 'psychopy.visual.text.TextStim'>, alignHoriz='center', alignVert='center', antialias=True, autoLog=True, bold=False, color=array([-1., -1., -1.]), colorSpace='rgb', contrast=1.0, depth=0.0, flipHoriz=False, flipVert=False, font='Arial', fontFiles=[], height=0.1, italic=False, languageStyle='LTR', name='Trigger_ins2', opacity=1.0, ori=0, pos=array([0. , 0.8]), rgb=array([-1., -1., -1.]), text='Repeat the word you see', units='norm', win=Window(...), wrapWidth=1)
10.8866 	EXP 	Created Target_ins2 = TextStim(__class__=<class 'psychopy.visual.text.TextStim'>, alignHoriz='center', alignVert='center', antialias=True, autoLog=True, bold=False, color=array([-1., -1., -1.]), colorSpace='rgb', contrast=1.0, depth=-1.0, flipHoriz=False, flipVert=False, font='Arial', fontFiles=[], height=0.1, italic=False, languageStyle='LTR', name='Target_ins2', opacity=1.0, ori=0, pos=array([0. , 0.8]), rgb=array([-1., -1., -1.]), text=str(...), units='norm', win=Window(...), wrapWidth=1)
10.8891 	EXP 	Created Trigger_img2 = ImageStim(__class__=<class 'psychopy.visual.image.ImageStim'>, autoLog=True, color=array([1., 1., 1.]), colorSpace='rgb', contrast=1.0, depth=-2.0, flipHoriz=False, flipVert=False, image='sin', interpolate=True, mask=None, maskParams=None, name='Trigger_img2', opacity=1.0, ori=0.0, pos=array([0., 0.]), size=array([0.5, 0.5]), texRes=128, units='norm', win=Window(...))
10.8912 	EXP 	Created Target_img2 = ImageStim(__class__=<class 'psychopy.visual.image.ImageStim'>, autoLog=True, color=array([1., 1., 1.]), colorSpace='rgb', contrast=1.0, depth=-3.0, flipHoriz=False, flipVert=False, image='sin', interpolate=True, mask=None, maskParams=None, name='Target_img2', opacity=1.0, ori=0.0, pos=array([0., 0.]), size=array([0.5, 0.5]), texRes=128, units='norm', win=Window(...))
10.8966 	EXP 	Created Trigger_txt2 = TextStim(__class__=<class 'psychopy.visual.text.TextStim'>, alignHoriz='center', alignVert='center', antialias=True, autoLog=True, bold=False, color=array([ 1., -1., -1.]), colorSpace='rgb', contrast=1.0, depth=-4.0, flipHoriz=False, flipVert=False, font='Arial', fontFiles=[], height=0.3, italic=False, languageStyle='LTR', name='Trigger_txt2', opacity=1.0, ori=0, pos=array([ 0. , -0.5]), rgb=array([ 1., -1., -1.]), text='default text', units='norm', win=Window(...), wrapWidth=1)
10.9036 	EXP 	Created Target_instr_l = TextStim(__class__=<class 'psychopy.visual.text.TextStim'>, alignHoriz='center', alignVert='center', antialias=True, autoLog=True, bold=False, color=array([-1., -1., -1.]), colorSpace='rgb', contrast=1.0, depth=-5.0, flipHoriz=False, flipVert=False, font='Arial', fontFiles=[], height=0.08, italic=False, languageStyle='LTR', name='Target_instr_l', opacity=1.0, ori=0, pos=array([-0.5, -0.9]), rgb=array([-1., -1., -1.]), text='Press a\n\n', units='norm', win=Window(...), wrapWidth=1)
10.9101 	EXP 	Created Target_instr_r = TextStim(__class__=<class 'psychopy.visual.text.TextStim'>, alignHoriz='center', alignVert='center', antialias=True, autoLog=True, bold=False, color=array([-1., -1., -1.]), colorSpace='rgb', contrast=1.0, depth=-6.0, flipHoriz=False, flipVert=False, font='Arial', fontFiles=[], height=0.1, italic=False, languageStyle='LTR', name='Target_instr_r', opacity=1.0, ori=0, pos=array([ 0.5, -0.9]), rgb=array([-1., -1., -1.]), text='Press k', units='norm', win=Window(...), wrapWidth=1)
10.9154 	EXP 	Created Resp_a = TextStim(__class__=<class 'psychopy.visual.text.TextStim'>, alignHoriz='center', alignVert='center', antialias=True, autoLog=True, bold=False, color=array([ 1., -1., -1.]), colorSpace='rgb', contrast=1.0, depth=-8.0, flipHoriz=False, flipVert=False, font='Arial', fontFiles=[], height=0.3, italic=False, languageStyle='LTR', name='Resp_a', opacity=1.0, ori=0, pos=array([-0.5, -0.5]), rgb=array([ 1., -1., -1.]), text='default text', units='norm', win=Window(...), wrapWidth=1)
10.9201 	EXP 	Created Resp_b = TextStim(__class__=<class 'psychopy.visual.text.TextStim'>, alignHoriz='center', alignVert='center', antialias=True, autoLog=True, bold=False, color=array([ 1., -1., -1.]), colorSpace='rgb', contrast=1.0, depth=-9.0, flipHoriz=False, flipVert=False, font='Arial', fontFiles=[], height=0.3, italic=False, languageStyle='LTR', name='Resp_b', opacity=1.0, ori=0, pos=array([ 0.5, -0.5]), rgb=array([ 1., -1., -1.]), text='default text', units='norm', win=Window(...), wrapWidth=1)
10.9235 	EXP 	lub: autoDraw = True
13.6821 	DATA 	Keypress: l
14.6973 	DATA 	Keypress: space
14.7747 	EXP 	Imported Lists/Experiment_Word_list_voicing.xlsx as conditions, 2 conditions, 7 params
14.7751 	EXP 	Created sequence: random, trialTypes=2, nReps=1, seed=None
14.7755 	EXP 	New trial (rep=0, index=0): OrderedDict([('Plural', 'larupu'), ('Singular', 'larub'), ('Test_cond', 0), ('New_seg', 0), ('Filler', 0), ('Picture', 'Images/rock.jpg'), ('Picture_pl', 'Images/rock_pl.jpg')])
14.8257 	EXP 	lub: autoDraw = False
14.8257 	EXP 	Sing_img: image = 'Images/rock.jpg'
14.8257 	EXP 	Pl_img: image = 'Images/rock_pl.jpg'
14.8257 	EXP 	Sing_txt: text = 'larub'
14.8257 	EXP 	Pl_txt: text = 'larupu'
14.8257 	EXP 	Instr: autoDraw = True
14.8257 	EXP 	Sing_img: autoDraw = True
14.8257 	EXP 	Sing_txt: autoDraw = True
17.7933 	EXP 	Sing_img: autoDraw = False
17.7933 	EXP 	Pl_img: autoDraw = True
17.7933 	EXP 	Sing_txt: autoDraw = False
17.7933 	EXP 	Pl_txt: autoDraw = True
20.7904 	EXP 	Instr: autoDraw = False
20.7904 	EXP 	Pl_img: autoDraw = False
20.7904 	EXP 	Pl_txt: autoDraw = False
28.4843 	DATA 	Keypress: p
28.4864 	EXP 	window1: recordFrameIntervals = False
28.5001 	EXP 	Instr: autoDraw = False
28.5001 	EXP 	Sing_img: autoDraw = False
28.5001 	EXP 	Pl_img: autoDraw = False
28.5001 	EXP 	Sing_txt: autoDraw = False
28.5001 	EXP 	Pl_txt: autoDraw = False
28.5004 	EXP 	window1: recordFrameIntervals = False
29.4702 	EXP 	New trial (rep=0, index=1): OrderedDict([('Plural', 'musapu'), ('Singular', 'musab'), ('Test_cond', 0), ('New_seg', 0), ('Filler', 0), ('Picture', 'Images/apple.jpg'), ('Picture_pl', 'Images/apple_pl.jpg')])
29.5141 	EXP 	Sing_img: image = 'Images/apple.jpg'
29.5141 	EXP 	Pl_img: image = 'Images/apple_pl.jpg'
29.5141 	EXP 	Sing_txt: text = 'musab'
29.5141 	EXP 	Pl_txt: text = 'musapu'
29.5141 	EXP 	Instr: autoDraw = True
29.5141 	EXP 	Sing_img: autoDraw = True
29.5141 	EXP 	Sing_txt: autoDraw = True
29.6829 	DATA 	Keypress: space
32.4789 	EXP 	Sing_img: autoDraw = False
32.4789 	EXP 	Sing_txt: autoDraw = False
32.4954 	EXP 	Pl_img: autoDraw = True
32.4954 	EXP 	Pl_txt: autoDraw = True
35.4761 	EXP 	Instr: autoDraw = False
35.4761 	EXP 	Pl_img: autoDraw = False
35.4761 	EXP 	Pl_txt: autoDraw = False
37.8911 	DATA 	Keypress: p
37.8927 	EXP 	window1: recordFrameIntervals = False
37.9076 	EXP 	Instr: autoDraw = False
37.9076 	EXP 	Sing_img: autoDraw = False
37.9076 	EXP 	Pl_img: autoDraw = False
37.9076 	EXP 	Sing_txt: autoDraw = False
37.9076 	EXP 	Pl_txt: autoDraw = False
37.9079 	EXP 	window1: recordFrameIntervals = False
38.8801 	EXP 	image_3: autoDraw = True
39.9889 	DATA 	Keypress: space
40.0398 	EXP 	Imported Lists\Prod_voicing.xlsx as conditions, 2 conditions, 7 params
40.0402 	EXP 	Created sequence: random, trialTypes=2, nReps=1, seed=None
40.0405 	EXP 	New trial (rep=0, index=0): OrderedDict([('Trigger_txt', 'larupu'), ('Target_txt', 'larub'), ('Test_cond', 0), ('New_seg', 0), ('Filler', 0), ('Target_img', 'Images/rock.jpg'), ('Trigger_img', 'Images/rock_pl.jpg')])
40.0793 	EXP 	image_3: autoDraw = False
40.0793 	EXP 	Trigger_img1: image = 'Images/rock_pl.jpg'
40.0793 	EXP 	Target_img1: image = 'Images/rock.jpg'
40.0793 	EXP 	Trigger_txt1: text = 'larupu'
40.0793 	EXP 	txtinp: alignHoriz = 'left'
40.0793 	EXP 	Trigger_ins1: autoDraw = True
40.0793 	EXP 	Trigger_img1: autoDraw = True
40.0793 	EXP 	Trigger_txt1: autoDraw = True
45.0492 	EXP 	Trigger_ins1: autoDraw = False
45.0492 	EXP 	Trigger_img1: autoDraw = False
45.0492 	EXP 	Trigger_txt1: autoDraw = False
45.0654 	EXP 	Target_ins1: autoDraw = True
45.0654 	EXP 	Target_img1: autoDraw = True
45.0654 	EXP 	txtinp: autoDraw = True
50.3614 	DATA 	Keypress: l
50.4615 	DATA 	Keypress: a
50.6277 	DATA 	Keypress: r
50.8275 	DATA 	Keypress: u
51.0104 	DATA 	Keypress: p
51.5443 	DATA 	Keypress: backspace
51.6599 	DATA 	Keypress: b
51.7602 	DATA 	Keypress: return
51.7779 	EXP 	window1: recordFrameIntervals = False
51.7927 	EXP 	Trigger_ins1: autoDraw = False
51.7927 	EXP 	Target_ins1: autoDraw = False
51.7927 	EXP 	Trigger_img1: autoDraw = False
51.7927 	EXP 	Target_img1: autoDraw = False
51.7927 	EXP 	Trigger_txt1: autoDraw = False
51.7927 	EXP 	txtinp: autoDraw = False
51.7929 	EXP 	window1: recordFrameIntervals = False
52.7621 	EXP 	New trial (rep=0, index=1): OrderedDict([('Trigger_txt', 'musapu'), ('Target_txt', 'musab'), ('Test_cond', 0), ('New_seg', 0), ('Filler', 0), ('Target_img', 'Images/apple.jpg'), ('Trigger_img', 'Images/apple_pl.jpg')])
52.7952 	EXP 	Trigger_img1: image = 'Images/apple_pl.jpg'
52.7952 	EXP 	Target_img1: image = 'Images/apple.jpg'
52.7952 	EXP 	Trigger_txt1: text = 'musapu'
52.7952 	EXP 	txtinp: alignHoriz = 'left'
52.7952 	EXP 	Trigger_ins1: autoDraw = True
52.7952 	EXP 	Trigger_img1: autoDraw = True
52.7952 	EXP 	Trigger_txt1: autoDraw = True
57.7706 	EXP 	Trigger_ins1: autoDraw = False
57.7706 	EXP 	Trigger_img1: autoDraw = False
57.7706 	EXP 	Trigger_txt1: autoDraw = False
57.7870 	EXP 	Target_ins1: autoDraw = True
57.7870 	EXP 	Target_img1: autoDraw = True
57.7870 	EXP 	txtinp: autoDraw = True
58.9048 	DATA 	Keypress: m
59.1370 	DATA 	Keypress: u
59.2713 	DATA 	Keypress: s
59.4190 	DATA 	Keypress: a
59.5072 	DATA 	Keypress: b
60.3194 	DATA 	Keypress: return
60.3371 	EXP 	window1: recordFrameIntervals = False
60.3520 	EXP 	Trigger_ins1: autoDraw = False
60.3520 	EXP 	Target_ins1: autoDraw = False
60.3520 	EXP 	Trigger_img1: autoDraw = False
60.3520 	EXP 	Target_img1: autoDraw = False
60.3520 	EXP 	Trigger_txt1: autoDraw = False
60.3520 	EXP 	txtinp: autoDraw = False
60.3524 	EXP 	window1: recordFrameIntervals = False
61.3247 	EXP 	image_6: autoDraw = True
63.8991 	DATA 	Keypress: space
63.9793 	EXP 	Imported Lists\FC_voicing.xlsx as conditions, 3 conditions, 8 params
63.9798 	EXP 	Created sequence: random, trialTypes=3, nReps=1, seed=None
63.9804 	EXP 	New trial (rep=0, index=0): OrderedDict([('Trigger_txt', 'larupu'), ('Corr', 'larub'), ('Incorr', 'larup'), ('Test_cond', 0), ('New_seg', 0), ('Filler', 0), ('Target_img', 'Images/rock.jpg'), ('Trigger_img', 'Images/rock_pl.jpg')])
64.0285 	EXP 	image_6: autoDraw = False
64.0285 	EXP 	Trigger_img2: image = 'Images/rock_pl.jpg'
64.0285 	EXP 	Target_img2: image = 'Images/rock.jpg'
64.0285 	EXP 	Trigger_txt2: text = 'larupu'
64.0285 	EXP 	Resp_a: text = 'larub'
64.0285 	EXP 	Resp_b: text = 'larup'
64.0285 	EXP 	Trigger_ins2: autoDraw = True
64.0285 	EXP 	Trigger_img2: autoDraw = True
64.0285 	EXP 	Trigger_txt2: autoDraw = True
67.9936 	EXP 	Trigger_ins2: autoDraw = False
67.9936 	EXP 	Trigger_img2: autoDraw = False
67.9936 	EXP 	Trigger_txt2: autoDraw = False
68.0099 	EXP 	Target_ins2: autoDraw = True
68.0099 	EXP 	Target_img2: autoDraw = True
68.0099 	EXP 	Target_instr_l: autoDraw = True
68.0099 	EXP 	Target_instr_r: autoDraw = True
68.0099 	EXP 	Resp_a: autoDraw = True
68.0099 	EXP 	Resp_b: autoDraw = True
76.0023 	DATA 	Keypress: a
76.0029 	EXP 	window1: recordFrameIntervals = False
76.0184 	EXP 	Trigger_ins2: autoDraw = False
76.0184 	EXP 	Target_ins2: autoDraw = False
76.0184 	EXP 	Trigger_img2: autoDraw = False
76.0184 	EXP 	Target_img2: autoDraw = False
76.0184 	EXP 	Trigger_txt2: autoDraw = False
76.0184 	EXP 	Target_instr_l: autoDraw = False
76.0184 	EXP 	Target_instr_r: autoDraw = False
76.0184 	EXP 	Resp_a: autoDraw = False
76.0184 	EXP 	Resp_b: autoDraw = False
76.0185 	EXP 	window1: recordFrameIntervals = False
76.9869 	EXP 	New trial (rep=0, index=1): OrderedDict([('Trigger_txt', 'rumutu'), ('Corr', 'rumud'), ('Incorr', 'rumut'), ('Test_cond', 0), ('New_seg', 0), ('Filler', 0), ('Target_img', 'Images/river.jpg'), ('Trigger_img', 'Images/river_pl.jpg')])
77.0529 	EXP 	Trigger_img2: image = 'Images/river_pl.jpg'
77.0529 	EXP 	Target_img2: image = 'Images/river.jpg'
77.0529 	EXP 	Trigger_txt2: text = 'rumutu'
77.0529 	EXP 	Resp_a: text = 'rumud'
77.0529 	EXP 	Resp_b: text = 'rumut'
77.0529 	EXP 	Trigger_ins2: autoDraw = True
77.0529 	EXP 	Trigger_img2: autoDraw = True
77.0529 	EXP 	Trigger_txt2: autoDraw = True
80.9972 	EXP 	Trigger_ins2: autoDraw = False
80.9972 	EXP 	Trigger_img2: autoDraw = False
80.9972 	EXP 	Trigger_txt2: autoDraw = False
81.0133 	EXP 	Target_ins2: autoDraw = True
81.0133 	EXP 	Target_img2: autoDraw = True
81.0133 	EXP 	Target_instr_l: autoDraw = True
81.0133 	EXP 	Target_instr_r: autoDraw = True
81.0133 	EXP 	Resp_a: autoDraw = True
81.0133 	EXP 	Resp_b: autoDraw = True
82.1823 	DATA 	Keypress: k
82.1968 	EXP 	window1: recordFrameIntervals = False
82.2126 	EXP 	Trigger_ins2: autoDraw = False
82.2126 	EXP 	Target_ins2: autoDraw = False
82.2126 	EXP 	Trigger_img2: autoDraw = False
82.2126 	EXP 	Target_img2: autoDraw = False
82.2126 	EXP 	Trigger_txt2: autoDraw = False
82.2126 	EXP 	Target_instr_l: autoDraw = False
82.2126 	EXP 	Target_instr_r: autoDraw = False
82.2126 	EXP 	Resp_a: autoDraw = False
82.2126 	EXP 	Resp_b: autoDraw = False
82.2129 	EXP 	window1: recordFrameIntervals = False
83.1812 	EXP 	New trial (rep=0, index=2): OrderedDict([('Trigger_txt', 'musapu'), ('Corr', 'musab'), ('Incorr', 'musap'), ('Test_cond', 0), ('New_seg', 0), ('Filler', 0), ('Target_img', 'Images/apple.jpg'), ('Trigger_img', 'Images/apple_pl.jpg')])
83.2182 	EXP 	Trigger_img2: image = 'Images/apple_pl.jpg'
83.2182 	EXP 	Target_img2: image = 'Images/apple.jpg'
83.2182 	EXP 	Trigger_txt2: text = 'musapu'
83.2182 	EXP 	Resp_a: text = 'musab'
83.2182 	EXP 	Resp_b: text = 'musap'
83.2182 	EXP 	Trigger_ins2: autoDraw = True
83.2182 	EXP 	Trigger_img2: autoDraw = True
83.2182 	EXP 	Trigger_txt2: autoDraw = True
85.2945 	DATA 	Keypress: escape
85.3519 	EXP 	window1: mouseVisible = True
