7.6641 	EXP 	Created window1 = Window(allowGUI=False, allowStencil=False, args=UNKNOWN, autoLog=True, bitsMode=UNKNOWN, blendMode='avg', color=array([1., 1., 1.]), colorSpace='rgb', fullscr=<method-wrapper '__getattribute__' of attributeSetter object at 0x0D1142D0>, gamma=None, kwargs=UNKNOWN, lms=UNKNOWN, monitor=<psychopy.monitors.calibTools.Monitor object at 0x0FB70C90>, multiSample=False, name='window1', numSamples=2, pos=[0.0, 0.0], screen=0, size=array([1920, 1080]), stereo=False, units='norm', useFBO=True, useRetina=False, viewOri=0.0, viewPos=None, viewScale=None, waitBlanking=True, winType='pyglet')
7.6641 	EXP 	window1: recordFrameIntervals = False
7.8296 	EXP 	window1: recordFrameIntervals = True
8.0130 	EXP 	window1: recordFrameIntervals = False
8.0730 	EXP 	Created lub = ImageStim(__class__=<class 'psychopy.visual.image.ImageStim'>, autoLog=True, color=array([1., 1., 1.]), colorSpace='rgb', contrast=1.0, depth=-1.0, flipHoriz=False, flipVert=False, image='Images/Instruction_Screen.png', interpolate=True, mask=None, maskParams=None, name='lub', opacity=1.0, ori=0.0, pos=array([0., 0.]), size=array([2., 2.]), texRes=128, units='norm', win=Window(...))
8.1658 	EXP 	Created Instr = TextStim(__class__=<class 'psychopy.visual.text.TextStim'>, alignHoriz='center', alignVert='center', antialias=True, autoLog=True, bold=False, color=array([-1., -1., -1.]), colorSpace='rgb', contrast=1.0, depth=0.0, flipHoriz=False, flipVert=False, font='Arial', fontFiles=[], height=0.08, italic=False, languageStyle='LTR', name='Instr', opacity=0.95, ori=0, pos=array([0. , 0.8]), rgb=array([-1., -1., -1.]), text='Say the words you see out loud', units='norm', win=Window(...), wrapWidth=1)
8.1693 	EXP 	Created Sing_img = ImageStim(__class__=<class 'psychopy.visual.image.ImageStim'>, autoLog=True, color=array([1., 1., 1.]), colorSpace='rgb', contrast=1.0, depth=-1.0, flipHoriz=False, flipVert=False, image='sin', interpolate=True, mask=None, maskParams=None, name='Sing_img', opacity=1.0, ori=0.0, pos=array([0., 0.]), size=array([0.5, 0.5]), texRes=128, units='norm', win=Window(...))
8.1725 	EXP 	Created Pl_img = ImageStim(__class__=<class 'psychopy.visual.image.ImageStim'>, autoLog=True, color=array([1., 1., 1.]), colorSpace='rgb', contrast=1.0, depth=-2.0, flipHoriz=False, flipVert=False, image='sin', interpolate=True, mask=None, maskParams=None, name='Pl_img', opacity=1.0, ori=0.0, pos=array([0., 0.]), size=array([0.5, 0.5]), texRes=128, units='norm', win=Window(...))
8.2293 	EXP 	Created Sing_txt = TextStim(__class__=<class 'psychopy.visual.text.TextStim'>, alignHoriz='center', alignVert='center', antialias=True, autoLog=True, bold=False, color=array([ 1., -1., -1.]), colorSpace='rgb', contrast=1.0, depth=-3.0, flipHoriz=False, flipVert=False, font='Arial', fontFiles=[], height=0.3, italic=False, languageStyle='LTR', name='Sing_txt', opacity=1.0, ori=0, pos=array([ 0. , -0.5]), rgb=array([ 1., -1., -1.]), text='default text', units='norm', win=Window(...), wrapWidth=1)
8.2400 	EXP 	Created Pl_txt = TextStim(__class__=<class 'psychopy.visual.text.TextStim'>, alignHoriz='center', alignVert='center', antialias=True, autoLog=True, bold=False, color=array([ 1., -1., -1.]), colorSpace='rgb', contrast=1.0, depth=-4.0, flipHoriz=False, flipVert=False, font='Arial', fontFiles=[], height=0.3, italic=False, languageStyle='LTR', name='Pl_txt', opacity=1.0, ori=0, pos=array([ 0. , -0.5]), rgb=array([ 1., -1., -1.]), text='default text', units='norm', win=Window(...), wrapWidth=1)
8.2811 	EXP 	Created lub = ImageStim(__class__=<class 'psychopy.visual.image.ImageStim'>, autoLog=True, color=array([1., 1., 1.]), colorSpace='rgb', contrast=1.0, depth=-1.0, flipHoriz=False, flipVert=False, image='Images/Instruction_Screen.png', interpolate=True, mask=None, maskParams=None, name='lub', opacity=1.0, ori=0.0, pos=array([0., 0.]), size=array([2., 2.]), texRes=128, units='norm', win=Window(...))
8.2845 	EXP 	Created image = ImageStim(__class__=<class 'psychopy.visual.image.ImageStim'>, autoLog=True, color=array([1., 1., 1.]), colorSpace='rgb', contrast=1.0, depth=0.0, flipHoriz=False, flipVert=False, image='sin', interpolate=True, mask=None, maskParams=None, name='image', opacity=1.0, ori=0.0, pos=array([0., 0.]), size=array([0.5, 0.5]), texRes=128, units='norm', win=Window(...))
8.2874 	EXP 	Created image_2 = ImageStim(__class__=<class 'psychopy.visual.image.ImageStim'>, autoLog=True, color=array([1., 1., 1.]), colorSpace='rgb', contrast=1.0, depth=0.0, flipHoriz=False, flipVert=False, image='sin', interpolate=True, mask=None, maskParams=None, name='image_2', opacity=1.0, ori=0.0, pos=array([0., 0.]), size=array([0.5, 0.5]), texRes=128, units='norm', win=Window(...))
8.3344 	EXP 	Created image_3 = ImageStim(__class__=<class 'psychopy.visual.image.ImageStim'>, autoLog=True, color=array([1., 1., 1.]), colorSpace='rgb', contrast=1.0, depth=0.0, flipHoriz=False, flipVert=False, image='Images/Instruction_Screen_Prod.png', interpolate=True, mask=None, maskParams=None, name='image_3', opacity=1.0, ori=0.0, pos=array([0., 0.]), size=array([2., 2.]), texRes=128, units='norm', win=Window(...))
8.3764 	EXP 	Created Trigger_ins1 = TextStim(__class__=<class 'psychopy.visual.text.TextStim'>, alignHoriz='center', alignVert='center', antialias=True, autoLog=True, bold=False, color=array([-1., -1., -1.]), colorSpace='rgb', contrast=1.0, depth=0.0, flipHoriz=False, flipVert=False, font='Arial', fontFiles=[], height=0.1, italic=False, languageStyle='LTR', name='Trigger_ins1', opacity=1.0, ori=0, pos=array([0. , 0.8]), rgb=array([-1., -1., -1.]), text='Read the word out loud', units='norm', win=Window(...), wrapWidth=1)
8.4058 	EXP 	Created Target_ins1 = TextStim(__class__=<class 'psychopy.visual.text.TextStim'>, alignHoriz='center', alignVert='center', antialias=True, autoLog=True, bold=False, color=array([-1., -1., -1.]), colorSpace='rgb', contrast=1.0, depth=-1.0, flipHoriz=False, flipVert=False, font='Arial', fontFiles=[], height=0.1, italic=False, languageStyle='LTR', name='Target_ins1', opacity=1.0, ori=0, pos=array([0. , 0.8]), rgb=array([-1., -1., -1.]), text=str(...), units='norm', win=Window(...), wrapWidth=1)
8.4085 	EXP 	Created Trigger_img1 = ImageStim(__class__=<class 'psychopy.visual.image.ImageStim'>, autoLog=True, color=array([1., 1., 1.]), colorSpace='rgb', contrast=1.0, depth=-2.0, flipHoriz=False, flipVert=False, image='sin', interpolate=True, mask=None, maskParams=None, name='Trigger_img1', opacity=1.0, ori=0.0, pos=array([0., 0.]), size=array([0.5, 0.5]), texRes=128, units='norm', win=Window(...))
8.4105 	EXP 	Created Target_img1 = ImageStim(__class__=<class 'psychopy.visual.image.ImageStim'>, autoLog=True, color=array([1., 1., 1.]), colorSpace='rgb', contrast=1.0, depth=-3.0, flipHoriz=False, flipVert=False, image='sin', interpolate=True, mask=None, maskParams=None, name='Target_img1', opacity=1.0, ori=0.0, pos=array([0., 0.]), size=array([0.5, 0.5]), texRes=128, units='norm', win=Window(...))
8.4197 	EXP 	Created Trigger_txt1 = TextStim(__class__=<class 'psychopy.visual.text.TextStim'>, alignHoriz='center', alignVert='center', antialias=True, autoLog=True, bold=False, color=array([ 1., -1., -1.]), colorSpace='rgb', contrast=1.0, depth=-4.0, flipHoriz=False, flipVert=False, font='Arial', fontFiles=[], height=0.3, italic=False, languageStyle='LTR', name='Trigger_txt1', opacity=1.0, ori=0, pos=array([ 0. , -0.5]), rgb=array([ 1., -1., -1.]), text='default text', units='norm', win=Window(...), wrapWidth=1)
8.4303 	EXP 	Created txtinp = TextStim(__class__=<class 'psychopy.visual.text.TextStim'>, alignHoriz='center', alignVert='center', antialias=True, autoLog=True, bold=False, color=array([ 1., -1., -1.]), colorSpace='rgb', contrast=1.0, depth=-6.0, flipHoriz=False, flipVert=False, font='Arial', fontFiles=[], height=0.3, italic=False, languageStyle='LTR', name='txtinp', opacity=1.0, ori=0, pos=array([ 0. , -0.5]), rgb=array([ 1., -1., -1.]), text='default text', units='norm', win=Window(...), wrapWidth=1)
8.4723 	EXP 	Created image_6 = ImageStim(__class__=<class 'psychopy.visual.image.ImageStim'>, autoLog=True, color=array([1., 1., 1.]), colorSpace='rgb', contrast=1.0, depth=0.0, flipHoriz=False, flipVert=False, image='Images/Instruction_Screen_FC.png', interpolate=True, mask=None, maskParams=None, name='image_6', opacity=1.0, ori=0.0, pos=array([0., 0.]), size=array([2., 2.]), texRes=128, units='norm', win=Window(...))
8.4857 	EXP 	Created Trigger_ins2 = TextStim(__class__=<class 'psychopy.visual.text.TextStim'>, alignHoriz='center', alignVert='center', antialias=True, autoLog=True, bold=False, color=array([-1., -1., -1.]), colorSpace='rgb', contrast=1.0, depth=0.0, flipHoriz=False, flipVert=False, font='Arial', fontFiles=[], height=0.1, italic=False, languageStyle='LTR', name='Trigger_ins2', opacity=1.0, ori=0, pos=array([0. , 0.8]), rgb=array([-1., -1., -1.]), text='Repeat the word you see', units='norm', win=Window(...), wrapWidth=1)
8.5133 	EXP 	Created Target_ins2 = TextStim(__class__=<class 'psychopy.visual.text.TextStim'>, alignHoriz='center', alignVert='center', antialias=True, autoLog=True, bold=False, color=array([-1., -1., -1.]), colorSpace='rgb', contrast=1.0, depth=-1.0, flipHoriz=False, flipVert=False, font='Arial', fontFiles=[], height=0.1, italic=False, languageStyle='LTR', name='Target_ins2', opacity=1.0, ori=0, pos=array([0. , 0.8]), rgb=array([-1., -1., -1.]), text=str(...), units='norm', win=Window(...), wrapWidth=1)
8.5162 	EXP 	Created Trigger_img2 = ImageStim(__class__=<class 'psychopy.visual.image.ImageStim'>, autoLog=True, color=array([1., 1., 1.]), colorSpace='rgb', contrast=1.0, depth=-2.0, flipHoriz=False, flipVert=False, image='sin', interpolate=True, mask=None, maskParams=None, name='Trigger_img2', opacity=1.0, ori=0.0, pos=array([0., 0.]), size=array([0.5, 0.5]), texRes=128, units='norm', win=Window(...))
8.5185 	EXP 	Created Target_img2 = ImageStim(__class__=<class 'psychopy.visual.image.ImageStim'>, autoLog=True, color=array([1., 1., 1.]), colorSpace='rgb', contrast=1.0, depth=-3.0, flipHoriz=False, flipVert=False, image='sin', interpolate=True, mask=None, maskParams=None, name='Target_img2', opacity=1.0, ori=0.0, pos=array([0., 0.]), size=array([0.5, 0.5]), texRes=128, units='norm', win=Window(...))
8.5287 	EXP 	Created Trigger_txt2 = TextStim(__class__=<class 'psychopy.visual.text.TextStim'>, alignHoriz='center', alignVert='center', antialias=True, autoLog=True, bold=False, color=array([ 1., -1., -1.]), colorSpace='rgb', contrast=1.0, depth=-4.0, flipHoriz=False, flipVert=False, font='Arial', fontFiles=[], height=0.3, italic=False, languageStyle='LTR', name='Trigger_txt2', opacity=1.0, ori=0, pos=array([ 0. , -0.5]), rgb=array([ 1., -1., -1.]), text='default text', units='norm', win=Window(...), wrapWidth=1)
8.5381 	EXP 	Created Target_instr_l = TextStim(__class__=<class 'psychopy.visual.text.TextStim'>, alignHoriz='center', alignVert='center', antialias=True, autoLog=True, bold=False, color=array([-1., -1., -1.]), colorSpace='rgb', contrast=1.0, depth=-5.0, flipHoriz=False, flipVert=False, font='Arial', fontFiles=[], height=0.08, italic=False, languageStyle='LTR', name='Target_instr_l', opacity=1.0, ori=0, pos=array([-0.5, -0.8]), rgb=array([-1., -1., -1.]), text='Press a\n\n', units='norm', win=Window(...), wrapWidth=1)
8.5461 	EXP 	Created Target_instr_r = TextStim(__class__=<class 'psychopy.visual.text.TextStim'>, alignHoriz='center', alignVert='center', antialias=True, autoLog=True, bold=False, color=array([-1., -1., -1.]), colorSpace='rgb', contrast=1.0, depth=-6.0, flipHoriz=False, flipVert=False, font='Arial', fontFiles=[], height=0.08, italic=False, languageStyle='LTR', name='Target_instr_r', opacity=1.0, ori=0, pos=array([ 0.5, -0.7]), rgb=array([-1., -1., -1.]), text='Press k', units='norm', win=Window(...), wrapWidth=1)
8.5564 	EXP 	Created Resp_a = TextStim(__class__=<class 'psychopy.visual.text.TextStim'>, alignHoriz='center', alignVert='center', antialias=True, autoLog=True, bold=False, color=array([ 1., -1., -1.]), colorSpace='rgb', contrast=1.0, depth=-8.0, flipHoriz=False, flipVert=False, font='Arial', fontFiles=[], height=0.3, italic=False, languageStyle='LTR', name='Resp_a', opacity=1.0, ori=0, pos=array([-0.5, -0.5]), rgb=array([ 1., -1., -1.]), text='default text', units='norm', win=Window(...), wrapWidth=1)
8.5674 	EXP 	Created Resp_b = TextStim(__class__=<class 'psychopy.visual.text.TextStim'>, alignHoriz='center', alignVert='center', antialias=True, autoLog=True, bold=False, color=array([ 1., -1., -1.]), colorSpace='rgb', contrast=1.0, depth=-9.0, flipHoriz=False, flipVert=False, font='Arial', fontFiles=[], height=0.3, italic=False, languageStyle='LTR', name='Resp_b', opacity=1.0, ori=0, pos=array([ 0.5, -0.5]), rgb=array([ 1., -1., -1.]), text='default text', units='norm', win=Window(...), wrapWidth=1)
8.5775 	EXP 	lub: autoDraw = True
9.7280 	DATA 	Keypress: space
9.7956 	EXP 	Imported Lists/Experiment_Word_list_voicing.xlsx as conditions, 1 conditions, 7 params
9.7961 	EXP 	Created sequence: random, trialTypes=1, nReps=1, seed=None
9.7967 	EXP 	New trial (rep=0, index=0): OrderedDict([('Plural', 'musapu'), ('Singular', 'musab'), ('Test_cond', 0), ('New_seg', 0), ('Filler', 0), ('Picture', 'Images/apple.jpg'), ('Picture_pl', 'Images/apple_pl.jpg')])
9.8609 	EXP 	lub: autoDraw = False
9.8609 	EXP 	Sing_img: size = array([0.45, 0.8 ])
9.8609 	EXP 	Sing_img: image = 'Images/apple.jpg'
9.8609 	EXP 	Pl_img: size = array([0.55416667, 0.44444444])
9.8609 	EXP 	Pl_img: image = 'Images/apple_pl.jpg'
9.8609 	EXP 	Sing_txt: text = 'musab'
9.8609 	EXP 	Pl_txt: text = 'musapu'
9.8609 	EXP 	Instr: autoDraw = True
9.8609 	EXP 	Sing_img: autoDraw = True
9.8609 	EXP 	Sing_txt: autoDraw = True
12.8078 	EXP 	Sing_img: autoDraw = False
12.8078 	EXP 	Sing_txt: autoDraw = False
12.8244 	EXP 	Pl_img: autoDraw = True
12.8244 	EXP 	Pl_txt: autoDraw = True
15.7385 	EXP 	window1: recordFrameIntervals = False
15.7548 	EXP 	Instr: autoDraw = False
15.7548 	EXP 	Sing_img: autoDraw = False
15.7548 	EXP 	Pl_img: autoDraw = False
15.7548 	EXP 	Sing_txt: autoDraw = False
15.7548 	EXP 	Pl_txt: autoDraw = False
15.7550 	EXP 	window1: recordFrameIntervals = False
16.4772 	EXP 	lub: autoDraw = True
17.6864 	DATA 	Keypress: space
17.7366 	EXP 	Imported Lists/Experiment_Word_list_voicing.xlsx as conditions, 2 conditions, 7 params
17.7370 	EXP 	Created sequence: random, trialTypes=2, nReps=1, seed=None
17.7376 	EXP 	New trial (rep=0, index=0): OrderedDict([('Plural', 'musatu'), ('Singular', 'musad'), ('Test_cond', 0), ('New_seg', 0), ('Filler', 0), ('Picture', 'Images/foot.jpg'), ('Picture_pl', 'Images/foot_pl.jpg')])
17.7567 	EXP 	lub: autoDraw = False
17.7567 	EXP 	image: size = array([0.52083333, 0.61666667])
17.7567 	EXP 	image: image = 'Images/foot.jpg'
17.7567 	EXP 	image: autoDraw = True
18.7213 	EXP 	image: autoDraw = False
18.7213 	EXP 	image_2: size = array([0.72916667, 0.41296296])
18.7213 	EXP 	image_2: image = 'Images/foot_pl.jpg'
18.7213 	EXP 	image_2: autoDraw = True
19.7011 	EXP 	window1: recordFrameIntervals = False
19.7178 	EXP 	image_2: autoDraw = False
19.7179 	EXP 	window1: recordFrameIntervals = False
20.4321 	EXP 	New trial (rep=0, index=1): OrderedDict([('Plural', 'lunitu'), ('Singular', 'lunid'), ('Test_cond', 0), ('New_seg', 0), ('Filler', 0), ('Picture', 'Images/ship.jpg'), ('Picture_pl', 'Images/ship_pl.jpg')])
20.4488 	EXP 	image: size = array([0.44791667, 0.61851852])
20.4488 	EXP 	image: image = 'Images/ship.jpg'
20.4488 	EXP 	image: autoDraw = True
21.4529 	EXP 	image: autoDraw = False
21.4529 	EXP 	image: autoDraw = False
21.4529 	EXP 	image_2: size = array([0.6875    , 0.46481481])
21.4529 	EXP 	image_2: image = 'Images/ship_pl.jpg'
21.4529 	EXP 	image_2: autoDraw = True
22.4317 	EXP 	window1: recordFrameIntervals = False
22.4480 	EXP 	image_2: autoDraw = False
22.4480 	EXP 	image_2: autoDraw = False
22.4480 	EXP 	window1: recordFrameIntervals = False
23.1767 	EXP 	image_3: autoDraw = True
23.7470 	DATA 	Keypress: escape
23.7727 	EXP 	window1: mouseVisible = True
7.0038 	EXP 	Created window1 = Window(allowGUI=False, allowStencil=False, args=UNKNOWN, autoLog=True, bitsMode=UNKNOWN, blendMode='avg', color=array([1., 1., 1.]), colorSpace='rgb', fullscr=<method-wrapper '__getattribute__' of attributeSetter object at 0x0CD842D0>, gamma=None, kwargs=UNKNOWN, lms=UNKNOWN, monitor=<psychopy.monitors.calibTools.Monitor object at 0x0FB90C90>, multiSample=False, name='window1', numSamples=2, pos=[0.0, 0.0], screen=0, size=array([1920, 1080]), stereo=False, units='norm', useFBO=True, useRetina=False, viewOri=0.0, viewPos=None, viewScale=None, waitBlanking=True, winType='pyglet')
7.0038 	EXP 	window1: recordFrameIntervals = False
7.1691 	EXP 	window1: recordFrameIntervals = True
7.3530 	EXP 	window1: recordFrameIntervals = False
7.4081 	EXP 	Created lub = ImageStim(__class__=<class 'psychopy.visual.image.ImageStim'>, autoLog=True, color=array([1., 1., 1.]), colorSpace='rgb', contrast=1.0, depth=-1.0, flipHoriz=False, flipVert=False, image='Images/Instruction_Screen.png', interpolate=True, mask=None, maskParams=None, name='lub', opacity=1.0, ori=0.0, pos=array([0., 0.]), size=array([2., 2.]), texRes=128, units='norm', win=Window(...))
7.4998 	EXP 	Created Instr = TextStim(__class__=<class 'psychopy.visual.text.TextStim'>, alignHoriz='center', alignVert='center', antialias=True, autoLog=True, bold=False, color=array([-1., -1., -1.]), colorSpace='rgb', contrast=1.0, depth=0.0, flipHoriz=False, flipVert=False, font='Arial', fontFiles=[], height=0.08, italic=False, languageStyle='LTR', name='Instr', opacity=0.95, ori=0, pos=array([0. , 0.8]), rgb=array([-1., -1., -1.]), text='Say the words you see out loud', units='norm', win=Window(...), wrapWidth=1)
7.5029 	EXP 	Created Sing_img = ImageStim(__class__=<class 'psychopy.visual.image.ImageStim'>, autoLog=True, color=array([1., 1., 1.]), colorSpace='rgb', contrast=1.0, depth=-1.0, flipHoriz=False, flipVert=False, image='sin', interpolate=True, mask=None, maskParams=None, name='Sing_img', opacity=1.0, ori=0.0, pos=array([0., 0.]), size=array([0.5, 0.5]), texRes=128, units='norm', win=Window(...))
7.5054 	EXP 	Created Pl_img = ImageStim(__class__=<class 'psychopy.visual.image.ImageStim'>, autoLog=True, color=array([1., 1., 1.]), colorSpace='rgb', contrast=1.0, depth=-2.0, flipHoriz=False, flipVert=False, image='sin', interpolate=True, mask=None, maskParams=None, name='Pl_img', opacity=1.0, ori=0.0, pos=array([0., 0.]), size=array([0.5, 0.5]), texRes=128, units='norm', win=Window(...))
7.5643 	EXP 	Created Sing_txt = TextStim(__class__=<class 'psychopy.visual.text.TextStim'>, alignHoriz='center', alignVert='center', antialias=True, autoLog=True, bold=False, color=array([ 1., -1., -1.]), colorSpace='rgb', contrast=1.0, depth=-3.0, flipHoriz=False, flipVert=False, font='Arial', fontFiles=[], height=0.3, italic=False, languageStyle='LTR', name='Sing_txt', opacity=1.0, ori=0, pos=array([ 0. , -0.5]), rgb=array([ 1., -1., -1.]), text='default text', units='norm', win=Window(...), wrapWidth=1)
7.5746 	EXP 	Created Pl_txt = TextStim(__class__=<class 'psychopy.visual.text.TextStim'>, alignHoriz='center', alignVert='center', antialias=True, autoLog=True, bold=False, color=array([ 1., -1., -1.]), colorSpace='rgb', contrast=1.0, depth=-4.0, flipHoriz=False, flipVert=False, font='Arial', fontFiles=[], height=0.3, italic=False, languageStyle='LTR', name='Pl_txt', opacity=1.0, ori=0, pos=array([ 0. , -0.5]), rgb=array([ 1., -1., -1.]), text='default text', units='norm', win=Window(...), wrapWidth=1)
7.6153 	EXP 	Created lub = ImageStim(__class__=<class 'psychopy.visual.image.ImageStim'>, autoLog=True, color=array([1., 1., 1.]), colorSpace='rgb', contrast=1.0, depth=-1.0, flipHoriz=False, flipVert=False, image='Images/Instruction_Screen.png', interpolate=True, mask=None, maskParams=None, name='lub', opacity=1.0, ori=0.0, pos=array([0., 0.]), size=array([2., 2.]), texRes=128, units='norm', win=Window(...))
7.6186 	EXP 	Created image = ImageStim(__class__=<class 'psychopy.visual.image.ImageStim'>, autoLog=True, color=array([1., 1., 1.]), colorSpace='rgb', contrast=1.0, depth=0.0, flipHoriz=False, flipVert=False, image='sin', interpolate=True, mask=None, maskParams=None, name='image', opacity=1.0, ori=0.0, pos=array([0., 0.]), size=array([0.5, 0.5]), texRes=128, units='norm', win=Window(...))
7.6216 	EXP 	Created image_2 = ImageStim(__class__=<class 'psychopy.visual.image.ImageStim'>, autoLog=True, color=array([1., 1., 1.]), colorSpace='rgb', contrast=1.0, depth=0.0, flipHoriz=False, flipVert=False, image='sin', interpolate=True, mask=None, maskParams=None, name='image_2', opacity=1.0, ori=0.0, pos=array([0., 0.]), size=array([0.5, 0.5]), texRes=128, units='norm', win=Window(...))
7.6672 	EXP 	Created image_3 = ImageStim(__class__=<class 'psychopy.visual.image.ImageStim'>, autoLog=True, color=array([1., 1., 1.]), colorSpace='rgb', contrast=1.0, depth=0.0, flipHoriz=False, flipVert=False, image='Images/Instruction_Screen_Prod.png', interpolate=True, mask=None, maskParams=None, name='image_3', opacity=1.0, ori=0.0, pos=array([0., 0.]), size=array([2., 2.]), texRes=128, units='norm', win=Window(...))
7.7052 	EXP 	Created Trigger_ins1 = TextStim(__class__=<class 'psychopy.visual.text.TextStim'>, alignHoriz='center', alignVert='center', antialias=True, autoLog=True, bold=False, color=array([-1., -1., -1.]), colorSpace='rgb', contrast=1.0, depth=0.0, flipHoriz=False, flipVert=False, font='Arial', fontFiles=[], height=0.1, italic=False, languageStyle='LTR', name='Trigger_ins1', opacity=1.0, ori=0, pos=array([0. , 0.8]), rgb=array([-1., -1., -1.]), text='Read the word out loud', units='norm', win=Window(...), wrapWidth=1)
7.7343 	EXP 	Created Target_ins1 = TextStim(__class__=<class 'psychopy.visual.text.TextStim'>, alignHoriz='center', alignVert='center', antialias=True, autoLog=True, bold=False, color=array([-1., -1., -1.]), colorSpace='rgb', contrast=1.0, depth=-1.0, flipHoriz=False, flipVert=False, font='Arial', fontFiles=[], height=0.1, italic=False, languageStyle='LTR', name='Target_ins1', opacity=1.0, ori=0, pos=array([0. , 0.8]), rgb=array([-1., -1., -1.]), text=str(...), units='norm', win=Window(...), wrapWidth=1)
7.7370 	EXP 	Created Trigger_img1 = ImageStim(__class__=<class 'psychopy.visual.image.ImageStim'>, autoLog=True, color=array([1., 1., 1.]), colorSpace='rgb', contrast=1.0, depth=-2.0, flipHoriz=False, flipVert=False, image='sin', interpolate=True, mask=None, maskParams=None, name='Trigger_img1', opacity=1.0, ori=0.0, pos=array([0., 0.]), size=array([0.5, 0.5]), texRes=128, units='norm', win=Window(...))
7.7396 	EXP 	Created Target_img1 = ImageStim(__class__=<class 'psychopy.visual.image.ImageStim'>, autoLog=True, color=array([1., 1., 1.]), colorSpace='rgb', contrast=1.0, depth=-3.0, flipHoriz=False, flipVert=False, image='sin', interpolate=True, mask=None, maskParams=None, name='Target_img1', opacity=1.0, ori=0.0, pos=array([0., 0.]), size=array([0.5, 0.5]), texRes=128, units='norm', win=Window(...))
7.7500 	EXP 	Created Trigger_txt1 = TextStim(__class__=<class 'psychopy.visual.text.TextStim'>, alignHoriz='center', alignVert='center', antialias=True, autoLog=True, bold=False, color=array([ 1., -1., -1.]), colorSpace='rgb', contrast=1.0, depth=-4.0, flipHoriz=False, flipVert=False, font='Arial', fontFiles=[], height=0.3, italic=False, languageStyle='LTR', name='Trigger_txt1', opacity=1.0, ori=0, pos=array([ 0. , -0.5]), rgb=array([ 1., -1., -1.]), text='default text', units='norm', win=Window(...), wrapWidth=1)
7.7605 	EXP 	Created txtinp = TextStim(__class__=<class 'psychopy.visual.text.TextStim'>, alignHoriz='center', alignVert='center', antialias=True, autoLog=True, bold=False, color=array([ 1., -1., -1.]), colorSpace='rgb', contrast=1.0, depth=-6.0, flipHoriz=False, flipVert=False, font='Arial', fontFiles=[], height=0.3, italic=False, languageStyle='LTR', name='txtinp', opacity=1.0, ori=0, pos=array([ 0. , -0.5]), rgb=array([ 1., -1., -1.]), text='default text', units='norm', win=Window(...), wrapWidth=1)
7.8029 	EXP 	Created image_6 = ImageStim(__class__=<class 'psychopy.visual.image.ImageStim'>, autoLog=True, color=array([1., 1., 1.]), colorSpace='rgb', contrast=1.0, depth=0.0, flipHoriz=False, flipVert=False, image='Images/Instruction_Screen_FC.png', interpolate=True, mask=None, maskParams=None, name='image_6', opacity=1.0, ori=0.0, pos=array([0., 0.]), size=array([2., 2.]), texRes=128, units='norm', win=Window(...))
7.8139 	EXP 	Created Trigger_ins2 = TextStim(__class__=<class 'psychopy.visual.text.TextStim'>, alignHoriz='center', alignVert='center', antialias=True, autoLog=True, bold=False, color=array([-1., -1., -1.]), colorSpace='rgb', contrast=1.0, depth=0.0, flipHoriz=False, flipVert=False, font='Arial', fontFiles=[], height=0.1, italic=False, languageStyle='LTR', name='Trigger_ins2', opacity=1.0, ori=0, pos=array([0. , 0.8]), rgb=array([-1., -1., -1.]), text='Repeat the word you see', units='norm', win=Window(...), wrapWidth=1)
7.8414 	EXP 	Created Target_ins2 = TextStim(__class__=<class 'psychopy.visual.text.TextStim'>, alignHoriz='center', alignVert='center', antialias=True, autoLog=True, bold=False, color=array([-1., -1., -1.]), colorSpace='rgb', contrast=1.0, depth=-1.0, flipHoriz=False, flipVert=False, font='Arial', fontFiles=[], height=0.1, italic=False, languageStyle='LTR', name='Target_ins2', opacity=1.0, ori=0, pos=array([0. , 0.8]), rgb=array([-1., -1., -1.]), text=str(...), units='norm', win=Window(...), wrapWidth=1)
7.8441 	EXP 	Created Trigger_img2 = ImageStim(__class__=<class 'psychopy.visual.image.ImageStim'>, autoLog=True, color=array([1., 1., 1.]), colorSpace='rgb', contrast=1.0, depth=-2.0, flipHoriz=False, flipVert=False, image='sin', interpolate=True, mask=None, maskParams=None, name='Trigger_img2', opacity=1.0, ori=0.0, pos=array([0., 0.]), size=array([0.5, 0.5]), texRes=128, units='norm', win=Window(...))
7.8467 	EXP 	Created Target_img2 = ImageStim(__class__=<class 'psychopy.visual.image.ImageStim'>, autoLog=True, color=array([1., 1., 1.]), colorSpace='rgb', contrast=1.0, depth=-3.0, flipHoriz=False, flipVert=False, image='sin', interpolate=True, mask=None, maskParams=None, name='Target_img2', opacity=1.0, ori=0.0, pos=array([0., 0.]), size=array([0.5, 0.5]), texRes=128, units='norm', win=Window(...))
7.8571 	EXP 	Created Trigger_txt2 = TextStim(__class__=<class 'psychopy.visual.text.TextStim'>, alignHoriz='center', alignVert='center', antialias=True, autoLog=True, bold=False, color=array([ 1., -1., -1.]), colorSpace='rgb', contrast=1.0, depth=-4.0, flipHoriz=False, flipVert=False, font='Arial', fontFiles=[], height=0.3, italic=False, languageStyle='LTR', name='Trigger_txt2', opacity=1.0, ori=0, pos=array([ 0. , -0.5]), rgb=array([ 1., -1., -1.]), text='default text', units='norm', win=Window(...), wrapWidth=1)
7.8664 	EXP 	Created Target_instr_l = TextStim(__class__=<class 'psychopy.visual.text.TextStim'>, alignHoriz='center', alignVert='center', antialias=True, autoLog=True, bold=False, color=array([-1., -1., -1.]), colorSpace='rgb', contrast=1.0, depth=-5.0, flipHoriz=False, flipVert=False, font='Arial', fontFiles=[], height=0.08, italic=False, languageStyle='LTR', name='Target_instr_l', opacity=1.0, ori=0, pos=array([-0.5, -0.8]), rgb=array([-1., -1., -1.]), text='Press a\n\n', units='norm', win=Window(...), wrapWidth=1)
7.8744 	EXP 	Created Target_instr_r = TextStim(__class__=<class 'psychopy.visual.text.TextStim'>, alignHoriz='center', alignVert='center', antialias=True, autoLog=True, bold=False, color=array([-1., -1., -1.]), colorSpace='rgb', contrast=1.0, depth=-6.0, flipHoriz=False, flipVert=False, font='Arial', fontFiles=[], height=0.08, italic=False, languageStyle='LTR', name='Target_instr_r', opacity=1.0, ori=0, pos=array([ 0.5, -0.7]), rgb=array([-1., -1., -1.]), text='Press k', units='norm', win=Window(...), wrapWidth=1)
7.8848 	EXP 	Created Resp_a = TextStim(__class__=<class 'psychopy.visual.text.TextStim'>, alignHoriz='center', alignVert='center', antialias=True, autoLog=True, bold=False, color=array([ 1., -1., -1.]), colorSpace='rgb', contrast=1.0, depth=-8.0, flipHoriz=False, flipVert=False, font='Arial', fontFiles=[], height=0.3, italic=False, languageStyle='LTR', name='Resp_a', opacity=1.0, ori=0, pos=array([-0.5, -0.5]), rgb=array([ 1., -1., -1.]), text='default text', units='norm', win=Window(...), wrapWidth=1)
7.8954 	EXP 	Created Resp_b = TextStim(__class__=<class 'psychopy.visual.text.TextStim'>, alignHoriz='center', alignVert='center', antialias=True, autoLog=True, bold=False, color=array([ 1., -1., -1.]), colorSpace='rgb', contrast=1.0, depth=-9.0, flipHoriz=False, flipVert=False, font='Arial', fontFiles=[], height=0.3, italic=False, languageStyle='LTR', name='Resp_b', opacity=1.0, ori=0, pos=array([ 0.5, -0.5]), rgb=array([ 1., -1., -1.]), text='default text', units='norm', win=Window(...), wrapWidth=1)
7.9053 	EXP 	lub: autoDraw = True
8.4180 	DATA 	Keypress: space
8.4819 	EXP 	Imported Lists/Experiment_Word_list_voicing.xlsx as conditions, 1 conditions, 7 params
8.4824 	EXP 	Created sequence: random, trialTypes=1, nReps=1, seed=None
8.4830 	EXP 	New trial (rep=0, index=0): OrderedDict([('Plural', 'musapu'), ('Singular', 'musab'), ('Test_cond', 0), ('New_seg', 0), ('Filler', 0), ('Picture', 'Images/apple.jpg'), ('Picture_pl', 'Images/apple_pl.jpg')])
8.5493 	EXP 	lub: autoDraw = False
8.5493 	EXP 	Sing_img: size = array([0.45, 0.8 ])
8.5493 	EXP 	Sing_img: image = 'Images/apple.jpg'
8.5493 	EXP 	Pl_img: size = array([0.55416667, 0.44444444])
8.5493 	EXP 	Pl_img: image = 'Images/apple_pl.jpg'
8.5493 	EXP 	Sing_txt: text = 'musab'
8.5493 	EXP 	Pl_txt: text = 'musapu'
8.5493 	EXP 	Instr: autoDraw = True
8.5493 	EXP 	Sing_img: autoDraw = True
8.5493 	EXP 	Sing_txt: autoDraw = True
11.4979 	EXP 	Sing_img: autoDraw = False
11.4979 	EXP 	Sing_txt: autoDraw = False
11.5145 	EXP 	Pl_img: autoDraw = True
11.5145 	EXP 	Pl_txt: autoDraw = True
14.4284 	EXP 	window1: recordFrameIntervals = False
14.4452 	EXP 	Instr: autoDraw = False
14.4452 	EXP 	Sing_img: autoDraw = False
14.4452 	EXP 	Pl_img: autoDraw = False
14.4452 	EXP 	Sing_txt: autoDraw = False
14.4452 	EXP 	Pl_txt: autoDraw = False
14.4454 	EXP 	window1: recordFrameIntervals = False
15.1711 	EXP 	lub: autoDraw = True
15.8936 	DATA 	Keypress: space
15.9618 	EXP 	Imported Lists/Experiment_Word_list_voicing.xlsx as conditions, 2 conditions, 7 params
15.9623 	EXP 	Created sequence: random, trialTypes=2, nReps=1, seed=None
15.9628 	EXP 	New trial (rep=0, index=0): OrderedDict([('Plural', 'lunitu'), ('Singular', 'lunid'), ('Test_cond', 0), ('New_seg', 0), ('Filler', 0), ('Picture', 'Images/ship.jpg'), ('Picture_pl', 'Images/ship_pl.jpg')])
15.9814 	EXP 	lub: autoDraw = False
15.9814 	EXP 	image: size = array([0.44791667, 0.61851852])
15.9814 	EXP 	image: image = 'Images/ship.jpg'
15.9814 	EXP 	image: autoDraw = True
16.9325 	EXP 	image: autoDraw = False
16.9325 	EXP 	image_2: size = array([0.6875    , 0.46481481])
16.9325 	EXP 	image_2: image = 'Images/ship_pl.jpg'
16.9325 	EXP 	image_2: autoDraw = True
17.9081 	EXP 	window1: recordFrameIntervals = False
17.9248 	EXP 	image_2: autoDraw = False
17.9249 	EXP 	window1: recordFrameIntervals = False
18.6451 	EXP 	New trial (rep=0, index=1): OrderedDict([('Plural', 'musatu'), ('Singular', 'musad'), ('Test_cond', 0), ('New_seg', 0), ('Filler', 0), ('Picture', 'Images/foot.jpg'), ('Picture_pl', 'Images/foot_pl.jpg')])
18.6637 	EXP 	image: size = array([0.52083333, 0.61666667])
18.6637 	EXP 	image: image = 'Images/foot.jpg'
18.6637 	EXP 	image: autoDraw = True
19.6593 	EXP 	image: autoDraw = False
19.6593 	EXP 	image: autoDraw = False
19.6593 	EXP 	image_2: size = array([0.72916667, 0.41296296])
19.6593 	EXP 	image_2: image = 'Images/foot_pl.jpg'
19.6593 	EXP 	image_2: autoDraw = True
20.6388 	EXP 	window1: recordFrameIntervals = False
20.6552 	EXP 	image_2: autoDraw = False
20.6552 	EXP 	image_2: autoDraw = False
20.6553 	EXP 	window1: recordFrameIntervals = False
21.3856 	EXP 	image_3: autoDraw = True
21.7710 	DATA 	Keypress: escape
21.8015 	EXP 	window1: mouseVisible = True
