9.8793 	EXP 	Created window1 = Window(allowGUI=False, allowStencil=False, args=UNKNOWN, autoLog=True, bitsMode=UNKNOWN, blendMode='avg', color=array([1., 1., 1.]), colorSpace='rgb', fullscr=<method-wrapper '__getattribute__' of attributeSetter object at 0x0B66FF70>, gamma=None, kwargs=UNKNOWN, lms=UNKNOWN, monitor=<psychopy.monitors.calibTools.Monitor object at 0x0F250950>, multiSample=False, name='window1', numSamples=2, pos=[0.0, 0.0], screen=0, size=array([1920, 1080]), stereo=False, units='norm', useFBO=True, useRetina=False, viewOri=0.0, viewPos=None, viewScale=None, waitBlanking=True, winType='pyglet')
9.8794 	EXP 	window1: recordFrameIntervals = False
10.0450 	EXP 	window1: recordFrameIntervals = True
10.2280 	EXP 	window1: recordFrameIntervals = False
10.2850 	EXP 	Created lub = ImageStim(__class__=<class 'psychopy.visual.image.ImageStim'>, autoLog=True, color=array([1., 1., 1.]), colorSpace='rgb', contrast=1.0, depth=-1.0, flipHoriz=False, flipVert=False, image='Images/Instruction_Screen.png', interpolate=True, mask=None, maskParams=None, name='lub', opacity=1.0, ori=0.0, pos=array([0., 0.]), size=array([2., 2.]), texRes=128, units='norm', win=Window(...))
10.3720 	EXP 	Created Instr = TextStim(__class__=<class 'psychopy.visual.text.TextStim'>, alignHoriz='center', alignVert='center', antialias=True, autoLog=True, bold=False, color=array([-1., -1., -1.]), colorSpace='rgb', contrast=1.0, depth=0.0, flipHoriz=False, flipVert=False, font='Arial', fontFiles=[], height=0.08, italic=False, languageStyle='LTR', name='Instr', opacity=0.95, ori=0, pos=array([0. , 0.8]), rgb=array([-1., -1., -1.]), text='Say the words you see out loud', units='norm', win=Window(...), wrapWidth=1)
10.3749 	EXP 	Created Sing_img = ImageStim(__class__=<class 'psychopy.visual.image.ImageStim'>, autoLog=True, color=array([1., 1., 1.]), colorSpace='rgb', contrast=1.0, depth=-1.0, flipHoriz=False, flipVert=False, image='sin', interpolate=True, mask=None, maskParams=None, name='Sing_img', opacity=1.0, ori=0.0, pos=array([0., 0.]), size=array([0.5, 0.5]), texRes=128, units='norm', win=Window(...))
10.3776 	EXP 	Created Pl_img = ImageStim(__class__=<class 'psychopy.visual.image.ImageStim'>, autoLog=True, color=array([1., 1., 1.]), colorSpace='rgb', contrast=1.0, depth=-2.0, flipHoriz=False, flipVert=False, image='sin', interpolate=True, mask=None, maskParams=None, name='Pl_img', opacity=1.0, ori=0.0, pos=array([0., 0.]), size=array([0.5, 0.5]), texRes=128, units='norm', win=Window(...))
10.4322 	EXP 	Created Sing_txt = TextStim(__class__=<class 'psychopy.visual.text.TextStim'>, alignHoriz='center', alignVert='center', antialias=True, autoLog=True, bold=False, color=array([ 1., -1., -1.]), colorSpace='rgb', contrast=1.0, depth=-3.0, flipHoriz=False, flipVert=False, font='Arial', fontFiles=[], height=0.3, italic=False, languageStyle='LTR', name='Sing_txt', opacity=1.0, ori=0, pos=array([ 0. , -0.5]), rgb=array([ 1., -1., -1.]), text='default text', units='norm', win=Window(...), wrapWidth=1)
10.4428 	EXP 	Created Pl_txt = TextStim(__class__=<class 'psychopy.visual.text.TextStim'>, alignHoriz='center', alignVert='center', antialias=True, autoLog=True, bold=False, color=array([ 1., -1., -1.]), colorSpace='rgb', contrast=1.0, depth=-4.0, flipHoriz=False, flipVert=False, font='Arial', fontFiles=[], height=0.3, italic=False, languageStyle='LTR', name='Pl_txt', opacity=1.0, ori=0, pos=array([ 0. , -0.5]), rgb=array([ 1., -1., -1.]), text='default text', units='norm', win=Window(...), wrapWidth=1)
10.4814 	EXP 	Created image_3 = ImageStim(__class__=<class 'psychopy.visual.image.ImageStim'>, autoLog=True, color=array([1., 1., 1.]), colorSpace='rgb', contrast=1.0, depth=0.0, flipHoriz=False, flipVert=False, image='Images/Instruction_Screen_Prod.png', interpolate=True, mask=None, maskParams=None, name='image_3', opacity=1.0, ori=0.0, pos=array([0., 0.]), size=array([2., 2.]), texRes=128, units='norm', win=Window(...))
10.5149 	EXP 	Created Trigger_ins1 = TextStim(__class__=<class 'psychopy.visual.text.TextStim'>, alignHoriz='center', alignVert='center', antialias=True, autoLog=True, bold=False, color=array([-1., -1., -1.]), colorSpace='rgb', contrast=1.0, depth=0.0, flipHoriz=False, flipVert=False, font='Arial', fontFiles=[], height=0.1, italic=False, languageStyle='LTR', name='Trigger_ins1', opacity=1.0, ori=0, pos=array([0. , 0.8]), rgb=array([-1., -1., -1.]), text='Read the word out loud', units='norm', win=Window(...), wrapWidth=1)
10.5421 	EXP 	Created Target_ins1 = TextStim(__class__=<class 'psychopy.visual.text.TextStim'>, alignHoriz='center', alignVert='center', antialias=True, autoLog=True, bold=False, color=array([-1., -1., -1.]), colorSpace='rgb', contrast=1.0, depth=-1.0, flipHoriz=False, flipVert=False, font='Arial', fontFiles=[], height=0.1, italic=False, languageStyle='LTR', name='Target_ins1', opacity=1.0, ori=0, pos=array([0. , 0.8]), rgb=array([-1., -1., -1.]), text=str(...), units='norm', win=Window(...), wrapWidth=1)
10.5448 	EXP 	Created Trigger_img1 = ImageStim(__class__=<class 'psychopy.visual.image.ImageStim'>, autoLog=True, color=array([1., 1., 1.]), colorSpace='rgb', contrast=1.0, depth=-2.0, flipHoriz=False, flipVert=False, image='sin', interpolate=True, mask=None, maskParams=None, name='Trigger_img1', opacity=1.0, ori=0.0, pos=array([0., 0.]), size=array([0.5, 0.5]), texRes=128, units='norm', win=Window(...))
10.5474 	EXP 	Created Target_img1 = ImageStim(__class__=<class 'psychopy.visual.image.ImageStim'>, autoLog=True, color=array([1., 1., 1.]), colorSpace='rgb', contrast=1.0, depth=-3.0, flipHoriz=False, flipVert=False, image='sin', interpolate=True, mask=None, maskParams=None, name='Target_img1', opacity=1.0, ori=0.0, pos=array([0., 0.]), size=array([0.5, 0.5]), texRes=128, units='norm', win=Window(...))
10.5597 	EXP 	Created Trigger_txt1 = TextStim(__class__=<class 'psychopy.visual.text.TextStim'>, alignHoriz='center', alignVert='center', antialias=True, autoLog=True, bold=False, color=array([ 1., -1., -1.]), colorSpace='rgb', contrast=1.0, depth=-4.0, flipHoriz=False, flipVert=False, font='Arial', fontFiles=[], height=0.3, italic=False, languageStyle='LTR', name='Trigger_txt1', opacity=1.0, ori=0, pos=array([ 0. , -0.5]), rgb=array([ 1., -1., -1.]), text='default text', units='norm', win=Window(...), wrapWidth=1)
10.5706 	EXP 	Created txtinp = TextStim(__class__=<class 'psychopy.visual.text.TextStim'>, alignHoriz='center', alignVert='center', antialias=True, autoLog=True, bold=False, color=array([ 1., -1., -1.]), colorSpace='rgb', contrast=1.0, depth=-6.0, flipHoriz=False, flipVert=False, font='Arial', fontFiles=[], height=0.3, italic=False, languageStyle='LTR', name='txtinp', opacity=1.0, ori=0, pos=array([ 0. , -0.5]), rgb=array([ 1., -1., -1.]), text='default text', units='norm', win=Window(...), wrapWidth=1)
10.6067 	EXP 	Created image_6 = ImageStim(__class__=<class 'psychopy.visual.image.ImageStim'>, autoLog=True, color=array([1., 1., 1.]), colorSpace='rgb', contrast=1.0, depth=0.0, flipHoriz=False, flipVert=False, image='Images/Instruction_Screen_FC.png', interpolate=True, mask=None, maskParams=None, name='image_6', opacity=1.0, ori=0.0, pos=array([0., 0.]), size=array([2., 2.]), texRes=128, units='norm', win=Window(...))
10.6256 	EXP 	Created Trigger_ins2 = TextStim(__class__=<class 'psychopy.visual.text.TextStim'>, alignHoriz='center', alignVert='center', antialias=True, autoLog=True, bold=False, color=array([-1., -1., -1.]), colorSpace='rgb', contrast=1.0, depth=0.0, flipHoriz=False, flipVert=False, font='Arial', fontFiles=[], height=0.1, italic=False, languageStyle='LTR', name='Trigger_ins2', opacity=1.0, ori=0, pos=array([0. , 0.8]), rgb=array([-1., -1., -1.]), text='Repeat the word you see', units='norm', win=Window(...), wrapWidth=1)
10.6516 	EXP 	Created Target_ins2 = TextStim(__class__=<class 'psychopy.visual.text.TextStim'>, alignHoriz='center', alignVert='center', antialias=True, autoLog=True, bold=False, color=array([-1., -1., -1.]), colorSpace='rgb', contrast=1.0, depth=-1.0, flipHoriz=False, flipVert=False, font='Arial', fontFiles=[], height=0.1, italic=False, languageStyle='LTR', name='Target_ins2', opacity=1.0, ori=0, pos=array([0. , 0.8]), rgb=array([-1., -1., -1.]), text=str(...), units='norm', win=Window(...), wrapWidth=1)
10.6544 	EXP 	Created Trigger_img2 = ImageStim(__class__=<class 'psychopy.visual.image.ImageStim'>, autoLog=True, color=array([1., 1., 1.]), colorSpace='rgb', contrast=1.0, depth=-2.0, flipHoriz=False, flipVert=False, image='sin', interpolate=True, mask=None, maskParams=None, name='Trigger_img2', opacity=1.0, ori=0.0, pos=array([0., 0.]), size=array([0.5, 0.5]), texRes=128, units='norm', win=Window(...))
10.6571 	EXP 	Created Target_img2 = ImageStim(__class__=<class 'psychopy.visual.image.ImageStim'>, autoLog=True, color=array([1., 1., 1.]), colorSpace='rgb', contrast=1.0, depth=-3.0, flipHoriz=False, flipVert=False, image='sin', interpolate=True, mask=None, maskParams=None, name='Target_img2', opacity=1.0, ori=0.0, pos=array([0., 0.]), size=array([0.5, 0.5]), texRes=128, units='norm', win=Window(...))
10.6690 	EXP 	Created Trigger_txt2 = TextStim(__class__=<class 'psychopy.visual.text.TextStim'>, alignHoriz='center', alignVert='center', antialias=True, autoLog=True, bold=False, color=array([ 1., -1., -1.]), colorSpace='rgb', contrast=1.0, depth=-4.0, flipHoriz=False, flipVert=False, font='Arial', fontFiles=[], height=0.3, italic=False, languageStyle='LTR', name='Trigger_txt2', opacity=1.0, ori=0, pos=array([ 0. , -0.5]), rgb=array([ 1., -1., -1.]), text='default text', units='norm', win=Window(...), wrapWidth=1)
10.6790 	EXP 	Created Target_instr_l = TextStim(__class__=<class 'psychopy.visual.text.TextStim'>, alignHoriz='center', alignVert='center', antialias=True, autoLog=True, bold=False, color=array([-1., -1., -1.]), colorSpace='rgb', contrast=1.0, depth=-5.0, flipHoriz=False, flipVert=False, font='Arial', fontFiles=[], height=0.08, italic=False, languageStyle='LTR', name='Target_instr_l', opacity=1.0, ori=0, pos=array([-0.5, -0.7]), rgb=array([-1., -1., -1.]), text='Press a\n\n', units='norm', win=Window(...), wrapWidth=1)
10.6887 	EXP 	Created Target_instr_r = TextStim(__class__=<class 'psychopy.visual.text.TextStim'>, alignHoriz='center', alignVert='center', antialias=True, autoLog=True, bold=False, color=array([-1., -1., -1.]), colorSpace='rgb', contrast=1.0, depth=-6.0, flipHoriz=False, flipVert=False, font='Arial', fontFiles=[], height=0.08, italic=False, languageStyle='LTR', name='Target_instr_r', opacity=1.0, ori=0, pos=array([ 0.5, -0.7]), rgb=array([-1., -1., -1.]), text='Press k', units='norm', win=Window(...), wrapWidth=1)
10.7006 	EXP 	Created Resp_a = TextStim(__class__=<class 'psychopy.visual.text.TextStim'>, alignHoriz='center', alignVert='center', antialias=True, autoLog=True, bold=False, color=array([ 1., -1., -1.]), colorSpace='rgb', contrast=1.0, depth=-8.0, flipHoriz=False, flipVert=False, font='Arial', fontFiles=[], height=0.3, italic=False, languageStyle='LTR', name='Resp_a', opacity=1.0, ori=0, pos=array([-0.5, -0.5]), rgb=array([ 1., -1., -1.]), text='default text', units='norm', win=Window(...), wrapWidth=1)
10.7123 	EXP 	Created Resp_b = TextStim(__class__=<class 'psychopy.visual.text.TextStim'>, alignHoriz='center', alignVert='center', antialias=True, autoLog=True, bold=False, color=array([ 1., -1., -1.]), colorSpace='rgb', contrast=1.0, depth=-9.0, flipHoriz=False, flipVert=False, font='Arial', fontFiles=[], height=0.3, italic=False, languageStyle='LTR', name='Resp_b', opacity=1.0, ori=0, pos=array([ 0.5, -0.5]), rgb=array([ 1., -1., -1.]), text='default text', units='norm', win=Window(...), wrapWidth=1)
10.7220 	EXP 	lub: autoDraw = True
13.8243 	DATA 	Keypress: space
13.8888 	EXP 	Imported Lists/Experiment_Word_list_voicing.xlsx as conditions, 4 conditions, 7 params
13.8893 	EXP 	Created sequence: random, trialTypes=4, nReps=1, seed=None
13.8899 	EXP 	New trial (rep=0, index=0): OrderedDict([('Plural', 'limiku'), ('Singular', 'limig'), ('Test_cond', 0), ('New_seg', 0), ('Filler', 0), ('Picture', 'Images/screwdriver.jpg'), ('Picture_pl', 'Images/screwdriver_pl.jpg')])
13.9439 	EXP 	lub: autoDraw = False
13.9439 	EXP 	Sing_img: size = array([0.55729167, 0.35555556])
13.9439 	EXP 	Sing_img: image = 'Images/screwdriver.jpg'
13.9439 	EXP 	Pl_img: size = array([0.57916667, 0.17777778])
13.9439 	EXP 	Pl_img: image = 'Images/screwdriver_pl.jpg'
13.9439 	EXP 	Sing_txt: text = 'limig'
13.9439 	EXP 	Pl_txt: text = 'limiku'
13.9439 	EXP 	Instr: autoDraw = True
13.9439 	EXP 	Sing_img: autoDraw = True
13.9439 	EXP 	Sing_txt: autoDraw = True
16.9048 	EXP 	Sing_img: autoDraw = False
16.9048 	EXP 	Sing_txt: autoDraw = False
16.9210 	EXP 	Pl_img: autoDraw = True
16.9210 	EXP 	Pl_txt: autoDraw = True
19.8351 	EXP 	window1: recordFrameIntervals = False
19.8514 	EXP 	Instr: autoDraw = False
19.8514 	EXP 	Sing_img: autoDraw = False
19.8514 	EXP 	Pl_img: autoDraw = False
19.8514 	EXP 	Sing_txt: autoDraw = False
19.8514 	EXP 	Pl_txt: autoDraw = False
19.8516 	EXP 	window1: recordFrameIntervals = False
20.5684 	EXP 	New trial (rep=0, index=1): OrderedDict([('Plural', 'larupu'), ('Singular', 'larub'), ('Test_cond', 0), ('New_seg', 0), ('Filler', 0), ('Picture', 'Images/rock.jpg'), ('Picture_pl', 'Images/rock_pl.jpg')])
20.6320 	EXP 	Sing_img: size = array([0.5625    , 0.66666667])
20.6320 	EXP 	Sing_img: image = 'Images/rock.jpg'
20.6320 	EXP 	Pl_img: size = array([0.76354167, 0.44444444])
20.6320 	EXP 	Pl_img: image = 'Images/rock_pl.jpg'
20.6320 	EXP 	Sing_txt: text = 'larub'
20.6320 	EXP 	Pl_txt: text = 'larupu'
20.6320 	EXP 	Instr: autoDraw = True
20.6320 	EXP 	Sing_img: autoDraw = True
20.6320 	EXP 	Sing_txt: autoDraw = True
23.5813 	EXP 	Sing_img: autoDraw = False
23.5813 	EXP 	Sing_txt: autoDraw = False
23.5977 	EXP 	Pl_img: autoDraw = True
23.5977 	EXP 	Pl_txt: autoDraw = True
26.5620 	EXP 	window1: recordFrameIntervals = False
26.5782 	EXP 	Instr: autoDraw = False
26.5782 	EXP 	Pl_img: autoDraw = False
26.5782 	EXP 	Pl_txt: autoDraw = False
26.5782 	EXP 	Instr: autoDraw = False
26.5782 	EXP 	Sing_img: autoDraw = False
26.5782 	EXP 	Pl_img: autoDraw = False
26.5782 	EXP 	Sing_txt: autoDraw = False
26.5782 	EXP 	Pl_txt: autoDraw = False
26.5783 	EXP 	window1: recordFrameIntervals = False
27.2959 	EXP 	New trial (rep=0, index=2): OrderedDict([('Plural', 'musapu'), ('Singular', 'musab'), ('Test_cond', 0), ('New_seg', 0), ('Filler', 0), ('Picture', 'Images/apple.jpg'), ('Picture_pl', 'Images/apple_pl.jpg')])
27.3488 	EXP 	Sing_img: size = array([0.45, 0.8 ])
27.3488 	EXP 	Sing_img: image = 'Images/apple.jpg'
27.3488 	EXP 	Pl_img: size = array([0.55416667, 0.44444444])
27.3488 	EXP 	Pl_img: image = 'Images/apple_pl.jpg'
27.3488 	EXP 	Sing_txt: text = 'musab'
27.3488 	EXP 	Pl_txt: text = 'musapu'
27.3488 	EXP 	Instr: autoDraw = True
27.3488 	EXP 	Sing_img: autoDraw = True
27.3488 	EXP 	Sing_txt: autoDraw = True
30.3080 	EXP 	Sing_img: autoDraw = False
30.3080 	EXP 	Sing_txt: autoDraw = False
30.3242 	EXP 	Pl_img: autoDraw = True
30.3242 	EXP 	Pl_txt: autoDraw = True
33.2885 	EXP 	window1: recordFrameIntervals = False
33.3053 	EXP 	Instr: autoDraw = False
33.3053 	EXP 	Pl_img: autoDraw = False
33.3053 	EXP 	Pl_txt: autoDraw = False
33.3053 	EXP 	Instr: autoDraw = False
33.3053 	EXP 	Sing_img: autoDraw = False
33.3053 	EXP 	Pl_img: autoDraw = False
33.3053 	EXP 	Sing_txt: autoDraw = False
33.3053 	EXP 	Pl_txt: autoDraw = False
33.3055 	EXP 	window1: recordFrameIntervals = False
34.0223 	EXP 	New trial (rep=0, index=3): OrderedDict([('Plural', 'rumutu'), ('Singular', 'rumud'), ('Test_cond', 0), ('New_seg', 0), ('Filler', 0), ('Picture', 'Images/river.jpg'), ('Picture_pl', 'Images/river_pl.jpg')])
34.0703 	EXP 	Sing_img: size = array([0.37604167, 0.49074074])
34.0703 	EXP 	Sing_img: image = 'Images/river.jpg'
34.0703 	EXP 	Pl_img: size = array([0.803125  , 0.49074074])
34.0703 	EXP 	Pl_img: image = 'Images/river_pl.jpg'
34.0703 	EXP 	Sing_txt: text = 'rumud'
34.0703 	EXP 	Pl_txt: text = 'rumutu'
34.0703 	EXP 	Instr: autoDraw = True
34.0703 	EXP 	Sing_img: autoDraw = True
34.0703 	EXP 	Sing_txt: autoDraw = True
37.0350 	EXP 	Sing_img: autoDraw = False
37.0350 	EXP 	Sing_txt: autoDraw = False
37.0509 	EXP 	Pl_img: autoDraw = True
37.0509 	EXP 	Pl_txt: autoDraw = True
40.0149 	EXP 	window1: recordFrameIntervals = False
40.0314 	EXP 	Instr: autoDraw = False
40.0314 	EXP 	Pl_img: autoDraw = False
40.0314 	EXP 	Pl_txt: autoDraw = False
40.0314 	EXP 	Instr: autoDraw = False
40.0314 	EXP 	Sing_img: autoDraw = False
40.0314 	EXP 	Pl_img: autoDraw = False
40.0314 	EXP 	Sing_txt: autoDraw = False
40.0314 	EXP 	Pl_txt: autoDraw = False
40.0316 	EXP 	window1: recordFrameIntervals = False
40.7582 	EXP 	image_3: autoDraw = True
71.9491 	DATA 	Keypress: space
72.0019 	EXP 	Imported Lists\Prod_voicing.xlsx as conditions, 4 conditions, 7 params
72.0024 	EXP 	Created sequence: random, trialTypes=4, nReps=1, seed=None
72.0029 	EXP 	New trial (rep=0, index=0): OrderedDict([('Trigger_txt', 'rumutu'), ('Target_txt', 'rumud'), ('Test_cond', 0), ('New_seg', 0), ('Filler', 0), ('Target_img', 'Images/river.jpg'), ('Trigger_img', 'Images/river_pl.jpg')])
72.0459 	EXP 	image_3: autoDraw = False
72.0459 	EXP 	Trigger_img1: size = array([0.803125  , 0.49074074])
72.0459 	EXP 	Trigger_img1: image = 'Images/river_pl.jpg'
72.0459 	EXP 	Target_img1: size = array([0.37604167, 0.49074074])
72.0459 	EXP 	Target_img1: image = 'Images/river.jpg'
72.0459 	EXP 	Trigger_txt1: text = 'rumutu'
72.0459 	EXP 	txtinp: alignHoriz = 'center'
72.0459 	EXP 	Trigger_ins1: autoDraw = True
72.0459 	EXP 	Trigger_img1: autoDraw = True
72.0459 	EXP 	Trigger_txt1: autoDraw = True
77.0110 	EXP 	Trigger_ins1: autoDraw = False
77.0110 	EXP 	Trigger_img1: autoDraw = False
77.0110 	EXP 	Trigger_txt1: autoDraw = False
77.0272 	EXP 	Target_ins1: autoDraw = True
77.0272 	EXP 	Target_img1: autoDraw = True
77.0272 	EXP 	txtinp: autoDraw = True
78.0430 	DATA 	Keypress: r
78.1762 	DATA 	Keypress: u
78.4596 	DATA 	Keypress: m
78.6760 	DATA 	Keypress: u
78.7771 	DATA 	Keypress: d
78.9090 	DATA 	Keypress: return
78.9261 	EXP 	window1: recordFrameIntervals = False
78.9416 	EXP 	Trigger_ins1: autoDraw = False
78.9416 	EXP 	Target_ins1: autoDraw = False
78.9416 	EXP 	Trigger_img1: autoDraw = False
78.9416 	EXP 	Target_img1: autoDraw = False
78.9416 	EXP 	Trigger_txt1: autoDraw = False
78.9416 	EXP 	txtinp: autoDraw = False
78.9417 	EXP 	window1: recordFrameIntervals = False
79.6599 	EXP 	New trial (rep=0, index=1): OrderedDict([('Trigger_txt', 'limiku'), ('Target_txt', 'limig'), ('Test_cond', 0), ('New_seg', 0), ('Filler', 0), ('Target_img', 'Images/screwdriver.jpg'), ('Trigger_img', 'Images/screwdriver_pl.jpg')])
79.6885 	EXP 	Trigger_img1: size = array([0.57916667, 0.17777778])
79.6885 	EXP 	Trigger_img1: image = 'Images/screwdriver_pl.jpg'
79.6885 	EXP 	Target_img1: size = array([0.55729167, 0.35555556])
79.6885 	EXP 	Target_img1: image = 'Images/screwdriver.jpg'
79.6885 	EXP 	Trigger_txt1: text = 'limiku'
79.6885 	EXP 	txtinp: alignHoriz = 'center'
79.6885 	EXP 	Trigger_ins1: autoDraw = True
79.6885 	EXP 	Trigger_img1: autoDraw = True
79.6885 	EXP 	Trigger_txt1: autoDraw = True
84.6695 	EXP 	Trigger_ins1: autoDraw = False
84.6695 	EXP 	Trigger_img1: autoDraw = False
84.6695 	EXP 	Trigger_txt1: autoDraw = False
84.6862 	EXP 	Target_ins1: autoDraw = True
84.6862 	EXP 	Target_img1: autoDraw = True
84.6862 	EXP 	txtinp: autoDraw = True
85.7521 	DATA 	Keypress: l
85.8354 	DATA 	Keypress: i
86.0349 	DATA 	Keypress: m
86.4847 	DATA 	Keypress: i
86.8175 	DATA 	Keypress: g
87.1333 	DATA 	Keypress: return
87.1512 	EXP 	window1: recordFrameIntervals = False
87.1671 	EXP 	Trigger_ins1: autoDraw = False
87.1671 	EXP 	Target_ins1: autoDraw = False
87.1671 	EXP 	Trigger_img1: autoDraw = False
87.1671 	EXP 	Target_img1: autoDraw = False
87.1671 	EXP 	Trigger_txt1: autoDraw = False
87.1671 	EXP 	txtinp: autoDraw = False
87.1672 	EXP 	window1: recordFrameIntervals = False
87.8853 	EXP 	New trial (rep=0, index=2): OrderedDict([('Trigger_txt', 'larupu'), ('Target_txt', 'larub'), ('Test_cond', 0), ('New_seg', 0), ('Filler', 0), ('Target_img', 'Images/rock.jpg'), ('Trigger_img', 'Images/rock_pl.jpg')])
87.9333 	EXP 	Trigger_img1: size = array([0.76354167, 0.44444444])
87.9333 	EXP 	Trigger_img1: image = 'Images/rock_pl.jpg'
87.9333 	EXP 	Target_img1: size = array([0.5625    , 0.66666667])
87.9333 	EXP 	Target_img1: image = 'Images/rock.jpg'
87.9333 	EXP 	Trigger_txt1: text = 'larupu'
87.9333 	EXP 	txtinp: alignHoriz = 'center'
87.9333 	EXP 	Trigger_ins1: autoDraw = True
87.9333 	EXP 	Trigger_img1: autoDraw = True
87.9333 	EXP 	Trigger_txt1: autoDraw = True
92.8944 	EXP 	Trigger_ins1: autoDraw = False
92.8944 	EXP 	Trigger_img1: autoDraw = False
92.8944 	EXP 	Trigger_txt1: autoDraw = False
92.9113 	EXP 	Target_ins1: autoDraw = True
92.9113 	EXP 	Target_img1: autoDraw = True
92.9113 	EXP 	txtinp: autoDraw = True
93.8438 	DATA 	Keypress: l
94.0438 	DATA 	Keypress: a
94.3433 	DATA 	Keypress: r
94.4932 	DATA 	Keypress: u
94.7262 	DATA 	Keypress: b
95.0095 	DATA 	Keypress: return
95.0266 	EXP 	window1: recordFrameIntervals = False
95.0428 	EXP 	Trigger_ins1: autoDraw = False
95.0428 	EXP 	Target_ins1: autoDraw = False
95.0428 	EXP 	Trigger_img1: autoDraw = False
95.0428 	EXP 	Target_img1: autoDraw = False
95.0428 	EXP 	Trigger_txt1: autoDraw = False
95.0428 	EXP 	txtinp: autoDraw = False
95.0429 	EXP 	window1: recordFrameIntervals = False
95.7607 	EXP 	New trial (rep=0, index=3): OrderedDict([('Trigger_txt', 'musapu'), ('Target_txt', 'musab'), ('Test_cond', 0), ('New_seg', 0), ('Filler', 0), ('Target_img', 'Images/apple.jpg'), ('Trigger_img', 'Images/apple_pl.jpg')])
95.8008 	EXP 	Trigger_img1: size = array([0.55416667, 0.44444444])
95.8008 	EXP 	Trigger_img1: image = 'Images/apple_pl.jpg'
95.8008 	EXP 	Target_img1: size = array([0.45, 0.8 ])
95.8008 	EXP 	Target_img1: image = 'Images/apple.jpg'
95.8008 	EXP 	Trigger_txt1: text = 'musapu'
95.8008 	EXP 	txtinp: alignHoriz = 'center'
95.8008 	EXP 	Trigger_ins1: autoDraw = True
95.8008 	EXP 	Trigger_img1: autoDraw = True
95.8008 	EXP 	Trigger_txt1: autoDraw = True
100.7700 	EXP 	Trigger_ins1: autoDraw = False
100.7700 	EXP 	Trigger_img1: autoDraw = False
100.7700 	EXP 	Trigger_txt1: autoDraw = False
100.7866 	EXP 	Target_ins1: autoDraw = True
100.7866 	EXP 	Target_img1: autoDraw = True
100.7866 	EXP 	txtinp: autoDraw = True
104.1002 	DATA 	Keypress: m
104.4834 	DATA 	Keypress: u
104.5999 	DATA 	Keypress: s
104.7659 	DATA 	Keypress: a
104.8826 	DATA 	Keypress: b
105.3159 	DATA 	Keypress: return
105.3324 	EXP 	window1: recordFrameIntervals = False
105.3492 	EXP 	Trigger_ins1: autoDraw = False
105.3492 	EXP 	Target_ins1: autoDraw = False
105.3492 	EXP 	Trigger_img1: autoDraw = False
105.3492 	EXP 	Target_img1: autoDraw = False
105.3492 	EXP 	Trigger_txt1: autoDraw = False
105.3492 	EXP 	txtinp: autoDraw = False
105.3493 	EXP 	window1: recordFrameIntervals = False
106.0757 	EXP 	image_6: autoDraw = True
106.9807 	DATA 	Keypress: space
107.0314 	EXP 	Imported Lists\FC_voicing.xlsx as conditions, 4 conditions, 8 params
107.0320 	EXP 	Created sequence: random, trialTypes=4, nReps=1, seed=None
107.0326 	EXP 	New trial (rep=0, index=0): OrderedDict([('Trigger_txt', 'limiku'), ('Corr', 'limig'), ('Incorr', 'limik'), ('Test_cond', 0), ('New_seg', 0), ('Filler', 0), ('Target_img', 'Images/screwdriver.jpg'), ('Trigger_img', 'Images/screwdriver_pl.jpg')])
107.0763 	EXP 	image_6: autoDraw = False
107.0763 	EXP 	Trigger_img2: size = array([0.57916667, 0.17777778])
107.0763 	EXP 	Trigger_img2: image = 'Images/screwdriver_pl.jpg'
107.0763 	EXP 	Target_img2: size = array([0.55729167, 0.35555556])
107.0763 	EXP 	Target_img2: image = 'Images/screwdriver.jpg'
107.0763 	EXP 	Trigger_txt2: text = 'limiku'
107.0763 	EXP 	Resp_a: text = 'limig'
107.0763 	EXP 	Resp_b: text = 'limik'
107.0763 	EXP 	Trigger_ins2: autoDraw = True
107.0763 	EXP 	Trigger_img2: autoDraw = True
107.0763 	EXP 	Trigger_txt2: autoDraw = True
111.0436 	EXP 	Trigger_ins2: autoDraw = False
111.0436 	EXP 	Trigger_img2: autoDraw = False
111.0436 	EXP 	Trigger_txt2: autoDraw = False
111.0596 	EXP 	Target_ins2: autoDraw = True
111.0596 	EXP 	Target_img2: autoDraw = True
111.0596 	EXP 	Target_instr_l: autoDraw = True
111.0596 	EXP 	Target_instr_r: autoDraw = True
111.0596 	EXP 	Resp_a: autoDraw = True
111.0596 	EXP 	Resp_b: autoDraw = True
116.6044 	DATA 	Keypress: escape
116.6344 	EXP 	window1: mouseVisible = True
