59.9383 	EXP 	Created window1 = Window(allowGUI=False, allowStencil=False, args=UNKNOWN, autoLog=True, bitsMode=UNKNOWN, blendMode='avg', color=array([1., 1., 1.]), colorSpace='rgb', fullscr=<method-wrapper '__getattribute__' of attributeSetter object at 0x0BA7FF70>, gamma=None, kwargs=UNKNOWN, lms=UNKNOWN, monitor=<psychopy.monitors.calibTools.Monitor object at 0x0F27F950>, multiSample=False, name='window1', numSamples=2, pos=[0.0, 0.0], screen=0, size=array([1920, 1080]), stereo=False, units='norm', useFBO=True, useRetina=False, viewOri=0.0, viewPos=None, viewScale=None, waitBlanking=True, winType='pyglet')
59.9383 	EXP 	window1: recordFrameIntervals = False
60.1040 	EXP 	window1: recordFrameIntervals = True
60.2872 	EXP 	window1: recordFrameIntervals = False
60.3446 	EXP 	Created lub = ImageStim(__class__=<class 'psychopy.visual.image.ImageStim'>, autoLog=True, color=array([1., 1., 1.]), colorSpace='rgb', contrast=1.0, depth=-1.0, flipHoriz=False, flipVert=False, image='Images/Instruction_Screen.png', interpolate=True, mask=None, maskParams=None, name='lub', opacity=1.0, ori=0.0, pos=array([0., 0.]), size=array([2., 2.]), texRes=128, units='norm', win=Window(...))
60.4283 	EXP 	Created Instr = TextStim(__class__=<class 'psychopy.visual.text.TextStim'>, alignHoriz='center', alignVert='center', antialias=True, autoLog=True, bold=False, color=array([-1., -1., -1.]), colorSpace='rgb', contrast=1.0, depth=0.0, flipHoriz=False, flipVert=False, font='Arial', fontFiles=[], height=0.08, italic=False, languageStyle='LTR', name='Instr', opacity=0.95, ori=0, pos=array([0. , 0.8]), rgb=array([-1., -1., -1.]), text='Say the words you see out loud', units='norm', win=Window(...), wrapWidth=1)
60.4312 	EXP 	Created Sing_img = ImageStim(__class__=<class 'psychopy.visual.image.ImageStim'>, autoLog=True, color=array([1., 1., 1.]), colorSpace='rgb', contrast=1.0, depth=-1.0, flipHoriz=False, flipVert=False, image='sin', interpolate=True, mask=None, maskParams=None, name='Sing_img', opacity=1.0, ori=0.0, pos=array([0., 0.]), size=array([0.5, 0.5]), texRes=128, units='norm', win=Window(...))
60.4339 	EXP 	Created Pl_img = ImageStim(__class__=<class 'psychopy.visual.image.ImageStim'>, autoLog=True, color=array([1., 1., 1.]), colorSpace='rgb', contrast=1.0, depth=-2.0, flipHoriz=False, flipVert=False, image='sin', interpolate=True, mask=None, maskParams=None, name='Pl_img', opacity=1.0, ori=0.0, pos=array([0., 0.]), size=array([0.5, 0.5]), texRes=128, units='norm', win=Window(...))
60.4903 	EXP 	Created Sing_txt = TextStim(__class__=<class 'psychopy.visual.text.TextStim'>, alignHoriz='center', alignVert='center', antialias=True, autoLog=True, bold=False, color=array([ 1., -1., -1.]), colorSpace='rgb', contrast=1.0, depth=-3.0, flipHoriz=False, flipVert=False, font='Arial', fontFiles=[], height=0.3, italic=False, languageStyle='LTR', name='Sing_txt', opacity=1.0, ori=0, pos=array([ 0. , -0.5]), rgb=array([ 1., -1., -1.]), text='default text', units='norm', win=Window(...), wrapWidth=1)
60.5004 	EXP 	Created Pl_txt = TextStim(__class__=<class 'psychopy.visual.text.TextStim'>, alignHoriz='center', alignVert='center', antialias=True, autoLog=True, bold=False, color=array([ 1., -1., -1.]), colorSpace='rgb', contrast=1.0, depth=-4.0, flipHoriz=False, flipVert=False, font='Arial', fontFiles=[], height=0.3, italic=False, languageStyle='LTR', name='Pl_txt', opacity=1.0, ori=0, pos=array([ 0. , -0.5]), rgb=array([ 1., -1., -1.]), text='default text', units='norm', win=Window(...), wrapWidth=1)
60.5381 	EXP 	Created image_3 = ImageStim(__class__=<class 'psychopy.visual.image.ImageStim'>, autoLog=True, color=array([1., 1., 1.]), colorSpace='rgb', contrast=1.0, depth=0.0, flipHoriz=False, flipVert=False, image='Images/Instruction_Screen_Prod.png', interpolate=True, mask=None, maskParams=None, name='image_3', opacity=1.0, ori=0.0, pos=array([0., 0.]), size=array([2., 2.]), texRes=128, units='norm', win=Window(...))
60.5724 	EXP 	Created Trigger_ins1 = TextStim(__class__=<class 'psychopy.visual.text.TextStim'>, alignHoriz='center', alignVert='center', antialias=True, autoLog=True, bold=False, color=array([-1., -1., -1.]), colorSpace='rgb', contrast=1.0, depth=0.0, flipHoriz=False, flipVert=False, font='Arial', fontFiles=[], height=0.1, italic=False, languageStyle='LTR', name='Trigger_ins1', opacity=1.0, ori=0, pos=array([0. , 0.8]), rgb=array([-1., -1., -1.]), text='Read the word out loud', units='norm', win=Window(...), wrapWidth=1)
60.6006 	EXP 	Created Target_ins1 = TextStim(__class__=<class 'psychopy.visual.text.TextStim'>, alignHoriz='center', alignVert='center', antialias=True, autoLog=True, bold=False, color=array([-1., -1., -1.]), colorSpace='rgb', contrast=1.0, depth=-1.0, flipHoriz=False, flipVert=False, font='Arial', fontFiles=[], height=0.1, italic=False, languageStyle='LTR', name='Target_ins1', opacity=1.0, ori=0, pos=array([0. , 0.8]), rgb=array([-1., -1., -1.]), text=str(...), units='norm', win=Window(...), wrapWidth=1)
60.6038 	EXP 	Created Trigger_img1 = ImageStim(__class__=<class 'psychopy.visual.image.ImageStim'>, autoLog=True, color=array([1., 1., 1.]), colorSpace='rgb', contrast=1.0, depth=-2.0, flipHoriz=False, flipVert=False, image='sin', interpolate=True, mask=None, maskParams=None, name='Trigger_img1', opacity=1.0, ori=0.0, pos=array([0., 0.]), size=array([0.5, 0.5]), texRes=128, units='norm', win=Window(...))
60.6068 	EXP 	Created Target_img1 = ImageStim(__class__=<class 'psychopy.visual.image.ImageStim'>, autoLog=True, color=array([1., 1., 1.]), colorSpace='rgb', contrast=1.0, depth=-3.0, flipHoriz=False, flipVert=False, image='sin', interpolate=True, mask=None, maskParams=None, name='Target_img1', opacity=1.0, ori=0.0, pos=array([0., 0.]), size=array([0.5, 0.5]), texRes=128, units='norm', win=Window(...))
60.6171 	EXP 	Created Trigger_txt1 = TextStim(__class__=<class 'psychopy.visual.text.TextStim'>, alignHoriz='center', alignVert='center', antialias=True, autoLog=True, bold=False, color=array([ 1., -1., -1.]), colorSpace='rgb', contrast=1.0, depth=-4.0, flipHoriz=False, flipVert=False, font='Arial', fontFiles=[], height=0.3, italic=False, languageStyle='LTR', name='Trigger_txt1', opacity=1.0, ori=0, pos=array([ 0. , -0.5]), rgb=array([ 1., -1., -1.]), text='default text', units='norm', win=Window(...), wrapWidth=1)
60.6278 	EXP 	Created txtinp = TextStim(__class__=<class 'psychopy.visual.text.TextStim'>, alignHoriz='center', alignVert='center', antialias=True, autoLog=True, bold=False, color=array([ 1., -1., -1.]), colorSpace='rgb', contrast=1.0, depth=-6.0, flipHoriz=False, flipVert=False, font='Arial', fontFiles=[], height=0.3, italic=False, languageStyle='LTR', name='txtinp', opacity=1.0, ori=0, pos=array([ 0. , -0.5]), rgb=array([ 1., -1., -1.]), text='default text', units='norm', win=Window(...), wrapWidth=1)
60.6642 	EXP 	Created image_6 = ImageStim(__class__=<class 'psychopy.visual.image.ImageStim'>, autoLog=True, color=array([1., 1., 1.]), colorSpace='rgb', contrast=1.0, depth=0.0, flipHoriz=False, flipVert=False, image='Images/Instruction_Screen_FC.png', interpolate=True, mask=None, maskParams=None, name='image_6', opacity=1.0, ori=0.0, pos=array([0., 0.]), size=array([2., 2.]), texRes=128, units='norm', win=Window(...))
60.6857 	EXP 	Created Trigger_ins2 = TextStim(__class__=<class 'psychopy.visual.text.TextStim'>, alignHoriz='center', alignVert='center', antialias=True, autoLog=True, bold=False, color=array([-1., -1., -1.]), colorSpace='rgb', contrast=1.0, depth=0.0, flipHoriz=False, flipVert=False, font='Arial', fontFiles=[], height=0.1, italic=False, languageStyle='LTR', name='Trigger_ins2', opacity=1.0, ori=0, pos=array([0. , 0.8]), rgb=array([-1., -1., -1.]), text='Repeat the word you see', units='norm', win=Window(...), wrapWidth=1)
60.7139 	EXP 	Created Target_ins2 = TextStim(__class__=<class 'psychopy.visual.text.TextStim'>, alignHoriz='center', alignVert='center', antialias=True, autoLog=True, bold=False, color=array([-1., -1., -1.]), colorSpace='rgb', contrast=1.0, depth=-1.0, flipHoriz=False, flipVert=False, font='Arial', fontFiles=[], height=0.1, italic=False, languageStyle='LTR', name='Target_ins2', opacity=1.0, ori=0, pos=array([0. , 0.8]), rgb=array([-1., -1., -1.]), text=str(...), units='norm', win=Window(...), wrapWidth=1)
60.7167 	EXP 	Created Trigger_img2 = ImageStim(__class__=<class 'psychopy.visual.image.ImageStim'>, autoLog=True, color=array([1., 1., 1.]), colorSpace='rgb', contrast=1.0, depth=-2.0, flipHoriz=False, flipVert=False, image='sin', interpolate=True, mask=None, maskParams=None, name='Trigger_img2', opacity=1.0, ori=0.0, pos=array([0., 0.]), size=array([0.5, 0.5]), texRes=128, units='norm', win=Window(...))
60.7195 	EXP 	Created Target_img2 = ImageStim(__class__=<class 'psychopy.visual.image.ImageStim'>, autoLog=True, color=array([1., 1., 1.]), colorSpace='rgb', contrast=1.0, depth=-3.0, flipHoriz=False, flipVert=False, image='sin', interpolate=True, mask=None, maskParams=None, name='Target_img2', opacity=1.0, ori=0.0, pos=array([0., 0.]), size=array([0.5, 0.5]), texRes=128, units='norm', win=Window(...))
60.7318 	EXP 	Created Trigger_txt2 = TextStim(__class__=<class 'psychopy.visual.text.TextStim'>, alignHoriz='center', alignVert='center', antialias=True, autoLog=True, bold=False, color=array([ 1., -1., -1.]), colorSpace='rgb', contrast=1.0, depth=-4.0, flipHoriz=False, flipVert=False, font='Arial', fontFiles=[], height=0.3, italic=False, languageStyle='LTR', name='Trigger_txt2', opacity=1.0, ori=0, pos=array([ 0. , -0.5]), rgb=array([ 1., -1., -1.]), text='default text', units='norm', win=Window(...), wrapWidth=1)
60.7433 	EXP 	Created Target_instr_l = TextStim(__class__=<class 'psychopy.visual.text.TextStim'>, alignHoriz='center', alignVert='center', antialias=True, autoLog=True, bold=False, color=array([-1., -1., -1.]), colorSpace='rgb', contrast=1.0, depth=-5.0, flipHoriz=False, flipVert=False, font='Arial', fontFiles=[], height=0.08, italic=False, languageStyle='LTR', name='Target_instr_l', opacity=1.0, ori=0, pos=array([-0.5, -0.8]), rgb=array([-1., -1., -1.]), text='Press a\n\n', units='norm', win=Window(...), wrapWidth=1)
60.7531 	EXP 	Created Target_instr_r = TextStim(__class__=<class 'psychopy.visual.text.TextStim'>, alignHoriz='center', alignVert='center', antialias=True, autoLog=True, bold=False, color=array([-1., -1., -1.]), colorSpace='rgb', contrast=1.0, depth=-6.0, flipHoriz=False, flipVert=False, font='Arial', fontFiles=[], height=0.08, italic=False, languageStyle='LTR', name='Target_instr_r', opacity=1.0, ori=0, pos=array([ 0.5, -0.7]), rgb=array([-1., -1., -1.]), text='Press k', units='norm', win=Window(...), wrapWidth=1)
60.7651 	EXP 	Created Resp_a = TextStim(__class__=<class 'psychopy.visual.text.TextStim'>, alignHoriz='center', alignVert='center', antialias=True, autoLog=True, bold=False, color=array([ 1., -1., -1.]), colorSpace='rgb', contrast=1.0, depth=-8.0, flipHoriz=False, flipVert=False, font='Arial', fontFiles=[], height=0.3, italic=False, languageStyle='LTR', name='Resp_a', opacity=1.0, ori=0, pos=array([-0.5, -0.5]), rgb=array([ 1., -1., -1.]), text='default text', units='norm', win=Window(...), wrapWidth=1)
60.7739 	EXP 	Created Resp_b = TextStim(__class__=<class 'psychopy.visual.text.TextStim'>, alignHoriz='center', alignVert='center', antialias=True, autoLog=True, bold=False, color=array([ 1., -1., -1.]), colorSpace='rgb', contrast=1.0, depth=-9.0, flipHoriz=False, flipVert=False, font='Arial', fontFiles=[], height=0.3, italic=False, languageStyle='LTR', name='Resp_b', opacity=1.0, ori=0, pos=array([ 0.5, -0.5]), rgb=array([ 1., -1., -1.]), text='default text', units='norm', win=Window(...), wrapWidth=1)
60.7829 	EXP 	lub: autoDraw = True
61.6190 	DATA 	Keypress: space
61.6683 	EXP 	Imported Lists/Experiment_Word_list_voicing.xlsx as conditions, 1 conditions, 7 params
61.6687 	EXP 	Created sequence: random, trialTypes=1, nReps=1, seed=None
61.6693 	EXP 	New trial (rep=0, index=0): OrderedDict([('Plural', 'musapu'), ('Singular', 'musab'), ('Test_cond', 0), ('New_seg', 0), ('Filler', 0), ('Picture', 'Images/apple.jpg'), ('Picture_pl', 'Images/apple_pl.jpg')])
61.7359 	EXP 	lub: autoDraw = False
61.7359 	EXP 	Sing_img: size = array([0.45, 0.8 ])
61.7359 	EXP 	Sing_img: image = 'Images/apple.jpg'
61.7359 	EXP 	Pl_img: size = array([0.55416667, 0.44444444])
61.7359 	EXP 	Pl_img: image = 'Images/apple_pl.jpg'
61.7359 	EXP 	Sing_txt: text = 'musab'
61.7359 	EXP 	Pl_txt: text = 'musapu'
61.7359 	EXP 	Instr: autoDraw = True
61.7359 	EXP 	Sing_img: autoDraw = True
61.7359 	EXP 	Sing_txt: autoDraw = True
64.6823 	EXP 	Sing_img: autoDraw = False
64.6823 	EXP 	Sing_txt: autoDraw = False
64.6990 	EXP 	Pl_img: autoDraw = True
64.6990 	EXP 	Pl_txt: autoDraw = True
67.6300 	EXP 	window1: recordFrameIntervals = False
67.6467 	EXP 	Instr: autoDraw = False
67.6467 	EXP 	Sing_img: autoDraw = False
67.6467 	EXP 	Pl_img: autoDraw = False
67.6467 	EXP 	Sing_txt: autoDraw = False
67.6467 	EXP 	Pl_txt: autoDraw = False
67.6468 	EXP 	window1: recordFrameIntervals = False
68.3738 	EXP 	image_3: autoDraw = True
68.9618 	DATA 	Keypress: space
69.0013 	EXP 	Imported Lists\Prod_voicing.xlsx as conditions, 1 conditions, 7 params
69.0017 	EXP 	Created sequence: random, trialTypes=1, nReps=1, seed=None
69.0023 	EXP 	New trial (rep=0, index=0): OrderedDict([('Trigger_txt', 'musapu'), ('Target_txt', 'musab'), ('Test_cond', 0), ('New_seg', 0), ('Filler', 0), ('Target_img', 'Images/apple.jpg'), ('Trigger_img', 'Images/apple_pl.jpg')])
69.0450 	EXP 	image_3: autoDraw = False
69.0450 	EXP 	Trigger_img1: size = array([0.55416667, 0.44444444])
69.0450 	EXP 	Trigger_img1: image = 'Images/apple_pl.jpg'
69.0450 	EXP 	Target_img1: size = array([0.45, 0.8 ])
69.0450 	EXP 	Target_img1: image = 'Images/apple.jpg'
69.0450 	EXP 	Trigger_txt1: text = 'musapu'
69.0450 	EXP 	txtinp: alignHoriz = 'center'
69.0450 	EXP 	Trigger_ins1: autoDraw = True
69.0450 	EXP 	Trigger_img1: autoDraw = True
69.0450 	EXP 	Trigger_txt1: autoDraw = True
74.0233 	EXP 	Trigger_ins1: autoDraw = False
74.0233 	EXP 	Target_ins1: autoDraw = True
74.0233 	EXP 	Trigger_img1: autoDraw = False
74.0233 	EXP 	Target_img1: autoDraw = True
74.0233 	EXP 	Trigger_txt1: autoDraw = False
74.0233 	EXP 	txtinp: autoDraw = True
74.5896 	DATA 	Keypress: m
74.8396 	DATA 	Keypress: u
74.9395 	DATA 	Keypress: s
75.0227 	DATA 	Keypress: a
75.1893 	DATA 	Keypress: b
75.6055 	DATA 	Keypress: return
75.6230 	EXP 	window1: recordFrameIntervals = False
75.6390 	EXP 	Trigger_ins1: autoDraw = False
75.6390 	EXP 	Target_ins1: autoDraw = False
75.6390 	EXP 	Trigger_img1: autoDraw = False
75.6390 	EXP 	Target_img1: autoDraw = False
75.6390 	EXP 	Trigger_txt1: autoDraw = False
75.6390 	EXP 	txtinp: autoDraw = False
75.6391 	EXP 	window1: recordFrameIntervals = False
76.3661 	EXP 	image_6: autoDraw = True
78.0196 	DATA 	Keypress: space
78.0700 	EXP 	Imported Lists\FC_voicing.xlsx as conditions, 4 conditions, 8 params
78.0705 	EXP 	Created sequence: random, trialTypes=4, nReps=1, seed=None
78.0711 	EXP 	New trial (rep=0, index=0): OrderedDict([('Trigger_txt', 'limiku'), ('Corr', 'limig'), ('Incorr', 'limik'), ('Test_cond', 0), ('New_seg', 0), ('Filler', 0), ('Target_img', 'Images/screwdriver.jpg'), ('Trigger_img', 'Images/screwdriver_pl.jpg')])
78.1692 	EXP 	image_6: autoDraw = False
78.1692 	EXP 	Trigger_img2: size = array([0.57916667, 0.17777778])
78.1692 	EXP 	Trigger_img2: image = 'Images/screwdriver_pl.jpg'
78.1692 	EXP 	Target_img2: size = array([0.55729167, 0.35555556])
78.1692 	EXP 	Target_img2: image = 'Images/screwdriver.jpg'
78.1692 	EXP 	Trigger_txt2: text = 'limiku'
78.1692 	EXP 	Resp_a: text = 'limig'
78.1692 	EXP 	Resp_b: text = 'limik'
78.1692 	EXP 	Trigger_ins2: autoDraw = True
78.1692 	EXP 	Trigger_img2: autoDraw = True
78.1692 	EXP 	Trigger_txt2: autoDraw = True
82.0825 	EXP 	Trigger_ins2: autoDraw = False
82.0825 	EXP 	Trigger_img2: autoDraw = False
82.0825 	EXP 	Trigger_txt2: autoDraw = False
82.0984 	EXP 	Target_ins2: autoDraw = True
82.0984 	EXP 	Target_img2: autoDraw = True
82.0984 	EXP 	Target_instr_l: autoDraw = True
82.0984 	EXP 	Target_instr_r: autoDraw = True
82.0984 	EXP 	Resp_a: autoDraw = True
82.0984 	EXP 	Resp_b: autoDraw = True
89.3748 	DATA 	Keypress: escape
89.4052 	EXP 	window1: mouseVisible = True
