7.9209 	EXP 	Created window1 = Window(allowGUI=False, allowStencil=False, args=UNKNOWN, autoLog=True, bitsMode=UNKNOWN, blendMode='avg', color=array([1., 1., 1.]), colorSpace='rgb', fullscr=<method-wrapper '__getattribute__' of attributeSetter object at 0x0BB32330>, gamma=None, kwargs=UNKNOWN, lms=UNKNOWN, monitor=<psychopy.monitors.calibTools.Monitor object at 0x0F71CCF0>, multiSample=False, name='window1', numSamples=2, pos=[0.0, 0.0], screen=0, size=array([1920, 1080]), stereo=False, units='norm', useFBO=True, useRetina=False, viewOri=0.0, viewPos=None, viewScale=None, waitBlanking=True, winType='pyglet')
7.9210 	EXP 	window1: recordFrameIntervals = False
8.0849 	EXP 	window1: recordFrameIntervals = True
8.2687 	EXP 	window1: recordFrameIntervals = False
8.3835 	EXP 	Created lub = ImageStim(__class__=<class 'psychopy.visual.image.ImageStim'>, autoLog=True, color=array([1., 1., 1.]), colorSpace='rgb', contrast=1.0, depth=-1.0, flipHoriz=False, flipVert=False, image='Images/Instruction_Screen.png', interpolate=True, mask=None, maskParams=None, name='lub', opacity=1.0, ori=0.0, pos=array([0., 0.]), size=array([2., 2.]), texRes=128, units='norm', win=Window(...))
8.4499 	EXP 	Created text_3 = TextStim(__class__=<class 'psychopy.visual.text.TextStim'>, alignHoriz='center', alignVert='center', antialias=True, autoLog=True, bold=False, color=array([-1., -1., -1.]), colorSpace='rgb', contrast=1.0, depth=0.0, flipHoriz=False, flipVert=False, font='Arial', fontFiles=[], height=0.1, italic=False, languageStyle='LTR', name='text_3', opacity=1.0, ori=0, pos=array([0. , 0.5]), rgb=array([-1., -1., -1.]), text='Say the words you see out loud', units='norm', win=Window(...), wrapWidth=1)
8.4527 	EXP 	Created image = ImageStim(__class__=<class 'psychopy.visual.image.ImageStim'>, autoLog=True, color=array([1., 1., 1.]), colorSpace='rgb', contrast=1.0, depth=-1.0, flipHoriz=False, flipVert=False, image='sin', interpolate=True, mask=None, maskParams=None, name='image', opacity=1.0, ori=0.0, pos=array([0., 0.]), size=array([0.5, 0.5]), texRes=128, units='norm', win=Window(...))
8.4551 	EXP 	Created image_2 = ImageStim(__class__=<class 'psychopy.visual.image.ImageStim'>, autoLog=True, color=array([1., 1., 1.]), colorSpace='rgb', contrast=1.0, depth=-2.0, flipHoriz=False, flipVert=False, image='sin', interpolate=True, mask=None, maskParams=None, name='image_2', opacity=1.0, ori=0.0, pos=array([0., 0.]), size=array([0.5, 0.5]), texRes=128, units='norm', win=Window(...))
8.4639 	EXP 	Created text = TextStim(__class__=<class 'psychopy.visual.text.TextStim'>, alignHoriz='center', alignVert='center', antialias=True, autoLog=True, bold=False, color=array([ 1., -1., -1.]), colorSpace='rgb', contrast=1.0, depth=-3.0, flipHoriz=False, flipVert=False, font='Arial', fontFiles=[], height=0.1, italic=False, languageStyle='LTR', name='text', opacity=1.0, ori=0, pos=array([ 0. , -0.5]), rgb=array([ 1., -1., -1.]), text='default text', units='norm', win=Window(...), wrapWidth=1)
8.4690 	EXP 	Created text_2 = TextStim(__class__=<class 'psychopy.visual.text.TextStim'>, alignHoriz='center', alignVert='center', antialias=True, autoLog=True, bold=False, color=array([ 1., -1., -1.]), colorSpace='rgb', contrast=1.0, depth=-4.0, flipHoriz=False, flipVert=False, font='Arial', fontFiles=[], height=0.1, italic=False, languageStyle='LTR', name='text_2', opacity=1.0, ori=0, pos=array([ 0. , -0.5]), rgb=array([ 1., -1., -1.]), text='default text', units='norm', win=Window(...), wrapWidth=1)
8.4846 	EXP 	Created text_4 = TextStim(__class__=<class 'psychopy.visual.text.TextStim'>, alignHoriz='center', alignVert='center', antialias=True, autoLog=True, bold=False, color='white', colorSpace='named', contrast=1.0, depth=0.0, flipHoriz=False, flipVert=False, font='Arial', fontFiles=[], height=0.1, italic=False, languageStyle='LTR', name='text_4', opacity=1.0, ori=0, pos=array([0., 0.]), rgb=array([255., 255., 255.]), text='Any text\n\nincluding line breaks', units='norm', win=Window(...), wrapWidth=1)
8.4928 	EXP 	lub: autoDraw = True
9.6836 	DATA 	Keypress: space
9.7397 	EXP 	Imported Lists/Experiment_Word_list_voicing.xlsx as conditions, 79 conditions, 7 params
9.7403 	EXP 	Created sequence: random, trialTypes=79, nReps=1, seed=None
9.7406 	EXP 	New trial (rep=0, index=0): OrderedDict([('Plural', 'nalupu'), ('Singular', 'nalub'), ('Test_cond', 0), ('New_seg', 1), ('Filler', 0), ('Picture', 'Images/horse.jpg'), ('Picture_pl', 'Images/horse_pl.jpg')])
9.7860 	EXP 	lub: autoDraw = False
9.7860 	EXP 	image: image = 'Images/horse.jpg'
9.7860 	EXP 	image_2: image = 'Images/horse_pl.jpg'
9.7860 	EXP 	text: text = 'nalub'
9.7860 	EXP 	text_2: text = 'nalupu'
9.7860 	EXP 	text_3: autoDraw = True
9.7860 	EXP 	image: autoDraw = True
9.7860 	EXP 	text: autoDraw = True
12.7468 	EXP 	image: autoDraw = False
12.7468 	EXP 	text: autoDraw = False
12.7639 	EXP 	image_2: autoDraw = True
12.7639 	EXP 	text_2: autoDraw = True
15.7605 	EXP 	image_2: autoDraw = False
15.7605 	EXP 	text_2: autoDraw = False
17.6939 	EXP 	New trial (rep=0, index=1): OrderedDict([('Plural', 'lumutu'), ('Singular', 'lumud'), ('Test_cond', 0), ('New_seg', 0), ('Filler', 0), ('Picture', 'Images/knife.jpg'), ('Picture_pl', 'Images/knife_pl.jpg')])
17.7677 	EXP 	text_3: autoDraw = False
17.7677 	EXP 	image: autoDraw = False
17.7677 	EXP 	image_2: autoDraw = False
17.7677 	EXP 	text: autoDraw = False
17.7677 	EXP 	text_2: autoDraw = False
17.7677 	EXP 	image: image = 'Images/knife.jpg'
17.7677 	EXP 	image_2: image = 'Images/knife_pl.jpg'
17.7677 	EXP 	text: text = 'lumud'
17.7677 	EXP 	text_2: text = 'lumutu'
17.7677 	EXP 	text_3: autoDraw = True
17.7677 	EXP 	image: autoDraw = True
17.7677 	EXP 	text: autoDraw = True
20.7060 	EXP 	image: autoDraw = False
20.7060 	EXP 	text: autoDraw = False
20.7226 	EXP 	image_2: autoDraw = True
20.7226 	EXP 	text_2: autoDraw = True
23.7026 	EXP 	image_2: autoDraw = False
23.7026 	EXP 	text_2: autoDraw = False
25.6866 	EXP 	New trial (rep=0, index=2): OrderedDict([('Plural', 'mirapu'), ('Singular', 'mirab'), ('Test_cond', 0), ('New_seg', 0), ('Filler', 0), ('Picture', 'Images/hammer.jpg'), ('Picture_pl', 'Images/hammer_pl.jpg')])
25.7634 	EXP 	text_3: autoDraw = False
25.7634 	EXP 	image: autoDraw = False
25.7634 	EXP 	image_2: autoDraw = False
25.7634 	EXP 	text: autoDraw = False
25.7634 	EXP 	text_2: autoDraw = False
25.7634 	EXP 	image: image = 'Images/hammer.jpg'
25.7634 	EXP 	image_2: image = 'Images/hammer_pl.jpg'
25.7634 	EXP 	text: text = 'mirab'
25.7634 	EXP 	text_2: text = 'mirapu'
25.7634 	EXP 	text_3: autoDraw = True
25.7634 	EXP 	image: autoDraw = True
25.7634 	EXP 	text: autoDraw = True
28.6987 	EXP 	image: autoDraw = False
28.6987 	EXP 	text: autoDraw = False
28.7152 	EXP 	image_2: autoDraw = True
28.7152 	EXP 	text_2: autoDraw = True
31.4631 	DATA 	Keypress: escape
31.5307 	EXP 	window1: mouseVisible = True
