7.0275 	EXP 	Created window1 = Window(allowGUI=False, allowStencil=False, args=UNKNOWN, autoLog=True, bitsMode=UNKNOWN, blendMode='avg', color=array([1., 1., 1.]), colorSpace='rgb', fullscr=<method-wrapper '__getattribute__' of attributeSetter object at 0x0C0A5330>, gamma=None, kwargs=UNKNOWN, lms=UNKNOWN, monitor=<psychopy.monitors.calibTools.Monitor object at 0x0F6CCCF0>, multiSample=False, name='window1', numSamples=2, pos=[0.0, 0.0], screen=0, size=array([1920, 1080]), stereo=False, units='norm', useFBO=True, useRetina=False, viewOri=0.0, viewPos=None, viewScale=None, waitBlanking=True, winType='pyglet')
7.0276 	EXP 	window1: recordFrameIntervals = False
7.1917 	EXP 	window1: recordFrameIntervals = True
7.3754 	EXP 	window1: recordFrameIntervals = False
7.4420 	EXP 	Created lub = ImageStim(__class__=<class 'psychopy.visual.image.ImageStim'>, autoLog=True, color=array([1., 1., 1.]), colorSpace='rgb', contrast=1.0, depth=-1.0, flipHoriz=False, flipVert=False, image='Images/Instruction_Screen.png', interpolate=True, mask=None, maskParams=None, name='lub', opacity=1.0, ori=0.0, pos=array([0., 0.]), size=array([2., 2.]), texRes=128, units='norm', win=Window(...))
7.5089 	EXP 	Created text_3 = TextStim(__class__=<class 'psychopy.visual.text.TextStim'>, alignHoriz='center', alignVert='center', antialias=True, autoLog=True, bold=False, color=array([-1., -1., -1.]), colorSpace='rgb', contrast=1.0, depth=0.0, flipHoriz=False, flipVert=False, font='Arial', fontFiles=[], height=0.08, italic=False, languageStyle='LTR', name='text_3', opacity=0.95, ori=0, pos=array([0. , 0.8]), rgb=array([-1., -1., -1.]), text='Say the words you see out loud', units='norm', win=Window(...), wrapWidth=1)
7.5119 	EXP 	Created image = ImageStim(__class__=<class 'psychopy.visual.image.ImageStim'>, autoLog=True, color=array([1., 1., 1.]), colorSpace='rgb', contrast=1.0, depth=-1.0, flipHoriz=False, flipVert=False, image='sin', interpolate=True, mask=None, maskParams=None, name='image', opacity=1.0, ori=0.0, pos=array([0., 0.]), size=array([0.5, 0.5]), texRes=128, units='norm', win=Window(...))
7.5142 	EXP 	Created image_2 = ImageStim(__class__=<class 'psychopy.visual.image.ImageStim'>, autoLog=True, color=array([1., 1., 1.]), colorSpace='rgb', contrast=1.0, depth=-2.0, flipHoriz=False, flipVert=False, image='sin', interpolate=True, mask=None, maskParams=None, name='image_2', opacity=1.0, ori=0.0, pos=array([0., 0.]), size=array([0.5, 0.5]), texRes=128, units='norm', win=Window(...))
7.5590 	EXP 	Created text = TextStim(__class__=<class 'psychopy.visual.text.TextStim'>, alignHoriz='center', alignVert='center', antialias=True, autoLog=True, bold=False, color=array([ 1., -1., -1.]), colorSpace='rgb', contrast=1.0, depth=-3.0, flipHoriz=False, flipVert=False, font='Arial', fontFiles=[], height=0.3, italic=False, languageStyle='LTR', name='text', opacity=1.0, ori=0, pos=array([ 0. , -0.5]), rgb=array([ 1., -1., -1.]), text='default text', units='norm', win=Window(...), wrapWidth=1)
7.5661 	EXP 	Created text_2 = TextStim(__class__=<class 'psychopy.visual.text.TextStim'>, alignHoriz='center', alignVert='center', antialias=True, autoLog=True, bold=False, color=array([ 1., -1., -1.]), colorSpace='rgb', contrast=1.0, depth=-4.0, flipHoriz=False, flipVert=False, font='Arial', fontFiles=[], height=0.3, italic=False, languageStyle='LTR', name='text_2', opacity=1.0, ori=0, pos=array([ 0. , -0.5]), rgb=array([ 1., -1., -1.]), text='default text', units='norm', win=Window(...), wrapWidth=1)
7.5923 	EXP 	Created text_4 = TextStim(__class__=<class 'psychopy.visual.text.TextStim'>, alignHoriz='center', alignVert='center', antialias=True, autoLog=True, bold=False, color='white', colorSpace='named', contrast=1.0, depth=0.0, flipHoriz=False, flipVert=False, font='Arial', fontFiles=[], height=0.1, italic=False, languageStyle='LTR', name='text_4', opacity=1.0, ori=0, pos=array([0., 0.]), rgb=array([255., 255., 255.]), text='Any text\n\nincluding line breaks', units='norm', win=Window(...), wrapWidth=1)
7.6000 	EXP 	lub: autoDraw = True
10.8888 	DATA 	Keypress: space
10.9861 	EXP 	Imported Lists/Experiment_Word_list_voicing.xlsx as conditions, 79 conditions, 7 params
10.9870 	EXP 	Created sequence: random, trialTypes=79, nReps=1, seed=None
10.9878 	EXP 	New trial (rep=0, index=0): OrderedDict([('Plural', 'ralatu'), ('Singular', 'ralad'), ('Test_cond', 0), ('New_seg', 1), ('Filler', 0), ('Picture', 'Images/magnifying_glass.jpg'), ('Picture_pl', 'Images/magnifying_glass_pl.jpg')])
11.0447 	EXP 	lub: autoDraw = False
11.0447 	EXP 	image: image = 'Images/magnifying_glass.jpg'
11.0447 	EXP 	image_2: image = 'Images/magnifying_glass_pl.jpg'
11.0447 	EXP 	text: text = 'ralad'
11.0447 	EXP 	text_2: text = 'ralatu'
11.0447 	EXP 	text_3: autoDraw = True
11.0447 	EXP 	image: autoDraw = True
11.0447 	EXP 	text: autoDraw = True
14.0021 	EXP 	image: autoDraw = False
14.0021 	EXP 	text: autoDraw = False
14.0179 	EXP 	image_2: autoDraw = True
14.0179 	EXP 	text_2: autoDraw = True
16.9986 	EXP 	image_2: autoDraw = False
16.9986 	EXP 	text_2: autoDraw = False
18.8981 	EXP 	New trial (rep=0, index=1): OrderedDict([('Plural', 'runuku'), ('Singular', 'runug'), ('Test_cond', 0), ('New_seg', 0), ('Filler', 0), ('Picture', 'Images/cup.jpg'), ('Picture_pl', 'Images/cup_pl.jpg')])
18.9866 	EXP 	text_3: autoDraw = False
18.9866 	EXP 	image: autoDraw = False
18.9866 	EXP 	image_2: autoDraw = False
18.9866 	EXP 	text: autoDraw = False
18.9866 	EXP 	text_2: autoDraw = False
18.9866 	EXP 	image: image = 'Images/cup.jpg'
18.9866 	EXP 	image_2: image = 'Images/cup_pl.jpg'
18.9866 	EXP 	text: text = 'runug'
18.9866 	EXP 	text_2: text = 'runuku'
18.9866 	EXP 	text_3: autoDraw = True
18.9866 	EXP 	image: autoDraw = True
18.9866 	EXP 	text: autoDraw = True
21.9108 	EXP 	image: autoDraw = False
21.9108 	EXP 	text: autoDraw = False
21.9275 	EXP 	image_2: autoDraw = True
21.9275 	EXP 	text_2: autoDraw = True
23.2770 	DATA 	Keypress: escape
23.3294 	EXP 	window1: mouseVisible = True
