6.9557 	EXP 	Created window1 = Window(allowGUI=False, allowStencil=False, args=UNKNOWN, autoLog=True, bitsMode=UNKNOWN, blendMode='avg', color=array([1., 1., 1.]), colorSpace='rgb', fullscr=<method-wrapper '__getattribute__' of attributeSetter object at 0x0BFC73D0>, gamma=None, kwargs=UNKNOWN, lms=UNKNOWN, monitor=<psychopy.monitors.calibTools.Monitor object at 0x0F6FCD90>, multiSample=False, name='window1', numSamples=2, pos=[0.0, 0.0], screen=0, size=array([1920, 1080]), stereo=False, units='norm', useFBO=True, useRetina=False, viewOri=0.0, viewPos=None, viewScale=None, waitBlanking=True, winType='pyglet')
6.9558 	EXP 	window1: recordFrameIntervals = False
7.1195 	EXP 	window1: recordFrameIntervals = True
7.3017 	EXP 	window1: recordFrameIntervals = False
7.3516 	EXP 	Created lub = ImageStim(__class__=<class 'psychopy.visual.image.ImageStim'>, autoLog=True, color=array([1., 1., 1.]), colorSpace='rgb', contrast=1.0, depth=-1.0, flipHoriz=False, flipVert=False, image='Images/Instruction_Screen.png', interpolate=True, mask=None, maskParams=None, name='lub', opacity=1.0, ori=0.0, pos=array([0., 0.]), size=array([2., 2.]), texRes=128, units='norm', win=Window(...))
7.4271 	EXP 	Created text_3 = TextStim(__class__=<class 'psychopy.visual.text.TextStim'>, alignHoriz='center', alignVert='center', antialias=True, autoLog=True, bold=False, color='white', colorSpace='named', contrast=1.0, depth=0.0, flipHoriz=False, flipVert=False, font='Arial', fontFiles=[], height=0.1, italic=False, languageStyle='LTR', name='text_3', opacity=1.0, ori=0, pos=array([0. , 0.2]), rgb=array([255., 255., 255.]), text='Say the words you see out loud', units='norm', win=Window(...), wrapWidth=1)
7.4297 	EXP 	Created image = ImageStim(__class__=<class 'psychopy.visual.image.ImageStim'>, autoLog=True, color=array([1., 1., 1.]), colorSpace='rgb', contrast=1.0, depth=-1.0, flipHoriz=False, flipVert=False, image='sin', interpolate=True, mask=None, maskParams=None, name='image', opacity=1.0, ori=0.0, pos=array([0., 0.]), size=array([0.5, 0.5]), texRes=128, units='norm', win=Window(...))
7.4321 	EXP 	Created image_2 = ImageStim(__class__=<class 'psychopy.visual.image.ImageStim'>, autoLog=True, color=array([1., 1., 1.]), colorSpace='rgb', contrast=1.0, depth=-2.0, flipHoriz=False, flipVert=False, image='sin', interpolate=True, mask=None, maskParams=None, name='image_2', opacity=1.0, ori=0.0, pos=array([0., 0.]), size=array([0.5, 0.5]), texRes=128, units='norm', win=Window(...))
7.4401 	EXP 	Created text = TextStim(__class__=<class 'psychopy.visual.text.TextStim'>, alignHoriz='center', alignVert='center', antialias=True, autoLog=True, bold=False, color='white', colorSpace='named', contrast=1.0, depth=-3.0, flipHoriz=False, flipVert=False, font='Arial', fontFiles=[], height=0.1, italic=False, languageStyle='LTR', name='text', opacity=1.0, ori=0, pos=array([ 0. , -0.2]), rgb=array([255., 255., 255.]), text='default text', units='norm', win=Window(...), wrapWidth=1)
7.4446 	EXP 	Created text_2 = TextStim(__class__=<class 'psychopy.visual.text.TextStim'>, alignHoriz='center', alignVert='center', antialias=True, autoLog=True, bold=False, color='white', colorSpace='named', contrast=1.0, depth=-4.0, flipHoriz=False, flipVert=False, font='Arial', fontFiles=[], height=0.1, italic=False, languageStyle='LTR', name='text_2', opacity=1.0, ori=0, pos=array([ 0. , -0.2]), rgb=array([255., 255., 255.]), text='default text', units='norm', win=Window(...), wrapWidth=1)
7.4598 	EXP 	Created text_4 = TextStim(__class__=<class 'psychopy.visual.text.TextStim'>, alignHoriz='center', alignVert='center', antialias=True, autoLog=True, bold=False, color='white', colorSpace='named', contrast=1.0, depth=0.0, flipHoriz=False, flipVert=False, font='Arial', fontFiles=[], height=0.1, italic=False, languageStyle='LTR', name='text_4', opacity=1.0, ori=0, pos=array([0., 0.]), rgb=array([255., 255., 255.]), text='Any text\n\nincluding line breaks', units='norm', win=Window(...), wrapWidth=1)
7.4673 	EXP 	lub: autoDraw = True
8.1526 	DATA 	Keypress: space
8.2530 	EXP 	Imported Lists/Experiment_Word_list_voicing.xlsx as conditions, 79 conditions, 7 params
8.2535 	EXP 	Created sequence: random, trialTypes=79, nReps=1, seed=None
8.2540 	EXP 	New trial (rep=0, index=0): OrderedDict([('Plural', 'sunaku'), ('Singular', 'sunag'), ('Test_cond', 0), ('New_seg', 0), ('Filler', 0), ('Picture', 'Images/nose.jpg'), ('Picture_pl', 'Images/nose_pl.jpg')])
8.3089 	EXP 	lub: autoDraw = False
8.3089 	EXP 	image: image = 'Images/nose.jpg'
8.3089 	EXP 	image_2: image = 'Images/nose_pl.jpg'
8.3089 	EXP 	text: text = 'sunag'
8.3089 	EXP 	text_2: text = 'sunaku'
8.3089 	EXP 	text_3: autoDraw = True
8.3089 	EXP 	image: autoDraw = True
8.3089 	EXP 	text: autoDraw = True
11.2649 	EXP 	image: autoDraw = False
11.2649 	EXP 	text: autoDraw = False
11.2823 	EXP 	image_2: autoDraw = True
11.2823 	EXP 	text_2: autoDraw = True
11.3985 	DATA 	Keypress: space
14.2622 	EXP 	image_2: autoDraw = False
14.2622 	EXP 	text_2: autoDraw = False
16.1628 	EXP 	New trial (rep=0, index=1): OrderedDict([('Plural', 'rinaku'), ('Singular', 'rinag'), ('Test_cond', 0), ('New_seg', 0), ('Filler', 0), ('Picture', 'Images/pen.jpg'), ('Picture_pl', 'Images/pen_pl.jpg')])
16.2593 	EXP 	text_3: autoDraw = False
16.2593 	EXP 	image: autoDraw = False
16.2593 	EXP 	image_2: autoDraw = False
16.2593 	EXP 	text: autoDraw = False
16.2593 	EXP 	text_2: autoDraw = False
16.2593 	EXP 	image: image = 'Images/pen.jpg'
16.2593 	EXP 	image_2: image = 'Images/pen_pl.jpg'
16.2593 	EXP 	text: text = 'rinag'
16.2593 	EXP 	text_2: text = 'rinaku'
16.2593 	EXP 	text_3: autoDraw = True
16.2593 	EXP 	image: autoDraw = True
16.2593 	EXP 	text: autoDraw = True
19.1743 	EXP 	image: autoDraw = False
19.1743 	EXP 	text: autoDraw = False
19.1911 	EXP 	image_2: autoDraw = True
19.1911 	EXP 	text_2: autoDraw = True
20.0578 	DATA 	Keypress: escape
20.1161 	EXP 	window1: mouseVisible = True
